[ 2020-05-19T23:24:58+08:00 ] 127.0.0.1 /
INFO: [ app_init ] --START--
INFO: Run Behavior\BuildLiteBehavior [ RunTime:0.000013s ]
INFO: [ app_init ] --END-- [ RunTime:0.000762s ]
INFO: [ app_begin ] --START--
INFO: Run Behavior\ReadHtmlCacheBehavior [ RunTime:0.000505s ]
INFO: [ app_begin ] --END-- [ RunTime:0.000538s ]
SQL: SELECT * FROM `jx_category`  [ RunTime:0.0037s ]
NOTIC: [8] Use of undefined constant ture - assumed 'ture' /Applications/MAMP/www/jxshop/Application/Admin/Model/CategoryModel.class.php 第 31 行.
NOTIC: [8] Use of undefined constant ture - assumed 'ture' /Applications/MAMP/www/jxshop/Application/Admin/Model/CategoryModel.class.php 第 31 行.
NOTIC: [8] Use of undefined constant ture - assumed 'ture' /Applications/MAMP/www/jxshop/Application/Admin/Model/CategoryModel.class.php 第 31 行.
NOTIC: [2] Declaration of Admin\Model\GoodsModel::_before_insert(&$data) should be compatible with Think\Model::_before_insert(&$data, $options) /Applications/MAMP/www/jxshop/Application/Admin/Model/GoodsModel.class.php 第 344 行.
NOTIC: [2] Declaration of Admin\Model\GoodsModel::_after_insert($data) should be compatible with Think\Model::_after_insert($data, $options) /Applications/MAMP/www/jxshop/Application/Admin/Model/GoodsModel.class.php 第 344 行.
SQL: SELECT * FROM `jx_goods` WHERE ( is_sale=1 and isdel=1 and is_hot=1 ) LIMIT 5   [ RunTime:0.0051s ]
SQL: SELECT * FROM `jx_goods` WHERE ( is_sale=1 and isdel=1 and is_rec=1 ) LIMIT 5   [ RunTime:0.0004s ]
SQL: SELECT * FROM `jx_goods` WHERE ( is_sale=1 and isdel=1 and is_new=1 ) LIMIT 5   [ RunTime:0.0004s ]
SQL: SELECT * FROM `jx_goods` WHERE ( is_sale = 1 and cx_price > 0 and start < 1589901898 and end > 1589901898 ) LIMIT 5   [ RunTime:0.0011s ]
SQL: SELECT * FROM `jx_category` WHERE ( parent_id=0 )  [ RunTime:0.0002s ]
SQL: SELECT * FROM `jx_category` WHERE ( parent_id=1 )  [ RunTime:0.0002s ]
SQL: SELECT * FROM `jx_category` WHERE ( isrec=1 and parent_id=1 )  [ RunTime:0.0002s ]
INFO: [ view_parse ] --START--
INFO: [ template_filter ] --START--
INFO: Run Behavior\ContentReplaceBehavior [ RunTime:0.000166s ]
INFO: [ template_filter ] --END-- [ RunTime:0.000196s ]
INFO: Run Behavior\ParseTemplateBehavior [ RunTime:0.022522s ]
INFO: [ view_parse ] --END-- [ RunTime:0.022548s ]
INFO: [ view_filter ] --START--
INFO: Run Behavior\WriteHtmlCacheBehavior [ RunTime:0.000548s ]
INFO: [ view_filter ] --END-- [ RunTime:0.000571s ]
INFO: [ app_end ] --START--
INFO: Run Behavior\ShowPageTraceBehavior [ RunTime:0.000868s ]
INFO: [ app_end ] --END-- [ RunTime:0.000922s ]

