[ 2020-05-16T16:13:59+08:00 ] 127.0.0.1 /
INFO: [ app_init ] --START--
INFO: Run Behavior\BuildLiteBehavior [ RunTime:0.000014s ]
INFO: [ app_init ] --END-- [ RunTime:0.000746s ]
INFO: [ app_begin ] --START--
INFO: Run Behavior\ReadHtmlCacheBehavior [ RunTime:0.000636s ]
INFO: [ app_begin ] --END-- [ RunTime:0.000675s ]
SQL: SELECT * FROM `jx_category`  [ RunTime:0.0113s ]
NOTIC: [8] Use of undefined constant ture - assumed 'ture' /Applications/MAMP/www/jxshop/Application/Admin/Model/CategoryModel.class.php 第 31 行.
NOTIC: [8] Use of undefined constant ture - assumed 'ture' /Applications/MAMP/www/jxshop/Application/Admin/Model/CategoryModel.class.php 第 31 行.
NOTIC: [8] Use of undefined constant ture - assumed 'ture' /Applications/MAMP/www/jxshop/Application/Admin/Model/CategoryModel.class.php 第 31 行.
NOTIC: [2] Declaration of Admin\Model\GoodsModel::_before_insert(&$data) should be compatible with Think\Model::_before_insert(&$data, $options) /Applications/MAMP/www/jxshop/Application/Admin/Model/GoodsModel.class.php 第 344 行.
NOTIC: [2] Declaration of Admin\Model\GoodsModel::_after_insert($data) should be compatible with Think\Model::_after_insert($data, $options) /Applications/MAMP/www/jxshop/Application/Admin/Model/GoodsModel.class.php 第 344 行.
SQL: SELECT * FROM `jx_goods` WHERE ( is_sale=1 and isdel=1 and is_hot=1 ) LIMIT 5   [ RunTime:0.0067s ]
SQL: SELECT * FROM `jx_goods` WHERE ( is_sale=1 and isdel=1 and is_rec=1 ) LIMIT 5   [ RunTime:0.0004s ]
SQL: SELECT * FROM `jx_goods` WHERE ( is_sale=1 and isdel=1 and is_new=1 ) LIMIT 5   [ RunTime:0.0003s ]
SQL: SELECT * FROM `jx_goods` WHERE ( is_sale = 1 and cx_price > 0 and start < 1589616839 and end > 1589616839 ) LIMIT 5   [ RunTime:0.0003s ]
SQL: SELECT * FROM `jx_category` WHERE ( parent_id=0 )  [ RunTime:0.0002s ]
SQL: SELECT * FROM `jx_category` WHERE ( parent_id=1 )  [ RunTime:0.0001s ]
SQL: SELECT * FROM `jx_category` WHERE ( isrec=1 and parent_id=1 )  [ RunTime:0.0001s ]
INFO: [ view_parse ] --START--
INFO: [ template_filter ] --START--
INFO: Run Behavior\ContentReplaceBehavior [ RunTime:0.000154s ]
INFO: [ template_filter ] --END-- [ RunTime:0.000182s ]
INFO: Run Behavior\ParseTemplateBehavior [ RunTime:0.016179s ]
INFO: [ view_parse ] --END-- [ RunTime:0.016207s ]
INFO: [ view_filter ] --START--
INFO: Run Behavior\WriteHtmlCacheBehavior [ RunTime:0.000457s ]
INFO: [ view_filter ] --END-- [ RunTime:0.000483s ]
INFO: [ app_end ] --START--
INFO: Run Behavior\ShowPageTraceBehavior [ RunTime:0.000571s ]
INFO: [ app_end ] --END-- [ RunTime:0.000595s ]

[ 2020-05-16T16:14:04+08:00 ] 127.0.0.1 /Category/index/id/2.html
INFO: [ app_init ] --START--
INFO: Run Behavior\BuildLiteBehavior [ RunTime:0.000011s ]
INFO: [ app_init ] --END-- [ RunTime:0.000317s ]
INFO: [ app_begin ] --START--
INFO: Run Behavior\ReadHtmlCacheBehavior [ RunTime:0.000411s ]
INFO: [ app_begin ] --END-- [ RunTime:0.000445s ]
SQL: SELECT * FROM `jx_category`  [ RunTime:0.0003s ]
NOTIC: [8] Use of undefined constant ture - assumed 'ture' /Applications/MAMP/www/jxshop/Application/Admin/Model/CategoryModel.class.php 第 31 行.
NOTIC: [8] Use of undefined constant ture - assumed 'ture' /Applications/MAMP/www/jxshop/Application/Admin/Model/CategoryModel.class.php 第 31 行.
NOTIC: [8] Use of undefined constant ture - assumed 'ture' /Applications/MAMP/www/jxshop/Application/Admin/Model/CategoryModel.class.php 第 31 行.
NOTIC: [2] Declaration of Admin\Model\GoodsModel::_before_insert(&$data) should be compatible with Think\Model::_before_insert(&$data, $options) /Applications/MAMP/www/jxshop/Application/Admin/Model/GoodsModel.class.php 第 344 行.
NOTIC: [2] Declaration of Admin\Model\GoodsModel::_after_insert($data) should be compatible with Think\Model::_after_insert($data, $options) /Applications/MAMP/www/jxshop/Application/Admin/Model/GoodsModel.class.php 第 344 行.
SQL: SELECT * FROM `jx_category`  [ RunTime:0.0002s ]
NOTIC: [8] Undefined variable: tree /Applications/MAMP/www/jxshop/Application/Admin/Model/CategoryModel.class.php 第 20 行.
SQL: SELECT COUNT(*) AS tp_count FROM `jx_goods` WHERE ( is_sale=1 and cate_id in (2) ) LIMIT 1   [ RunTime:0.0003s ]
SQL: SELECT * FROM `jx_goods` WHERE ( is_sale=1 and cate_id in (2) ) ORDER BY `sale_number` desc LIMIT 0,5   [ RunTime:0.0018s ]
INFO: [ view_parse ] --START--
INFO: [ template_filter ] --START--
INFO: Run Behavior\ContentReplaceBehavior [ RunTime:0.000139s ]
INFO: [ template_filter ] --END-- [ RunTime:0.000180s ]
NOTIC: [8] Undefined index: sort /Applications/MAMP/www/jxshop/Application/Runtime/Cache/Home/d47f7e8b5d40353c26583cfdcb9e3b02.php 第 427 行.
NOTIC: [8] Use of undefined constant sale_number - assumed 'sale_number' /Applications/MAMP/www/jxshop/Application/Runtime/Cache/Home/d47f7e8b5d40353c26583cfdcb9e3b02.php 第 427 行.
NOTIC: [8] Undefined index: sort /Applications/MAMP/www/jxshop/Application/Runtime/Cache/Home/d47f7e8b5d40353c26583cfdcb9e3b02.php 第 427 行.
NOTIC: [8] Undefined index: sort /Applications/MAMP/www/jxshop/Application/Runtime/Cache/Home/d47f7e8b5d40353c26583cfdcb9e3b02.php 第 428 行.
NOTIC: [8] Undefined index: sort /Applications/MAMP/www/jxshop/Application/Runtime/Cache/Home/d47f7e8b5d40353c26583cfdcb9e3b02.php 第 429 行.
NOTIC: [8] Undefined index: sort /Applications/MAMP/www/jxshop/Application/Runtime/Cache/Home/d47f7e8b5d40353c26583cfdcb9e3b02.php 第 430 行.
INFO: Run Behavior\ParseTemplateBehavior [ RunTime:0.015931s ]
INFO: [ view_parse ] --END-- [ RunTime:0.015962s ]
INFO: [ view_filter ] --START--
INFO: Run Behavior\WriteHtmlCacheBehavior [ RunTime:0.000173s ]
INFO: [ view_filter ] --END-- [ RunTime:0.000195s ]
INFO: [ app_end ] --START--
INFO: Run Behavior\ShowPageTraceBehavior [ RunTime:0.000452s ]
INFO: [ app_end ] --END-- [ RunTime:0.000479s ]

[ 2020-05-16T16:14:26+08:00 ] 127.0.0.1 /Category/index/id/2.html
INFO: [ app_init ] --START--
INFO: Run Behavior\BuildLiteBehavior [ RunTime:0.000014s ]
INFO: [ app_init ] --END-- [ RunTime:0.000442s ]
INFO: [ app_begin ] --START--
INFO: Run Behavior\ReadHtmlCacheBehavior [ RunTime:0.000536s ]
INFO: [ app_begin ] --END-- [ RunTime:0.000579s ]
SQL: SELECT * FROM `jx_category`  [ RunTime:0.0005s ]
NOTIC: [8] Use of undefined constant ture - assumed 'ture' /Applications/MAMP/www/jxshop/Application/Admin/Model/CategoryModel.class.php 第 31 行.
NOTIC: [8] Use of undefined constant ture - assumed 'ture' /Applications/MAMP/www/jxshop/Application/Admin/Model/CategoryModel.class.php 第 31 行.
NOTIC: [8] Use of undefined constant ture - assumed 'ture' /Applications/MAMP/www/jxshop/Application/Admin/Model/CategoryModel.class.php 第 31 行.
NOTIC: [2] Declaration of Admin\Model\GoodsModel::_before_insert(&$data) should be compatible with Think\Model::_before_insert(&$data, $options) /Applications/MAMP/www/jxshop/Application/Admin/Model/GoodsModel.class.php 第 344 行.
NOTIC: [2] Declaration of Admin\Model\GoodsModel::_after_insert($data) should be compatible with Think\Model::_after_insert($data, $options) /Applications/MAMP/www/jxshop/Application/Admin/Model/GoodsModel.class.php 第 344 行.
SQL: SELECT * FROM `jx_category`  [ RunTime:0.0006s ]
NOTIC: [8] Undefined variable: tree /Applications/MAMP/www/jxshop/Application/Admin/Model/CategoryModel.class.php 第 20 行.
SQL: SELECT COUNT(*) AS tp_count FROM `jx_goods` WHERE ( is_sale=1 and cate_id in (2) ) LIMIT 1   [ RunTime:0.0004s ]
SQL: SELECT * FROM `jx_goods` WHERE ( is_sale=1 and cate_id in (2) ) ORDER BY `sale_number` desc LIMIT 0,5   [ RunTime:0.0008s ]
INFO: [ view_parse ] --START--
INFO: [ template_filter ] --START--
INFO: Run Behavior\ContentReplaceBehavior [ RunTime:0.000136s ]
INFO: [ template_filter ] --END-- [ RunTime:0.000186s ]
NOTIC: [8] Undefined index: sort /Applications/MAMP/www/jxshop/Application/Runtime/Cache/Home/d47f7e8b5d40353c26583cfdcb9e3b02.php 第 427 行.
NOTIC: [8] Use of undefined constant sale_number - assumed 'sale_number' /Applications/MAMP/www/jxshop/Application/Runtime/Cache/Home/d47f7e8b5d40353c26583cfdcb9e3b02.php 第 427 行.
NOTIC: [8] Undefined index: sort /Applications/MAMP/www/jxshop/Application/Runtime/Cache/Home/d47f7e8b5d40353c26583cfdcb9e3b02.php 第 427 行.
NOTIC: [8] Undefined index: sort /Applications/MAMP/www/jxshop/Application/Runtime/Cache/Home/d47f7e8b5d40353c26583cfdcb9e3b02.php 第 428 行.
NOTIC: [8] Undefined index: sort /Applications/MAMP/www/jxshop/Application/Runtime/Cache/Home/d47f7e8b5d40353c26583cfdcb9e3b02.php 第 429 行.
NOTIC: [8] Undefined index: sort /Applications/MAMP/www/jxshop/Application/Runtime/Cache/Home/d47f7e8b5d40353c26583cfdcb9e3b02.php 第 430 行.
INFO: Run Behavior\ParseTemplateBehavior [ RunTime:0.014969s ]
INFO: [ view_parse ] --END-- [ RunTime:0.015006s ]
INFO: [ view_filter ] --START--
INFO: Run Behavior\WriteHtmlCacheBehavior [ RunTime:0.000204s ]
INFO: [ view_filter ] --END-- [ RunTime:0.000229s ]
INFO: [ app_end ] --START--
INFO: Run Behavior\ShowPageTraceBehavior [ RunTime:0.000524s ]
INFO: [ app_end ] --END-- [ RunTime:0.000558s ]

