[ 2020-02-19T20:26:04+08:00 ] 127.0.0.1 /
INFO: [ app_init ] --START--
INFO: Run Behavior\BuildLiteBehavior [ RunTime:0.000000s ]
INFO: [ app_init ] --END-- [ RunTime:0.011000s ]
INFO: [ app_begin ] --START--
INFO: Run Behavior\ReadHtmlCacheBehavior [ RunTime:0.007000s ]
INFO: [ app_begin ] --END-- [ RunTime:0.007000s ]
SQL: SELECT * FROM `jx_category`  [ RunTime:0.0120s ]
NOTIC: [2] Use of undefined constant ture - assumed 'ture' (this will throw an Error in a future version of PHP) D:\wamp64\www\jxshop\Application\Admin\Model\CategoryModel.class.php 第 31 行.
NOTIC: [2] Use of undefined constant ture - assumed 'ture' (this will throw an Error in a future version of PHP) D:\wamp64\www\jxshop\Application\Admin\Model\CategoryModel.class.php 第 31 行.
NOTIC: [2] Use of undefined constant ture - assumed 'ture' (this will throw an Error in a future version of PHP) D:\wamp64\www\jxshop\Application\Admin\Model\CategoryModel.class.php 第 31 行.
NOTIC: [2] Use of undefined constant ture - assumed 'ture' (this will throw an Error in a future version of PHP) D:\wamp64\www\jxshop\Application\Admin\Model\CategoryModel.class.php 第 31 行.
NOTIC: [2] Use of undefined constant ture - assumed 'ture' (this will throw an Error in a future version of PHP) D:\wamp64\www\jxshop\Application\Admin\Model\CategoryModel.class.php 第 31 行.
NOTIC: [2] Use of undefined constant ture - assumed 'ture' (this will throw an Error in a future version of PHP) D:\wamp64\www\jxshop\Application\Admin\Model\CategoryModel.class.php 第 31 行.
NOTIC: [2] Use of undefined constant ture - assumed 'ture' (this will throw an Error in a future version of PHP) D:\wamp64\www\jxshop\Application\Admin\Model\CategoryModel.class.php 第 31 行.
NOTIC: [2] Use of undefined constant ture - assumed 'ture' (this will throw an Error in a future version of PHP) D:\wamp64\www\jxshop\Application\Admin\Model\CategoryModel.class.php 第 31 行.
NOTIC: [2] Use of undefined constant ture - assumed 'ture' (this will throw an Error in a future version of PHP) D:\wamp64\www\jxshop\Application\Admin\Model\CategoryModel.class.php 第 31 行.
NOTIC: [2] Use of undefined constant ture - assumed 'ture' (this will throw an Error in a future version of PHP) D:\wamp64\www\jxshop\Application\Admin\Model\CategoryModel.class.php 第 31 行.
NOTIC: [2] Declaration of Admin\Model\GoodsModel::_before_insert(&$data) should be compatible with Think\Model::_before_insert(&$data, $options) D:\wamp64\www\jxshop\Application\Admin\Model\GoodsModel.class.php 第 0 行.
NOTIC: [2] Declaration of Admin\Model\GoodsModel::_after_insert($data) should be compatible with Think\Model::_after_insert($data, $options) D:\wamp64\www\jxshop\Application\Admin\Model\GoodsModel.class.php 第 0 行.
SQL: SELECT * FROM `jx_goods` WHERE ( is_sale=1 and isdel=1 and is_hot=1 ) LIMIT 5   [ RunTime:0.0070s ]
SQL: SELECT * FROM `jx_goods` WHERE ( is_sale=1 and isdel=1 and is_rec=1 ) LIMIT 5   [ RunTime:0.0010s ]
SQL: SELECT * FROM `jx_goods` WHERE ( is_sale=1 and isdel=1 and is_new=1 ) LIMIT 5   [ RunTime:0.0000s ]
SQL: SELECT * FROM `jx_goods` WHERE ( is_sale = 1 and cx_price > 0 and start < 1582115164 and end > 1582115164 ) LIMIT 5   [ RunTime:0.0010s ]
SQL: SELECT * FROM `jx_category` WHERE ( parent_id=0 )  [ RunTime:0.0000s ]
SQL: SELECT * FROM `jx_category` WHERE ( parent_id=1 )  [ RunTime:0.0010s ]
SQL: SELECT * FROM `jx_category` WHERE ( isrec=1 and parent_id=1 )  [ RunTime:0.0000s ]
SQL: SELECT * FROM `jx_category`  [ RunTime:0.0010s ]
NOTIC: [8] Undefined variable: tree D:\wamp64\www\jxshop\Application\Admin\Model\CategoryModel.class.php 第 20 行.
SQL: SHOW COLUMNS FROM `jx_goods` [ RunTime:0.0020s ]
SQL: SELECT * FROM `jx_goods` WHERE ( is_sale=1 and cate_id in (2) ) LIMIT 8   [ RunTime:0.0000s ]
SQL: SELECT * FROM `jx_category`  [ RunTime:0.0010s ]
NOTIC: [8] Undefined variable: tree D:\wamp64\www\jxshop\Application\Admin\Model\CategoryModel.class.php 第 20 行.
SQL: SELECT * FROM `jx_goods` WHERE ( is_sale=1 and cate_id in (3) ) LIMIT 8   [ RunTime:0.0010s ]
SQL: SELECT * FROM `jx_category`  [ RunTime:0.0000s ]
NOTIC: [8] Undefined variable: tree D:\wamp64\www\jxshop\Application\Admin\Model\CategoryModel.class.php 第 20 行.
SQL: SELECT * FROM `jx_goods` WHERE ( is_sale=1 and cate_id in (4) ) LIMIT 8   [ RunTime:0.0010s ]
SQL: SELECT * FROM `jx_category`  [ RunTime:0.0000s ]
NOTIC: [8] Undefined variable: tree D:\wamp64\www\jxshop\Application\Admin\Model\CategoryModel.class.php 第 20 行.
SQL: SELECT * FROM `jx_goods` WHERE ( is_sale=1 and cate_id in (9) ) LIMIT 8   [ RunTime:0.0000s ]
SQL: SELECT * FROM `jx_category` WHERE ( parent_id=5 )  [ RunTime:0.0010s ]
SQL: SELECT * FROM `jx_category` WHERE ( isrec=1 and parent_id=5 )  [ RunTime:0.0010s ]
SQL: SELECT * FROM `jx_category` WHERE ( parent_id=6 )  [ RunTime:0.0000s ]
SQL: SELECT * FROM `jx_category` WHERE ( isrec=1 and parent_id=6 )  [ RunTime:0.0000s ]
SQL: SELECT * FROM `jx_category`  [ RunTime:0.0010s ]
NOTIC: [8] Undefined variable: tree D:\wamp64\www\jxshop\Application\Admin\Model\CategoryModel.class.php 第 20 行.
SQL: SELECT * FROM `jx_goods` WHERE ( is_sale=1 and cate_id in (7) ) LIMIT 8   [ RunTime:0.0000s ]
SQL: SELECT * FROM `jx_category`  [ RunTime:0.0010s ]
NOTIC: [8] Undefined variable: tree D:\wamp64\www\jxshop\Application\Admin\Model\CategoryModel.class.php 第 20 行.
SQL: SELECT * FROM `jx_goods` WHERE ( is_sale=1 and cate_id in (8) ) LIMIT 8   [ RunTime:0.0000s ]
INFO: [ view_parse ] --START--
INFO: [ template_filter ] --START--
INFO: Run Behavior\ContentReplaceBehavior [ RunTime:0.001000s ]
INFO: [ template_filter ] --END-- [ RunTime:0.001000s ]
INFO: Run Behavior\ParseTemplateBehavior [ RunTime:0.045000s ]
INFO: [ view_parse ] --END-- [ RunTime:0.045000s ]
INFO: [ view_filter ] --START--
INFO: Run Behavior\WriteHtmlCacheBehavior [ RunTime:0.001000s ]
INFO: [ view_filter ] --END-- [ RunTime:0.001000s ]
INFO: [ app_end ] --START--
INFO: Run Behavior\ShowPageTraceBehavior [ RunTime:0.002000s ]
INFO: [ app_end ] --END-- [ RunTime:0.002000s ]

[ 2020-02-19T20:26:07+08:00 ] 127.0.0.1 /user/login.html
INFO: [ app_init ] --START--
INFO: Run Behavior\BuildLiteBehavior [ RunTime:0.000000s ]
INFO: [ app_init ] --END-- [ RunTime:0.000000s ]
INFO: [ app_begin ] --START--
INFO: Run Behavior\ReadHtmlCacheBehavior [ RunTime:0.001000s ]
INFO: [ app_begin ] --END-- [ RunTime:0.001000s ]
SQL: SELECT * FROM `jx_category`  [ RunTime:0.0020s ]
NOTIC: [2] Use of undefined constant ture - assumed 'ture' (this will throw an Error in a future version of PHP) D:\wamp64\www\jxshop\Application\Admin\Model\CategoryModel.class.php 第 31 行.
NOTIC: [2] Use of undefined constant ture - assumed 'ture' (this will throw an Error in a future version of PHP) D:\wamp64\www\jxshop\Application\Admin\Model\CategoryModel.class.php 第 31 行.
NOTIC: [2] Use of undefined constant ture - assumed 'ture' (this will throw an Error in a future version of PHP) D:\wamp64\www\jxshop\Application\Admin\Model\CategoryModel.class.php 第 31 行.
NOTIC: [2] Use of undefined constant ture - assumed 'ture' (this will throw an Error in a future version of PHP) D:\wamp64\www\jxshop\Application\Admin\Model\CategoryModel.class.php 第 31 行.
NOTIC: [2] Use of undefined constant ture - assumed 'ture' (this will throw an Error in a future version of PHP) D:\wamp64\www\jxshop\Application\Admin\Model\CategoryModel.class.php 第 31 行.
NOTIC: [2] Use of undefined constant ture - assumed 'ture' (this will throw an Error in a future version of PHP) D:\wamp64\www\jxshop\Application\Admin\Model\CategoryModel.class.php 第 31 行.
NOTIC: [2] Use of undefined constant ture - assumed 'ture' (this will throw an Error in a future version of PHP) D:\wamp64\www\jxshop\Application\Admin\Model\CategoryModel.class.php 第 31 行.
NOTIC: [2] Use of undefined constant ture - assumed 'ture' (this will throw an Error in a future version of PHP) D:\wamp64\www\jxshop\Application\Admin\Model\CategoryModel.class.php 第 31 行.
NOTIC: [2] Use of undefined constant ture - assumed 'ture' (this will throw an Error in a future version of PHP) D:\wamp64\www\jxshop\Application\Admin\Model\CategoryModel.class.php 第 31 行.
NOTIC: [2] Use of undefined constant ture - assumed 'ture' (this will throw an Error in a future version of PHP) D:\wamp64\www\jxshop\Application\Admin\Model\CategoryModel.class.php 第 31 行.
INFO: [ view_parse ] --START--
INFO: [ template_filter ] --START--
INFO: Run Behavior\ContentReplaceBehavior [ RunTime:0.001000s ]
INFO: [ template_filter ] --END-- [ RunTime:0.001000s ]
INFO: Run Behavior\ParseTemplateBehavior [ RunTime:0.027000s ]
INFO: [ view_parse ] --END-- [ RunTime:0.027000s ]
INFO: [ view_filter ] --START--
INFO: Run Behavior\WriteHtmlCacheBehavior [ RunTime:0.000000s ]
INFO: [ view_filter ] --END-- [ RunTime:0.000000s ]
INFO: [ app_end ] --START--
INFO: Run Behavior\ShowPageTraceBehavior [ RunTime:0.001000s ]
INFO: [ app_end ] --END-- [ RunTime:0.001000s ]

[ 2020-02-19T20:26:07+08:00 ] 127.0.0.1 /User/code.html
INFO: [ app_init ] --START--
INFO: Run Behavior\BuildLiteBehavior [ RunTime:0.000000s ]
INFO: [ app_init ] --END-- [ RunTime:0.000000s ]
INFO: [ app_begin ] --START--
INFO: Run Behavior\ReadHtmlCacheBehavior [ RunTime:0.000000s ]
INFO: [ app_begin ] --END-- [ RunTime:0.001000s ]
SQL: SELECT * FROM `jx_category`  [ RunTime:0.0030s ]
NOTIC: [2] Use of undefined constant ture - assumed 'ture' (this will throw an Error in a future version of PHP) D:\wamp64\www\jxshop\Application\Admin\Model\CategoryModel.class.php 第 31 行.
NOTIC: [2] Use of undefined constant ture - assumed 'ture' (this will throw an Error in a future version of PHP) D:\wamp64\www\jxshop\Application\Admin\Model\CategoryModel.class.php 第 31 行.
NOTIC: [2] Use of undefined constant ture - assumed 'ture' (this will throw an Error in a future version of PHP) D:\wamp64\www\jxshop\Application\Admin\Model\CategoryModel.class.php 第 31 行.
NOTIC: [2] Use of undefined constant ture - assumed 'ture' (this will throw an Error in a future version of PHP) D:\wamp64\www\jxshop\Application\Admin\Model\CategoryModel.class.php 第 31 行.
NOTIC: [2] Use of undefined constant ture - assumed 'ture' (this will throw an Error in a future version of PHP) D:\wamp64\www\jxshop\Application\Admin\Model\CategoryModel.class.php 第 31 行.
NOTIC: [2] Use of undefined constant ture - assumed 'ture' (this will throw an Error in a future version of PHP) D:\wamp64\www\jxshop\Application\Admin\Model\CategoryModel.class.php 第 31 行.
NOTIC: [2] Use of undefined constant ture - assumed 'ture' (this will throw an Error in a future version of PHP) D:\wamp64\www\jxshop\Application\Admin\Model\CategoryModel.class.php 第 31 行.
NOTIC: [2] Use of undefined constant ture - assumed 'ture' (this will throw an Error in a future version of PHP) D:\wamp64\www\jxshop\Application\Admin\Model\CategoryModel.class.php 第 31 行.
NOTIC: [2] Use of undefined constant ture - assumed 'ture' (this will throw an Error in a future version of PHP) D:\wamp64\www\jxshop\Application\Admin\Model\CategoryModel.class.php 第 31 行.
NOTIC: [2] Use of undefined constant ture - assumed 'ture' (this will throw an Error in a future version of PHP) D:\wamp64\www\jxshop\Application\Admin\Model\CategoryModel.class.php 第 31 行.
INFO: [ app_end ] --START--
INFO: Run Behavior\ShowPageTraceBehavior [ RunTime:0.000000s ]
INFO: [ app_end ] --END-- [ RunTime:0.001000s ]

[ 2020-02-19T20:26:18+08:00 ] 127.0.0.1 /User/login.html
INFO: [ app_init ] --START--
INFO: Run Behavior\BuildLiteBehavior [ RunTime:0.000000s ]
INFO: [ app_init ] --END-- [ RunTime:0.000000s ]
INFO: [ app_begin ] --START--
INFO: Run Behavior\ReadHtmlCacheBehavior [ RunTime:0.000000s ]
INFO: [ app_begin ] --END-- [ RunTime:0.000000s ]
SQL: SELECT * FROM `jx_category`  [ RunTime:0.0000s ]
NOTIC: [2] Use of undefined constant ture - assumed 'ture' (this will throw an Error in a future version of PHP) D:\wamp64\www\jxshop\Application\Admin\Model\CategoryModel.class.php 第 31 行.
NOTIC: [2] Use of undefined constant ture - assumed 'ture' (this will throw an Error in a future version of PHP) D:\wamp64\www\jxshop\Application\Admin\Model\CategoryModel.class.php 第 31 行.
NOTIC: [2] Use of undefined constant ture - assumed 'ture' (this will throw an Error in a future version of PHP) D:\wamp64\www\jxshop\Application\Admin\Model\CategoryModel.class.php 第 31 行.
NOTIC: [2] Use of undefined constant ture - assumed 'ture' (this will throw an Error in a future version of PHP) D:\wamp64\www\jxshop\Application\Admin\Model\CategoryModel.class.php 第 31 行.
NOTIC: [2] Use of undefined constant ture - assumed 'ture' (this will throw an Error in a future version of PHP) D:\wamp64\www\jxshop\Application\Admin\Model\CategoryModel.class.php 第 31 行.
NOTIC: [2] Use of undefined constant ture - assumed 'ture' (this will throw an Error in a future version of PHP) D:\wamp64\www\jxshop\Application\Admin\Model\CategoryModel.class.php 第 31 行.
NOTIC: [2] Use of undefined constant ture - assumed 'ture' (this will throw an Error in a future version of PHP) D:\wamp64\www\jxshop\Application\Admin\Model\CategoryModel.class.php 第 31 行.
NOTIC: [2] Use of undefined constant ture - assumed 'ture' (this will throw an Error in a future version of PHP) D:\wamp64\www\jxshop\Application\Admin\Model\CategoryModel.class.php 第 31 行.
NOTIC: [2] Use of undefined constant ture - assumed 'ture' (this will throw an Error in a future version of PHP) D:\wamp64\www\jxshop\Application\Admin\Model\CategoryModel.class.php 第 31 行.
NOTIC: [2] Use of undefined constant ture - assumed 'ture' (this will throw an Error in a future version of PHP) D:\wamp64\www\jxshop\Application\Admin\Model\CategoryModel.class.php 第 31 行.

[ 2020-02-19T20:26:22+08:00 ] 127.0.0.1 /User/login.html
INFO: [ app_init ] --START--
INFO: Run Behavior\BuildLiteBehavior [ RunTime:0.000000s ]
INFO: [ app_init ] --END-- [ RunTime:0.000000s ]
INFO: [ app_begin ] --START--
INFO: Run Behavior\ReadHtmlCacheBehavior [ RunTime:0.000000s ]
INFO: [ app_begin ] --END-- [ RunTime:0.000000s ]
SQL: SELECT * FROM `jx_category`  [ RunTime:0.0000s ]
NOTIC: [2] Use of undefined constant ture - assumed 'ture' (this will throw an Error in a future version of PHP) D:\wamp64\www\jxshop\Application\Admin\Model\CategoryModel.class.php 第 31 行.
NOTIC: [2] Use of undefined constant ture - assumed 'ture' (this will throw an Error in a future version of PHP) D:\wamp64\www\jxshop\Application\Admin\Model\CategoryModel.class.php 第 31 行.
NOTIC: [2] Use of undefined constant ture - assumed 'ture' (this will throw an Error in a future version of PHP) D:\wamp64\www\jxshop\Application\Admin\Model\CategoryModel.class.php 第 31 行.
NOTIC: [2] Use of undefined constant ture - assumed 'ture' (this will throw an Error in a future version of PHP) D:\wamp64\www\jxshop\Application\Admin\Model\CategoryModel.class.php 第 31 行.
NOTIC: [2] Use of undefined constant ture - assumed 'ture' (this will throw an Error in a future version of PHP) D:\wamp64\www\jxshop\Application\Admin\Model\CategoryModel.class.php 第 31 行.
NOTIC: [2] Use of undefined constant ture - assumed 'ture' (this will throw an Error in a future version of PHP) D:\wamp64\www\jxshop\Application\Admin\Model\CategoryModel.class.php 第 31 行.
NOTIC: [2] Use of undefined constant ture - assumed 'ture' (this will throw an Error in a future version of PHP) D:\wamp64\www\jxshop\Application\Admin\Model\CategoryModel.class.php 第 31 行.
NOTIC: [2] Use of undefined constant ture - assumed 'ture' (this will throw an Error in a future version of PHP) D:\wamp64\www\jxshop\Application\Admin\Model\CategoryModel.class.php 第 31 行.
NOTIC: [2] Use of undefined constant ture - assumed 'ture' (this will throw an Error in a future version of PHP) D:\wamp64\www\jxshop\Application\Admin\Model\CategoryModel.class.php 第 31 行.
NOTIC: [2] Use of undefined constant ture - assumed 'ture' (this will throw an Error in a future version of PHP) D:\wamp64\www\jxshop\Application\Admin\Model\CategoryModel.class.php 第 31 行.
SQL: SELECT * FROM `jx_user` WHERE ( username='admin' ) LIMIT 1   [ RunTime:0.0000s ]
NOTIC: [2] Use of undefined constant password - assumed 'password' (this will throw an Error in a future version of PHP) D:\wamp64\www\jxshop\Application\Home\Model\UserModel.class.php 第 33 行.
NOTIC: [2] Invalid argument supplied for foreach() D:\wamp64\www\jxshop\Application\Home\Model\CartModel.class.php 第 83 行.

[ 2020-02-19T20:26:22+08:00 ] 127.0.0.1 /
INFO: [ app_init ] --START--
INFO: Run Behavior\BuildLiteBehavior [ RunTime:0.000000s ]
INFO: [ app_init ] --END-- [ RunTime:0.000000s ]
INFO: [ app_begin ] --START--
INFO: Run Behavior\ReadHtmlCacheBehavior [ RunTime:0.000000s ]
INFO: [ app_begin ] --END-- [ RunTime:0.000000s ]
SQL: SELECT * FROM `jx_category`  [ RunTime:0.0000s ]
NOTIC: [2] Use of undefined constant ture - assumed 'ture' (this will throw an Error in a future version of PHP) D:\wamp64\www\jxshop\Application\Admin\Model\CategoryModel.class.php 第 31 行.
NOTIC: [2] Use of undefined constant ture - assumed 'ture' (this will throw an Error in a future version of PHP) D:\wamp64\www\jxshop\Application\Admin\Model\CategoryModel.class.php 第 31 行.
NOTIC: [2] Use of undefined constant ture - assumed 'ture' (this will throw an Error in a future version of PHP) D:\wamp64\www\jxshop\Application\Admin\Model\CategoryModel.class.php 第 31 行.
NOTIC: [2] Use of undefined constant ture - assumed 'ture' (this will throw an Error in a future version of PHP) D:\wamp64\www\jxshop\Application\Admin\Model\CategoryModel.class.php 第 31 行.
NOTIC: [2] Use of undefined constant ture - assumed 'ture' (this will throw an Error in a future version of PHP) D:\wamp64\www\jxshop\Application\Admin\Model\CategoryModel.class.php 第 31 行.
NOTIC: [2] Use of undefined constant ture - assumed 'ture' (this will throw an Error in a future version of PHP) D:\wamp64\www\jxshop\Application\Admin\Model\CategoryModel.class.php 第 31 行.
NOTIC: [2] Use of undefined constant ture - assumed 'ture' (this will throw an Error in a future version of PHP) D:\wamp64\www\jxshop\Application\Admin\Model\CategoryModel.class.php 第 31 行.
NOTIC: [2] Use of undefined constant ture - assumed 'ture' (this will throw an Error in a future version of PHP) D:\wamp64\www\jxshop\Application\Admin\Model\CategoryModel.class.php 第 31 行.
NOTIC: [2] Use of undefined constant ture - assumed 'ture' (this will throw an Error in a future version of PHP) D:\wamp64\www\jxshop\Application\Admin\Model\CategoryModel.class.php 第 31 行.
NOTIC: [2] Use of undefined constant ture - assumed 'ture' (this will throw an Error in a future version of PHP) D:\wamp64\www\jxshop\Application\Admin\Model\CategoryModel.class.php 第 31 行.
NOTIC: [2] Declaration of Admin\Model\GoodsModel::_before_insert(&$data) should be compatible with Think\Model::_before_insert(&$data, $options) D:\wamp64\www\jxshop\Application\Admin\Model\GoodsModel.class.php 第 0 行.
NOTIC: [2] Declaration of Admin\Model\GoodsModel::_after_insert($data) should be compatible with Think\Model::_after_insert($data, $options) D:\wamp64\www\jxshop\Application\Admin\Model\GoodsModel.class.php 第 0 行.
SQL: SELECT * FROM `jx_goods` WHERE ( is_sale=1 and isdel=1 and is_hot=1 ) LIMIT 5   [ RunTime:0.0110s ]
SQL: SELECT * FROM `jx_goods` WHERE ( is_sale=1 and isdel=1 and is_rec=1 ) LIMIT 5   [ RunTime:0.0010s ]
SQL: SELECT * FROM `jx_goods` WHERE ( is_sale=1 and isdel=1 and is_new=1 ) LIMIT 5   [ RunTime:0.0010s ]
SQL: SELECT * FROM `jx_goods` WHERE ( is_sale = 1 and cx_price > 0 and start < 1582115182 and end > 1582115182 ) LIMIT 5   [ RunTime:0.0000s ]
SQL: SELECT * FROM `jx_category` WHERE ( parent_id=0 )  [ RunTime:0.0000s ]
SQL: SELECT * FROM `jx_category` WHERE ( parent_id=1 )  [ RunTime:0.0010s ]
SQL: SELECT * FROM `jx_category` WHERE ( isrec=1 and parent_id=1 )  [ RunTime:0.0000s ]
SQL: SELECT * FROM `jx_category`  [ RunTime:0.0010s ]
NOTIC: [8] Undefined variable: tree D:\wamp64\www\jxshop\Application\Admin\Model\CategoryModel.class.php 第 20 行.
SQL: SHOW COLUMNS FROM `jx_goods` [ RunTime:0.0010s ]
SQL: SELECT * FROM `jx_goods` WHERE ( is_sale=1 and cate_id in (2) ) LIMIT 8   [ RunTime:0.0000s ]
SQL: SELECT * FROM `jx_category`  [ RunTime:0.0000s ]
NOTIC: [8] Undefined variable: tree D:\wamp64\www\jxshop\Application\Admin\Model\CategoryModel.class.php 第 20 行.
SQL: SELECT * FROM `jx_goods` WHERE ( is_sale=1 and cate_id in (3) ) LIMIT 8   [ RunTime:0.0020s ]
SQL: SELECT * FROM `jx_category`  [ RunTime:0.0010s ]
NOTIC: [8] Undefined variable: tree D:\wamp64\www\jxshop\Application\Admin\Model\CategoryModel.class.php 第 20 行.
SQL: SELECT * FROM `jx_goods` WHERE ( is_sale=1 and cate_id in (4) ) LIMIT 8   [ RunTime:0.0000s ]
SQL: SELECT * FROM `jx_category`  [ RunTime:0.0010s ]
NOTIC: [8] Undefined variable: tree D:\wamp64\www\jxshop\Application\Admin\Model\CategoryModel.class.php 第 20 行.
SQL: SELECT * FROM `jx_goods` WHERE ( is_sale=1 and cate_id in (9) ) LIMIT 8   [ RunTime:0.0000s ]
SQL: SELECT * FROM `jx_category` WHERE ( parent_id=5 )  [ RunTime:0.0000s ]
SQL: SELECT * FROM `jx_category` WHERE ( isrec=1 and parent_id=5 )  [ RunTime:0.0000s ]
SQL: SELECT * FROM `jx_category` WHERE ( parent_id=6 )  [ RunTime:0.0000s ]
SQL: SELECT * FROM `jx_category` WHERE ( isrec=1 and parent_id=6 )  [ RunTime:0.0010s ]
SQL: SELECT * FROM `jx_category`  [ RunTime:0.0010s ]
NOTIC: [8] Undefined variable: tree D:\wamp64\www\jxshop\Application\Admin\Model\CategoryModel.class.php 第 20 行.
SQL: SELECT * FROM `jx_goods` WHERE ( is_sale=1 and cate_id in (7) ) LIMIT 8   [ RunTime:0.0000s ]
SQL: SELECT * FROM `jx_category`  [ RunTime:0.0000s ]
NOTIC: [8] Undefined variable: tree D:\wamp64\www\jxshop\Application\Admin\Model\CategoryModel.class.php 第 20 行.
SQL: SELECT * FROM `jx_goods` WHERE ( is_sale=1 and cate_id in (8) ) LIMIT 8   [ RunTime:0.0010s ]
INFO: [ view_parse ] --START--
INFO: [ template_filter ] --START--
INFO: Run Behavior\ContentReplaceBehavior [ RunTime:0.001000s ]
INFO: [ template_filter ] --END-- [ RunTime:0.001000s ]
INFO: Run Behavior\ParseTemplateBehavior [ RunTime:0.018000s ]
INFO: [ view_parse ] --END-- [ RunTime:0.018000s ]
INFO: [ view_filter ] --START--
INFO: Run Behavior\WriteHtmlCacheBehavior [ RunTime:0.000000s ]
INFO: [ view_filter ] --END-- [ RunTime:0.000000s ]
INFO: [ app_end ] --START--
INFO: Run Behavior\ShowPageTraceBehavior [ RunTime:0.000000s ]
INFO: [ app_end ] --END-- [ RunTime:0.000000s ]

[ 2020-02-19T20:29:35+08:00 ] 127.0.0.1 /Goods/index/goods_id/21.html
INFO: [ app_init ] --START--
INFO: Run Behavior\BuildLiteBehavior [ RunTime:0.000000s ]
INFO: [ app_init ] --END-- [ RunTime:0.000000s ]
INFO: [ app_begin ] --START--
INFO: Run Behavior\ReadHtmlCacheBehavior [ RunTime:0.000000s ]
INFO: [ app_begin ] --END-- [ RunTime:0.000000s ]
SQL: SELECT * FROM `jx_category`  [ RunTime:0.0030s ]
NOTIC: [2] Use of undefined constant ture - assumed 'ture' (this will throw an Error in a future version of PHP) D:\wamp64\www\jxshop\Application\Admin\Model\CategoryModel.class.php 第 31 行.
NOTIC: [2] Use of undefined constant ture - assumed 'ture' (this will throw an Error in a future version of PHP) D:\wamp64\www\jxshop\Application\Admin\Model\CategoryModel.class.php 第 31 行.
NOTIC: [2] Use of undefined constant ture - assumed 'ture' (this will throw an Error in a future version of PHP) D:\wamp64\www\jxshop\Application\Admin\Model\CategoryModel.class.php 第 31 行.
NOTIC: [2] Use of undefined constant ture - assumed 'ture' (this will throw an Error in a future version of PHP) D:\wamp64\www\jxshop\Application\Admin\Model\CategoryModel.class.php 第 31 行.
NOTIC: [2] Use of undefined constant ture - assumed 'ture' (this will throw an Error in a future version of PHP) D:\wamp64\www\jxshop\Application\Admin\Model\CategoryModel.class.php 第 31 行.
NOTIC: [2] Use of undefined constant ture - assumed 'ture' (this will throw an Error in a future version of PHP) D:\wamp64\www\jxshop\Application\Admin\Model\CategoryModel.class.php 第 31 行.
NOTIC: [2] Use of undefined constant ture - assumed 'ture' (this will throw an Error in a future version of PHP) D:\wamp64\www\jxshop\Application\Admin\Model\CategoryModel.class.php 第 31 行.
NOTIC: [2] Use of undefined constant ture - assumed 'ture' (this will throw an Error in a future version of PHP) D:\wamp64\www\jxshop\Application\Admin\Model\CategoryModel.class.php 第 31 行.
NOTIC: [2] Use of undefined constant ture - assumed 'ture' (this will throw an Error in a future version of PHP) D:\wamp64\www\jxshop\Application\Admin\Model\CategoryModel.class.php 第 31 行.
NOTIC: [2] Use of undefined constant ture - assumed 'ture' (this will throw an Error in a future version of PHP) D:\wamp64\www\jxshop\Application\Admin\Model\CategoryModel.class.php 第 31 行.
NOTIC: [2] Declaration of Admin\Model\GoodsModel::_before_insert(&$data) should be compatible with Think\Model::_before_insert(&$data, $options) D:\wamp64\www\jxshop\Application\Admin\Model\GoodsModel.class.php 第 0 行.
NOTIC: [2] Declaration of Admin\Model\GoodsModel::_after_insert($data) should be compatible with Think\Model::_after_insert($data, $options) D:\wamp64\www\jxshop\Application\Admin\Model\GoodsModel.class.php 第 0 行.
SQL: SELECT * FROM `jx_goods` WHERE ( is_sale=1 and id=21 ) LIMIT 1   [ RunTime:0.0020s ]
SQL: SHOW COLUMNS FROM `jx_goods_img` [ RunTime:0.0040s ]
SQL: SELECT * FROM `jx_goods_img` WHERE ( goods_id=21 )  [ RunTime:0.0000s ]
SQL: SHOW COLUMNS FROM `jx_goods_attr` [ RunTime:0.0030s ]
SQL: SELECT a.*,b.attr_name,b.attr_type FROM jx_goods_attr a left join jx_attribute b on a.attr_id=b.id  WHERE ( a.goods_id=21 )  [ RunTime:0.0040s ]
INFO: [ view_parse ] --START--
INFO: [ template_filter ] --START--
INFO: Run Behavior\ContentReplaceBehavior [ RunTime:0.000000s ]
INFO: [ template_filter ] --END-- [ RunTime:0.000000s ]
INFO: Run Behavior\ParseTemplateBehavior [ RunTime:0.016000s ]
INFO: [ view_parse ] --END-- [ RunTime:0.016000s ]
INFO: [ view_filter ] --START--
INFO: Run Behavior\WriteHtmlCacheBehavior [ RunTime:0.000000s ]
INFO: [ view_filter ] --END-- [ RunTime:0.000000s ]
INFO: [ app_end ] --START--
INFO: Run Behavior\ShowPageTraceBehavior [ RunTime:0.000000s ]
INFO: [ app_end ] --END-- [ RunTime:0.000000s ]

[ 2020-02-19T20:29:38+08:00 ] 127.0.0.1 /Cart/addCart.html
INFO: [ app_init ] --START--
INFO: Run Behavior\BuildLiteBehavior [ RunTime:0.000000s ]
INFO: [ app_init ] --END-- [ RunTime:0.000000s ]
INFO: [ app_begin ] --START--
INFO: Run Behavior\ReadHtmlCacheBehavior [ RunTime:0.000000s ]
INFO: [ app_begin ] --END-- [ RunTime:0.000000s ]
SQL: SELECT * FROM `jx_category`  [ RunTime:0.0020s ]
NOTIC: [2] Use of undefined constant ture - assumed 'ture' (this will throw an Error in a future version of PHP) D:\wamp64\www\jxshop\Application\Admin\Model\CategoryModel.class.php 第 31 行.
NOTIC: [2] Use of undefined constant ture - assumed 'ture' (this will throw an Error in a future version of PHP) D:\wamp64\www\jxshop\Application\Admin\Model\CategoryModel.class.php 第 31 行.
NOTIC: [2] Use of undefined constant ture - assumed 'ture' (this will throw an Error in a future version of PHP) D:\wamp64\www\jxshop\Application\Admin\Model\CategoryModel.class.php 第 31 行.
NOTIC: [2] Use of undefined constant ture - assumed 'ture' (this will throw an Error in a future version of PHP) D:\wamp64\www\jxshop\Application\Admin\Model\CategoryModel.class.php 第 31 行.
NOTIC: [2] Use of undefined constant ture - assumed 'ture' (this will throw an Error in a future version of PHP) D:\wamp64\www\jxshop\Application\Admin\Model\CategoryModel.class.php 第 31 行.
NOTIC: [2] Use of undefined constant ture - assumed 'ture' (this will throw an Error in a future version of PHP) D:\wamp64\www\jxshop\Application\Admin\Model\CategoryModel.class.php 第 31 行.
NOTIC: [2] Use of undefined constant ture - assumed 'ture' (this will throw an Error in a future version of PHP) D:\wamp64\www\jxshop\Application\Admin\Model\CategoryModel.class.php 第 31 行.
NOTIC: [2] Use of undefined constant ture - assumed 'ture' (this will throw an Error in a future version of PHP) D:\wamp64\www\jxshop\Application\Admin\Model\CategoryModel.class.php 第 31 行.
NOTIC: [2] Use of undefined constant ture - assumed 'ture' (this will throw an Error in a future version of PHP) D:\wamp64\www\jxshop\Application\Admin\Model\CategoryModel.class.php 第 31 行.
NOTIC: [2] Use of undefined constant ture - assumed 'ture' (this will throw an Error in a future version of PHP) D:\wamp64\www\jxshop\Application\Admin\Model\CategoryModel.class.php 第 31 行.
NOTIC: [2] Declaration of Admin\Model\GoodsModel::_before_insert(&$data) should be compatible with Think\Model::_before_insert(&$data, $options) D:\wamp64\www\jxshop\Application\Admin\Model\GoodsModel.class.php 第 0 行.
NOTIC: [2] Declaration of Admin\Model\GoodsModel::_after_insert($data) should be compatible with Think\Model::_after_insert($data, $options) D:\wamp64\www\jxshop\Application\Admin\Model\GoodsModel.class.php 第 0 行.
SQL: SELECT * FROM `jx_goods` WHERE ( id=21 ) LIMIT 1   [ RunTime:0.0020s ]
SQL: SHOW COLUMNS FROM `jx_goods_number` [ RunTime:0.0040s ]
SQL: SELECT * FROM `jx_goods_number` WHERE ( goods_id=21 and goods_attr_ids='487,489,491' ) LIMIT 1   [ RunTime:0.0010s ]
SQL: SELECT * FROM `jx_cart` WHERE `user_id` = '2' AND `goods_id` = 21 AND `goods_attr_ids` = '487,489,491' LIMIT 1   [ RunTime:0.0020s ]
SQL: INSERT INTO `jx_cart` (`user_id`,`goods_id`,`goods_attr_ids`,`goods_count`) VALUES ('2','21','487,489,491','1') [ RunTime:0.0020s ]
INFO: [ view_parse ] --START--
INFO: [ template_filter ] --START--
INFO: Run Behavior\ContentReplaceBehavior [ RunTime:0.000000s ]
INFO: [ template_filter ] --END-- [ RunTime:0.000000s ]
INFO: Run Behavior\ParseTemplateBehavior [ RunTime:0.005000s ]
INFO: [ view_parse ] --END-- [ RunTime:0.006000s ]
INFO: [ view_filter ] --START--
INFO: Run Behavior\WriteHtmlCacheBehavior [ RunTime:0.000000s ]
INFO: [ view_filter ] --END-- [ RunTime:0.000000s ]
INFO: [ app_end ] --START--
INFO: Run Behavior\ShowPageTraceBehavior [ RunTime:0.000000s ]
INFO: [ app_end ] --END-- [ RunTime:0.000000s ]

[ 2020-02-19T20:29:39+08:00 ] 127.0.0.1 /Goods/index/goods_id/21.html
INFO: [ app_init ] --START--
INFO: Run Behavior\BuildLiteBehavior [ RunTime:0.000000s ]
INFO: [ app_init ] --END-- [ RunTime:0.000000s ]
INFO: [ app_begin ] --START--
INFO: Run Behavior\ReadHtmlCacheBehavior [ RunTime:0.000000s ]
INFO: [ app_begin ] --END-- [ RunTime:0.000000s ]
SQL: SELECT * FROM `jx_category`  [ RunTime:0.0060s ]
NOTIC: [2] Use of undefined constant ture - assumed 'ture' (this will throw an Error in a future version of PHP) D:\wamp64\www\jxshop\Application\Admin\Model\CategoryModel.class.php 第 31 行.
NOTIC: [2] Use of undefined constant ture - assumed 'ture' (this will throw an Error in a future version of PHP) D:\wamp64\www\jxshop\Application\Admin\Model\CategoryModel.class.php 第 31 行.
NOTIC: [2] Use of undefined constant ture - assumed 'ture' (this will throw an Error in a future version of PHP) D:\wamp64\www\jxshop\Application\Admin\Model\CategoryModel.class.php 第 31 行.
NOTIC: [2] Use of undefined constant ture - assumed 'ture' (this will throw an Error in a future version of PHP) D:\wamp64\www\jxshop\Application\Admin\Model\CategoryModel.class.php 第 31 行.
NOTIC: [2] Use of undefined constant ture - assumed 'ture' (this will throw an Error in a future version of PHP) D:\wamp64\www\jxshop\Application\Admin\Model\CategoryModel.class.php 第 31 行.
NOTIC: [2] Use of undefined constant ture - assumed 'ture' (this will throw an Error in a future version of PHP) D:\wamp64\www\jxshop\Application\Admin\Model\CategoryModel.class.php 第 31 行.
NOTIC: [2] Use of undefined constant ture - assumed 'ture' (this will throw an Error in a future version of PHP) D:\wamp64\www\jxshop\Application\Admin\Model\CategoryModel.class.php 第 31 行.
NOTIC: [2] Use of undefined constant ture - assumed 'ture' (this will throw an Error in a future version of PHP) D:\wamp64\www\jxshop\Application\Admin\Model\CategoryModel.class.php 第 31 行.
NOTIC: [2] Use of undefined constant ture - assumed 'ture' (this will throw an Error in a future version of PHP) D:\wamp64\www\jxshop\Application\Admin\Model\CategoryModel.class.php 第 31 行.
NOTIC: [2] Use of undefined constant ture - assumed 'ture' (this will throw an Error in a future version of PHP) D:\wamp64\www\jxshop\Application\Admin\Model\CategoryModel.class.php 第 31 行.
NOTIC: [2] Declaration of Admin\Model\GoodsModel::_before_insert(&$data) should be compatible with Think\Model::_before_insert(&$data, $options) D:\wamp64\www\jxshop\Application\Admin\Model\GoodsModel.class.php 第 0 行.
NOTIC: [2] Declaration of Admin\Model\GoodsModel::_after_insert($data) should be compatible with Think\Model::_after_insert($data, $options) D:\wamp64\www\jxshop\Application\Admin\Model\GoodsModel.class.php 第 0 行.
SQL: SELECT * FROM `jx_goods` WHERE ( is_sale=1 and id=21 ) LIMIT 1   [ RunTime:0.0030s ]
SQL: SHOW COLUMNS FROM `jx_goods_img` [ RunTime:0.0030s ]
SQL: SELECT * FROM `jx_goods_img` WHERE ( goods_id=21 )  [ RunTime:0.0010s ]
SQL: SHOW COLUMNS FROM `jx_goods_attr` [ RunTime:0.0030s ]
SQL: SELECT a.*,b.attr_name,b.attr_type FROM jx_goods_attr a left join jx_attribute b on a.attr_id=b.id  WHERE ( a.goods_id=21 )  [ RunTime:0.0040s ]
INFO: [ view_parse ] --START--
INFO: [ template_filter ] --START--
INFO: Run Behavior\ContentReplaceBehavior [ RunTime:0.001000s ]
INFO: [ template_filter ] --END-- [ RunTime:0.001000s ]
INFO: Run Behavior\ParseTemplateBehavior [ RunTime:0.016000s ]
INFO: [ view_parse ] --END-- [ RunTime:0.016000s ]
INFO: [ view_filter ] --START--
INFO: Run Behavior\WriteHtmlCacheBehavior [ RunTime:0.000000s ]
INFO: [ view_filter ] --END-- [ RunTime:0.000000s ]
INFO: [ app_end ] --START--
INFO: Run Behavior\ShowPageTraceBehavior [ RunTime:0.000000s ]
INFO: [ app_end ] --END-- [ RunTime:0.000000s ]

