[ 2020-02-24T15:49:55+08:00 ] 127.0.0.1 /
INFO: [ app_init ] --START--
INFO: Run Behavior\BuildLiteBehavior [ RunTime:0.000000s ]
INFO: [ app_init ] --END-- [ RunTime:0.003010s ]
INFO: [ app_begin ] --START--
INFO: Run Behavior\ReadHtmlCacheBehavior [ RunTime:0.001004s ]
INFO: [ app_begin ] --END-- [ RunTime:0.001004s ]
SQL: SELECT * FROM `jx_category`  [ RunTime:0.0130s ]
NOTIC: [2] Use of undefined constant ture - assumed 'ture' (this will throw an Error in a future version of PHP) D:\wamp64\www\jxshop\Application\Admin\Model\CategoryModel.class.php 第 31 行.
NOTIC: [2] Use of undefined constant ture - assumed 'ture' (this will throw an Error in a future version of PHP) D:\wamp64\www\jxshop\Application\Admin\Model\CategoryModel.class.php 第 31 行.
NOTIC: [2] Use of undefined constant ture - assumed 'ture' (this will throw an Error in a future version of PHP) D:\wamp64\www\jxshop\Application\Admin\Model\CategoryModel.class.php 第 31 行.
NOTIC: [2] Use of undefined constant ture - assumed 'ture' (this will throw an Error in a future version of PHP) D:\wamp64\www\jxshop\Application\Admin\Model\CategoryModel.class.php 第 31 行.
NOTIC: [2] Use of undefined constant ture - assumed 'ture' (this will throw an Error in a future version of PHP) D:\wamp64\www\jxshop\Application\Admin\Model\CategoryModel.class.php 第 31 行.
NOTIC: [2] Use of undefined constant ture - assumed 'ture' (this will throw an Error in a future version of PHP) D:\wamp64\www\jxshop\Application\Admin\Model\CategoryModel.class.php 第 31 行.
NOTIC: [2] Use of undefined constant ture - assumed 'ture' (this will throw an Error in a future version of PHP) D:\wamp64\www\jxshop\Application\Admin\Model\CategoryModel.class.php 第 31 行.
NOTIC: [2] Use of undefined constant ture - assumed 'ture' (this will throw an Error in a future version of PHP) D:\wamp64\www\jxshop\Application\Admin\Model\CategoryModel.class.php 第 31 行.
NOTIC: [2] Use of undefined constant ture - assumed 'ture' (this will throw an Error in a future version of PHP) D:\wamp64\www\jxshop\Application\Admin\Model\CategoryModel.class.php 第 31 行.
NOTIC: [2] Use of undefined constant ture - assumed 'ture' (this will throw an Error in a future version of PHP) D:\wamp64\www\jxshop\Application\Admin\Model\CategoryModel.class.php 第 31 行.
NOTIC: [2] Use of undefined constant ture - assumed 'ture' (this will throw an Error in a future version of PHP) D:\wamp64\www\jxshop\Application\Admin\Model\CategoryModel.class.php 第 31 行.
NOTIC: [2] Use of undefined constant ture - assumed 'ture' (this will throw an Error in a future version of PHP) D:\wamp64\www\jxshop\Application\Admin\Model\CategoryModel.class.php 第 31 行.
NOTIC: [2] Use of undefined constant ture - assumed 'ture' (this will throw an Error in a future version of PHP) D:\wamp64\www\jxshop\Application\Admin\Model\CategoryModel.class.php 第 31 行.
NOTIC: [2] Use of undefined constant ture - assumed 'ture' (this will throw an Error in a future version of PHP) D:\wamp64\www\jxshop\Application\Admin\Model\CategoryModel.class.php 第 31 行.
NOTIC: [2] Use of undefined constant ture - assumed 'ture' (this will throw an Error in a future version of PHP) D:\wamp64\www\jxshop\Application\Admin\Model\CategoryModel.class.php 第 31 行.
NOTIC: [2] Use of undefined constant ture - assumed 'ture' (this will throw an Error in a future version of PHP) D:\wamp64\www\jxshop\Application\Admin\Model\CategoryModel.class.php 第 31 行.
NOTIC: [2] Use of undefined constant ture - assumed 'ture' (this will throw an Error in a future version of PHP) D:\wamp64\www\jxshop\Application\Admin\Model\CategoryModel.class.php 第 31 行.
NOTIC: [2] Use of undefined constant ture - assumed 'ture' (this will throw an Error in a future version of PHP) D:\wamp64\www\jxshop\Application\Admin\Model\CategoryModel.class.php 第 31 行.
NOTIC: [2] Declaration of Admin\Model\GoodsModel::_before_insert(&$data) should be compatible with Think\Model::_before_insert(&$data, $options) D:\wamp64\www\jxshop\Application\Admin\Model\GoodsModel.class.php 第 0 行.
NOTIC: [2] Declaration of Admin\Model\GoodsModel::_after_insert($data) should be compatible with Think\Model::_after_insert($data, $options) D:\wamp64\www\jxshop\Application\Admin\Model\GoodsModel.class.php 第 0 行.
SQL: SELECT * FROM `jx_goods` WHERE ( is_sale=1 and isdel=1 and is_hot=1 ) LIMIT 5   [ RunTime:0.0090s ]
SQL: SELECT * FROM `jx_goods` WHERE ( is_sale=1 and isdel=1 and is_rec=1 ) LIMIT 5   [ RunTime:0.0000s ]
SQL: SELECT * FROM `jx_goods` WHERE ( is_sale=1 and isdel=1 and is_new=1 ) LIMIT 5   [ RunTime:0.0000s ]
SQL: SELECT * FROM `jx_goods` WHERE ( is_sale = 1 and cx_price > 0 and start < 1582530595 and end > 1582530595 ) LIMIT 5   [ RunTime:0.0010s ]
SQL: SELECT * FROM `jx_category` WHERE ( parent_id=0 )  [ RunTime:0.0000s ]
SQL: SELECT * FROM `jx_category` WHERE ( parent_id=1 )  [ RunTime:0.0010s ]
SQL: SELECT * FROM `jx_category` WHERE ( isrec=1 and parent_id=1 )  [ RunTime:0.0000s ]
SQL: SELECT * FROM `jx_category`  [ RunTime:0.0010s ]
NOTIC: [8] Undefined variable: tree D:\wamp64\www\jxshop\Application\Admin\Model\CategoryModel.class.php 第 20 行.
SQL: SHOW COLUMNS FROM `jx_goods` [ RunTime:0.0020s ]
SQL: SELECT * FROM `jx_goods` WHERE ( is_sale=1 and cate_id in (2) ) LIMIT 8   [ RunTime:0.0000s ]
SQL: SELECT * FROM `jx_category`  [ RunTime:0.0010s ]
NOTIC: [8] Undefined variable: tree D:\wamp64\www\jxshop\Application\Admin\Model\CategoryModel.class.php 第 20 行.
SQL: SELECT * FROM `jx_goods` WHERE ( is_sale=1 and cate_id in (3) ) LIMIT 8   [ RunTime:0.0000s ]
SQL: SELECT * FROM `jx_category`  [ RunTime:0.0000s ]
NOTIC: [8] Undefined variable: tree D:\wamp64\www\jxshop\Application\Admin\Model\CategoryModel.class.php 第 20 行.
SQL: SELECT * FROM `jx_goods` WHERE ( is_sale=1 and cate_id in (4) ) LIMIT 8   [ RunTime:0.0010s ]
SQL: SELECT * FROM `jx_category`  [ RunTime:0.0000s ]
NOTIC: [8] Undefined variable: tree D:\wamp64\www\jxshop\Application\Admin\Model\CategoryModel.class.php 第 20 行.
SQL: SELECT * FROM `jx_goods` WHERE ( is_sale=1 and cate_id in (9) ) LIMIT 8   [ RunTime:0.0010s ]
SQL: SELECT * FROM `jx_category` WHERE ( parent_id=5 )  [ RunTime:0.0000s ]
SQL: SELECT * FROM `jx_category` WHERE ( isrec=1 and parent_id=5 )  [ RunTime:0.0010s ]
SQL: SELECT * FROM `jx_category` WHERE ( parent_id=6 )  [ RunTime:0.0000s ]
SQL: SELECT * FROM `jx_category` WHERE ( isrec=1 and parent_id=6 )  [ RunTime:0.0010s ]
SQL: SELECT * FROM `jx_category`  [ RunTime:0.0000s ]
NOTIC: [8] Undefined variable: tree D:\wamp64\www\jxshop\Application\Admin\Model\CategoryModel.class.php 第 20 行.
SQL: SELECT * FROM `jx_goods` WHERE ( is_sale=1 and cate_id in (7) ) LIMIT 8   [ RunTime:0.0010s ]
SQL: SELECT * FROM `jx_category`  [ RunTime:0.0000s ]
NOTIC: [8] Undefined variable: tree D:\wamp64\www\jxshop\Application\Admin\Model\CategoryModel.class.php 第 20 行.
SQL: SELECT * FROM `jx_goods` WHERE ( is_sale=1 and cate_id in (8) ) LIMIT 8   [ RunTime:0.0010s ]
SQL: SELECT * FROM `jx_category` WHERE ( parent_id=10 )  [ RunTime:0.0000s ]
SQL: SELECT * FROM `jx_category` WHERE ( isrec=1 and parent_id=10 )  [ RunTime:0.0000s ]
SQL: SELECT * FROM `jx_category`  [ RunTime:0.0000s ]
NOTIC: [2] Use of undefined constant ture - assumed 'ture' (this will throw an Error in a future version of PHP) D:\wamp64\www\jxshop\Application\Admin\Model\CategoryModel.class.php 第 31 行.
NOTIC: [2] Use of undefined constant ture - assumed 'ture' (this will throw an Error in a future version of PHP) D:\wamp64\www\jxshop\Application\Admin\Model\CategoryModel.class.php 第 31 行.
SQL: SELECT * FROM `jx_goods` WHERE ( is_sale=1 and cate_id in (12,13,11) ) LIMIT 8   [ RunTime:0.0000s ]
SQL: SELECT * FROM `jx_category`  [ RunTime:0.0000s ]
NOTIC: [2] Use of undefined constant ture - assumed 'ture' (this will throw an Error in a future version of PHP) D:\wamp64\www\jxshop\Application\Admin\Model\CategoryModel.class.php 第 31 行.
NOTIC: [2] Use of undefined constant ture - assumed 'ture' (this will throw an Error in a future version of PHP) D:\wamp64\www\jxshop\Application\Admin\Model\CategoryModel.class.php 第 31 行.
SQL: SELECT * FROM `jx_goods` WHERE ( is_sale=1 and cate_id in (15,16,14) ) LIMIT 8   [ RunTime:0.0000s ]
SQL: SELECT * FROM `jx_category`  [ RunTime:0.0000s ]
NOTIC: [8] Undefined variable: tree D:\wamp64\www\jxshop\Application\Admin\Model\CategoryModel.class.php 第 20 行.
SQL: SELECT * FROM `jx_goods` WHERE ( is_sale=1 and cate_id in (17) ) LIMIT 8   [ RunTime:0.0000s ]
INFO: [ view_parse ] --START--
INFO: [ template_filter ] --START--
INFO: Run Behavior\ContentReplaceBehavior [ RunTime:0.002007s ]
INFO: [ template_filter ] --END-- [ RunTime:0.002007s ]
INFO: Run Behavior\ParseTemplateBehavior [ RunTime:0.035119s ]
INFO: [ view_parse ] --END-- [ RunTime:0.035119s ]
INFO: [ view_filter ] --START--
INFO: Run Behavior\WriteHtmlCacheBehavior [ RunTime:0.002007s ]
INFO: [ view_filter ] --END-- [ RunTime:0.002007s ]
INFO: [ app_end ] --START--
INFO: Run Behavior\ShowPageTraceBehavior [ RunTime:0.002007s ]
INFO: [ app_end ] --END-- [ RunTime:0.002007s ]

[ 2020-02-24T15:50:36+08:00 ] 127.0.0.1 /Goods/index/goods_id/21.html
INFO: [ app_init ] --START--
INFO: Run Behavior\BuildLiteBehavior [ RunTime:0.000000s ]
INFO: [ app_init ] --END-- [ RunTime:0.000000s ]
INFO: [ app_begin ] --START--
INFO: Run Behavior\ReadHtmlCacheBehavior [ RunTime:0.001004s ]
INFO: [ app_begin ] --END-- [ RunTime:0.001004s ]
SQL: SELECT * FROM `jx_category`  [ RunTime:0.0020s ]
NOTIC: [2] Use of undefined constant ture - assumed 'ture' (this will throw an Error in a future version of PHP) D:\wamp64\www\jxshop\Application\Admin\Model\CategoryModel.class.php 第 31 行.
NOTIC: [2] Use of undefined constant ture - assumed 'ture' (this will throw an Error in a future version of PHP) D:\wamp64\www\jxshop\Application\Admin\Model\CategoryModel.class.php 第 31 行.
NOTIC: [2] Use of undefined constant ture - assumed 'ture' (this will throw an Error in a future version of PHP) D:\wamp64\www\jxshop\Application\Admin\Model\CategoryModel.class.php 第 31 行.
NOTIC: [2] Use of undefined constant ture - assumed 'ture' (this will throw an Error in a future version of PHP) D:\wamp64\www\jxshop\Application\Admin\Model\CategoryModel.class.php 第 31 行.
NOTIC: [2] Use of undefined constant ture - assumed 'ture' (this will throw an Error in a future version of PHP) D:\wamp64\www\jxshop\Application\Admin\Model\CategoryModel.class.php 第 31 行.
NOTIC: [2] Use of undefined constant ture - assumed 'ture' (this will throw an Error in a future version of PHP) D:\wamp64\www\jxshop\Application\Admin\Model\CategoryModel.class.php 第 31 行.
NOTIC: [2] Use of undefined constant ture - assumed 'ture' (this will throw an Error in a future version of PHP) D:\wamp64\www\jxshop\Application\Admin\Model\CategoryModel.class.php 第 31 行.
NOTIC: [2] Use of undefined constant ture - assumed 'ture' (this will throw an Error in a future version of PHP) D:\wamp64\www\jxshop\Application\Admin\Model\CategoryModel.class.php 第 31 行.
NOTIC: [2] Use of undefined constant ture - assumed 'ture' (this will throw an Error in a future version of PHP) D:\wamp64\www\jxshop\Application\Admin\Model\CategoryModel.class.php 第 31 行.
NOTIC: [2] Use of undefined constant ture - assumed 'ture' (this will throw an Error in a future version of PHP) D:\wamp64\www\jxshop\Application\Admin\Model\CategoryModel.class.php 第 31 行.
NOTIC: [2] Use of undefined constant ture - assumed 'ture' (this will throw an Error in a future version of PHP) D:\wamp64\www\jxshop\Application\Admin\Model\CategoryModel.class.php 第 31 行.
NOTIC: [2] Use of undefined constant ture - assumed 'ture' (this will throw an Error in a future version of PHP) D:\wamp64\www\jxshop\Application\Admin\Model\CategoryModel.class.php 第 31 行.
NOTIC: [2] Use of undefined constant ture - assumed 'ture' (this will throw an Error in a future version of PHP) D:\wamp64\www\jxshop\Application\Admin\Model\CategoryModel.class.php 第 31 行.
NOTIC: [2] Use of undefined constant ture - assumed 'ture' (this will throw an Error in a future version of PHP) D:\wamp64\www\jxshop\Application\Admin\Model\CategoryModel.class.php 第 31 行.
NOTIC: [2] Use of undefined constant ture - assumed 'ture' (this will throw an Error in a future version of PHP) D:\wamp64\www\jxshop\Application\Admin\Model\CategoryModel.class.php 第 31 行.
NOTIC: [2] Use of undefined constant ture - assumed 'ture' (this will throw an Error in a future version of PHP) D:\wamp64\www\jxshop\Application\Admin\Model\CategoryModel.class.php 第 31 行.
NOTIC: [2] Use of undefined constant ture - assumed 'ture' (this will throw an Error in a future version of PHP) D:\wamp64\www\jxshop\Application\Admin\Model\CategoryModel.class.php 第 31 行.
NOTIC: [2] Use of undefined constant ture - assumed 'ture' (this will throw an Error in a future version of PHP) D:\wamp64\www\jxshop\Application\Admin\Model\CategoryModel.class.php 第 31 行.
NOTIC: [2] Declaration of Admin\Model\GoodsModel::_before_insert(&$data) should be compatible with Think\Model::_before_insert(&$data, $options) D:\wamp64\www\jxshop\Application\Admin\Model\GoodsModel.class.php 第 0 行.
NOTIC: [2] Declaration of Admin\Model\GoodsModel::_after_insert($data) should be compatible with Think\Model::_after_insert($data, $options) D:\wamp64\www\jxshop\Application\Admin\Model\GoodsModel.class.php 第 0 行.
SQL: SELECT * FROM `jx_goods` WHERE ( is_sale=1 and id=21 ) LIMIT 1   [ RunTime:0.0020s ]
SQL: SHOW COLUMNS FROM `jx_goods_img` [ RunTime:0.0070s ]
SQL: SELECT * FROM `jx_goods_img` WHERE ( goods_id=21 )  [ RunTime:0.0010s ]
SQL: SHOW COLUMNS FROM `jx_goods_attr` [ RunTime:0.0040s ]
SQL: SELECT a.*,b.attr_name,b.attr_type FROM jx_goods_attr a left join jx_attribute b on a.attr_id=b.id  WHERE ( a.goods_id=21 )  [ RunTime:0.0040s ]
NOTIC: [2] Declaration of Home\Model\CommentModel::_before_insert(&$data) should be compatible with Think\Model::_before_insert(&$data, $options) D:\wamp64\www\jxshop\Application\Home\Model\CommentModel.class.php 第 0 行.
NOTIC: [2] Declaration of Home\Model\CommentModel::_after_insert($data) should be compatible with Think\Model::_after_insert($data, $options) D:\wamp64\www\jxshop\Application\Home\Model\CommentModel.class.php 第 0 行.
SQL: SELECT COUNT(*) AS tp_count FROM `jx_comment` WHERE ( goods_id=21 ) LIMIT 1   [ RunTime:0.0090s ]
SQL: SELECT a.*,b.username FROM jx_comment a left join jx_user b on a.user_id=b.id  WHERE ( a.goods_id=21 ) LIMIT 0,6   [ RunTime:0.0050s ]
SQL: SHOW COLUMNS FROM `jx_impression` [ RunTime:0.0050s ]
SQL: SELECT * FROM `jx_impression` WHERE ( goods_id=21 ) ORDER BY `count` desc LIMIT 8   [ RunTime:0.0000s ]
INFO: [ view_parse ] --START--
INFO: [ template_filter ] --START--
INFO: Run Behavior\ContentReplaceBehavior [ RunTime:0.001004s ]
INFO: [ template_filter ] --END-- [ RunTime:0.001004s ]
INFO: Run Behavior\ParseTemplateBehavior [ RunTime:0.065221s ]
INFO: [ view_parse ] --END-- [ RunTime:0.065221s ]
INFO: [ view_filter ] --START--
INFO: Run Behavior\WriteHtmlCacheBehavior [ RunTime:0.001003s ]
INFO: [ view_filter ] --END-- [ RunTime:0.001003s ]
INFO: [ app_end ] --START--
INFO: Run Behavior\ShowPageTraceBehavior [ RunTime:0.001003s ]
INFO: [ app_end ] --END-- [ RunTime:0.001003s ]

[ 2020-02-24T15:51:12+08:00 ] 127.0.0.1 /Cart/addCart.html
INFO: [ app_init ] --START--
INFO: Run Behavior\BuildLiteBehavior [ RunTime:0.000000s ]
INFO: [ app_init ] --END-- [ RunTime:0.000000s ]
INFO: [ app_begin ] --START--
INFO: Run Behavior\ReadHtmlCacheBehavior [ RunTime:0.000000s ]
INFO: [ app_begin ] --END-- [ RunTime:0.000000s ]
SQL: SELECT * FROM `jx_category`  [ RunTime:0.0050s ]
NOTIC: [2] Use of undefined constant ture - assumed 'ture' (this will throw an Error in a future version of PHP) D:\wamp64\www\jxshop\Application\Admin\Model\CategoryModel.class.php 第 31 行.
NOTIC: [2] Use of undefined constant ture - assumed 'ture' (this will throw an Error in a future version of PHP) D:\wamp64\www\jxshop\Application\Admin\Model\CategoryModel.class.php 第 31 行.
NOTIC: [2] Use of undefined constant ture - assumed 'ture' (this will throw an Error in a future version of PHP) D:\wamp64\www\jxshop\Application\Admin\Model\CategoryModel.class.php 第 31 行.
NOTIC: [2] Use of undefined constant ture - assumed 'ture' (this will throw an Error in a future version of PHP) D:\wamp64\www\jxshop\Application\Admin\Model\CategoryModel.class.php 第 31 行.
NOTIC: [2] Use of undefined constant ture - assumed 'ture' (this will throw an Error in a future version of PHP) D:\wamp64\www\jxshop\Application\Admin\Model\CategoryModel.class.php 第 31 行.
NOTIC: [2] Use of undefined constant ture - assumed 'ture' (this will throw an Error in a future version of PHP) D:\wamp64\www\jxshop\Application\Admin\Model\CategoryModel.class.php 第 31 行.
NOTIC: [2] Use of undefined constant ture - assumed 'ture' (this will throw an Error in a future version of PHP) D:\wamp64\www\jxshop\Application\Admin\Model\CategoryModel.class.php 第 31 行.
NOTIC: [2] Use of undefined constant ture - assumed 'ture' (this will throw an Error in a future version of PHP) D:\wamp64\www\jxshop\Application\Admin\Model\CategoryModel.class.php 第 31 行.
NOTIC: [2] Use of undefined constant ture - assumed 'ture' (this will throw an Error in a future version of PHP) D:\wamp64\www\jxshop\Application\Admin\Model\CategoryModel.class.php 第 31 行.
NOTIC: [2] Use of undefined constant ture - assumed 'ture' (this will throw an Error in a future version of PHP) D:\wamp64\www\jxshop\Application\Admin\Model\CategoryModel.class.php 第 31 行.
NOTIC: [2] Use of undefined constant ture - assumed 'ture' (this will throw an Error in a future version of PHP) D:\wamp64\www\jxshop\Application\Admin\Model\CategoryModel.class.php 第 31 行.
NOTIC: [2] Use of undefined constant ture - assumed 'ture' (this will throw an Error in a future version of PHP) D:\wamp64\www\jxshop\Application\Admin\Model\CategoryModel.class.php 第 31 行.
NOTIC: [2] Use of undefined constant ture - assumed 'ture' (this will throw an Error in a future version of PHP) D:\wamp64\www\jxshop\Application\Admin\Model\CategoryModel.class.php 第 31 行.
NOTIC: [2] Use of undefined constant ture - assumed 'ture' (this will throw an Error in a future version of PHP) D:\wamp64\www\jxshop\Application\Admin\Model\CategoryModel.class.php 第 31 行.
NOTIC: [2] Use of undefined constant ture - assumed 'ture' (this will throw an Error in a future version of PHP) D:\wamp64\www\jxshop\Application\Admin\Model\CategoryModel.class.php 第 31 行.
NOTIC: [2] Use of undefined constant ture - assumed 'ture' (this will throw an Error in a future version of PHP) D:\wamp64\www\jxshop\Application\Admin\Model\CategoryModel.class.php 第 31 行.
NOTIC: [2] Use of undefined constant ture - assumed 'ture' (this will throw an Error in a future version of PHP) D:\wamp64\www\jxshop\Application\Admin\Model\CategoryModel.class.php 第 31 行.
NOTIC: [2] Use of undefined constant ture - assumed 'ture' (this will throw an Error in a future version of PHP) D:\wamp64\www\jxshop\Application\Admin\Model\CategoryModel.class.php 第 31 行.
NOTIC: [2] Declaration of Admin\Model\GoodsModel::_before_insert(&$data) should be compatible with Think\Model::_before_insert(&$data, $options) D:\wamp64\www\jxshop\Application\Admin\Model\GoodsModel.class.php 第 0 行.
NOTIC: [2] Declaration of Admin\Model\GoodsModel::_after_insert($data) should be compatible with Think\Model::_after_insert($data, $options) D:\wamp64\www\jxshop\Application\Admin\Model\GoodsModel.class.php 第 0 行.
SQL: SELECT * FROM `jx_goods` WHERE ( id=21 ) LIMIT 1   [ RunTime:0.0030s ]
SQL: SHOW COLUMNS FROM `jx_goods_number` [ RunTime:0.0060s ]
SQL: SELECT * FROM `jx_goods_number` WHERE ( goods_id=21 and goods_attr_ids='486,489,491' ) LIMIT 1   [ RunTime:0.0010s ]
NOTIC: [2] array_key_exists() expects parameter 2 to be array, bool given D:\wamp64\www\jxshop\Application\Home\Model\CartModel.class.php 第 45 行.
INFO: [ view_parse ] --START--
INFO: [ template_filter ] --START--
INFO: Run Behavior\ContentReplaceBehavior [ RunTime:0.000000s ]
INFO: [ template_filter ] --END-- [ RunTime:0.001003s ]
INFO: Run Behavior\ParseTemplateBehavior [ RunTime:0.008028s ]
INFO: [ view_parse ] --END-- [ RunTime:0.008028s ]
INFO: [ view_filter ] --START--
INFO: Run Behavior\WriteHtmlCacheBehavior [ RunTime:0.000000s ]
INFO: [ view_filter ] --END-- [ RunTime:0.000000s ]
INFO: [ app_end ] --START--
INFO: Run Behavior\ShowPageTraceBehavior [ RunTime:0.001003s ]
INFO: [ app_end ] --END-- [ RunTime:0.001003s ]

[ 2020-02-24T15:51:13+08:00 ] 127.0.0.1 /Goods/index/goods_id/21.html
INFO: [ app_init ] --START--
INFO: Run Behavior\BuildLiteBehavior [ RunTime:0.000000s ]
INFO: [ app_init ] --END-- [ RunTime:0.000000s ]
INFO: [ app_begin ] --START--
INFO: Run Behavior\ReadHtmlCacheBehavior [ RunTime:0.000000s ]
INFO: [ app_begin ] --END-- [ RunTime:0.000000s ]
SQL: SELECT * FROM `jx_category`  [ RunTime:0.0040s ]
NOTIC: [2] Use of undefined constant ture - assumed 'ture' (this will throw an Error in a future version of PHP) D:\wamp64\www\jxshop\Application\Admin\Model\CategoryModel.class.php 第 31 行.
NOTIC: [2] Use of undefined constant ture - assumed 'ture' (this will throw an Error in a future version of PHP) D:\wamp64\www\jxshop\Application\Admin\Model\CategoryModel.class.php 第 31 行.
NOTIC: [2] Use of undefined constant ture - assumed 'ture' (this will throw an Error in a future version of PHP) D:\wamp64\www\jxshop\Application\Admin\Model\CategoryModel.class.php 第 31 行.
NOTIC: [2] Use of undefined constant ture - assumed 'ture' (this will throw an Error in a future version of PHP) D:\wamp64\www\jxshop\Application\Admin\Model\CategoryModel.class.php 第 31 行.
NOTIC: [2] Use of undefined constant ture - assumed 'ture' (this will throw an Error in a future version of PHP) D:\wamp64\www\jxshop\Application\Admin\Model\CategoryModel.class.php 第 31 行.
NOTIC: [2] Use of undefined constant ture - assumed 'ture' (this will throw an Error in a future version of PHP) D:\wamp64\www\jxshop\Application\Admin\Model\CategoryModel.class.php 第 31 行.
NOTIC: [2] Use of undefined constant ture - assumed 'ture' (this will throw an Error in a future version of PHP) D:\wamp64\www\jxshop\Application\Admin\Model\CategoryModel.class.php 第 31 行.
NOTIC: [2] Use of undefined constant ture - assumed 'ture' (this will throw an Error in a future version of PHP) D:\wamp64\www\jxshop\Application\Admin\Model\CategoryModel.class.php 第 31 行.
NOTIC: [2] Use of undefined constant ture - assumed 'ture' (this will throw an Error in a future version of PHP) D:\wamp64\www\jxshop\Application\Admin\Model\CategoryModel.class.php 第 31 行.
NOTIC: [2] Use of undefined constant ture - assumed 'ture' (this will throw an Error in a future version of PHP) D:\wamp64\www\jxshop\Application\Admin\Model\CategoryModel.class.php 第 31 行.
NOTIC: [2] Use of undefined constant ture - assumed 'ture' (this will throw an Error in a future version of PHP) D:\wamp64\www\jxshop\Application\Admin\Model\CategoryModel.class.php 第 31 行.
NOTIC: [2] Use of undefined constant ture - assumed 'ture' (this will throw an Error in a future version of PHP) D:\wamp64\www\jxshop\Application\Admin\Model\CategoryModel.class.php 第 31 行.
NOTIC: [2] Use of undefined constant ture - assumed 'ture' (this will throw an Error in a future version of PHP) D:\wamp64\www\jxshop\Application\Admin\Model\CategoryModel.class.php 第 31 行.
NOTIC: [2] Use of undefined constant ture - assumed 'ture' (this will throw an Error in a future version of PHP) D:\wamp64\www\jxshop\Application\Admin\Model\CategoryModel.class.php 第 31 行.
NOTIC: [2] Use of undefined constant ture - assumed 'ture' (this will throw an Error in a future version of PHP) D:\wamp64\www\jxshop\Application\Admin\Model\CategoryModel.class.php 第 31 行.
NOTIC: [2] Use of undefined constant ture - assumed 'ture' (this will throw an Error in a future version of PHP) D:\wamp64\www\jxshop\Application\Admin\Model\CategoryModel.class.php 第 31 行.
NOTIC: [2] Use of undefined constant ture - assumed 'ture' (this will throw an Error in a future version of PHP) D:\wamp64\www\jxshop\Application\Admin\Model\CategoryModel.class.php 第 31 行.
NOTIC: [2] Use of undefined constant ture - assumed 'ture' (this will throw an Error in a future version of PHP) D:\wamp64\www\jxshop\Application\Admin\Model\CategoryModel.class.php 第 31 行.
NOTIC: [2] Declaration of Admin\Model\GoodsModel::_before_insert(&$data) should be compatible with Think\Model::_before_insert(&$data, $options) D:\wamp64\www\jxshop\Application\Admin\Model\GoodsModel.class.php 第 0 行.
NOTIC: [2] Declaration of Admin\Model\GoodsModel::_after_insert($data) should be compatible with Think\Model::_after_insert($data, $options) D:\wamp64\www\jxshop\Application\Admin\Model\GoodsModel.class.php 第 0 行.
SQL: SELECT * FROM `jx_goods` WHERE ( is_sale=1 and id=21 ) LIMIT 1   [ RunTime:0.0030s ]
SQL: SHOW COLUMNS FROM `jx_goods_img` [ RunTime:0.0030s ]
SQL: SELECT * FROM `jx_goods_img` WHERE ( goods_id=21 )  [ RunTime:0.0000s ]
SQL: SHOW COLUMNS FROM `jx_goods_attr` [ RunTime:0.0060s ]
SQL: SELECT a.*,b.attr_name,b.attr_type FROM jx_goods_attr a left join jx_attribute b on a.attr_id=b.id  WHERE ( a.goods_id=21 )  [ RunTime:0.0050s ]
NOTIC: [2] Declaration of Home\Model\CommentModel::_before_insert(&$data) should be compatible with Think\Model::_before_insert(&$data, $options) D:\wamp64\www\jxshop\Application\Home\Model\CommentModel.class.php 第 0 行.
NOTIC: [2] Declaration of Home\Model\CommentModel::_after_insert($data) should be compatible with Think\Model::_after_insert($data, $options) D:\wamp64\www\jxshop\Application\Home\Model\CommentModel.class.php 第 0 行.
SQL: SELECT COUNT(*) AS tp_count FROM `jx_comment` WHERE ( goods_id=21 ) LIMIT 1   [ RunTime:0.0020s ]
SQL: SELECT a.*,b.username FROM jx_comment a left join jx_user b on a.user_id=b.id  WHERE ( a.goods_id=21 ) LIMIT 0,6   [ RunTime:0.0030s ]
SQL: SHOW COLUMNS FROM `jx_impression` [ RunTime:0.0020s ]
SQL: SELECT * FROM `jx_impression` WHERE ( goods_id=21 ) ORDER BY `count` desc LIMIT 8   [ RunTime:0.0010s ]
INFO: [ view_parse ] --START--
INFO: [ template_filter ] --START--
INFO: Run Behavior\ContentReplaceBehavior [ RunTime:0.001003s ]
INFO: [ template_filter ] --END-- [ RunTime:0.001003s ]
INFO: Run Behavior\ParseTemplateBehavior [ RunTime:0.037126s ]
INFO: [ view_parse ] --END-- [ RunTime:0.037126s ]
INFO: [ view_filter ] --START--
INFO: Run Behavior\WriteHtmlCacheBehavior [ RunTime:0.000000s ]
INFO: [ view_filter ] --END-- [ RunTime:0.000000s ]
INFO: [ app_end ] --START--
INFO: Run Behavior\ShowPageTraceBehavior [ RunTime:0.000000s ]
INFO: [ app_end ] --END-- [ RunTime:0.000000s ]

[ 2020-02-24T15:51:16+08:00 ] 127.0.0.1 /user/login.html
INFO: [ app_init ] --START--
INFO: Run Behavior\BuildLiteBehavior [ RunTime:0.000000s ]
INFO: [ app_init ] --END-- [ RunTime:0.000000s ]
INFO: [ app_begin ] --START--
INFO: Run Behavior\ReadHtmlCacheBehavior [ RunTime:0.000000s ]
INFO: [ app_begin ] --END-- [ RunTime:0.000000s ]
SQL: SELECT * FROM `jx_category`  [ RunTime:0.0030s ]
NOTIC: [2] Use of undefined constant ture - assumed 'ture' (this will throw an Error in a future version of PHP) D:\wamp64\www\jxshop\Application\Admin\Model\CategoryModel.class.php 第 31 行.
NOTIC: [2] Use of undefined constant ture - assumed 'ture' (this will throw an Error in a future version of PHP) D:\wamp64\www\jxshop\Application\Admin\Model\CategoryModel.class.php 第 31 行.
NOTIC: [2] Use of undefined constant ture - assumed 'ture' (this will throw an Error in a future version of PHP) D:\wamp64\www\jxshop\Application\Admin\Model\CategoryModel.class.php 第 31 行.
NOTIC: [2] Use of undefined constant ture - assumed 'ture' (this will throw an Error in a future version of PHP) D:\wamp64\www\jxshop\Application\Admin\Model\CategoryModel.class.php 第 31 行.
NOTIC: [2] Use of undefined constant ture - assumed 'ture' (this will throw an Error in a future version of PHP) D:\wamp64\www\jxshop\Application\Admin\Model\CategoryModel.class.php 第 31 行.
NOTIC: [2] Use of undefined constant ture - assumed 'ture' (this will throw an Error in a future version of PHP) D:\wamp64\www\jxshop\Application\Admin\Model\CategoryModel.class.php 第 31 行.
NOTIC: [2] Use of undefined constant ture - assumed 'ture' (this will throw an Error in a future version of PHP) D:\wamp64\www\jxshop\Application\Admin\Model\CategoryModel.class.php 第 31 行.
NOTIC: [2] Use of undefined constant ture - assumed 'ture' (this will throw an Error in a future version of PHP) D:\wamp64\www\jxshop\Application\Admin\Model\CategoryModel.class.php 第 31 行.
NOTIC: [2] Use of undefined constant ture - assumed 'ture' (this will throw an Error in a future version of PHP) D:\wamp64\www\jxshop\Application\Admin\Model\CategoryModel.class.php 第 31 行.
NOTIC: [2] Use of undefined constant ture - assumed 'ture' (this will throw an Error in a future version of PHP) D:\wamp64\www\jxshop\Application\Admin\Model\CategoryModel.class.php 第 31 行.
NOTIC: [2] Use of undefined constant ture - assumed 'ture' (this will throw an Error in a future version of PHP) D:\wamp64\www\jxshop\Application\Admin\Model\CategoryModel.class.php 第 31 行.
NOTIC: [2] Use of undefined constant ture - assumed 'ture' (this will throw an Error in a future version of PHP) D:\wamp64\www\jxshop\Application\Admin\Model\CategoryModel.class.php 第 31 行.
NOTIC: [2] Use of undefined constant ture - assumed 'ture' (this will throw an Error in a future version of PHP) D:\wamp64\www\jxshop\Application\Admin\Model\CategoryModel.class.php 第 31 行.
NOTIC: [2] Use of undefined constant ture - assumed 'ture' (this will throw an Error in a future version of PHP) D:\wamp64\www\jxshop\Application\Admin\Model\CategoryModel.class.php 第 31 行.
NOTIC: [2] Use of undefined constant ture - assumed 'ture' (this will throw an Error in a future version of PHP) D:\wamp64\www\jxshop\Application\Admin\Model\CategoryModel.class.php 第 31 行.
NOTIC: [2] Use of undefined constant ture - assumed 'ture' (this will throw an Error in a future version of PHP) D:\wamp64\www\jxshop\Application\Admin\Model\CategoryModel.class.php 第 31 行.
NOTIC: [2] Use of undefined constant ture - assumed 'ture' (this will throw an Error in a future version of PHP) D:\wamp64\www\jxshop\Application\Admin\Model\CategoryModel.class.php 第 31 行.
NOTIC: [2] Use of undefined constant ture - assumed 'ture' (this will throw an Error in a future version of PHP) D:\wamp64\www\jxshop\Application\Admin\Model\CategoryModel.class.php 第 31 行.
INFO: [ view_parse ] --START--
INFO: [ template_filter ] --START--
INFO: Run Behavior\ContentReplaceBehavior [ RunTime:0.000000s ]
INFO: [ template_filter ] --END-- [ RunTime:0.000000s ]
INFO: Run Behavior\ParseTemplateBehavior [ RunTime:0.035119s ]
INFO: [ view_parse ] --END-- [ RunTime:0.035119s ]
INFO: [ view_filter ] --START--
INFO: Run Behavior\WriteHtmlCacheBehavior [ RunTime:0.000000s ]
INFO: [ view_filter ] --END-- [ RunTime:0.000000s ]
INFO: [ app_end ] --START--
INFO: Run Behavior\ShowPageTraceBehavior [ RunTime:0.000000s ]
INFO: [ app_end ] --END-- [ RunTime:0.000000s ]

[ 2020-02-24T15:51:16+08:00 ] 127.0.0.1 /User/code.html
INFO: [ app_init ] --START--
INFO: Run Behavior\BuildLiteBehavior [ RunTime:0.000000s ]
INFO: [ app_init ] --END-- [ RunTime:0.000000s ]
INFO: [ app_begin ] --START--
INFO: Run Behavior\ReadHtmlCacheBehavior [ RunTime:0.000000s ]
INFO: [ app_begin ] --END-- [ RunTime:0.000000s ]
SQL: SELECT * FROM `jx_category`  [ RunTime:0.0020s ]
NOTIC: [2] Use of undefined constant ture - assumed 'ture' (this will throw an Error in a future version of PHP) D:\wamp64\www\jxshop\Application\Admin\Model\CategoryModel.class.php 第 31 行.
NOTIC: [2] Use of undefined constant ture - assumed 'ture' (this will throw an Error in a future version of PHP) D:\wamp64\www\jxshop\Application\Admin\Model\CategoryModel.class.php 第 31 行.
NOTIC: [2] Use of undefined constant ture - assumed 'ture' (this will throw an Error in a future version of PHP) D:\wamp64\www\jxshop\Application\Admin\Model\CategoryModel.class.php 第 31 行.
NOTIC: [2] Use of undefined constant ture - assumed 'ture' (this will throw an Error in a future version of PHP) D:\wamp64\www\jxshop\Application\Admin\Model\CategoryModel.class.php 第 31 行.
NOTIC: [2] Use of undefined constant ture - assumed 'ture' (this will throw an Error in a future version of PHP) D:\wamp64\www\jxshop\Application\Admin\Model\CategoryModel.class.php 第 31 行.
NOTIC: [2] Use of undefined constant ture - assumed 'ture' (this will throw an Error in a future version of PHP) D:\wamp64\www\jxshop\Application\Admin\Model\CategoryModel.class.php 第 31 行.
NOTIC: [2] Use of undefined constant ture - assumed 'ture' (this will throw an Error in a future version of PHP) D:\wamp64\www\jxshop\Application\Admin\Model\CategoryModel.class.php 第 31 行.
NOTIC: [2] Use of undefined constant ture - assumed 'ture' (this will throw an Error in a future version of PHP) D:\wamp64\www\jxshop\Application\Admin\Model\CategoryModel.class.php 第 31 行.
NOTIC: [2] Use of undefined constant ture - assumed 'ture' (this will throw an Error in a future version of PHP) D:\wamp64\www\jxshop\Application\Admin\Model\CategoryModel.class.php 第 31 行.
NOTIC: [2] Use of undefined constant ture - assumed 'ture' (this will throw an Error in a future version of PHP) D:\wamp64\www\jxshop\Application\Admin\Model\CategoryModel.class.php 第 31 行.
NOTIC: [2] Use of undefined constant ture - assumed 'ture' (this will throw an Error in a future version of PHP) D:\wamp64\www\jxshop\Application\Admin\Model\CategoryModel.class.php 第 31 行.
NOTIC: [2] Use of undefined constant ture - assumed 'ture' (this will throw an Error in a future version of PHP) D:\wamp64\www\jxshop\Application\Admin\Model\CategoryModel.class.php 第 31 行.
NOTIC: [2] Use of undefined constant ture - assumed 'ture' (this will throw an Error in a future version of PHP) D:\wamp64\www\jxshop\Application\Admin\Model\CategoryModel.class.php 第 31 行.
NOTIC: [2] Use of undefined constant ture - assumed 'ture' (this will throw an Error in a future version of PHP) D:\wamp64\www\jxshop\Application\Admin\Model\CategoryModel.class.php 第 31 行.
NOTIC: [2] Use of undefined constant ture - assumed 'ture' (this will throw an Error in a future version of PHP) D:\wamp64\www\jxshop\Application\Admin\Model\CategoryModel.class.php 第 31 行.
NOTIC: [2] Use of undefined constant ture - assumed 'ture' (this will throw an Error in a future version of PHP) D:\wamp64\www\jxshop\Application\Admin\Model\CategoryModel.class.php 第 31 行.
NOTIC: [2] Use of undefined constant ture - assumed 'ture' (this will throw an Error in a future version of PHP) D:\wamp64\www\jxshop\Application\Admin\Model\CategoryModel.class.php 第 31 行.
NOTIC: [2] Use of undefined constant ture - assumed 'ture' (this will throw an Error in a future version of PHP) D:\wamp64\www\jxshop\Application\Admin\Model\CategoryModel.class.php 第 31 行.
INFO: [ app_end ] --START--
INFO: Run Behavior\ShowPageTraceBehavior [ RunTime:0.001003s ]
INFO: [ app_end ] --END-- [ RunTime:0.001003s ]

[ 2020-02-24T15:51:32+08:00 ] 127.0.0.1 /User/login.html
INFO: [ app_init ] --START--
INFO: Run Behavior\BuildLiteBehavior [ RunTime:0.000000s ]
INFO: [ app_init ] --END-- [ RunTime:0.001004s ]
INFO: [ app_begin ] --START--
INFO: Run Behavior\ReadHtmlCacheBehavior [ RunTime:0.000000s ]
INFO: [ app_begin ] --END-- [ RunTime:0.000000s ]
SQL: SELECT * FROM `jx_category`  [ RunTime:0.0020s ]
NOTIC: [2] Use of undefined constant ture - assumed 'ture' (this will throw an Error in a future version of PHP) D:\wamp64\www\jxshop\Application\Admin\Model\CategoryModel.class.php 第 31 行.
NOTIC: [2] Use of undefined constant ture - assumed 'ture' (this will throw an Error in a future version of PHP) D:\wamp64\www\jxshop\Application\Admin\Model\CategoryModel.class.php 第 31 行.
NOTIC: [2] Use of undefined constant ture - assumed 'ture' (this will throw an Error in a future version of PHP) D:\wamp64\www\jxshop\Application\Admin\Model\CategoryModel.class.php 第 31 行.
NOTIC: [2] Use of undefined constant ture - assumed 'ture' (this will throw an Error in a future version of PHP) D:\wamp64\www\jxshop\Application\Admin\Model\CategoryModel.class.php 第 31 行.
NOTIC: [2] Use of undefined constant ture - assumed 'ture' (this will throw an Error in a future version of PHP) D:\wamp64\www\jxshop\Application\Admin\Model\CategoryModel.class.php 第 31 行.
NOTIC: [2] Use of undefined constant ture - assumed 'ture' (this will throw an Error in a future version of PHP) D:\wamp64\www\jxshop\Application\Admin\Model\CategoryModel.class.php 第 31 行.
NOTIC: [2] Use of undefined constant ture - assumed 'ture' (this will throw an Error in a future version of PHP) D:\wamp64\www\jxshop\Application\Admin\Model\CategoryModel.class.php 第 31 行.
NOTIC: [2] Use of undefined constant ture - assumed 'ture' (this will throw an Error in a future version of PHP) D:\wamp64\www\jxshop\Application\Admin\Model\CategoryModel.class.php 第 31 行.
NOTIC: [2] Use of undefined constant ture - assumed 'ture' (this will throw an Error in a future version of PHP) D:\wamp64\www\jxshop\Application\Admin\Model\CategoryModel.class.php 第 31 行.
NOTIC: [2] Use of undefined constant ture - assumed 'ture' (this will throw an Error in a future version of PHP) D:\wamp64\www\jxshop\Application\Admin\Model\CategoryModel.class.php 第 31 行.
NOTIC: [2] Use of undefined constant ture - assumed 'ture' (this will throw an Error in a future version of PHP) D:\wamp64\www\jxshop\Application\Admin\Model\CategoryModel.class.php 第 31 行.
NOTIC: [2] Use of undefined constant ture - assumed 'ture' (this will throw an Error in a future version of PHP) D:\wamp64\www\jxshop\Application\Admin\Model\CategoryModel.class.php 第 31 行.
NOTIC: [2] Use of undefined constant ture - assumed 'ture' (this will throw an Error in a future version of PHP) D:\wamp64\www\jxshop\Application\Admin\Model\CategoryModel.class.php 第 31 行.
NOTIC: [2] Use of undefined constant ture - assumed 'ture' (this will throw an Error in a future version of PHP) D:\wamp64\www\jxshop\Application\Admin\Model\CategoryModel.class.php 第 31 行.
NOTIC: [2] Use of undefined constant ture - assumed 'ture' (this will throw an Error in a future version of PHP) D:\wamp64\www\jxshop\Application\Admin\Model\CategoryModel.class.php 第 31 行.
NOTIC: [2] Use of undefined constant ture - assumed 'ture' (this will throw an Error in a future version of PHP) D:\wamp64\www\jxshop\Application\Admin\Model\CategoryModel.class.php 第 31 行.
NOTIC: [2] Use of undefined constant ture - assumed 'ture' (this will throw an Error in a future version of PHP) D:\wamp64\www\jxshop\Application\Admin\Model\CategoryModel.class.php 第 31 行.
NOTIC: [2] Use of undefined constant ture - assumed 'ture' (this will throw an Error in a future version of PHP) D:\wamp64\www\jxshop\Application\Admin\Model\CategoryModel.class.php 第 31 行.
SQL: SELECT * FROM `jx_user` WHERE ( username='admin' ) LIMIT 1   [ RunTime:0.0030s ]
NOTIC: [2] Use of undefined constant password - assumed 'password' (this will throw an Error in a future version of PHP) D:\wamp64\www\jxshop\Application\Home\Model\UserModel.class.php 第 33 行.
SQL: SELECT * FROM `jx_cart` WHERE `user_id` = '2' AND `goods_id` = '21' AND `goods_attr_ids` = '486,489,491' LIMIT 1   [ RunTime:0.0030s ]
SQL: INSERT INTO `jx_cart` (`user_id`,`goods_id`,`goods_attr_ids`,`goods_count`) VALUES ('2','21','486,489,491','1') [ RunTime:0.0030s ]

[ 2020-02-24T15:51:32+08:00 ] 127.0.0.1 /
INFO: [ app_init ] --START--
INFO: Run Behavior\BuildLiteBehavior [ RunTime:0.000000s ]
INFO: [ app_init ] --END-- [ RunTime:0.001004s ]
INFO: [ app_begin ] --START--
INFO: Run Behavior\ReadHtmlCacheBehavior [ RunTime:0.000000s ]
INFO: [ app_begin ] --END-- [ RunTime:0.000000s ]
SQL: SELECT * FROM `jx_category`  [ RunTime:0.0010s ]
NOTIC: [2] Use of undefined constant ture - assumed 'ture' (this will throw an Error in a future version of PHP) D:\wamp64\www\jxshop\Application\Admin\Model\CategoryModel.class.php 第 31 行.
NOTIC: [2] Use of undefined constant ture - assumed 'ture' (this will throw an Error in a future version of PHP) D:\wamp64\www\jxshop\Application\Admin\Model\CategoryModel.class.php 第 31 行.
NOTIC: [2] Use of undefined constant ture - assumed 'ture' (this will throw an Error in a future version of PHP) D:\wamp64\www\jxshop\Application\Admin\Model\CategoryModel.class.php 第 31 行.
NOTIC: [2] Use of undefined constant ture - assumed 'ture' (this will throw an Error in a future version of PHP) D:\wamp64\www\jxshop\Application\Admin\Model\CategoryModel.class.php 第 31 行.
NOTIC: [2] Use of undefined constant ture - assumed 'ture' (this will throw an Error in a future version of PHP) D:\wamp64\www\jxshop\Application\Admin\Model\CategoryModel.class.php 第 31 行.
NOTIC: [2] Use of undefined constant ture - assumed 'ture' (this will throw an Error in a future version of PHP) D:\wamp64\www\jxshop\Application\Admin\Model\CategoryModel.class.php 第 31 行.
NOTIC: [2] Use of undefined constant ture - assumed 'ture' (this will throw an Error in a future version of PHP) D:\wamp64\www\jxshop\Application\Admin\Model\CategoryModel.class.php 第 31 行.
NOTIC: [2] Use of undefined constant ture - assumed 'ture' (this will throw an Error in a future version of PHP) D:\wamp64\www\jxshop\Application\Admin\Model\CategoryModel.class.php 第 31 行.
NOTIC: [2] Use of undefined constant ture - assumed 'ture' (this will throw an Error in a future version of PHP) D:\wamp64\www\jxshop\Application\Admin\Model\CategoryModel.class.php 第 31 行.
NOTIC: [2] Use of undefined constant ture - assumed 'ture' (this will throw an Error in a future version of PHP) D:\wamp64\www\jxshop\Application\Admin\Model\CategoryModel.class.php 第 31 行.
NOTIC: [2] Use of undefined constant ture - assumed 'ture' (this will throw an Error in a future version of PHP) D:\wamp64\www\jxshop\Application\Admin\Model\CategoryModel.class.php 第 31 行.
NOTIC: [2] Use of undefined constant ture - assumed 'ture' (this will throw an Error in a future version of PHP) D:\wamp64\www\jxshop\Application\Admin\Model\CategoryModel.class.php 第 31 行.
NOTIC: [2] Use of undefined constant ture - assumed 'ture' (this will throw an Error in a future version of PHP) D:\wamp64\www\jxshop\Application\Admin\Model\CategoryModel.class.php 第 31 行.
NOTIC: [2] Use of undefined constant ture - assumed 'ture' (this will throw an Error in a future version of PHP) D:\wamp64\www\jxshop\Application\Admin\Model\CategoryModel.class.php 第 31 行.
NOTIC: [2] Use of undefined constant ture - assumed 'ture' (this will throw an Error in a future version of PHP) D:\wamp64\www\jxshop\Application\Admin\Model\CategoryModel.class.php 第 31 行.
NOTIC: [2] Use of undefined constant ture - assumed 'ture' (this will throw an Error in a future version of PHP) D:\wamp64\www\jxshop\Application\Admin\Model\CategoryModel.class.php 第 31 行.
NOTIC: [2] Use of undefined constant ture - assumed 'ture' (this will throw an Error in a future version of PHP) D:\wamp64\www\jxshop\Application\Admin\Model\CategoryModel.class.php 第 31 行.
NOTIC: [2] Use of undefined constant ture - assumed 'ture' (this will throw an Error in a future version of PHP) D:\wamp64\www\jxshop\Application\Admin\Model\CategoryModel.class.php 第 31 行.
NOTIC: [2] Declaration of Admin\Model\GoodsModel::_before_insert(&$data) should be compatible with Think\Model::_before_insert(&$data, $options) D:\wamp64\www\jxshop\Application\Admin\Model\GoodsModel.class.php 第 0 行.
NOTIC: [2] Declaration of Admin\Model\GoodsModel::_after_insert($data) should be compatible with Think\Model::_after_insert($data, $options) D:\wamp64\www\jxshop\Application\Admin\Model\GoodsModel.class.php 第 0 行.
SQL: SELECT * FROM `jx_goods` WHERE ( is_sale=1 and isdel=1 and is_hot=1 ) LIMIT 5   [ RunTime:0.0040s ]
SQL: SELECT * FROM `jx_goods` WHERE ( is_sale=1 and isdel=1 and is_rec=1 ) LIMIT 5   [ RunTime:0.0010s ]
SQL: SELECT * FROM `jx_goods` WHERE ( is_sale=1 and isdel=1 and is_new=1 ) LIMIT 5   [ RunTime:0.0020s ]
SQL: SELECT * FROM `jx_goods` WHERE ( is_sale = 1 and cx_price > 0 and start < 1582530692 and end > 1582530692 ) LIMIT 5   [ RunTime:0.0010s ]
SQL: SELECT * FROM `jx_category` WHERE ( parent_id=0 )  [ RunTime:0.0000s ]
SQL: SELECT * FROM `jx_category` WHERE ( parent_id=1 )  [ RunTime:0.0000s ]
SQL: SELECT * FROM `jx_category` WHERE ( isrec=1 and parent_id=1 )  [ RunTime:0.0000s ]
SQL: SELECT * FROM `jx_category`  [ RunTime:0.0010s ]
NOTIC: [8] Undefined variable: tree D:\wamp64\www\jxshop\Application\Admin\Model\CategoryModel.class.php 第 20 行.
SQL: SHOW COLUMNS FROM `jx_goods` [ RunTime:0.0020s ]
SQL: SELECT * FROM `jx_goods` WHERE ( is_sale=1 and cate_id in (2) ) LIMIT 8   [ RunTime:0.0010s ]
SQL: SELECT * FROM `jx_category`  [ RunTime:0.0000s ]
NOTIC: [8] Undefined variable: tree D:\wamp64\www\jxshop\Application\Admin\Model\CategoryModel.class.php 第 20 行.
SQL: SELECT * FROM `jx_goods` WHERE ( is_sale=1 and cate_id in (3) ) LIMIT 8   [ RunTime:0.0000s ]
SQL: SELECT * FROM `jx_category`  [ RunTime:0.0010s ]
NOTIC: [8] Undefined variable: tree D:\wamp64\www\jxshop\Application\Admin\Model\CategoryModel.class.php 第 20 行.
SQL: SELECT * FROM `jx_goods` WHERE ( is_sale=1 and cate_id in (4) ) LIMIT 8   [ RunTime:0.0010s ]
SQL: SELECT * FROM `jx_category`  [ RunTime:0.0000s ]
NOTIC: [8] Undefined variable: tree D:\wamp64\www\jxshop\Application\Admin\Model\CategoryModel.class.php 第 20 行.
SQL: SELECT * FROM `jx_goods` WHERE ( is_sale=1 and cate_id in (9) ) LIMIT 8   [ RunTime:0.0010s ]
SQL: SELECT * FROM `jx_category` WHERE ( parent_id=5 )  [ RunTime:0.0000s ]
SQL: SELECT * FROM `jx_category` WHERE ( isrec=1 and parent_id=5 )  [ RunTime:0.0000s ]
SQL: SELECT * FROM `jx_category` WHERE ( parent_id=6 )  [ RunTime:0.0000s ]
SQL: SELECT * FROM `jx_category` WHERE ( isrec=1 and parent_id=6 )  [ RunTime:0.0000s ]
SQL: SELECT * FROM `jx_category`  [ RunTime:0.0010s ]
NOTIC: [8] Undefined variable: tree D:\wamp64\www\jxshop\Application\Admin\Model\CategoryModel.class.php 第 20 行.
SQL: SELECT * FROM `jx_goods` WHERE ( is_sale=1 and cate_id in (7) ) LIMIT 8   [ RunTime:0.0010s ]
SQL: SELECT * FROM `jx_category`  [ RunTime:0.0010s ]
NOTIC: [8] Undefined variable: tree D:\wamp64\www\jxshop\Application\Admin\Model\CategoryModel.class.php 第 20 行.
SQL: SELECT * FROM `jx_goods` WHERE ( is_sale=1 and cate_id in (8) ) LIMIT 8   [ RunTime:0.0000s ]
SQL: SELECT * FROM `jx_category` WHERE ( parent_id=10 )  [ RunTime:0.0010s ]
SQL: SELECT * FROM `jx_category` WHERE ( isrec=1 and parent_id=10 )  [ RunTime:0.0000s ]
SQL: SELECT * FROM `jx_category`  [ RunTime:0.0000s ]
NOTIC: [2] Use of undefined constant ture - assumed 'ture' (this will throw an Error in a future version of PHP) D:\wamp64\www\jxshop\Application\Admin\Model\CategoryModel.class.php 第 31 行.
NOTIC: [2] Use of undefined constant ture - assumed 'ture' (this will throw an Error in a future version of PHP) D:\wamp64\www\jxshop\Application\Admin\Model\CategoryModel.class.php 第 31 行.
SQL: SELECT * FROM `jx_goods` WHERE ( is_sale=1 and cate_id in (12,13,11) ) LIMIT 8   [ RunTime:0.0010s ]
SQL: SELECT * FROM `jx_category`  [ RunTime:0.0000s ]
NOTIC: [2] Use of undefined constant ture - assumed 'ture' (this will throw an Error in a future version of PHP) D:\wamp64\www\jxshop\Application\Admin\Model\CategoryModel.class.php 第 31 行.
NOTIC: [2] Use of undefined constant ture - assumed 'ture' (this will throw an Error in a future version of PHP) D:\wamp64\www\jxshop\Application\Admin\Model\CategoryModel.class.php 第 31 行.
SQL: SELECT * FROM `jx_goods` WHERE ( is_sale=1 and cate_id in (15,16,14) ) LIMIT 8   [ RunTime:0.0000s ]
SQL: SELECT * FROM `jx_category`  [ RunTime:0.0010s ]
NOTIC: [8] Undefined variable: tree D:\wamp64\www\jxshop\Application\Admin\Model\CategoryModel.class.php 第 20 行.
SQL: SELECT * FROM `jx_goods` WHERE ( is_sale=1 and cate_id in (17) ) LIMIT 8   [ RunTime:0.0000s ]
INFO: [ view_parse ] --START--
INFO: [ template_filter ] --START--
INFO: Run Behavior\ContentReplaceBehavior [ RunTime:0.001003s ]
INFO: [ template_filter ] --END-- [ RunTime:0.001003s ]
INFO: Run Behavior\ParseTemplateBehavior [ RunTime:0.024081s ]
INFO: [ view_parse ] --END-- [ RunTime:0.024081s ]
INFO: [ view_filter ] --START--
INFO: Run Behavior\WriteHtmlCacheBehavior [ RunTime:0.000000s ]
INFO: [ view_filter ] --END-- [ RunTime:0.000000s ]
INFO: [ app_end ] --START--
INFO: Run Behavior\ShowPageTraceBehavior [ RunTime:0.001004s ]
INFO: [ app_end ] --END-- [ RunTime:0.001004s ]

[ 2020-02-24T15:51:34+08:00 ] 127.0.0.1 /home/cart/index.html
INFO: [ app_init ] --START--
INFO: Run Behavior\BuildLiteBehavior [ RunTime:0.000000s ]
INFO: [ app_init ] --END-- [ RunTime:0.000000s ]
INFO: [ app_begin ] --START--
INFO: Run Behavior\ReadHtmlCacheBehavior [ RunTime:0.000000s ]
INFO: [ app_begin ] --END-- [ RunTime:0.000000s ]
SQL: SELECT * FROM `jx_category`  [ RunTime:0.0070s ]
NOTIC: [2] Use of undefined constant ture - assumed 'ture' (this will throw an Error in a future version of PHP) D:\wamp64\www\jxshop\Application\Admin\Model\CategoryModel.class.php 第 31 行.
NOTIC: [2] Use of undefined constant ture - assumed 'ture' (this will throw an Error in a future version of PHP) D:\wamp64\www\jxshop\Application\Admin\Model\CategoryModel.class.php 第 31 行.
NOTIC: [2] Use of undefined constant ture - assumed 'ture' (this will throw an Error in a future version of PHP) D:\wamp64\www\jxshop\Application\Admin\Model\CategoryModel.class.php 第 31 行.
NOTIC: [2] Use of undefined constant ture - assumed 'ture' (this will throw an Error in a future version of PHP) D:\wamp64\www\jxshop\Application\Admin\Model\CategoryModel.class.php 第 31 行.
NOTIC: [2] Use of undefined constant ture - assumed 'ture' (this will throw an Error in a future version of PHP) D:\wamp64\www\jxshop\Application\Admin\Model\CategoryModel.class.php 第 31 行.
NOTIC: [2] Use of undefined constant ture - assumed 'ture' (this will throw an Error in a future version of PHP) D:\wamp64\www\jxshop\Application\Admin\Model\CategoryModel.class.php 第 31 行.
NOTIC: [2] Use of undefined constant ture - assumed 'ture' (this will throw an Error in a future version of PHP) D:\wamp64\www\jxshop\Application\Admin\Model\CategoryModel.class.php 第 31 行.
NOTIC: [2] Use of undefined constant ture - assumed 'ture' (this will throw an Error in a future version of PHP) D:\wamp64\www\jxshop\Application\Admin\Model\CategoryModel.class.php 第 31 行.
NOTIC: [2] Use of undefined constant ture - assumed 'ture' (this will throw an Error in a future version of PHP) D:\wamp64\www\jxshop\Application\Admin\Model\CategoryModel.class.php 第 31 行.
NOTIC: [2] Use of undefined constant ture - assumed 'ture' (this will throw an Error in a future version of PHP) D:\wamp64\www\jxshop\Application\Admin\Model\CategoryModel.class.php 第 31 行.
NOTIC: [2] Use of undefined constant ture - assumed 'ture' (this will throw an Error in a future version of PHP) D:\wamp64\www\jxshop\Application\Admin\Model\CategoryModel.class.php 第 31 行.
NOTIC: [2] Use of undefined constant ture - assumed 'ture' (this will throw an Error in a future version of PHP) D:\wamp64\www\jxshop\Application\Admin\Model\CategoryModel.class.php 第 31 行.
NOTIC: [2] Use of undefined constant ture - assumed 'ture' (this will throw an Error in a future version of PHP) D:\wamp64\www\jxshop\Application\Admin\Model\CategoryModel.class.php 第 31 行.
NOTIC: [2] Use of undefined constant ture - assumed 'ture' (this will throw an Error in a future version of PHP) D:\wamp64\www\jxshop\Application\Admin\Model\CategoryModel.class.php 第 31 行.
NOTIC: [2] Use of undefined constant ture - assumed 'ture' (this will throw an Error in a future version of PHP) D:\wamp64\www\jxshop\Application\Admin\Model\CategoryModel.class.php 第 31 行.
NOTIC: [2] Use of undefined constant ture - assumed 'ture' (this will throw an Error in a future version of PHP) D:\wamp64\www\jxshop\Application\Admin\Model\CategoryModel.class.php 第 31 行.
NOTIC: [2] Use of undefined constant ture - assumed 'ture' (this will throw an Error in a future version of PHP) D:\wamp64\www\jxshop\Application\Admin\Model\CategoryModel.class.php 第 31 行.
NOTIC: [2] Use of undefined constant ture - assumed 'ture' (this will throw an Error in a future version of PHP) D:\wamp64\www\jxshop\Application\Admin\Model\CategoryModel.class.php 第 31 行.
SQL: SELECT * FROM `jx_cart` WHERE ( user_id=2 )  [ RunTime:0.0070s ]
NOTIC: [2] Declaration of Admin\Model\GoodsModel::_before_insert(&$data) should be compatible with Think\Model::_before_insert(&$data, $options) D:\wamp64\www\jxshop\Application\Admin\Model\GoodsModel.class.php 第 0 行.
NOTIC: [2] Declaration of Admin\Model\GoodsModel::_after_insert($data) should be compatible with Think\Model::_after_insert($data, $options) D:\wamp64\www\jxshop\Application\Admin\Model\GoodsModel.class.php 第 0 行.
SQL: SELECT * FROM `jx_goods` WHERE ( id=2 )  [ RunTime:0.0050s ]
SQL: SHOW COLUMNS FROM `jx_goods_attr` [ RunTime:0.0060s ]
SQL: SELECT a.attr_values,b.attr_name FROM jx_goods_attr a left join jx_attribute b on a.attr_id=b.id  WHERE ( a.id in (471,475,478) )  [ RunTime:0.0040s ]
SQL: SELECT * FROM `jx_goods` WHERE ( id=21 )  [ RunTime:0.0020s ]
SQL: SELECT a.attr_values,b.attr_name FROM jx_goods_attr a left join jx_attribute b on a.attr_id=b.id  WHERE ( a.id in (486,489,491) )  [ RunTime:0.0010s ]
NOTIC: [8] Undefined index: shop_price D:\wamp64\www\jxshop\Application\Home\Model\CartModel.class.php 第 139 行.
NOTIC: [8] Undefined index: shop_price D:\wamp64\www\jxshop\Application\Home\Model\CartModel.class.php 第 139 行.
INFO: [ view_parse ] --START--
INFO: [ template_filter ] --START--
INFO: Run Behavior\ContentReplaceBehavior [ RunTime:0.001004s ]
INFO: [ template_filter ] --END-- [ RunTime:0.001004s ]
INFO: Run Behavior\ParseTemplateBehavior [ RunTime:0.024082s ]
INFO: [ view_parse ] --END-- [ RunTime:0.024082s ]
INFO: [ view_filter ] --START--
INFO: Run Behavior\WriteHtmlCacheBehavior [ RunTime:0.000000s ]
INFO: [ view_filter ] --END-- [ RunTime:0.000000s ]
INFO: [ app_end ] --START--
INFO: Run Behavior\ShowPageTraceBehavior [ RunTime:0.000000s ]
INFO: [ app_end ] --END-- [ RunTime:0.001003s ]

[ 2020-02-24T15:51:37+08:00 ] 127.0.0.1 /Order/check.html
INFO: [ app_init ] --START--
INFO: Run Behavior\BuildLiteBehavior [ RunTime:0.000000s ]
INFO: [ app_init ] --END-- [ RunTime:0.000000s ]
INFO: [ app_begin ] --START--
INFO: Run Behavior\ReadHtmlCacheBehavior [ RunTime:0.000000s ]
INFO: [ app_begin ] --END-- [ RunTime:0.000000s ]
SQL: SELECT * FROM `jx_category`  [ RunTime:0.0030s ]
NOTIC: [2] Use of undefined constant ture - assumed 'ture' (this will throw an Error in a future version of PHP) D:\wamp64\www\jxshop\Application\Admin\Model\CategoryModel.class.php 第 31 行.
NOTIC: [2] Use of undefined constant ture - assumed 'ture' (this will throw an Error in a future version of PHP) D:\wamp64\www\jxshop\Application\Admin\Model\CategoryModel.class.php 第 31 行.
NOTIC: [2] Use of undefined constant ture - assumed 'ture' (this will throw an Error in a future version of PHP) D:\wamp64\www\jxshop\Application\Admin\Model\CategoryModel.class.php 第 31 行.
NOTIC: [2] Use of undefined constant ture - assumed 'ture' (this will throw an Error in a future version of PHP) D:\wamp64\www\jxshop\Application\Admin\Model\CategoryModel.class.php 第 31 行.
NOTIC: [2] Use of undefined constant ture - assumed 'ture' (this will throw an Error in a future version of PHP) D:\wamp64\www\jxshop\Application\Admin\Model\CategoryModel.class.php 第 31 行.
NOTIC: [2] Use of undefined constant ture - assumed 'ture' (this will throw an Error in a future version of PHP) D:\wamp64\www\jxshop\Application\Admin\Model\CategoryModel.class.php 第 31 行.
NOTIC: [2] Use of undefined constant ture - assumed 'ture' (this will throw an Error in a future version of PHP) D:\wamp64\www\jxshop\Application\Admin\Model\CategoryModel.class.php 第 31 行.
NOTIC: [2] Use of undefined constant ture - assumed 'ture' (this will throw an Error in a future version of PHP) D:\wamp64\www\jxshop\Application\Admin\Model\CategoryModel.class.php 第 31 行.
NOTIC: [2] Use of undefined constant ture - assumed 'ture' (this will throw an Error in a future version of PHP) D:\wamp64\www\jxshop\Application\Admin\Model\CategoryModel.class.php 第 31 行.
NOTIC: [2] Use of undefined constant ture - assumed 'ture' (this will throw an Error in a future version of PHP) D:\wamp64\www\jxshop\Application\Admin\Model\CategoryModel.class.php 第 31 行.
NOTIC: [2] Use of undefined constant ture - assumed 'ture' (this will throw an Error in a future version of PHP) D:\wamp64\www\jxshop\Application\Admin\Model\CategoryModel.class.php 第 31 行.
NOTIC: [2] Use of undefined constant ture - assumed 'ture' (this will throw an Error in a future version of PHP) D:\wamp64\www\jxshop\Application\Admin\Model\CategoryModel.class.php 第 31 行.
NOTIC: [2] Use of undefined constant ture - assumed 'ture' (this will throw an Error in a future version of PHP) D:\wamp64\www\jxshop\Application\Admin\Model\CategoryModel.class.php 第 31 行.
NOTIC: [2] Use of undefined constant ture - assumed 'ture' (this will throw an Error in a future version of PHP) D:\wamp64\www\jxshop\Application\Admin\Model\CategoryModel.class.php 第 31 行.
NOTIC: [2] Use of undefined constant ture - assumed 'ture' (this will throw an Error in a future version of PHP) D:\wamp64\www\jxshop\Application\Admin\Model\CategoryModel.class.php 第 31 行.
NOTIC: [2] Use of undefined constant ture - assumed 'ture' (this will throw an Error in a future version of PHP) D:\wamp64\www\jxshop\Application\Admin\Model\CategoryModel.class.php 第 31 行.
NOTIC: [2] Use of undefined constant ture - assumed 'ture' (this will throw an Error in a future version of PHP) D:\wamp64\www\jxshop\Application\Admin\Model\CategoryModel.class.php 第 31 行.
NOTIC: [2] Use of undefined constant ture - assumed 'ture' (this will throw an Error in a future version of PHP) D:\wamp64\www\jxshop\Application\Admin\Model\CategoryModel.class.php 第 31 行.
SQL: SELECT * FROM `jx_cart` WHERE ( user_id=2 )  [ RunTime:0.0030s ]
NOTIC: [2] Declaration of Admin\Model\GoodsModel::_before_insert(&$data) should be compatible with Think\Model::_before_insert(&$data, $options) D:\wamp64\www\jxshop\Application\Admin\Model\GoodsModel.class.php 第 0 行.
NOTIC: [2] Declaration of Admin\Model\GoodsModel::_after_insert($data) should be compatible with Think\Model::_after_insert($data, $options) D:\wamp64\www\jxshop\Application\Admin\Model\GoodsModel.class.php 第 0 行.
SQL: SELECT * FROM `jx_goods` WHERE ( id=2 )  [ RunTime:0.0040s ]
SQL: SHOW COLUMNS FROM `jx_goods_attr` [ RunTime:0.0040s ]
SQL: SELECT a.attr_values,b.attr_name FROM jx_goods_attr a left join jx_attribute b on a.attr_id=b.id  WHERE ( a.id in (471,475,478) )  [ RunTime:0.0030s ]
SQL: SELECT * FROM `jx_goods` WHERE ( id=21 )  [ RunTime:0.0010s ]
SQL: SELECT a.attr_values,b.attr_name FROM jx_goods_attr a left join jx_attribute b on a.attr_id=b.id  WHERE ( a.id in (486,489,491) )  [ RunTime:0.0010s ]
NOTIC: [8] Undefined index: shop_price D:\wamp64\www\jxshop\Application\Home\Model\CartModel.class.php 第 139 行.
NOTIC: [8] Undefined index: shop_price D:\wamp64\www\jxshop\Application\Home\Model\CartModel.class.php 第 139 行.
INFO: [ view_parse ] --START--
INFO: [ template_filter ] --START--
INFO: Run Behavior\ContentReplaceBehavior [ RunTime:0.000000s ]
INFO: [ template_filter ] --END-- [ RunTime:0.000000s ]
INFO: Run Behavior\ParseTemplateBehavior [ RunTime:0.049167s ]
INFO: [ view_parse ] --END-- [ RunTime:0.049167s ]
INFO: [ view_filter ] --START--
INFO: Run Behavior\WriteHtmlCacheBehavior [ RunTime:0.001003s ]
INFO: [ view_filter ] --END-- [ RunTime:0.001003s ]
INFO: [ app_end ] --START--
INFO: Run Behavior\ShowPageTraceBehavior [ RunTime:0.000000s ]
INFO: [ app_end ] --END-- [ RunTime:0.000000s ]

[ 2020-02-24T15:51:52+08:00 ] 127.0.0.1 /Order/order.html
INFO: [ app_init ] --START--
INFO: Run Behavior\BuildLiteBehavior [ RunTime:0.000000s ]
INFO: [ app_init ] --END-- [ RunTime:0.000000s ]
INFO: [ app_begin ] --START--
INFO: Run Behavior\ReadHtmlCacheBehavior [ RunTime:0.000000s ]
INFO: [ app_begin ] --END-- [ RunTime:0.000000s ]
SQL: SELECT * FROM `jx_category`  [ RunTime:0.0040s ]
NOTIC: [2] Use of undefined constant ture - assumed 'ture' (this will throw an Error in a future version of PHP) D:\wamp64\www\jxshop\Application\Admin\Model\CategoryModel.class.php 第 31 行.
NOTIC: [2] Use of undefined constant ture - assumed 'ture' (this will throw an Error in a future version of PHP) D:\wamp64\www\jxshop\Application\Admin\Model\CategoryModel.class.php 第 31 行.
NOTIC: [2] Use of undefined constant ture - assumed 'ture' (this will throw an Error in a future version of PHP) D:\wamp64\www\jxshop\Application\Admin\Model\CategoryModel.class.php 第 31 行.
NOTIC: [2] Use of undefined constant ture - assumed 'ture' (this will throw an Error in a future version of PHP) D:\wamp64\www\jxshop\Application\Admin\Model\CategoryModel.class.php 第 31 行.
NOTIC: [2] Use of undefined constant ture - assumed 'ture' (this will throw an Error in a future version of PHP) D:\wamp64\www\jxshop\Application\Admin\Model\CategoryModel.class.php 第 31 行.
NOTIC: [2] Use of undefined constant ture - assumed 'ture' (this will throw an Error in a future version of PHP) D:\wamp64\www\jxshop\Application\Admin\Model\CategoryModel.class.php 第 31 行.
NOTIC: [2] Use of undefined constant ture - assumed 'ture' (this will throw an Error in a future version of PHP) D:\wamp64\www\jxshop\Application\Admin\Model\CategoryModel.class.php 第 31 行.
NOTIC: [2] Use of undefined constant ture - assumed 'ture' (this will throw an Error in a future version of PHP) D:\wamp64\www\jxshop\Application\Admin\Model\CategoryModel.class.php 第 31 行.
NOTIC: [2] Use of undefined constant ture - assumed 'ture' (this will throw an Error in a future version of PHP) D:\wamp64\www\jxshop\Application\Admin\Model\CategoryModel.class.php 第 31 行.
NOTIC: [2] Use of undefined constant ture - assumed 'ture' (this will throw an Error in a future version of PHP) D:\wamp64\www\jxshop\Application\Admin\Model\CategoryModel.class.php 第 31 行.
NOTIC: [2] Use of undefined constant ture - assumed 'ture' (this will throw an Error in a future version of PHP) D:\wamp64\www\jxshop\Application\Admin\Model\CategoryModel.class.php 第 31 行.
NOTIC: [2] Use of undefined constant ture - assumed 'ture' (this will throw an Error in a future version of PHP) D:\wamp64\www\jxshop\Application\Admin\Model\CategoryModel.class.php 第 31 行.
NOTIC: [2] Use of undefined constant ture - assumed 'ture' (this will throw an Error in a future version of PHP) D:\wamp64\www\jxshop\Application\Admin\Model\CategoryModel.class.php 第 31 行.
NOTIC: [2] Use of undefined constant ture - assumed 'ture' (this will throw an Error in a future version of PHP) D:\wamp64\www\jxshop\Application\Admin\Model\CategoryModel.class.php 第 31 行.
NOTIC: [2] Use of undefined constant ture - assumed 'ture' (this will throw an Error in a future version of PHP) D:\wamp64\www\jxshop\Application\Admin\Model\CategoryModel.class.php 第 31 行.
NOTIC: [2] Use of undefined constant ture - assumed 'ture' (this will throw an Error in a future version of PHP) D:\wamp64\www\jxshop\Application\Admin\Model\CategoryModel.class.php 第 31 行.
NOTIC: [2] Use of undefined constant ture - assumed 'ture' (this will throw an Error in a future version of PHP) D:\wamp64\www\jxshop\Application\Admin\Model\CategoryModel.class.php 第 31 行.
NOTIC: [2] Use of undefined constant ture - assumed 'ture' (this will throw an Error in a future version of PHP) D:\wamp64\www\jxshop\Application\Admin\Model\CategoryModel.class.php 第 31 行.
SQL: SHOW COLUMNS FROM `jx_order` [ RunTime:0.0070s ]
SQL: SELECT * FROM `jx_cart` WHERE ( user_id=2 )  [ RunTime:0.0030s ]
NOTIC: [2] Declaration of Admin\Model\GoodsModel::_before_insert(&$data) should be compatible with Think\Model::_before_insert(&$data, $options) D:\wamp64\www\jxshop\Application\Admin\Model\GoodsModel.class.php 第 0 行.
NOTIC: [2] Declaration of Admin\Model\GoodsModel::_after_insert($data) should be compatible with Think\Model::_after_insert($data, $options) D:\wamp64\www\jxshop\Application\Admin\Model\GoodsModel.class.php 第 0 行.
SQL: SELECT * FROM `jx_goods` WHERE ( id=2 )  [ RunTime:0.0030s ]
SQL: SHOW COLUMNS FROM `jx_goods_attr` [ RunTime:0.0050s ]
SQL: SELECT a.attr_values,b.attr_name FROM jx_goods_attr a left join jx_attribute b on a.attr_id=b.id  WHERE ( a.id in (471,475,478) )  [ RunTime:0.0040s ]
SQL: SELECT * FROM `jx_goods` WHERE ( id=21 )  [ RunTime:0.0010s ]
SQL: SELECT a.attr_values,b.attr_name FROM jx_goods_attr a left join jx_attribute b on a.attr_id=b.id  WHERE ( a.id in (486,489,491) )  [ RunTime:0.0010s ]
NOTIC: [8] Undefined variable: vlaue D:\wamp64\www\jxshop\Application\Home\Model\OrderModel.class.php 第 17 行.
SQL: SELECT * FROM `jx_cart` WHERE ( user_id=2 )  [ RunTime:0.0010s ]
SQL: SELECT * FROM `jx_goods` WHERE ( id=2 )  [ RunTime:0.0010s ]
SQL: SELECT a.attr_values,b.attr_name FROM jx_goods_attr a left join jx_attribute b on a.attr_id=b.id  WHERE ( a.id in (471,475,478) )  [ RunTime:0.0000s ]
SQL: SELECT * FROM `jx_goods` WHERE ( id=21 )  [ RunTime:0.0010s ]
SQL: SELECT a.attr_values,b.attr_name FROM jx_goods_attr a left join jx_attribute b on a.attr_id=b.id  WHERE ( a.id in (486,489,491) )  [ RunTime:0.0010s ]
NOTIC: [8] Undefined variable: vlaue D:\wamp64\www\jxshop\Application\Home\Model\OrderModel.class.php 第 17 行.
SQL: SELECT * FROM `jx_cart` WHERE ( user_id=2 )  [ RunTime:0.0010s ]
SQL: SELECT * FROM `jx_goods` WHERE ( id=2 )  [ RunTime:0.0010s ]
SQL: SELECT a.attr_values,b.attr_name FROM jx_goods_attr a left join jx_attribute b on a.attr_id=b.id  WHERE ( a.id in (471,475,478) )  [ RunTime:0.0010s ]
SQL: SELECT * FROM `jx_goods` WHERE ( id=21 )  [ RunTime:0.0010s ]
SQL: SELECT a.attr_values,b.attr_name FROM jx_goods_attr a left join jx_attribute b on a.attr_id=b.id  WHERE ( a.id in (486,489,491) )  [ RunTime:0.0010s ]
NOTIC: [8] Undefined index: shop_price D:\wamp64\www\jxshop\Application\Home\Model\CartModel.class.php 第 139 行.
NOTIC: [8] Undefined index: shop_price D:\wamp64\www\jxshop\Application\Home\Model\CartModel.class.php 第 139 行.
SQL: INSERT INTO `jx_order` (`user_id`,`total_price`,`name`,`address`,`tel`,`addtime`) VALUES ('2','17000','11111111','北京','12388888888','1582530706') [ RunTime:0.0010s ]
SQL: SHOW COLUMNS FROM `jx_order_goods` [ RunTime:0.0050s ]
SQL: INSERT INTO `jx_order_goods` (`order_id`,`goods_id`,`goods_attr_ids`,`price`,`goods_count`) VALUES ('41','2','471,475,478','8000.00','1'),('41','21','486,489,491','9000.00','1') [ RunTime:0.0020s ]
SQL: SHOW COLUMNS FROM `jx_goods` [ RunTime:0.0020s ]
SQL: UPDATE `jx_goods` SET `goods_number`=goods_number-1 WHERE ( id=2 ) [ RunTime:0.0050s ]
SQL: UPDATE `jx_goods` SET `sale_number`=sale_number+1 WHERE ( id=2 ) [ RunTime:0.0030s ]
SQL: SHOW COLUMNS FROM `jx_goods_number` [ RunTime:0.0030s ]
SQL: UPDATE `jx_goods_number` SET `goods_number`=goods_number-1 WHERE ( goods_id=2 and goods_attr_ids='471,475,478' ) [ RunTime:0.0010s ]
SQL: UPDATE `jx_goods` SET `goods_number`=goods_number-1 WHERE ( id=21 ) [ RunTime:0.0020s ]
SQL: UPDATE `jx_goods` SET `sale_number`=sale_number+1 WHERE ( id=21 ) [ RunTime:0.0020s ]
SQL: UPDATE `jx_goods_number` SET `goods_number`=goods_number-1 WHERE ( goods_id=21 and goods_attr_ids='486,489,491' ) [ RunTime:0.0010s ]
SQL: DELETE FROM `jx_cart` WHERE ( user_id=2 ) [ RunTime:0.0030s ]
NOTIC: [8192] The each() function is deprecated. This message will be suppressed on further calls D:\wamp64\www\jxshop\pay\aop\AopClient.php 第 413 行.
INFO: [ app_end ] --START--
INFO: Run Behavior\ShowPageTraceBehavior [ RunTime:0.000000s ]
INFO: [ app_end ] --END-- [ RunTime:0.000000s ]

[ 2020-02-24T15:51:53+08:00 ] 127.0.0.1 /Order/order.html
INFO: [ app_init ] --START--
INFO: Run Behavior\BuildLiteBehavior [ RunTime:0.000000s ]
INFO: [ app_init ] --END-- [ RunTime:0.000000s ]
INFO: [ app_begin ] --START--
INFO: Run Behavior\ReadHtmlCacheBehavior [ RunTime:0.000000s ]
INFO: [ app_begin ] --END-- [ RunTime:0.000000s ]
SQL: SELECT * FROM `jx_category`  [ RunTime:0.0010s ]
NOTIC: [2] Use of undefined constant ture - assumed 'ture' (this will throw an Error in a future version of PHP) D:\wamp64\www\jxshop\Application\Admin\Model\CategoryModel.class.php 第 31 行.
NOTIC: [2] Use of undefined constant ture - assumed 'ture' (this will throw an Error in a future version of PHP) D:\wamp64\www\jxshop\Application\Admin\Model\CategoryModel.class.php 第 31 行.
NOTIC: [2] Use of undefined constant ture - assumed 'ture' (this will throw an Error in a future version of PHP) D:\wamp64\www\jxshop\Application\Admin\Model\CategoryModel.class.php 第 31 行.
NOTIC: [2] Use of undefined constant ture - assumed 'ture' (this will throw an Error in a future version of PHP) D:\wamp64\www\jxshop\Application\Admin\Model\CategoryModel.class.php 第 31 行.
NOTIC: [2] Use of undefined constant ture - assumed 'ture' (this will throw an Error in a future version of PHP) D:\wamp64\www\jxshop\Application\Admin\Model\CategoryModel.class.php 第 31 行.
NOTIC: [2] Use of undefined constant ture - assumed 'ture' (this will throw an Error in a future version of PHP) D:\wamp64\www\jxshop\Application\Admin\Model\CategoryModel.class.php 第 31 行.
NOTIC: [2] Use of undefined constant ture - assumed 'ture' (this will throw an Error in a future version of PHP) D:\wamp64\www\jxshop\Application\Admin\Model\CategoryModel.class.php 第 31 行.
NOTIC: [2] Use of undefined constant ture - assumed 'ture' (this will throw an Error in a future version of PHP) D:\wamp64\www\jxshop\Application\Admin\Model\CategoryModel.class.php 第 31 行.
NOTIC: [2] Use of undefined constant ture - assumed 'ture' (this will throw an Error in a future version of PHP) D:\wamp64\www\jxshop\Application\Admin\Model\CategoryModel.class.php 第 31 行.
NOTIC: [2] Use of undefined constant ture - assumed 'ture' (this will throw an Error in a future version of PHP) D:\wamp64\www\jxshop\Application\Admin\Model\CategoryModel.class.php 第 31 行.
NOTIC: [2] Use of undefined constant ture - assumed 'ture' (this will throw an Error in a future version of PHP) D:\wamp64\www\jxshop\Application\Admin\Model\CategoryModel.class.php 第 31 行.
NOTIC: [2] Use of undefined constant ture - assumed 'ture' (this will throw an Error in a future version of PHP) D:\wamp64\www\jxshop\Application\Admin\Model\CategoryModel.class.php 第 31 行.
NOTIC: [2] Use of undefined constant ture - assumed 'ture' (this will throw an Error in a future version of PHP) D:\wamp64\www\jxshop\Application\Admin\Model\CategoryModel.class.php 第 31 行.
NOTIC: [2] Use of undefined constant ture - assumed 'ture' (this will throw an Error in a future version of PHP) D:\wamp64\www\jxshop\Application\Admin\Model\CategoryModel.class.php 第 31 行.
NOTIC: [2] Use of undefined constant ture - assumed 'ture' (this will throw an Error in a future version of PHP) D:\wamp64\www\jxshop\Application\Admin\Model\CategoryModel.class.php 第 31 行.
NOTIC: [2] Use of undefined constant ture - assumed 'ture' (this will throw an Error in a future version of PHP) D:\wamp64\www\jxshop\Application\Admin\Model\CategoryModel.class.php 第 31 行.
NOTIC: [2] Use of undefined constant ture - assumed 'ture' (this will throw an Error in a future version of PHP) D:\wamp64\www\jxshop\Application\Admin\Model\CategoryModel.class.php 第 31 行.
NOTIC: [2] Use of undefined constant ture - assumed 'ture' (this will throw an Error in a future version of PHP) D:\wamp64\www\jxshop\Application\Admin\Model\CategoryModel.class.php 第 31 行.
SQL: SHOW COLUMNS FROM `jx_order` [ RunTime:0.0010s ]
SQL: SELECT * FROM `jx_cart` WHERE ( user_id=2 )  [ RunTime:0.0010s ]
NOTIC: [2] Declaration of Admin\Model\GoodsModel::_before_insert(&$data) should be compatible with Think\Model::_before_insert(&$data, $options) D:\wamp64\www\jxshop\Application\Admin\Model\GoodsModel.class.php 第 0 行.
NOTIC: [2] Declaration of Admin\Model\GoodsModel::_after_insert($data) should be compatible with Think\Model::_after_insert($data, $options) D:\wamp64\www\jxshop\Application\Admin\Model\GoodsModel.class.php 第 0 行.
INFO: [ view_parse ] --START--
INFO: [ template_filter ] --START--
INFO: Run Behavior\ContentReplaceBehavior [ RunTime:0.000000s ]
INFO: [ template_filter ] --END-- [ RunTime:0.000000s ]
INFO: Run Behavior\ParseTemplateBehavior [ RunTime:0.002002s ]
INFO: [ view_parse ] --END-- [ RunTime:0.002002s ]
INFO: [ view_filter ] --START--
INFO: Run Behavior\WriteHtmlCacheBehavior [ RunTime:0.000000s ]
INFO: [ view_filter ] --END-- [ RunTime:0.000000s ]

[ 2020-02-24T15:51:53+08:00 ] 127.0.0.1 /Order/order.html
INFO: [ app_init ] --START--
INFO: Run Behavior\BuildLiteBehavior [ RunTime:0.000000s ]
INFO: [ app_init ] --END-- [ RunTime:0.000000s ]
INFO: [ app_begin ] --START--
INFO: Run Behavior\ReadHtmlCacheBehavior [ RunTime:0.000000s ]
INFO: [ app_begin ] --END-- [ RunTime:0.000000s ]
SQL: SELECT * FROM `jx_category`  [ RunTime:0.0020s ]
NOTIC: [2] Use of undefined constant ture - assumed 'ture' (this will throw an Error in a future version of PHP) D:\wamp64\www\jxshop\Application\Admin\Model\CategoryModel.class.php 第 31 行.
NOTIC: [2] Use of undefined constant ture - assumed 'ture' (this will throw an Error in a future version of PHP) D:\wamp64\www\jxshop\Application\Admin\Model\CategoryModel.class.php 第 31 行.
NOTIC: [2] Use of undefined constant ture - assumed 'ture' (this will throw an Error in a future version of PHP) D:\wamp64\www\jxshop\Application\Admin\Model\CategoryModel.class.php 第 31 行.
NOTIC: [2] Use of undefined constant ture - assumed 'ture' (this will throw an Error in a future version of PHP) D:\wamp64\www\jxshop\Application\Admin\Model\CategoryModel.class.php 第 31 行.
NOTIC: [2] Use of undefined constant ture - assumed 'ture' (this will throw an Error in a future version of PHP) D:\wamp64\www\jxshop\Application\Admin\Model\CategoryModel.class.php 第 31 行.
NOTIC: [2] Use of undefined constant ture - assumed 'ture' (this will throw an Error in a future version of PHP) D:\wamp64\www\jxshop\Application\Admin\Model\CategoryModel.class.php 第 31 行.
NOTIC: [2] Use of undefined constant ture - assumed 'ture' (this will throw an Error in a future version of PHP) D:\wamp64\www\jxshop\Application\Admin\Model\CategoryModel.class.php 第 31 行.
NOTIC: [2] Use of undefined constant ture - assumed 'ture' (this will throw an Error in a future version of PHP) D:\wamp64\www\jxshop\Application\Admin\Model\CategoryModel.class.php 第 31 行.
NOTIC: [2] Use of undefined constant ture - assumed 'ture' (this will throw an Error in a future version of PHP) D:\wamp64\www\jxshop\Application\Admin\Model\CategoryModel.class.php 第 31 行.
NOTIC: [2] Use of undefined constant ture - assumed 'ture' (this will throw an Error in a future version of PHP) D:\wamp64\www\jxshop\Application\Admin\Model\CategoryModel.class.php 第 31 行.
NOTIC: [2] Use of undefined constant ture - assumed 'ture' (this will throw an Error in a future version of PHP) D:\wamp64\www\jxshop\Application\Admin\Model\CategoryModel.class.php 第 31 行.
NOTIC: [2] Use of undefined constant ture - assumed 'ture' (this will throw an Error in a future version of PHP) D:\wamp64\www\jxshop\Application\Admin\Model\CategoryModel.class.php 第 31 行.
NOTIC: [2] Use of undefined constant ture - assumed 'ture' (this will throw an Error in a future version of PHP) D:\wamp64\www\jxshop\Application\Admin\Model\CategoryModel.class.php 第 31 行.
NOTIC: [2] Use of undefined constant ture - assumed 'ture' (this will throw an Error in a future version of PHP) D:\wamp64\www\jxshop\Application\Admin\Model\CategoryModel.class.php 第 31 行.
NOTIC: [2] Use of undefined constant ture - assumed 'ture' (this will throw an Error in a future version of PHP) D:\wamp64\www\jxshop\Application\Admin\Model\CategoryModel.class.php 第 31 行.
NOTIC: [2] Use of undefined constant ture - assumed 'ture' (this will throw an Error in a future version of PHP) D:\wamp64\www\jxshop\Application\Admin\Model\CategoryModel.class.php 第 31 行.
NOTIC: [2] Use of undefined constant ture - assumed 'ture' (this will throw an Error in a future version of PHP) D:\wamp64\www\jxshop\Application\Admin\Model\CategoryModel.class.php 第 31 行.
NOTIC: [2] Use of undefined constant ture - assumed 'ture' (this will throw an Error in a future version of PHP) D:\wamp64\www\jxshop\Application\Admin\Model\CategoryModel.class.php 第 31 行.
SQL: SHOW COLUMNS FROM `jx_order` [ RunTime:0.0010s ]
SQL: SELECT * FROM `jx_cart` WHERE ( user_id=2 )  [ RunTime:0.0020s ]
NOTIC: [2] Declaration of Admin\Model\GoodsModel::_before_insert(&$data) should be compatible with Think\Model::_before_insert(&$data, $options) D:\wamp64\www\jxshop\Application\Admin\Model\GoodsModel.class.php 第 6815859 行.
NOTIC: [2] Declaration of Admin\Model\GoodsModel::_after_insert($data) should be compatible with Think\Model::_after_insert($data, $options) D:\wamp64\www\jxshop\Application\Admin\Model\GoodsModel.class.php 第 6815859 行.
INFO: [ view_parse ] --START--
INFO: [ template_filter ] --START--
INFO: Run Behavior\ContentReplaceBehavior [ RunTime:0.000000s ]
INFO: [ template_filter ] --END-- [ RunTime:0.000000s ]
INFO: Run Behavior\ParseTemplateBehavior [ RunTime:0.004005s ]
INFO: [ view_parse ] --END-- [ RunTime:0.004005s ]
INFO: [ view_filter ] --START--
INFO: Run Behavior\WriteHtmlCacheBehavior [ RunTime:0.000000s ]
INFO: [ view_filter ] --END-- [ RunTime:0.000000s ]

[ 2020-02-24T15:51:58+08:00 ] 127.0.0.1 /Order/check.html
INFO: [ app_init ] --START--
INFO: Run Behavior\BuildLiteBehavior [ RunTime:0.000000s ]
INFO: [ app_init ] --END-- [ RunTime:0.000000s ]
INFO: [ app_begin ] --START--
INFO: Run Behavior\ReadHtmlCacheBehavior [ RunTime:0.000000s ]
INFO: [ app_begin ] --END-- [ RunTime:0.001002s ]
SQL: SELECT * FROM `jx_category`  [ RunTime:0.0030s ]
NOTIC: [2] Use of undefined constant ture - assumed 'ture' (this will throw an Error in a future version of PHP) D:\wamp64\www\jxshop\Application\Admin\Model\CategoryModel.class.php 第 31 行.
NOTIC: [2] Use of undefined constant ture - assumed 'ture' (this will throw an Error in a future version of PHP) D:\wamp64\www\jxshop\Application\Admin\Model\CategoryModel.class.php 第 31 行.
NOTIC: [2] Use of undefined constant ture - assumed 'ture' (this will throw an Error in a future version of PHP) D:\wamp64\www\jxshop\Application\Admin\Model\CategoryModel.class.php 第 31 行.
NOTIC: [2] Use of undefined constant ture - assumed 'ture' (this will throw an Error in a future version of PHP) D:\wamp64\www\jxshop\Application\Admin\Model\CategoryModel.class.php 第 31 行.
NOTIC: [2] Use of undefined constant ture - assumed 'ture' (this will throw an Error in a future version of PHP) D:\wamp64\www\jxshop\Application\Admin\Model\CategoryModel.class.php 第 31 行.
NOTIC: [2] Use of undefined constant ture - assumed 'ture' (this will throw an Error in a future version of PHP) D:\wamp64\www\jxshop\Application\Admin\Model\CategoryModel.class.php 第 31 行.
NOTIC: [2] Use of undefined constant ture - assumed 'ture' (this will throw an Error in a future version of PHP) D:\wamp64\www\jxshop\Application\Admin\Model\CategoryModel.class.php 第 31 行.
NOTIC: [2] Use of undefined constant ture - assumed 'ture' (this will throw an Error in a future version of PHP) D:\wamp64\www\jxshop\Application\Admin\Model\CategoryModel.class.php 第 31 行.
NOTIC: [2] Use of undefined constant ture - assumed 'ture' (this will throw an Error in a future version of PHP) D:\wamp64\www\jxshop\Application\Admin\Model\CategoryModel.class.php 第 31 行.
NOTIC: [2] Use of undefined constant ture - assumed 'ture' (this will throw an Error in a future version of PHP) D:\wamp64\www\jxshop\Application\Admin\Model\CategoryModel.class.php 第 31 行.
NOTIC: [2] Use of undefined constant ture - assumed 'ture' (this will throw an Error in a future version of PHP) D:\wamp64\www\jxshop\Application\Admin\Model\CategoryModel.class.php 第 31 行.
NOTIC: [2] Use of undefined constant ture - assumed 'ture' (this will throw an Error in a future version of PHP) D:\wamp64\www\jxshop\Application\Admin\Model\CategoryModel.class.php 第 31 行.
NOTIC: [2] Use of undefined constant ture - assumed 'ture' (this will throw an Error in a future version of PHP) D:\wamp64\www\jxshop\Application\Admin\Model\CategoryModel.class.php 第 31 行.
NOTIC: [2] Use of undefined constant ture - assumed 'ture' (this will throw an Error in a future version of PHP) D:\wamp64\www\jxshop\Application\Admin\Model\CategoryModel.class.php 第 31 行.
NOTIC: [2] Use of undefined constant ture - assumed 'ture' (this will throw an Error in a future version of PHP) D:\wamp64\www\jxshop\Application\Admin\Model\CategoryModel.class.php 第 31 行.
NOTIC: [2] Use of undefined constant ture - assumed 'ture' (this will throw an Error in a future version of PHP) D:\wamp64\www\jxshop\Application\Admin\Model\CategoryModel.class.php 第 31 行.
NOTIC: [2] Use of undefined constant ture - assumed 'ture' (this will throw an Error in a future version of PHP) D:\wamp64\www\jxshop\Application\Admin\Model\CategoryModel.class.php 第 31 行.
NOTIC: [2] Use of undefined constant ture - assumed 'ture' (this will throw an Error in a future version of PHP) D:\wamp64\www\jxshop\Application\Admin\Model\CategoryModel.class.php 第 31 行.
SQL: SELECT * FROM `jx_cart` WHERE ( user_id=2 )  [ RunTime:0.0030s ]
NOTIC: [2] Declaration of Admin\Model\GoodsModel::_before_insert(&$data) should be compatible with Think\Model::_before_insert(&$data, $options) D:\wamp64\www\jxshop\Application\Admin\Model\GoodsModel.class.php 第 0 行.
NOTIC: [2] Declaration of Admin\Model\GoodsModel::_after_insert($data) should be compatible with Think\Model::_after_insert($data, $options) D:\wamp64\www\jxshop\Application\Admin\Model\GoodsModel.class.php 第 0 行.
INFO: [ view_parse ] --START--
INFO: [ template_filter ] --START--
INFO: Run Behavior\ContentReplaceBehavior [ RunTime:0.000000s ]
INFO: [ template_filter ] --END-- [ RunTime:0.001002s ]
INFO: Run Behavior\ParseTemplateBehavior [ RunTime:0.009012s ]
INFO: [ view_parse ] --END-- [ RunTime:0.009012s ]
INFO: [ view_filter ] --START--
INFO: Run Behavior\WriteHtmlCacheBehavior [ RunTime:0.001001s ]
INFO: [ view_filter ] --END-- [ RunTime:0.001001s ]
INFO: [ app_end ] --START--
INFO: Run Behavior\ShowPageTraceBehavior [ RunTime:0.000000s ]
INFO: [ app_end ] --END-- [ RunTime:0.000000s ]

