[ 2020-06-20T19:08:56+08:00 ] 127.0.0.1 /
INFO: [ app_init ] --START--
INFO: Run Behavior\BuildLiteBehavior [ RunTime:0.000025s ]
INFO: [ app_init ] --END-- [ RunTime:0.000911s ]
INFO: [ app_begin ] --START--
INFO: Run Behavior\ReadHtmlCacheBehavior [ RunTime:0.000686s ]
INFO: [ app_begin ] --END-- [ RunTime:0.000734s ]
ERR: 1146:Table 'jxshop.jx_category' doesn't exist
 [ SQL语句 ] : SELECT * FROM `jx_category` 
ERR: 1146:Table 'jxshop.jx_category' doesn't exist
 [ SQL语句 ] : SELECT * FROM `jx_category` 

[ 2020-06-20T19:09:38+08:00 ] 127.0.0.1 /
INFO: [ app_init ] --START--
INFO: Run Behavior\BuildLiteBehavior [ RunTime:0.000019s ]
INFO: [ app_init ] --END-- [ RunTime:0.000396s ]
INFO: [ app_begin ] --START--
INFO: Run Behavior\ReadHtmlCacheBehavior [ RunTime:0.000403s ]
INFO: [ app_begin ] --END-- [ RunTime:0.000442s ]
ERR: 1146:Table 'jxshop.jx_category' doesn't exist
 [ SQL语句 ] : SELECT * FROM `jx_category` 
ERR: 1146:Table 'jxshop.jx_category' doesn't exist
 [ SQL语句 ] : SELECT * FROM `jx_category` 

