[ 2020-02-15T21:49:30+08:00 ] 127.0.0.1 /Public/Home/style/__PUBLIC_HOME__/images/sort_bg.png
INFO: [ app_init ] --START--
INFO: Run Behavior\BuildLiteBehavior [ RunTime:0.000000s ]
INFO: [ app_init ] --END-- [ RunTime:0.000000s ]

[ 2020-02-15T21:49:30+08:00 ] 127.0.0.1 /Public/Home/style/__PUBLIC_HOME__/images/cart_001.gif
INFO: [ app_init ] --START--
INFO: Run Behavior\BuildLiteBehavior [ RunTime:0.000000s ]
INFO: [ app_init ] --END-- [ RunTime:0.000000s ]

[ 2020-02-15T21:49:37+08:00 ] 127.0.0.1 /Goods/index/goods_id/images/relate_view5.jpg
INFO: [ app_init ] --START--
INFO: Run Behavior\BuildLiteBehavior [ RunTime:0.000000s ]
INFO: [ app_init ] --END-- [ RunTime:0.000000s ]

[ 2020-02-15T21:49:37+08:00 ] 127.0.0.1 /Goods/index/goods_id/images/relate_view4.jpg
INFO: [ app_init ] --START--
INFO: Run Behavior\BuildLiteBehavior [ RunTime:0.000000s ]
INFO: [ app_init ] --END-- [ RunTime:0.000000s ]

[ 2020-02-15T21:49:37+08:00 ] 127.0.0.1 /Goods/index/goods_id/images/relate_view3.jpg
INFO: [ app_init ] --START--
INFO: Run Behavior\BuildLiteBehavior [ RunTime:0.000000s ]
INFO: [ app_init ] --END-- [ RunTime:0.000000s ]

[ 2020-02-15T21:49:37+08:00 ] 127.0.0.1 /Goods/index/goods_id/images/relate_view2.jpg
INFO: [ app_init ] --START--
INFO: Run Behavior\BuildLiteBehavior [ RunTime:0.000000s ]
INFO: [ app_init ] --END-- [ RunTime:0.000000s ]

[ 2020-02-15T21:49:37+08:00 ] 127.0.0.1 /Goods/index/goods_id/__PUBLI_HOME__/images/relate_view1.jpg
INFO: [ app_init ] --START--
INFO: Run Behavior\BuildLiteBehavior [ RunTime:0.000000s ]
INFO: [ app_init ] --END-- [ RunTime:0.000000s ]

[ 2020-02-15T21:49:37+08:00 ] 127.0.0.1 /Public/Home/images/zoomloader.gif
INFO: [ app_init ] --START--
INFO: Run Behavior\BuildLiteBehavior [ RunTime:0.000000s ]
INFO: [ app_init ] --END-- [ RunTime:0.000000s ]

[ 2020-02-15T21:49:54+08:00 ] 127.0.0.1 /home/category/images/list_hot3.jpg
INFO: [ app_init ] --START--
INFO: Run Behavior\BuildLiteBehavior [ RunTime:0.000000s ]
INFO: [ app_init ] --END-- [ RunTime:0.000000s ]

[ 2020-02-15T21:49:54+08:00 ] 127.0.0.1 /home/category/images/list_hot1.jpg
INFO: [ app_init ] --START--
INFO: Run Behavior\BuildLiteBehavior [ RunTime:0.000000s ]
INFO: [ app_init ] --END-- [ RunTime:0.000000s ]

[ 2020-02-15T21:49:54+08:00 ] 127.0.0.1 /home/category/images/list_hot2.jpg
INFO: [ app_init ] --START--
INFO: Run Behavior\BuildLiteBehavior [ RunTime:0.000000s ]
INFO: [ app_init ] --END-- [ RunTime:0.000000s ]

[ 2020-02-15T21:49:54+08:00 ] 127.0.0.1 /home/category/images/hpG4.jpg
INFO: [ app_init ] --START--
INFO: Run Behavior\BuildLiteBehavior [ RunTime:0.000000s ]
INFO: [ app_init ] --END-- [ RunTime:0.000000s ]

[ 2020-02-15T21:49:54+08:00 ] 127.0.0.1 /home/category/images/crazy4.jpg
INFO: [ app_init ] --START--
INFO: Run Behavior\BuildLiteBehavior [ RunTime:0.000000s ]
INFO: [ app_init ] --END-- [ RunTime:0.000000s ]

[ 2020-02-15T21:49:54+08:00 ] 127.0.0.1 /home/category/images/acer4739.jpg
INFO: [ app_init ] --START--
INFO: Run Behavior\BuildLiteBehavior [ RunTime:0.000000s ]
INFO: [ app_init ] --END-- [ RunTime:0.000000s ]

[ 2020-02-15T21:49:54+08:00 ] 127.0.0.1 /home/category/images/goods1.jpg
INFO: [ app_init ] --START--
INFO: Run Behavior\BuildLiteBehavior [ RunTime:0.000000s ]
INFO: [ app_init ] --END-- [ RunTime:0.000000s ]

[ 2020-02-15T21:49:54+08:00 ] 127.0.0.1 /home/category/images/goods2.jpg
INFO: [ app_init ] --START--
INFO: Run Behavior\BuildLiteBehavior [ RunTime:0.000000s ]
INFO: [ app_init ] --END-- [ RunTime:0.000000s ]

[ 2020-02-15T21:49:54+08:00 ] 127.0.0.1 /home/category/images/goods3.jpg
INFO: [ app_init ] --START--
INFO: Run Behavior\BuildLiteBehavior [ RunTime:0.001000s ]
INFO: [ app_init ] --END-- [ RunTime:0.001000s ]

[ 2020-02-15T21:49:54+08:00 ] 127.0.0.1 /home/category/images/goods5.jpg
INFO: [ app_init ] --START--
INFO: Run Behavior\BuildLiteBehavior [ RunTime:0.000000s ]
INFO: [ app_init ] --END-- [ RunTime:0.000000s ]

[ 2020-02-15T21:49:54+08:00 ] 127.0.0.1 /home/category/images/goods4.jpg
INFO: [ app_init ] --START--
INFO: Run Behavior\BuildLiteBehavior [ RunTime:0.000000s ]
INFO: [ app_init ] --END-- [ RunTime:0.001000s ]

[ 2020-02-15T21:49:54+08:00 ] 127.0.0.1 /home/category/images/goods6.jpg
INFO: [ app_init ] --START--
INFO: Run Behavior\BuildLiteBehavior [ RunTime:0.000000s ]
INFO: [ app_init ] --END-- [ RunTime:0.000000s ]

[ 2020-02-15T21:49:58+08:00 ] 127.0.0.1 /Public/Home/style/__PUBLIC_HOME__/images/sort_bg.png
INFO: [ app_init ] --START--
INFO: Run Behavior\BuildLiteBehavior [ RunTime:0.000000s ]
INFO: [ app_init ] --END-- [ RunTime:0.001000s ]


[ 2020-02-15T21:49:58+08:00 ] 127.0.0.1 /Public/Home/style/__PUBLIC_HOME__/images/newicon.png
INFO: [ app_init ] --START--
INFO: Run Behavior\BuildLiteBehavior [ RunTime:0.000000s ]
INFO: [ app_init ] --END-- [ RunTime:0.000000s ]

[ 2020-02-15T21:50:29+08:00 ] 127.0.0.1 /Public/Home/style/__PUBLIC_HOME__/images/cart_001.gif
INFO: [ app_init ] --START--
INFO: Run Behavior\BuildLiteBehavior [ RunTime:0.000000s ]
INFO: [ app_init ] --END-- [ RunTime:0.001000s ]

[ 2020-02-15T21:50:29+08:00 ] 127.0.0.1 /Public/Home/style/__PUBLIC_HOME__/images/sort_bg.png
INFO: [ app_init ] --START--
INFO: Run Behavior\BuildLiteBehavior [ RunTime:0.000000s ]
INFO: [ app_init ] --END-- [ RunTime:0.000000s ]

[ 2020-02-15T22:22:06+08:00 ] 127.0.0.1 /Goods/index/goods_id/__PUBLI_HOME__/images/relate_view1.jpg
INFO: [ app_init ] --START--
INFO: Run Behavior\BuildLiteBehavior [ RunTime:0.000000s ]
INFO: [ app_init ] --END-- [ RunTime:0.000000s ]

[ 2020-02-15T22:22:06+08:00 ] 127.0.0.1 /Goods/index/goods_id/images/relate_view2.jpg
INFO: [ app_init ] --START--
INFO: Run Behavior\BuildLiteBehavior [ RunTime:0.000000s ]
INFO: [ app_init ] --END-- [ RunTime:0.001000s ]

[ 2020-02-15T22:22:06+08:00 ] 127.0.0.1 /Goods/index/goods_id/images/relate_view3.jpg
INFO: [ app_init ] --START--
INFO: Run Behavior\BuildLiteBehavior [ RunTime:0.000000s ]
INFO: [ app_init ] --END-- [ RunTime:0.000000s ]

[ 2020-02-15T22:22:06+08:00 ] 127.0.0.1 /Goods/index/goods_id/images/relate_view4.jpg
INFO: [ app_init ] --START--
INFO: Run Behavior\BuildLiteBehavior [ RunTime:0.000000s ]
INFO: [ app_init ] --END-- [ RunTime:0.000000s ]

[ 2020-02-15T22:22:06+08:00 ] 127.0.0.1 /Goods/index/goods_id/images/relate_view5.jpg
INFO: [ app_init ] --START--
INFO: Run Behavior\BuildLiteBehavior [ RunTime:0.000000s ]
INFO: [ app_init ] --END-- [ RunTime:0.000000s ]

[ 2020-02-15T22:22:06+08:00 ] 127.0.0.1 /Public/Home/images/zoomloader.gif
INFO: [ app_init ] --START--
INFO: Run Behavior\BuildLiteBehavior [ RunTime:0.000000s ]
INFO: [ app_init ] --END-- [ RunTime:0.000000s ]

[ 2020-02-15T22:23:23+08:00 ] 127.0.0.1 /Goods/index/goods_id/images/relate_view2.jpg
INFO: [ app_init ] --START--
INFO: Run Behavior\BuildLiteBehavior [ RunTime:0.000000s ]
INFO: [ app_init ] --END-- [ RunTime:0.000000s ]

[ 2020-02-15T22:23:23+08:00 ] 127.0.0.1 /Goods/index/goods_id/__PUBLI_HOME__/images/relate_view1.jpg
INFO: [ app_init ] --START--
INFO: Run Behavior\BuildLiteBehavior [ RunTime:0.001000s ]
INFO: [ app_init ] --END-- [ RunTime:0.001000s ]

[ 2020-02-15T22:23:23+08:00 ] 127.0.0.1 /Goods/index/goods_id/images/relate_view4.jpg
INFO: [ app_init ] --START--
INFO: Run Behavior\BuildLiteBehavior [ RunTime:0.000000s ]
INFO: [ app_init ] --END-- [ RunTime:0.000000s ]

[ 2020-02-15T22:23:23+08:00 ] 127.0.0.1 /Goods/index/goods_id/images/relate_view3.jpg
INFO: [ app_init ] --START--
INFO: Run Behavior\BuildLiteBehavior [ RunTime:0.000000s ]
INFO: [ app_init ] --END-- [ RunTime:0.000000s ]

[ 2020-02-15T22:23:23+08:00 ] 127.0.0.1 /Goods/index/goods_id/images/relate_view5.jpg
INFO: [ app_init ] --START--
INFO: Run Behavior\BuildLiteBehavior [ RunTime:0.000000s ]
INFO: [ app_init ] --END-- [ RunTime:0.000000s ]

[ 2020-02-15T22:23:23+08:00 ] 127.0.0.1 /Public/Home/images/zoomloader.gif
INFO: [ app_init ] --START--
INFO: Run Behavior\BuildLiteBehavior [ RunTime:0.000000s ]
INFO: [ app_init ] --END-- [ RunTime:0.001000s ]

[ 2020-02-15T22:23:26+08:00 ] 127.0.0.1 /Goods/index/goods_id/__PUBLI_HOME__/images/relate_view1.jpg
INFO: [ app_init ] --START--
INFO: Run Behavior\BuildLiteBehavior [ RunTime:0.000000s ]
INFO: [ app_init ] --END-- [ RunTime:0.000000s ]

[ 2020-02-15T22:23:26+08:00 ] 127.0.0.1 /Goods/index/goods_id/images/relate_view2.jpg
INFO: [ app_init ] --START--
INFO: Run Behavior\BuildLiteBehavior [ RunTime:0.000000s ]
INFO: [ app_init ] --END-- [ RunTime:0.000000s ]

[ 2020-02-15T22:23:26+08:00 ] 127.0.0.1 /Goods/index/goods_id/images/relate_view3.jpg
INFO: [ app_init ] --START--
INFO: Run Behavior\BuildLiteBehavior [ RunTime:0.000000s ]
INFO: [ app_init ] --END-- [ RunTime:0.000000s ]

[ 2020-02-15T22:23:26+08:00 ] 127.0.0.1 /Goods/index/goods_id/images/relate_view4.jpg
INFO: [ app_init ] --START--
INFO: Run Behavior\BuildLiteBehavior [ RunTime:0.000000s ]
INFO: [ app_init ] --END-- [ RunTime:0.000000s ]

[ 2020-02-15T22:23:26+08:00 ] 127.0.0.1 /Goods/index/goods_id/images/relate_view5.jpg
INFO: [ app_init ] --START--
INFO: Run Behavior\BuildLiteBehavior [ RunTime:0.000000s ]
INFO: [ app_init ] --END-- [ RunTime:0.000000s ]

[ 2020-02-15T23:46:32+08:00 ] 127.0.0.1 /Goods/index/goods_id/__PUBLI_HOME__/images/relate_view1.jpg
INFO: [ app_init ] --START--
INFO: Run Behavior\BuildLiteBehavior [ RunTime:0.000000s ]
INFO: [ app_init ] --END-- [ RunTime:0.001000s ]

[ 2020-02-15T23:46:32+08:00 ] 127.0.0.1 /Goods/index/goods_id/images/relate_view3.jpg
INFO: [ app_init ] --START--
INFO: Run Behavior\BuildLiteBehavior [ RunTime:0.000000s ]
INFO: [ app_init ] --END-- [ RunTime:0.000000s ]

[ 2020-02-15T23:46:32+08:00 ] 127.0.0.1 /Goods/index/goods_id/images/relate_view4.jpg
INFO: [ app_init ] --START--
INFO: Run Behavior\BuildLiteBehavior [ RunTime:0.000000s ]
INFO: [ app_init ] --END-- [ RunTime:0.000000s ]

[ 2020-02-15T23:46:32+08:00 ] 127.0.0.1 /Goods/index/goods_id/images/relate_view2.jpg
INFO: [ app_init ] --START--
INFO: Run Behavior\BuildLiteBehavior [ RunTime:0.000000s ]
INFO: [ app_init ] --END-- [ RunTime:0.000000s ]

[ 2020-02-15T23:46:32+08:00 ] 127.0.0.1 /Goods/index/goods_id/images/relate_view5.jpg
INFO: [ app_init ] --START--
INFO: Run Behavior\BuildLiteBehavior [ RunTime:0.000000s ]
INFO: [ app_init ] --END-- [ RunTime:0.000000s ]

[ 2020-02-15T23:46:32+08:00 ] 127.0.0.1 /Public/Home/images/zoomloader.gif
INFO: [ app_init ] --START--
INFO: Run Behavior\BuildLiteBehavior [ RunTime:0.000000s ]
INFO: [ app_init ] --END-- [ RunTime:0.000000s ]

[ 2020-02-15T23:46:36+08:00 ] 127.0.0.1 /Goods/index/goods_id/__PUBLI_HOME__/images/relate_view1.jpg
INFO: [ app_init ] --START--
INFO: Run Behavior\BuildLiteBehavior [ RunTime:0.000000s ]
INFO: [ app_init ] --END-- [ RunTime:0.000000s ]

[ 2020-02-15T23:46:36+08:00 ] 127.0.0.1 /Goods/index/goods_id/images/relate_view2.jpg
INFO: [ app_init ] --START--
INFO: Run Behavior\BuildLiteBehavior [ RunTime:0.000000s ]
INFO: [ app_init ] --END-- [ RunTime:0.000000s ]

[ 2020-02-15T23:46:36+08:00 ] 127.0.0.1 /Goods/index/goods_id/images/relate_view4.jpg
INFO: [ app_init ] --START--
INFO: Run Behavior\BuildLiteBehavior [ RunTime:0.000000s ]
INFO: [ app_init ] --END-- [ RunTime:0.000000s ]

[ 2020-02-15T23:46:36+08:00 ] 127.0.0.1 /Goods/index/goods_id/images/relate_view5.jpg
INFO: [ app_init ] --START--
INFO: Run Behavior\BuildLiteBehavior [ RunTime:0.000000s ]
INFO: [ app_init ] --END-- [ RunTime:0.000000s ]

[ 2020-02-15T23:46:36+08:00 ] 127.0.0.1 /Goods/index/goods_id/images/relate_view3.jpg
INFO: [ app_init ] --START--
INFO: Run Behavior\BuildLiteBehavior [ RunTime:0.000000s ]
INFO: [ app_init ] --END-- [ RunTime:0.000000s ]

[ 2020-02-15T23:46:52+08:00 ] 127.0.0.1 /Goods/index/goods_id/__PUBLI_HOME__/images/relate_view1.jpg
INFO: [ app_init ] --START--
INFO: Run Behavior\BuildLiteBehavior [ RunTime:0.000000s ]
INFO: [ app_init ] --END-- [ RunTime:0.001000s ]

[ 2020-02-15T23:46:52+08:00 ] 127.0.0.1 /Goods/index/goods_id/images/relate_view2.jpg
INFO: [ app_init ] --START--
INFO: Run Behavior\BuildLiteBehavior [ RunTime:0.001000s ]
INFO: [ app_init ] --END-- [ RunTime:0.001000s ]

[ 2020-02-15T23:46:52+08:00 ] 127.0.0.1 /Goods/index/goods_id/images/relate_view4.jpg
INFO: [ app_init ] --START--
INFO: Run Behavior\BuildLiteBehavior [ RunTime:0.000000s ]
INFO: [ app_init ] --END-- [ RunTime:0.000000s ]

[ 2020-02-15T23:46:52+08:00 ] 127.0.0.1 /Goods/index/goods_id/images/relate_view5.jpg
INFO: [ app_init ] --START--
INFO: Run Behavior\BuildLiteBehavior [ RunTime:0.000000s ]
INFO: [ app_init ] --END-- [ RunTime:0.000000s ]

[ 2020-02-15T23:47:25+08:00 ] 127.0.0.1 /Goods/index/goods_id/__PUBLI_HOME__/images/relate_view1.jpg
INFO: [ app_init ] --START--
INFO: Run Behavior\BuildLiteBehavior [ RunTime:0.000000s ]
INFO: [ app_init ] --END-- [ RunTime:0.000000s ]

[ 2020-02-15T23:47:25+08:00 ] 127.0.0.1 /Goods/index/goods_id/images/relate_view2.jpg
INFO: [ app_init ] --START--
INFO: Run Behavior\BuildLiteBehavior [ RunTime:0.000000s ]
INFO: [ app_init ] --END-- [ RunTime:0.000000s ]

[ 2020-02-15T23:47:25+08:00 ] 127.0.0.1 /Goods/index/goods_id/images/relate_view3.jpg
INFO: [ app_init ] --START--
INFO: Run Behavior\BuildLiteBehavior [ RunTime:0.000000s ]
INFO: [ app_init ] --END-- [ RunTime:0.001000s ]

[ 2020-02-15T23:47:25+08:00 ] 127.0.0.1 /Goods/index/goods_id/images/relate_view4.jpg
INFO: [ app_init ] --START--
INFO: Run Behavior\BuildLiteBehavior [ RunTime:0.000000s ]
INFO: [ app_init ] --END-- [ RunTime:0.000000s ]

[ 2020-02-15T23:47:25+08:00 ] 127.0.0.1 /Goods/index/goods_id/images/relate_view5.jpg
INFO: [ app_init ] --START--
INFO: Run Behavior\BuildLiteBehavior [ RunTime:0.000000s ]
INFO: [ app_init ] --END-- [ RunTime:0.001000s ]

[ 2020-02-15T23:47:27+08:00 ] 127.0.0.1 /Goods/index/goods_id/images/relate_view2.jpg
INFO: [ app_init ] --START--
INFO: Run Behavior\BuildLiteBehavior [ RunTime:0.000000s ]
INFO: [ app_init ] --END-- [ RunTime:0.000000s ]

[ 2020-02-15T23:47:27+08:00 ] 127.0.0.1 /Goods/index/goods_id/__PUBLI_HOME__/images/relate_view1.jpg
INFO: [ app_init ] --START--
INFO: Run Behavior\BuildLiteBehavior [ RunTime:0.000000s ]
INFO: [ app_init ] --END-- [ RunTime:0.000000s ]

[ 2020-02-15T23:47:27+08:00 ] 127.0.0.1 /Goods/index/goods_id/images/relate_view3.jpg
INFO: [ app_init ] --START--
INFO: Run Behavior\BuildLiteBehavior [ RunTime:0.000000s ]
INFO: [ app_init ] --END-- [ RunTime:0.000000s ]

[ 2020-02-15T23:47:27+08:00 ] 127.0.0.1 /Goods/index/goods_id/images/relate_view5.jpg
INFO: [ app_init ] --START--
INFO: Run Behavior\BuildLiteBehavior [ RunTime:0.000000s ]
INFO: [ app_init ] --END-- [ RunTime:0.000000s ]

[ 2020-02-15T23:47:27+08:00 ] 127.0.0.1 /Goods/index/goods_id/images/relate_view4.jpg
INFO: [ app_init ] --START--
INFO: Run Behavior\BuildLiteBehavior [ RunTime:0.000000s ]
INFO: [ app_init ] --END-- [ RunTime:0.001000s ]

[ 2020-02-15T23:47:32+08:00 ] 127.0.0.1 /Goods/index/goods_id/__PUBLI_HOME__/images/relate_view1.jpg
INFO: [ app_init ] --START--
INFO: Run Behavior\BuildLiteBehavior [ RunTime:0.000000s ]
INFO: [ app_init ] --END-- [ RunTime:0.001000s ]

[ 2020-02-15T23:47:32+08:00 ] 127.0.0.1 /Goods/index/goods_id/images/relate_view2.jpg
INFO: [ app_init ] --START--
INFO: Run Behavior\BuildLiteBehavior [ RunTime:0.000000s ]
INFO: [ app_init ] --END-- [ RunTime:0.000000s ]

[ 2020-02-15T23:47:32+08:00 ] 127.0.0.1 /Goods/index/goods_id/images/relate_view4.jpg
INFO: [ app_init ] --START--
INFO: Run Behavior\BuildLiteBehavior [ RunTime:0.000000s ]
INFO: [ app_init ] --END-- [ RunTime:0.000000s ]

[ 2020-02-15T23:47:32+08:00 ] 127.0.0.1 /Goods/index/goods_id/images/relate_view5.jpg
INFO: [ app_init ] --START--
INFO: Run Behavior\BuildLiteBehavior [ RunTime:0.000000s ]
INFO: [ app_init ] --END-- [ RunTime:0.000000s ]

[ 2020-02-15T23:47:32+08:00 ] 127.0.0.1 /Goods/index/goods_id/images/relate_view3.jpg
INFO: [ app_init ] --START--
INFO: Run Behavior\BuildLiteBehavior [ RunTime:0.000000s ]
INFO: [ app_init ] --END-- [ RunTime:0.000000s ]

[ 2020-02-15T23:50:08+08:00 ] 127.0.0.1 /Goods/index/goods_id/__PUBLI_HOME__/images/relate_view1.jpg
INFO: [ app_init ] --START--
INFO: Run Behavior\BuildLiteBehavior [ RunTime:0.000000s ]
INFO: [ app_init ] --END-- [ RunTime:0.000000s ]

[ 2020-02-15T23:50:08+08:00 ] 127.0.0.1 /Goods/index/goods_id/images/relate_view4.jpg
INFO: [ app_init ] --START--
INFO: Run Behavior\BuildLiteBehavior [ RunTime:0.000000s ]
INFO: [ app_init ] --END-- [ RunTime:0.000000s ]

[ 2020-02-15T23:50:08+08:00 ] 127.0.0.1 /Goods/index/goods_id/images/relate_view5.jpg
INFO: [ app_init ] --START--
INFO: Run Behavior\BuildLiteBehavior [ RunTime:0.000000s ]
INFO: [ app_init ] --END-- [ RunTime:0.000000s ]

[ 2020-02-15T23:50:09+08:00 ] 127.0.0.1 /Public/Home/images/zoomloader.gif
INFO: [ app_init ] --START--
INFO: Run Behavior\BuildLiteBehavior [ RunTime:0.000000s ]
INFO: [ app_init ] --END-- [ RunTime:0.000000s ]

[ 2020-02-15T23:50:41+08:00 ] 127.0.0.1 /Goods/index/goods_id/images/relate_view2.jpg
INFO: [ app_init ] --START--
INFO: Run Behavior\BuildLiteBehavior [ RunTime:0.000000s ]
INFO: [ app_init ] --END-- [ RunTime:0.000000s ]

[ 2020-02-15T23:50:41+08:00 ] 127.0.0.1 /Goods/index/goods_id/__PUBLI_HOME__/images/relate_view1.jpg
INFO: [ app_init ] --START--
INFO: Run Behavior\BuildLiteBehavior [ RunTime:0.000000s ]
INFO: [ app_init ] --END-- [ RunTime:0.001000s ]

[ 2020-02-15T23:50:41+08:00 ] 127.0.0.1 /Goods/index/goods_id/images/relate_view4.jpg
INFO: [ app_init ] --START--
INFO: Run Behavior\BuildLiteBehavior [ RunTime:0.000000s ]
INFO: [ app_init ] --END-- [ RunTime:0.000000s ]

[ 2020-02-15T23:50:41+08:00 ] 127.0.0.1 /Goods/index/goods_id/images/relate_view5.jpg
INFO: [ app_init ] --START--
INFO: Run Behavior\BuildLiteBehavior [ RunTime:0.000000s ]
INFO: [ app_init ] --END-- [ RunTime:0.001000s ]

[ 2020-02-15T23:50:41+08:00 ] 127.0.0.1 /Public/Home/images/zoomloader.gif
INFO: [ app_init ] --START--
INFO: Run Behavior\BuildLiteBehavior [ RunTime:0.000000s ]
INFO: [ app_init ] --END-- [ RunTime:0.000000s ]

