[ 2020-02-22T12:04:47+08:00 ] 127.0.0.1 /admin
INFO: [ app_init ] --START--
INFO: Run Behavior\BuildLiteBehavior [ RunTime:0.000000s ]
INFO: [ app_init ] --END-- [ RunTime:0.000000s ]
INFO: [ app_begin ] --START--
INFO: Run Behavior\ReadHtmlCacheBehavior [ RunTime:0.000000s ]
INFO: [ app_begin ] --END-- [ RunTime:0.000000s ]
INFO: [ view_parse ] --START--
INFO: [ template_filter ] --START--
INFO: Run Behavior\ContentReplaceBehavior [ RunTime:0.000000s ]
INFO: [ template_filter ] --END-- [ RunTime:0.000000s ]
INFO: Run Behavior\ParseTemplateBehavior [ RunTime:0.004000s ]
INFO: [ view_parse ] --END-- [ RunTime:0.004000s ]
INFO: [ view_filter ] --START--
INFO: Run Behavior\WriteHtmlCacheBehavior [ RunTime:0.001000s ]
INFO: [ view_filter ] --END-- [ RunTime:0.001000s ]

[ 2020-02-22T12:04:51+08:00 ] 127.0.0.1 /Admin/Login/login.html
INFO: [ app_init ] --START--
INFO: Run Behavior\BuildLiteBehavior [ RunTime:0.000000s ]
INFO: [ app_init ] --END-- [ RunTime:0.000000s ]
INFO: [ app_begin ] --START--
INFO: Run Behavior\ReadHtmlCacheBehavior [ RunTime:0.000000s ]
INFO: [ app_begin ] --END-- [ RunTime:0.000000s ]
INFO: [ view_parse ] --START--
INFO: [ template_filter ] --START--
INFO: Run Behavior\ContentReplaceBehavior [ RunTime:0.000000s ]
INFO: [ template_filter ] --END-- [ RunTime:0.000000s ]
INFO: Run Behavior\ParseTemplateBehavior [ RunTime:0.008000s ]
INFO: [ view_parse ] --END-- [ RunTime:0.008000s ]
INFO: [ view_filter ] --START--
INFO: Run Behavior\WriteHtmlCacheBehavior [ RunTime:0.000000s ]
INFO: [ view_filter ] --END-- [ RunTime:0.000000s ]
INFO: [ app_end ] --START--
INFO: Run Behavior\ShowPageTraceBehavior [ RunTime:0.000000s ]
INFO: [ app_end ] --END-- [ RunTime:0.000000s ]

[ 2020-02-22T12:04:51+08:00 ] 127.0.0.1 /Admin/Login/verify.html
INFO: [ app_init ] --START--
INFO: Run Behavior\BuildLiteBehavior [ RunTime:0.000000s ]
INFO: [ app_init ] --END-- [ RunTime:0.000000s ]
INFO: [ app_begin ] --START--
INFO: Run Behavior\ReadHtmlCacheBehavior [ RunTime:0.000000s ]
INFO: [ app_begin ] --END-- [ RunTime:0.000000s ]
INFO: [ app_end ] --START--
INFO: Run Behavior\ShowPageTraceBehavior [ RunTime:0.000000s ]
INFO: [ app_end ] --END-- [ RunTime:0.000000s ]

[ 2020-02-22T12:05:00+08:00 ] 127.0.0.1 /Admin/Login/login.html
INFO: [ app_init ] --START--
INFO: Run Behavior\BuildLiteBehavior [ RunTime:0.000000s ]
INFO: [ app_init ] --END-- [ RunTime:0.000000s ]
INFO: [ app_begin ] --START--
INFO: Run Behavior\ReadHtmlCacheBehavior [ RunTime:0.000000s ]
INFO: [ app_begin ] --END-- [ RunTime:0.000000s ]
NOTIC: [2] Declaration of Admin\Model\AdminModel::_after_insert($data) should be compatible with Think\Model::_after_insert($data, $options) D:\wamp64\www\jxshop\Application\Admin\Model\AdminModel.class.php 第 4 行.
SQL: SELECT * FROM `jx_admin` WHERE ( username='admin' ) LIMIT 1   [ RunTime:0.0040s ]
INFO: [ view_parse ] --START--
INFO: [ template_filter ] --START--
INFO: Run Behavior\ContentReplaceBehavior [ RunTime:0.000000s ]
INFO: [ template_filter ] --END-- [ RunTime:0.000000s ]
INFO: Run Behavior\ParseTemplateBehavior [ RunTime:0.004000s ]
INFO: [ view_parse ] --END-- [ RunTime:0.004000s ]
INFO: [ view_filter ] --START--
INFO: Run Behavior\WriteHtmlCacheBehavior [ RunTime:0.000000s ]
INFO: [ view_filter ] --END-- [ RunTime:0.000000s ]
INFO: [ app_end ] --START--
INFO: Run Behavior\ShowPageTraceBehavior [ RunTime:0.000000s ]
INFO: [ app_end ] --END-- [ RunTime:0.000000s ]

[ 2020-02-22T12:05:01+08:00 ] 127.0.0.1 /Admin/Index/index.html
INFO: [ app_init ] --START--
INFO: Run Behavior\BuildLiteBehavior [ RunTime:0.000000s ]
INFO: [ app_init ] --END-- [ RunTime:0.000000s ]
INFO: [ app_begin ] --START--
INFO: Run Behavior\ReadHtmlCacheBehavior [ RunTime:0.000000s ]
INFO: [ app_begin ] --END-- [ RunTime:0.000000s ]
INFO: [ view_parse ] --START--
INFO: [ template_filter ] --START--
INFO: Run Behavior\ContentReplaceBehavior [ RunTime:0.000000s ]
INFO: [ template_filter ] --END-- [ RunTime:0.000000s ]
INFO: Run Behavior\ParseTemplateBehavior [ RunTime:0.003000s ]
INFO: [ view_parse ] --END-- [ RunTime:0.003000s ]
INFO: [ view_filter ] --START--
INFO: Run Behavior\WriteHtmlCacheBehavior [ RunTime:0.000000s ]
INFO: [ view_filter ] --END-- [ RunTime:0.000000s ]
INFO: [ app_end ] --START--
INFO: Run Behavior\ShowPageTraceBehavior [ RunTime:0.001000s ]
INFO: [ app_end ] --END-- [ RunTime:0.001000s ]

[ 2020-02-22T12:05:01+08:00 ] 127.0.0.1 /Admin/Index/top.html
INFO: [ app_init ] --START--
INFO: Run Behavior\BuildLiteBehavior [ RunTime:0.000000s ]
INFO: [ app_init ] --END-- [ RunTime:0.000000s ]
INFO: [ app_begin ] --START--
INFO: Run Behavior\ReadHtmlCacheBehavior [ RunTime:0.000000s ]
INFO: [ app_begin ] --END-- [ RunTime:0.000000s ]
INFO: [ view_parse ] --START--
INFO: [ template_filter ] --START--
INFO: Run Behavior\ContentReplaceBehavior [ RunTime:0.000000s ]
INFO: [ template_filter ] --END-- [ RunTime:0.001000s ]
INFO: Run Behavior\ParseTemplateBehavior [ RunTime:0.006000s ]
INFO: [ view_parse ] --END-- [ RunTime:0.006000s ]
INFO: [ view_filter ] --START--
INFO: Run Behavior\WriteHtmlCacheBehavior [ RunTime:0.000000s ]
INFO: [ view_filter ] --END-- [ RunTime:0.000000s ]
INFO: [ app_end ] --START--
INFO: Run Behavior\ShowPageTraceBehavior [ RunTime:0.000000s ]
INFO: [ app_end ] --END-- [ RunTime:0.000000s ]

[ 2020-02-22T12:05:01+08:00 ] 127.0.0.1 /Admin/Index/menu.html
INFO: [ app_init ] --START--
INFO: Run Behavior\BuildLiteBehavior [ RunTime:0.000000s ]
INFO: [ app_init ] --END-- [ RunTime:0.000000s ]
INFO: [ app_begin ] --START--
INFO: Run Behavior\ReadHtmlCacheBehavior [ RunTime:0.000000s ]
INFO: [ app_begin ] --END-- [ RunTime:0.000000s ]
INFO: [ view_parse ] --START--
INFO: [ template_filter ] --START--
INFO: Run Behavior\ContentReplaceBehavior [ RunTime:0.000000s ]
INFO: [ template_filter ] --END-- [ RunTime:0.000000s ]
NOTIC: [2] Use of undefined constant module_name - assumed 'module_name' (this will throw an Error in a future version of PHP) D:\wamp64\www\jxshop\Application\Runtime\Cache\Admin\4711116eb0e4f69de5996d5f852d801e.php 第 129 行.
NOTIC: [2] Use of undefined constant controller_name - assumed 'controller_name' (this will throw an Error in a future version of PHP) D:\wamp64\www\jxshop\Application\Runtime\Cache\Admin\4711116eb0e4f69de5996d5f852d801e.php 第 129 行.
NOTIC: [2] Use of undefined constant action_name - assumed 'action_name' (this will throw an Error in a future version of PHP) D:\wamp64\www\jxshop\Application\Runtime\Cache\Admin\4711116eb0e4f69de5996d5f852d801e.php 第 129 行.
NOTIC: [2] Use of undefined constant module_name - assumed 'module_name' (this will throw an Error in a future version of PHP) D:\wamp64\www\jxshop\Application\Runtime\Cache\Admin\4711116eb0e4f69de5996d5f852d801e.php 第 129 行.
NOTIC: [2] Use of undefined constant controller_name - assumed 'controller_name' (this will throw an Error in a future version of PHP) D:\wamp64\www\jxshop\Application\Runtime\Cache\Admin\4711116eb0e4f69de5996d5f852d801e.php 第 129 行.
NOTIC: [2] Use of undefined constant action_name - assumed 'action_name' (this will throw an Error in a future version of PHP) D:\wamp64\www\jxshop\Application\Runtime\Cache\Admin\4711116eb0e4f69de5996d5f852d801e.php 第 129 行.
NOTIC: [2] Use of undefined constant module_name - assumed 'module_name' (this will throw an Error in a future version of PHP) D:\wamp64\www\jxshop\Application\Runtime\Cache\Admin\4711116eb0e4f69de5996d5f852d801e.php 第 129 行.
NOTIC: [2] Use of undefined constant controller_name - assumed 'controller_name' (this will throw an Error in a future version of PHP) D:\wamp64\www\jxshop\Application\Runtime\Cache\Admin\4711116eb0e4f69de5996d5f852d801e.php 第 129 行.
NOTIC: [2] Use of undefined constant action_name - assumed 'action_name' (this will throw an Error in a future version of PHP) D:\wamp64\www\jxshop\Application\Runtime\Cache\Admin\4711116eb0e4f69de5996d5f852d801e.php 第 129 行.
NOTIC: [2] Use of undefined constant module_name - assumed 'module_name' (this will throw an Error in a future version of PHP) D:\wamp64\www\jxshop\Application\Runtime\Cache\Admin\4711116eb0e4f69de5996d5f852d801e.php 第 129 行.
NOTIC: [2] Use of undefined constant controller_name - assumed 'controller_name' (this will throw an Error in a future version of PHP) D:\wamp64\www\jxshop\Application\Runtime\Cache\Admin\4711116eb0e4f69de5996d5f852d801e.php 第 129 行.
NOTIC: [2] Use of undefined constant action_name - assumed 'action_name' (this will throw an Error in a future version of PHP) D:\wamp64\www\jxshop\Application\Runtime\Cache\Admin\4711116eb0e4f69de5996d5f852d801e.php 第 129 行.
NOTIC: [2] Use of undefined constant module_name - assumed 'module_name' (this will throw an Error in a future version of PHP) D:\wamp64\www\jxshop\Application\Runtime\Cache\Admin\4711116eb0e4f69de5996d5f852d801e.php 第 129 行.
NOTIC: [2] Use of undefined constant controller_name - assumed 'controller_name' (this will throw an Error in a future version of PHP) D:\wamp64\www\jxshop\Application\Runtime\Cache\Admin\4711116eb0e4f69de5996d5f852d801e.php 第 129 行.
NOTIC: [2] Use of undefined constant action_name - assumed 'action_name' (this will throw an Error in a future version of PHP) D:\wamp64\www\jxshop\Application\Runtime\Cache\Admin\4711116eb0e4f69de5996d5f852d801e.php 第 129 行.
NOTIC: [2] Use of undefined constant module_name - assumed 'module_name' (this will throw an Error in a future version of PHP) D:\wamp64\www\jxshop\Application\Runtime\Cache\Admin\4711116eb0e4f69de5996d5f852d801e.php 第 129 行.
NOTIC: [2] Use of undefined constant controller_name - assumed 'controller_name' (this will throw an Error in a future version of PHP) D:\wamp64\www\jxshop\Application\Runtime\Cache\Admin\4711116eb0e4f69de5996d5f852d801e.php 第 129 行.
NOTIC: [2] Use of undefined constant action_name - assumed 'action_name' (this will throw an Error in a future version of PHP) D:\wamp64\www\jxshop\Application\Runtime\Cache\Admin\4711116eb0e4f69de5996d5f852d801e.php 第 129 行.
NOTIC: [2] Use of undefined constant module_name - assumed 'module_name' (this will throw an Error in a future version of PHP) D:\wamp64\www\jxshop\Application\Runtime\Cache\Admin\4711116eb0e4f69de5996d5f852d801e.php 第 129 行.
NOTIC: [2] Use of undefined constant controller_name - assumed 'controller_name' (this will throw an Error in a future version of PHP) D:\wamp64\www\jxshop\Application\Runtime\Cache\Admin\4711116eb0e4f69de5996d5f852d801e.php 第 129 行.
NOTIC: [2] Use of undefined constant action_name - assumed 'action_name' (this will throw an Error in a future version of PHP) D:\wamp64\www\jxshop\Application\Runtime\Cache\Admin\4711116eb0e4f69de5996d5f852d801e.php 第 129 行.
NOTIC: [2] Use of undefined constant module_name - assumed 'module_name' (this will throw an Error in a future version of PHP) D:\wamp64\www\jxshop\Application\Runtime\Cache\Admin\4711116eb0e4f69de5996d5f852d801e.php 第 129 行.
NOTIC: [2] Use of undefined constant controller_name - assumed 'controller_name' (this will throw an Error in a future version of PHP) D:\wamp64\www\jxshop\Application\Runtime\Cache\Admin\4711116eb0e4f69de5996d5f852d801e.php 第 129 行.
NOTIC: [2] Use of undefined constant action_name - assumed 'action_name' (this will throw an Error in a future version of PHP) D:\wamp64\www\jxshop\Application\Runtime\Cache\Admin\4711116eb0e4f69de5996d5f852d801e.php 第 129 行.
NOTIC: [2] Use of undefined constant module_name - assumed 'module_name' (this will throw an Error in a future version of PHP) D:\wamp64\www\jxshop\Application\Runtime\Cache\Admin\4711116eb0e4f69de5996d5f852d801e.php 第 129 行.
NOTIC: [2] Use of undefined constant controller_name - assumed 'controller_name' (this will throw an Error in a future version of PHP) D:\wamp64\www\jxshop\Application\Runtime\Cache\Admin\4711116eb0e4f69de5996d5f852d801e.php 第 129 行.
NOTIC: [2] Use of undefined constant action_name - assumed 'action_name' (this will throw an Error in a future version of PHP) D:\wamp64\www\jxshop\Application\Runtime\Cache\Admin\4711116eb0e4f69de5996d5f852d801e.php 第 129 行.
NOTIC: [2] Use of undefined constant module_name - assumed 'module_name' (this will throw an Error in a future version of PHP) D:\wamp64\www\jxshop\Application\Runtime\Cache\Admin\4711116eb0e4f69de5996d5f852d801e.php 第 129 行.
NOTIC: [2] Use of undefined constant controller_name - assumed 'controller_name' (this will throw an Error in a future version of PHP) D:\wamp64\www\jxshop\Application\Runtime\Cache\Admin\4711116eb0e4f69de5996d5f852d801e.php 第 129 行.
NOTIC: [2] Use of undefined constant action_name - assumed 'action_name' (this will throw an Error in a future version of PHP) D:\wamp64\www\jxshop\Application\Runtime\Cache\Admin\4711116eb0e4f69de5996d5f852d801e.php 第 129 行.
NOTIC: [2] Use of undefined constant module_name - assumed 'module_name' (this will throw an Error in a future version of PHP) D:\wamp64\www\jxshop\Application\Runtime\Cache\Admin\4711116eb0e4f69de5996d5f852d801e.php 第 129 行.
NOTIC: [2] Use of undefined constant controller_name - assumed 'controller_name' (this will throw an Error in a future version of PHP) D:\wamp64\www\jxshop\Application\Runtime\Cache\Admin\4711116eb0e4f69de5996d5f852d801e.php 第 129 行.
NOTIC: [2] Use of undefined constant action_name - assumed 'action_name' (this will throw an Error in a future version of PHP) D:\wamp64\www\jxshop\Application\Runtime\Cache\Admin\4711116eb0e4f69de5996d5f852d801e.php 第 129 行.
INFO: Run Behavior\ParseTemplateBehavior [ RunTime:0.011000s ]
INFO: [ view_parse ] --END-- [ RunTime:0.011000s ]
INFO: [ view_filter ] --START--
INFO: Run Behavior\WriteHtmlCacheBehavior [ RunTime:0.001000s ]
INFO: [ view_filter ] --END-- [ RunTime:0.001000s ]
INFO: [ app_end ] --START--
INFO: Run Behavior\ShowPageTraceBehavior [ RunTime:0.000000s ]
INFO: [ app_end ] --END-- [ RunTime:0.000000s ]

[ 2020-02-22T12:05:01+08:00 ] 127.0.0.1 /Admin/Index/main.html
INFO: [ app_init ] --START--
INFO: Run Behavior\BuildLiteBehavior [ RunTime:0.000000s ]
INFO: [ app_init ] --END-- [ RunTime:0.000000s ]
INFO: [ app_begin ] --START--
INFO: Run Behavior\ReadHtmlCacheBehavior [ RunTime:0.000000s ]
INFO: [ app_begin ] --END-- [ RunTime:0.002000s ]
INFO: [ view_parse ] --START--
INFO: [ template_filter ] --START--
INFO: Run Behavior\ContentReplaceBehavior [ RunTime:0.000000s ]
INFO: [ template_filter ] --END-- [ RunTime:0.000000s ]
INFO: Run Behavior\ParseTemplateBehavior [ RunTime:0.006000s ]
INFO: [ view_parse ] --END-- [ RunTime:0.006000s ]
INFO: [ view_filter ] --START--
INFO: Run Behavior\WriteHtmlCacheBehavior [ RunTime:0.000000s ]
INFO: [ view_filter ] --END-- [ RunTime:0.000000s ]
INFO: [ app_end ] --START--
INFO: Run Behavior\ShowPageTraceBehavior [ RunTime:0.000000s ]
INFO: [ app_end ] --END-- [ RunTime:0.000000s ]

[ 2020-02-22T23:56:52+08:00 ] 127.0.0.1 /Admin/Index/index.html
INFO: [ app_init ] --START--
INFO: Run Behavior\BuildLiteBehavior [ RunTime:0.000000s ]
INFO: [ app_init ] --END-- [ RunTime:0.000000s ]
INFO: [ app_begin ] --START--
INFO: Run Behavior\ReadHtmlCacheBehavior [ RunTime:0.000000s ]
INFO: [ app_begin ] --END-- [ RunTime:0.000000s ]
INFO: [ view_parse ] --START--
INFO: [ template_filter ] --START--
INFO: Run Behavior\ContentReplaceBehavior [ RunTime:0.000000s ]
INFO: [ template_filter ] --END-- [ RunTime:0.000000s ]
INFO: Run Behavior\ParseTemplateBehavior [ RunTime:0.004000s ]
INFO: [ view_parse ] --END-- [ RunTime:0.004000s ]
INFO: [ view_filter ] --START--
INFO: Run Behavior\WriteHtmlCacheBehavior [ RunTime:0.000000s ]
INFO: [ view_filter ] --END-- [ RunTime:0.000000s ]
INFO: [ app_end ] --START--
INFO: Run Behavior\ShowPageTraceBehavior [ RunTime:0.000000s ]
INFO: [ app_end ] --END-- [ RunTime:0.000000s ]

[ 2020-02-22T23:56:53+08:00 ] 127.0.0.1 /Admin/Index/top.html
INFO: [ app_init ] --START--
INFO: Run Behavior\BuildLiteBehavior [ RunTime:0.000000s ]
INFO: [ app_init ] --END-- [ RunTime:0.001000s ]
INFO: [ app_begin ] --START--
INFO: Run Behavior\ReadHtmlCacheBehavior [ RunTime:0.001000s ]
INFO: [ app_begin ] --END-- [ RunTime:0.001000s ]
INFO: [ view_parse ] --START--
INFO: [ template_filter ] --START--
INFO: Run Behavior\ContentReplaceBehavior [ RunTime:0.000000s ]
INFO: [ template_filter ] --END-- [ RunTime:0.000000s ]
INFO: Run Behavior\ParseTemplateBehavior [ RunTime:0.004000s ]
INFO: [ view_parse ] --END-- [ RunTime:0.004000s ]
INFO: [ view_filter ] --START--
INFO: Run Behavior\WriteHtmlCacheBehavior [ RunTime:0.000000s ]
INFO: [ view_filter ] --END-- [ RunTime:0.000000s ]
INFO: [ app_end ] --START--
INFO: Run Behavior\ShowPageTraceBehavior [ RunTime:0.001000s ]
INFO: [ app_end ] --END-- [ RunTime:0.001000s ]

[ 2020-02-22T23:56:53+08:00 ] 127.0.0.1 /Admin/Index/menu.html
INFO: [ app_init ] --START--
INFO: Run Behavior\BuildLiteBehavior [ RunTime:0.000000s ]
INFO: [ app_init ] --END-- [ RunTime:0.001000s ]
INFO: [ app_begin ] --START--
INFO: Run Behavior\ReadHtmlCacheBehavior [ RunTime:0.001000s ]
INFO: [ app_begin ] --END-- [ RunTime:0.001000s ]
INFO: [ view_parse ] --START--
INFO: [ template_filter ] --START--
INFO: Run Behavior\ContentReplaceBehavior [ RunTime:0.000000s ]
INFO: [ template_filter ] --END-- [ RunTime:0.000000s ]
NOTIC: [2] Use of undefined constant module_name - assumed 'module_name' (this will throw an Error in a future version of PHP) D:\wamp64\www\jxshop\Application\Runtime\Cache\Admin\4711116eb0e4f69de5996d5f852d801e.php 第 129 行.
NOTIC: [2] Use of undefined constant controller_name - assumed 'controller_name' (this will throw an Error in a future version of PHP) D:\wamp64\www\jxshop\Application\Runtime\Cache\Admin\4711116eb0e4f69de5996d5f852d801e.php 第 129 行.
NOTIC: [2] Use of undefined constant action_name - assumed 'action_name' (this will throw an Error in a future version of PHP) D:\wamp64\www\jxshop\Application\Runtime\Cache\Admin\4711116eb0e4f69de5996d5f852d801e.php 第 129 行.
NOTIC: [2] Use of undefined constant module_name - assumed 'module_name' (this will throw an Error in a future version of PHP) D:\wamp64\www\jxshop\Application\Runtime\Cache\Admin\4711116eb0e4f69de5996d5f852d801e.php 第 129 行.
NOTIC: [2] Use of undefined constant controller_name - assumed 'controller_name' (this will throw an Error in a future version of PHP) D:\wamp64\www\jxshop\Application\Runtime\Cache\Admin\4711116eb0e4f69de5996d5f852d801e.php 第 129 行.
NOTIC: [2] Use of undefined constant action_name - assumed 'action_name' (this will throw an Error in a future version of PHP) D:\wamp64\www\jxshop\Application\Runtime\Cache\Admin\4711116eb0e4f69de5996d5f852d801e.php 第 129 行.
NOTIC: [2] Use of undefined constant module_name - assumed 'module_name' (this will throw an Error in a future version of PHP) D:\wamp64\www\jxshop\Application\Runtime\Cache\Admin\4711116eb0e4f69de5996d5f852d801e.php 第 129 行.
NOTIC: [2] Use of undefined constant controller_name - assumed 'controller_name' (this will throw an Error in a future version of PHP) D:\wamp64\www\jxshop\Application\Runtime\Cache\Admin\4711116eb0e4f69de5996d5f852d801e.php 第 129 行.
NOTIC: [2] Use of undefined constant action_name - assumed 'action_name' (this will throw an Error in a future version of PHP) D:\wamp64\www\jxshop\Application\Runtime\Cache\Admin\4711116eb0e4f69de5996d5f852d801e.php 第 129 行.
NOTIC: [2] Use of undefined constant module_name - assumed 'module_name' (this will throw an Error in a future version of PHP) D:\wamp64\www\jxshop\Application\Runtime\Cache\Admin\4711116eb0e4f69de5996d5f852d801e.php 第 129 行.
NOTIC: [2] Use of undefined constant controller_name - assumed 'controller_name' (this will throw an Error in a future version of PHP) D:\wamp64\www\jxshop\Application\Runtime\Cache\Admin\4711116eb0e4f69de5996d5f852d801e.php 第 129 行.
NOTIC: [2] Use of undefined constant action_name - assumed 'action_name' (this will throw an Error in a future version of PHP) D:\wamp64\www\jxshop\Application\Runtime\Cache\Admin\4711116eb0e4f69de5996d5f852d801e.php 第 129 行.
NOTIC: [2] Use of undefined constant module_name - assumed 'module_name' (this will throw an Error in a future version of PHP) D:\wamp64\www\jxshop\Application\Runtime\Cache\Admin\4711116eb0e4f69de5996d5f852d801e.php 第 129 行.
NOTIC: [2] Use of undefined constant controller_name - assumed 'controller_name' (this will throw an Error in a future version of PHP) D:\wamp64\www\jxshop\Application\Runtime\Cache\Admin\4711116eb0e4f69de5996d5f852d801e.php 第 129 行.
NOTIC: [2] Use of undefined constant action_name - assumed 'action_name' (this will throw an Error in a future version of PHP) D:\wamp64\www\jxshop\Application\Runtime\Cache\Admin\4711116eb0e4f69de5996d5f852d801e.php 第 129 行.
NOTIC: [2] Use of undefined constant module_name - assumed 'module_name' (this will throw an Error in a future version of PHP) D:\wamp64\www\jxshop\Application\Runtime\Cache\Admin\4711116eb0e4f69de5996d5f852d801e.php 第 129 行.
NOTIC: [2] Use of undefined constant controller_name - assumed 'controller_name' (this will throw an Error in a future version of PHP) D:\wamp64\www\jxshop\Application\Runtime\Cache\Admin\4711116eb0e4f69de5996d5f852d801e.php 第 129 行.
NOTIC: [2] Use of undefined constant action_name - assumed 'action_name' (this will throw an Error in a future version of PHP) D:\wamp64\www\jxshop\Application\Runtime\Cache\Admin\4711116eb0e4f69de5996d5f852d801e.php 第 129 行.
NOTIC: [2] Use of undefined constant module_name - assumed 'module_name' (this will throw an Error in a future version of PHP) D:\wamp64\www\jxshop\Application\Runtime\Cache\Admin\4711116eb0e4f69de5996d5f852d801e.php 第 129 行.
NOTIC: [2] Use of undefined constant controller_name - assumed 'controller_name' (this will throw an Error in a future version of PHP) D:\wamp64\www\jxshop\Application\Runtime\Cache\Admin\4711116eb0e4f69de5996d5f852d801e.php 第 129 行.
NOTIC: [2] Use of undefined constant action_name - assumed 'action_name' (this will throw an Error in a future version of PHP) D:\wamp64\www\jxshop\Application\Runtime\Cache\Admin\4711116eb0e4f69de5996d5f852d801e.php 第 129 行.
NOTIC: [2] Use of undefined constant module_name - assumed 'module_name' (this will throw an Error in a future version of PHP) D:\wamp64\www\jxshop\Application\Runtime\Cache\Admin\4711116eb0e4f69de5996d5f852d801e.php 第 129 行.
NOTIC: [2] Use of undefined constant controller_name - assumed 'controller_name' (this will throw an Error in a future version of PHP) D:\wamp64\www\jxshop\Application\Runtime\Cache\Admin\4711116eb0e4f69de5996d5f852d801e.php 第 129 行.
NOTIC: [2] Use of undefined constant action_name - assumed 'action_name' (this will throw an Error in a future version of PHP) D:\wamp64\www\jxshop\Application\Runtime\Cache\Admin\4711116eb0e4f69de5996d5f852d801e.php 第 129 行.
NOTIC: [2] Use of undefined constant module_name - assumed 'module_name' (this will throw an Error in a future version of PHP) D:\wamp64\www\jxshop\Application\Runtime\Cache\Admin\4711116eb0e4f69de5996d5f852d801e.php 第 129 行.
NOTIC: [2] Use of undefined constant controller_name - assumed 'controller_name' (this will throw an Error in a future version of PHP) D:\wamp64\www\jxshop\Application\Runtime\Cache\Admin\4711116eb0e4f69de5996d5f852d801e.php 第 129 行.
NOTIC: [2] Use of undefined constant action_name - assumed 'action_name' (this will throw an Error in a future version of PHP) D:\wamp64\www\jxshop\Application\Runtime\Cache\Admin\4711116eb0e4f69de5996d5f852d801e.php 第 129 行.
NOTIC: [2] Use of undefined constant module_name - assumed 'module_name' (this will throw an Error in a future version of PHP) D:\wamp64\www\jxshop\Application\Runtime\Cache\Admin\4711116eb0e4f69de5996d5f852d801e.php 第 129 行.
NOTIC: [2] Use of undefined constant controller_name - assumed 'controller_name' (this will throw an Error in a future version of PHP) D:\wamp64\www\jxshop\Application\Runtime\Cache\Admin\4711116eb0e4f69de5996d5f852d801e.php 第 129 行.
NOTIC: [2] Use of undefined constant action_name - assumed 'action_name' (this will throw an Error in a future version of PHP) D:\wamp64\www\jxshop\Application\Runtime\Cache\Admin\4711116eb0e4f69de5996d5f852d801e.php 第 129 行.
NOTIC: [2] Use of undefined constant module_name - assumed 'module_name' (this will throw an Error in a future version of PHP) D:\wamp64\www\jxshop\Application\Runtime\Cache\Admin\4711116eb0e4f69de5996d5f852d801e.php 第 129 行.
NOTIC: [2] Use of undefined constant controller_name - assumed 'controller_name' (this will throw an Error in a future version of PHP) D:\wamp64\www\jxshop\Application\Runtime\Cache\Admin\4711116eb0e4f69de5996d5f852d801e.php 第 129 行.
NOTIC: [2] Use of undefined constant action_name - assumed 'action_name' (this will throw an Error in a future version of PHP) D:\wamp64\www\jxshop\Application\Runtime\Cache\Admin\4711116eb0e4f69de5996d5f852d801e.php 第 129 行.
INFO: Run Behavior\ParseTemplateBehavior [ RunTime:0.013000s ]
INFO: [ view_parse ] --END-- [ RunTime:0.013000s ]
INFO: [ view_filter ] --START--
INFO: Run Behavior\WriteHtmlCacheBehavior [ RunTime:0.000000s ]
INFO: [ view_filter ] --END-- [ RunTime:0.000000s ]
INFO: [ app_end ] --START--
INFO: Run Behavior\ShowPageTraceBehavior [ RunTime:0.001000s ]
INFO: [ app_end ] --END-- [ RunTime:0.001000s ]

[ 2020-02-22T23:56:53+08:00 ] 127.0.0.1 /Admin/Index/main.html
INFO: [ app_init ] --START--
INFO: Run Behavior\BuildLiteBehavior [ RunTime:0.000000s ]
INFO: [ app_init ] --END-- [ RunTime:0.000000s ]
INFO: [ app_begin ] --START--
INFO: Run Behavior\ReadHtmlCacheBehavior [ RunTime:0.001000s ]
INFO: [ app_begin ] --END-- [ RunTime:0.001000s ]
INFO: [ view_parse ] --START--
INFO: [ template_filter ] --START--
INFO: Run Behavior\ContentReplaceBehavior [ RunTime:0.000000s ]
INFO: [ template_filter ] --END-- [ RunTime:0.000000s ]
INFO: Run Behavior\ParseTemplateBehavior [ RunTime:0.006000s ]
INFO: [ view_parse ] --END-- [ RunTime:0.006000s ]
INFO: [ view_filter ] --START--
INFO: Run Behavior\WriteHtmlCacheBehavior [ RunTime:0.000000s ]
INFO: [ view_filter ] --END-- [ RunTime:0.000000s ]
INFO: [ app_end ] --START--
INFO: Run Behavior\ShowPageTraceBehavior [ RunTime:0.000000s ]
INFO: [ app_end ] --END-- [ RunTime:0.000000s ]

[ 2020-02-22T23:56:56+08:00 ] 127.0.0.1 /admin/category/index.html
INFO: [ app_init ] --START--
INFO: Run Behavior\BuildLiteBehavior [ RunTime:0.000000s ]
INFO: [ app_init ] --END-- [ RunTime:0.000000s ]
INFO: [ app_begin ] --START--
INFO: Run Behavior\ReadHtmlCacheBehavior [ RunTime:0.000000s ]
INFO: [ app_begin ] --END-- [ RunTime:0.000000s ]
SQL: SELECT * FROM `jx_category`  [ RunTime:0.0030s ]
NOTIC: [2] Use of undefined constant ture - assumed 'ture' (this will throw an Error in a future version of PHP) D:\wamp64\www\jxshop\Application\Admin\Model\CategoryModel.class.php 第 31 行.
NOTIC: [2] Use of undefined constant ture - assumed 'ture' (this will throw an Error in a future version of PHP) D:\wamp64\www\jxshop\Application\Admin\Model\CategoryModel.class.php 第 31 行.
NOTIC: [2] Use of undefined constant ture - assumed 'ture' (this will throw an Error in a future version of PHP) D:\wamp64\www\jxshop\Application\Admin\Model\CategoryModel.class.php 第 31 行.
NOTIC: [2] Use of undefined constant ture - assumed 'ture' (this will throw an Error in a future version of PHP) D:\wamp64\www\jxshop\Application\Admin\Model\CategoryModel.class.php 第 31 行.
NOTIC: [2] Use of undefined constant ture - assumed 'ture' (this will throw an Error in a future version of PHP) D:\wamp64\www\jxshop\Application\Admin\Model\CategoryModel.class.php 第 31 行.
NOTIC: [2] Use of undefined constant ture - assumed 'ture' (this will throw an Error in a future version of PHP) D:\wamp64\www\jxshop\Application\Admin\Model\CategoryModel.class.php 第 31 行.
NOTIC: [2] Use of undefined constant ture - assumed 'ture' (this will throw an Error in a future version of PHP) D:\wamp64\www\jxshop\Application\Admin\Model\CategoryModel.class.php 第 31 行.
NOTIC: [2] Use of undefined constant ture - assumed 'ture' (this will throw an Error in a future version of PHP) D:\wamp64\www\jxshop\Application\Admin\Model\CategoryModel.class.php 第 31 行.
NOTIC: [2] Use of undefined constant ture - assumed 'ture' (this will throw an Error in a future version of PHP) D:\wamp64\www\jxshop\Application\Admin\Model\CategoryModel.class.php 第 31 行.
NOTIC: [2] Use of undefined constant ture - assumed 'ture' (this will throw an Error in a future version of PHP) D:\wamp64\www\jxshop\Application\Admin\Model\CategoryModel.class.php 第 31 行.
INFO: [ view_parse ] --START--
INFO: [ template_filter ] --START--
INFO: Run Behavior\ContentReplaceBehavior [ RunTime:0.000000s ]
INFO: [ template_filter ] --END-- [ RunTime:0.000000s ]
INFO: Run Behavior\ParseTemplateBehavior [ RunTime:0.022000s ]
INFO: [ view_parse ] --END-- [ RunTime:0.022000s ]
INFO: [ view_filter ] --START--
INFO: Run Behavior\WriteHtmlCacheBehavior [ RunTime:0.000000s ]
INFO: [ view_filter ] --END-- [ RunTime:0.000000s ]
INFO: [ app_end ] --START--
INFO: Run Behavior\ShowPageTraceBehavior [ RunTime:0.000000s ]
INFO: [ app_end ] --END-- [ RunTime:0.000000s ]

[ 2020-02-22T23:57:00+08:00 ] 127.0.0.1 /Admin/Category/add.html
INFO: [ app_init ] --START--
INFO: Run Behavior\BuildLiteBehavior [ RunTime:0.000000s ]
INFO: [ app_init ] --END-- [ RunTime:0.001000s ]
INFO: [ app_begin ] --START--
INFO: Run Behavior\ReadHtmlCacheBehavior [ RunTime:0.000000s ]
INFO: [ app_begin ] --END-- [ RunTime:0.000000s ]
SQL: SELECT * FROM `jx_category`  [ RunTime:0.0000s ]
NOTIC: [2] Use of undefined constant ture - assumed 'ture' (this will throw an Error in a future version of PHP) D:\wamp64\www\jxshop\Application\Admin\Model\CategoryModel.class.php 第 31 行.
NOTIC: [2] Use of undefined constant ture - assumed 'ture' (this will throw an Error in a future version of PHP) D:\wamp64\www\jxshop\Application\Admin\Model\CategoryModel.class.php 第 31 行.
NOTIC: [2] Use of undefined constant ture - assumed 'ture' (this will throw an Error in a future version of PHP) D:\wamp64\www\jxshop\Application\Admin\Model\CategoryModel.class.php 第 31 行.
NOTIC: [2] Use of undefined constant ture - assumed 'ture' (this will throw an Error in a future version of PHP) D:\wamp64\www\jxshop\Application\Admin\Model\CategoryModel.class.php 第 31 行.
NOTIC: [2] Use of undefined constant ture - assumed 'ture' (this will throw an Error in a future version of PHP) D:\wamp64\www\jxshop\Application\Admin\Model\CategoryModel.class.php 第 31 行.
NOTIC: [2] Use of undefined constant ture - assumed 'ture' (this will throw an Error in a future version of PHP) D:\wamp64\www\jxshop\Application\Admin\Model\CategoryModel.class.php 第 31 行.
NOTIC: [2] Use of undefined constant ture - assumed 'ture' (this will throw an Error in a future version of PHP) D:\wamp64\www\jxshop\Application\Admin\Model\CategoryModel.class.php 第 31 行.
NOTIC: [2] Use of undefined constant ture - assumed 'ture' (this will throw an Error in a future version of PHP) D:\wamp64\www\jxshop\Application\Admin\Model\CategoryModel.class.php 第 31 行.
NOTIC: [2] Use of undefined constant ture - assumed 'ture' (this will throw an Error in a future version of PHP) D:\wamp64\www\jxshop\Application\Admin\Model\CategoryModel.class.php 第 31 行.
NOTIC: [2] Use of undefined constant ture - assumed 'ture' (this will throw an Error in a future version of PHP) D:\wamp64\www\jxshop\Application\Admin\Model\CategoryModel.class.php 第 31 行.
INFO: [ view_parse ] --START--
INFO: [ template_filter ] --START--
INFO: Run Behavior\ContentReplaceBehavior [ RunTime:0.000000s ]
INFO: [ template_filter ] --END-- [ RunTime:0.000000s ]
INFO: Run Behavior\ParseTemplateBehavior [ RunTime:0.035000s ]
INFO: [ view_parse ] --END-- [ RunTime:0.035000s ]
INFO: [ view_filter ] --START--
INFO: Run Behavior\WriteHtmlCacheBehavior [ RunTime:0.000000s ]
INFO: [ view_filter ] --END-- [ RunTime:0.000000s ]
INFO: [ app_end ] --START--
INFO: Run Behavior\ShowPageTraceBehavior [ RunTime:0.000000s ]
INFO: [ app_end ] --END-- [ RunTime:0.000000s ]

[ 2020-02-22T23:57:11+08:00 ] 127.0.0.1 /Admin/Category/add.html
INFO: [ app_init ] --START--
INFO: Run Behavior\BuildLiteBehavior [ RunTime:0.000000s ]
INFO: [ app_init ] --END-- [ RunTime:0.000000s ]
INFO: [ app_begin ] --START--
INFO: Run Behavior\ReadHtmlCacheBehavior [ RunTime:0.000000s ]
INFO: [ app_begin ] --END-- [ RunTime:0.000000s ]
SQL: INSERT INTO `jx_category` (`cname`,`parent_id`,`isrec`) VALUES ('家用电器','0','1') [ RunTime:0.0080s ]
INFO: [ view_parse ] --START--
INFO: [ template_filter ] --START--
INFO: Run Behavior\ContentReplaceBehavior [ RunTime:0.001000s ]
INFO: [ template_filter ] --END-- [ RunTime:0.001000s ]
INFO: Run Behavior\ParseTemplateBehavior [ RunTime:0.005000s ]
INFO: [ view_parse ] --END-- [ RunTime:0.005000s ]
INFO: [ view_filter ] --START--
INFO: Run Behavior\WriteHtmlCacheBehavior [ RunTime:0.000000s ]
INFO: [ view_filter ] --END-- [ RunTime:0.000000s ]
INFO: [ app_end ] --START--
INFO: Run Behavior\ShowPageTraceBehavior [ RunTime:0.000000s ]
INFO: [ app_end ] --END-- [ RunTime:0.000000s ]

[ 2020-02-22T23:57:13+08:00 ] 127.0.0.1 /Admin/Category/add.html
INFO: [ app_init ] --START--
INFO: Run Behavior\BuildLiteBehavior [ RunTime:0.000000s ]
INFO: [ app_init ] --END-- [ RunTime:0.000000s ]
INFO: [ app_begin ] --START--
INFO: Run Behavior\ReadHtmlCacheBehavior [ RunTime:0.000000s ]
INFO: [ app_begin ] --END-- [ RunTime:0.001000s ]
SQL: SELECT * FROM `jx_category`  [ RunTime:0.0030s ]
NOTIC: [2] Use of undefined constant ture - assumed 'ture' (this will throw an Error in a future version of PHP) D:\wamp64\www\jxshop\Application\Admin\Model\CategoryModel.class.php 第 31 行.
NOTIC: [2] Use of undefined constant ture - assumed 'ture' (this will throw an Error in a future version of PHP) D:\wamp64\www\jxshop\Application\Admin\Model\CategoryModel.class.php 第 31 行.
NOTIC: [2] Use of undefined constant ture - assumed 'ture' (this will throw an Error in a future version of PHP) D:\wamp64\www\jxshop\Application\Admin\Model\CategoryModel.class.php 第 31 行.
NOTIC: [2] Use of undefined constant ture - assumed 'ture' (this will throw an Error in a future version of PHP) D:\wamp64\www\jxshop\Application\Admin\Model\CategoryModel.class.php 第 31 行.
NOTIC: [2] Use of undefined constant ture - assumed 'ture' (this will throw an Error in a future version of PHP) D:\wamp64\www\jxshop\Application\Admin\Model\CategoryModel.class.php 第 31 行.
NOTIC: [2] Use of undefined constant ture - assumed 'ture' (this will throw an Error in a future version of PHP) D:\wamp64\www\jxshop\Application\Admin\Model\CategoryModel.class.php 第 31 行.
NOTIC: [2] Use of undefined constant ture - assumed 'ture' (this will throw an Error in a future version of PHP) D:\wamp64\www\jxshop\Application\Admin\Model\CategoryModel.class.php 第 31 行.
NOTIC: [2] Use of undefined constant ture - assumed 'ture' (this will throw an Error in a future version of PHP) D:\wamp64\www\jxshop\Application\Admin\Model\CategoryModel.class.php 第 31 行.
NOTIC: [2] Use of undefined constant ture - assumed 'ture' (this will throw an Error in a future version of PHP) D:\wamp64\www\jxshop\Application\Admin\Model\CategoryModel.class.php 第 31 行.
NOTIC: [2] Use of undefined constant ture - assumed 'ture' (this will throw an Error in a future version of PHP) D:\wamp64\www\jxshop\Application\Admin\Model\CategoryModel.class.php 第 31 行.
NOTIC: [2] Use of undefined constant ture - assumed 'ture' (this will throw an Error in a future version of PHP) D:\wamp64\www\jxshop\Application\Admin\Model\CategoryModel.class.php 第 31 行.
INFO: [ view_parse ] --START--
INFO: [ template_filter ] --START--
INFO: Run Behavior\ContentReplaceBehavior [ RunTime:0.000000s ]
INFO: [ template_filter ] --END-- [ RunTime:0.000000s ]
INFO: Run Behavior\ParseTemplateBehavior [ RunTime:0.007000s ]
INFO: [ view_parse ] --END-- [ RunTime:0.007000s ]
INFO: [ view_filter ] --START--
INFO: Run Behavior\WriteHtmlCacheBehavior [ RunTime:0.000000s ]
INFO: [ view_filter ] --END-- [ RunTime:0.000000s ]
INFO: [ app_end ] --START--
INFO: Run Behavior\ShowPageTraceBehavior [ RunTime:0.000000s ]
INFO: [ app_end ] --END-- [ RunTime:0.000000s ]

[ 2020-02-22T23:57:27+08:00 ] 127.0.0.1 /Admin/Category/add.html
INFO: [ app_init ] --START--
INFO: Run Behavior\BuildLiteBehavior [ RunTime:0.000000s ]
INFO: [ app_init ] --END-- [ RunTime:0.000000s ]
INFO: [ app_begin ] --START--
INFO: Run Behavior\ReadHtmlCacheBehavior [ RunTime:0.000000s ]
INFO: [ app_begin ] --END-- [ RunTime:0.000000s ]
SQL: INSERT INTO `jx_category` (`cname`,`parent_id`,`isrec`) VALUES ('电视','10','1') [ RunTime:0.0010s ]
INFO: [ view_parse ] --START--
INFO: [ template_filter ] --START--
INFO: Run Behavior\ContentReplaceBehavior [ RunTime:0.000000s ]
INFO: [ template_filter ] --END-- [ RunTime:0.000000s ]
INFO: Run Behavior\ParseTemplateBehavior [ RunTime:0.002000s ]
INFO: [ view_parse ] --END-- [ RunTime:0.002000s ]
INFO: [ view_filter ] --START--
INFO: Run Behavior\WriteHtmlCacheBehavior [ RunTime:0.000000s ]
INFO: [ view_filter ] --END-- [ RunTime:0.000000s ]
INFO: [ app_end ] --START--
INFO: Run Behavior\ShowPageTraceBehavior [ RunTime:0.000000s ]
INFO: [ app_end ] --END-- [ RunTime:0.000000s ]

[ 2020-02-22T23:57:29+08:00 ] 127.0.0.1 /Admin/Category/add.html
INFO: [ app_init ] --START--
INFO: Run Behavior\BuildLiteBehavior [ RunTime:0.001000s ]
INFO: [ app_init ] --END-- [ RunTime:0.001000s ]
INFO: [ app_begin ] --START--
INFO: Run Behavior\ReadHtmlCacheBehavior [ RunTime:0.000000s ]
INFO: [ app_begin ] --END-- [ RunTime:0.000000s ]
SQL: SELECT * FROM `jx_category`  [ RunTime:0.0020s ]
NOTIC: [2] Use of undefined constant ture - assumed 'ture' (this will throw an Error in a future version of PHP) D:\wamp64\www\jxshop\Application\Admin\Model\CategoryModel.class.php 第 31 行.
NOTIC: [2] Use of undefined constant ture - assumed 'ture' (this will throw an Error in a future version of PHP) D:\wamp64\www\jxshop\Application\Admin\Model\CategoryModel.class.php 第 31 行.
NOTIC: [2] Use of undefined constant ture - assumed 'ture' (this will throw an Error in a future version of PHP) D:\wamp64\www\jxshop\Application\Admin\Model\CategoryModel.class.php 第 31 行.
NOTIC: [2] Use of undefined constant ture - assumed 'ture' (this will throw an Error in a future version of PHP) D:\wamp64\www\jxshop\Application\Admin\Model\CategoryModel.class.php 第 31 行.
NOTIC: [2] Use of undefined constant ture - assumed 'ture' (this will throw an Error in a future version of PHP) D:\wamp64\www\jxshop\Application\Admin\Model\CategoryModel.class.php 第 31 行.
NOTIC: [2] Use of undefined constant ture - assumed 'ture' (this will throw an Error in a future version of PHP) D:\wamp64\www\jxshop\Application\Admin\Model\CategoryModel.class.php 第 31 行.
NOTIC: [2] Use of undefined constant ture - assumed 'ture' (this will throw an Error in a future version of PHP) D:\wamp64\www\jxshop\Application\Admin\Model\CategoryModel.class.php 第 31 行.
NOTIC: [2] Use of undefined constant ture - assumed 'ture' (this will throw an Error in a future version of PHP) D:\wamp64\www\jxshop\Application\Admin\Model\CategoryModel.class.php 第 31 行.
NOTIC: [2] Use of undefined constant ture - assumed 'ture' (this will throw an Error in a future version of PHP) D:\wamp64\www\jxshop\Application\Admin\Model\CategoryModel.class.php 第 31 行.
NOTIC: [2] Use of undefined constant ture - assumed 'ture' (this will throw an Error in a future version of PHP) D:\wamp64\www\jxshop\Application\Admin\Model\CategoryModel.class.php 第 31 行.
NOTIC: [2] Use of undefined constant ture - assumed 'ture' (this will throw an Error in a future version of PHP) D:\wamp64\www\jxshop\Application\Admin\Model\CategoryModel.class.php 第 31 行.
NOTIC: [2] Use of undefined constant ture - assumed 'ture' (this will throw an Error in a future version of PHP) D:\wamp64\www\jxshop\Application\Admin\Model\CategoryModel.class.php 第 31 行.
INFO: [ view_parse ] --START--
INFO: [ template_filter ] --START--
INFO: Run Behavior\ContentReplaceBehavior [ RunTime:0.001000s ]
INFO: [ template_filter ] --END-- [ RunTime:0.001000s ]
INFO: Run Behavior\ParseTemplateBehavior [ RunTime:0.005000s ]
INFO: [ view_parse ] --END-- [ RunTime:0.005000s ]
INFO: [ view_filter ] --START--
INFO: Run Behavior\WriteHtmlCacheBehavior [ RunTime:0.000000s ]
INFO: [ view_filter ] --END-- [ RunTime:0.000000s ]
INFO: [ app_end ] --START--
INFO: Run Behavior\ShowPageTraceBehavior [ RunTime:0.000000s ]
INFO: [ app_end ] --END-- [ RunTime:0.000000s ]

[ 2020-02-22T23:57:40+08:00 ] 127.0.0.1 /Admin/Category/add.html
INFO: [ app_init ] --START--
INFO: Run Behavior\BuildLiteBehavior [ RunTime:0.000000s ]
INFO: [ app_init ] --END-- [ RunTime:0.000000s ]
INFO: [ app_begin ] --START--
INFO: Run Behavior\ReadHtmlCacheBehavior [ RunTime:0.000000s ]
INFO: [ app_begin ] --END-- [ RunTime:0.000000s ]
SQL: INSERT INTO `jx_category` (`cname`,`parent_id`,`isrec`) VALUES ('超薄电视','11','0') [ RunTime:0.0040s ]
INFO: [ view_parse ] --START--
INFO: [ template_filter ] --START--
INFO: Run Behavior\ContentReplaceBehavior [ RunTime:0.000000s ]
INFO: [ template_filter ] --END-- [ RunTime:0.000000s ]
INFO: Run Behavior\ParseTemplateBehavior [ RunTime:0.003000s ]
INFO: [ view_parse ] --END-- [ RunTime:0.003000s ]
INFO: [ view_filter ] --START--
INFO: Run Behavior\WriteHtmlCacheBehavior [ RunTime:0.000000s ]
INFO: [ view_filter ] --END-- [ RunTime:0.001000s ]
INFO: [ app_end ] --START--
INFO: Run Behavior\ShowPageTraceBehavior [ RunTime:0.000000s ]
INFO: [ app_end ] --END-- [ RunTime:0.000000s ]

[ 2020-02-22T23:57:41+08:00 ] 127.0.0.1 /Admin/Category/add.html
INFO: [ app_init ] --START--
INFO: Run Behavior\BuildLiteBehavior [ RunTime:0.000000s ]
INFO: [ app_init ] --END-- [ RunTime:0.000000s ]
INFO: [ app_begin ] --START--
INFO: Run Behavior\ReadHtmlCacheBehavior [ RunTime:0.000000s ]
INFO: [ app_begin ] --END-- [ RunTime:0.001000s ]
SQL: SELECT * FROM `jx_category`  [ RunTime:0.0030s ]
NOTIC: [2] Use of undefined constant ture - assumed 'ture' (this will throw an Error in a future version of PHP) D:\wamp64\www\jxshop\Application\Admin\Model\CategoryModel.class.php 第 31 行.
NOTIC: [2] Use of undefined constant ture - assumed 'ture' (this will throw an Error in a future version of PHP) D:\wamp64\www\jxshop\Application\Admin\Model\CategoryModel.class.php 第 31 行.
NOTIC: [2] Use of undefined constant ture - assumed 'ture' (this will throw an Error in a future version of PHP) D:\wamp64\www\jxshop\Application\Admin\Model\CategoryModel.class.php 第 31 行.
NOTIC: [2] Use of undefined constant ture - assumed 'ture' (this will throw an Error in a future version of PHP) D:\wamp64\www\jxshop\Application\Admin\Model\CategoryModel.class.php 第 31 行.
NOTIC: [2] Use of undefined constant ture - assumed 'ture' (this will throw an Error in a future version of PHP) D:\wamp64\www\jxshop\Application\Admin\Model\CategoryModel.class.php 第 31 行.
NOTIC: [2] Use of undefined constant ture - assumed 'ture' (this will throw an Error in a future version of PHP) D:\wamp64\www\jxshop\Application\Admin\Model\CategoryModel.class.php 第 31 行.
NOTIC: [2] Use of undefined constant ture - assumed 'ture' (this will throw an Error in a future version of PHP) D:\wamp64\www\jxshop\Application\Admin\Model\CategoryModel.class.php 第 31 行.
NOTIC: [2] Use of undefined constant ture - assumed 'ture' (this will throw an Error in a future version of PHP) D:\wamp64\www\jxshop\Application\Admin\Model\CategoryModel.class.php 第 31 行.
NOTIC: [2] Use of undefined constant ture - assumed 'ture' (this will throw an Error in a future version of PHP) D:\wamp64\www\jxshop\Application\Admin\Model\CategoryModel.class.php 第 31 行.
NOTIC: [2] Use of undefined constant ture - assumed 'ture' (this will throw an Error in a future version of PHP) D:\wamp64\www\jxshop\Application\Admin\Model\CategoryModel.class.php 第 31 行.
NOTIC: [2] Use of undefined constant ture - assumed 'ture' (this will throw an Error in a future version of PHP) D:\wamp64\www\jxshop\Application\Admin\Model\CategoryModel.class.php 第 31 行.
NOTIC: [2] Use of undefined constant ture - assumed 'ture' (this will throw an Error in a future version of PHP) D:\wamp64\www\jxshop\Application\Admin\Model\CategoryModel.class.php 第 31 行.
NOTIC: [2] Use of undefined constant ture - assumed 'ture' (this will throw an Error in a future version of PHP) D:\wamp64\www\jxshop\Application\Admin\Model\CategoryModel.class.php 第 31 行.
INFO: [ view_parse ] --START--
INFO: [ template_filter ] --START--
INFO: Run Behavior\ContentReplaceBehavior [ RunTime:0.000000s ]
INFO: [ template_filter ] --END-- [ RunTime:0.000000s ]
INFO: Run Behavior\ParseTemplateBehavior [ RunTime:0.007000s ]
INFO: [ view_parse ] --END-- [ RunTime:0.007000s ]
INFO: [ view_filter ] --START--
INFO: Run Behavior\WriteHtmlCacheBehavior [ RunTime:0.000000s ]
INFO: [ view_filter ] --END-- [ RunTime:0.000000s ]
INFO: [ app_end ] --START--
INFO: Run Behavior\ShowPageTraceBehavior [ RunTime:0.000000s ]
INFO: [ app_end ] --END-- [ RunTime:0.000000s ]

[ 2020-02-22T23:57:55+08:00 ] 127.0.0.1 /Admin/Category/add.html
INFO: [ app_init ] --START--
INFO: Run Behavior\BuildLiteBehavior [ RunTime:0.000000s ]
INFO: [ app_init ] --END-- [ RunTime:0.000000s ]
INFO: [ app_begin ] --START--
INFO: Run Behavior\ReadHtmlCacheBehavior [ RunTime:0.000000s ]
INFO: [ app_begin ] --END-- [ RunTime:0.000000s ]
SQL: INSERT INTO `jx_category` (`cname`,`parent_id`,`isrec`) VALUES ('全面屏电视','11','1') [ RunTime:0.0050s ]
INFO: [ view_parse ] --START--
INFO: [ template_filter ] --START--
INFO: Run Behavior\ContentReplaceBehavior [ RunTime:0.000000s ]
INFO: [ template_filter ] --END-- [ RunTime:0.000000s ]
INFO: Run Behavior\ParseTemplateBehavior [ RunTime:0.004000s ]
INFO: [ view_parse ] --END-- [ RunTime:0.005000s ]
INFO: [ view_filter ] --START--
INFO: Run Behavior\WriteHtmlCacheBehavior [ RunTime:0.000000s ]
INFO: [ view_filter ] --END-- [ RunTime:0.000000s ]
INFO: [ app_end ] --START--
INFO: Run Behavior\ShowPageTraceBehavior [ RunTime:0.000000s ]
INFO: [ app_end ] --END-- [ RunTime:0.000000s ]

[ 2020-02-22T23:57:56+08:00 ] 127.0.0.1 /Admin/Category/add.html
INFO: [ app_init ] --START--
INFO: Run Behavior\BuildLiteBehavior [ RunTime:0.000000s ]
INFO: [ app_init ] --END-- [ RunTime:0.001000s ]
INFO: [ app_begin ] --START--
INFO: Run Behavior\ReadHtmlCacheBehavior [ RunTime:0.001000s ]
INFO: [ app_begin ] --END-- [ RunTime:0.001000s ]
SQL: SELECT * FROM `jx_category`  [ RunTime:0.0030s ]
NOTIC: [2] Use of undefined constant ture - assumed 'ture' (this will throw an Error in a future version of PHP) D:\wamp64\www\jxshop\Application\Admin\Model\CategoryModel.class.php 第 31 行.
NOTIC: [2] Use of undefined constant ture - assumed 'ture' (this will throw an Error in a future version of PHP) D:\wamp64\www\jxshop\Application\Admin\Model\CategoryModel.class.php 第 31 行.
NOTIC: [2] Use of undefined constant ture - assumed 'ture' (this will throw an Error in a future version of PHP) D:\wamp64\www\jxshop\Application\Admin\Model\CategoryModel.class.php 第 31 行.
NOTIC: [2] Use of undefined constant ture - assumed 'ture' (this will throw an Error in a future version of PHP) D:\wamp64\www\jxshop\Application\Admin\Model\CategoryModel.class.php 第 31 行.
NOTIC: [2] Use of undefined constant ture - assumed 'ture' (this will throw an Error in a future version of PHP) D:\wamp64\www\jxshop\Application\Admin\Model\CategoryModel.class.php 第 31 行.
NOTIC: [2] Use of undefined constant ture - assumed 'ture' (this will throw an Error in a future version of PHP) D:\wamp64\www\jxshop\Application\Admin\Model\CategoryModel.class.php 第 31 行.
NOTIC: [2] Use of undefined constant ture - assumed 'ture' (this will throw an Error in a future version of PHP) D:\wamp64\www\jxshop\Application\Admin\Model\CategoryModel.class.php 第 31 行.
NOTIC: [2] Use of undefined constant ture - assumed 'ture' (this will throw an Error in a future version of PHP) D:\wamp64\www\jxshop\Application\Admin\Model\CategoryModel.class.php 第 31 行.
NOTIC: [2] Use of undefined constant ture - assumed 'ture' (this will throw an Error in a future version of PHP) D:\wamp64\www\jxshop\Application\Admin\Model\CategoryModel.class.php 第 31 行.
NOTIC: [2] Use of undefined constant ture - assumed 'ture' (this will throw an Error in a future version of PHP) D:\wamp64\www\jxshop\Application\Admin\Model\CategoryModel.class.php 第 31 行.
NOTIC: [2] Use of undefined constant ture - assumed 'ture' (this will throw an Error in a future version of PHP) D:\wamp64\www\jxshop\Application\Admin\Model\CategoryModel.class.php 第 31 行.
NOTIC: [2] Use of undefined constant ture - assumed 'ture' (this will throw an Error in a future version of PHP) D:\wamp64\www\jxshop\Application\Admin\Model\CategoryModel.class.php 第 31 行.
NOTIC: [2] Use of undefined constant ture - assumed 'ture' (this will throw an Error in a future version of PHP) D:\wamp64\www\jxshop\Application\Admin\Model\CategoryModel.class.php 第 31 行.
NOTIC: [2] Use of undefined constant ture - assumed 'ture' (this will throw an Error in a future version of PHP) D:\wamp64\www\jxshop\Application\Admin\Model\CategoryModel.class.php 第 31 行.
INFO: [ view_parse ] --START--
INFO: [ template_filter ] --START--
INFO: Run Behavior\ContentReplaceBehavior [ RunTime:0.000000s ]
INFO: [ template_filter ] --END-- [ RunTime:0.000000s ]
INFO: Run Behavior\ParseTemplateBehavior [ RunTime:0.007000s ]
INFO: [ view_parse ] --END-- [ RunTime:0.007000s ]
INFO: [ view_filter ] --START--
INFO: Run Behavior\WriteHtmlCacheBehavior [ RunTime:0.000000s ]
INFO: [ view_filter ] --END-- [ RunTime:0.000000s ]
INFO: [ app_end ] --START--
INFO: Run Behavior\ShowPageTraceBehavior [ RunTime:0.000000s ]
INFO: [ app_end ] --END-- [ RunTime:0.000000s ]

[ 2020-02-22T23:58:12+08:00 ] 127.0.0.1 /Admin/Category/add.html
INFO: [ app_init ] --START--
INFO: Run Behavior\BuildLiteBehavior [ RunTime:0.000000s ]
INFO: [ app_init ] --END-- [ RunTime:0.000000s ]
INFO: [ app_begin ] --START--
INFO: Run Behavior\ReadHtmlCacheBehavior [ RunTime:0.000000s ]
INFO: [ app_begin ] --END-- [ RunTime:0.000000s ]
SQL: INSERT INTO `jx_category` (`cname`,`parent_id`,`isrec`) VALUES ('空调','10','1') [ RunTime:0.0040s ]
INFO: [ view_parse ] --START--
INFO: [ template_filter ] --START--
INFO: Run Behavior\ContentReplaceBehavior [ RunTime:0.000000s ]
INFO: [ template_filter ] --END-- [ RunTime:0.000000s ]
INFO: Run Behavior\ParseTemplateBehavior [ RunTime:0.003000s ]
INFO: [ view_parse ] --END-- [ RunTime:0.003000s ]
INFO: [ view_filter ] --START--
INFO: Run Behavior\WriteHtmlCacheBehavior [ RunTime:0.000000s ]
INFO: [ view_filter ] --END-- [ RunTime:0.000000s ]
INFO: [ app_end ] --START--
INFO: Run Behavior\ShowPageTraceBehavior [ RunTime:0.000000s ]
INFO: [ app_end ] --END-- [ RunTime:0.000000s ]

[ 2020-02-22T23:58:13+08:00 ] 127.0.0.1 /Admin/Category/add.html
INFO: [ app_init ] --START--
INFO: Run Behavior\BuildLiteBehavior [ RunTime:0.000000s ]
INFO: [ app_init ] --END-- [ RunTime:0.000000s ]
INFO: [ app_begin ] --START--
INFO: Run Behavior\ReadHtmlCacheBehavior [ RunTime:0.001000s ]
INFO: [ app_begin ] --END-- [ RunTime:0.001000s ]
SQL: SELECT * FROM `jx_category`  [ RunTime:0.0030s ]
NOTIC: [2] Use of undefined constant ture - assumed 'ture' (this will throw an Error in a future version of PHP) D:\wamp64\www\jxshop\Application\Admin\Model\CategoryModel.class.php 第 31 行.
NOTIC: [2] Use of undefined constant ture - assumed 'ture' (this will throw an Error in a future version of PHP) D:\wamp64\www\jxshop\Application\Admin\Model\CategoryModel.class.php 第 31 行.
NOTIC: [2] Use of undefined constant ture - assumed 'ture' (this will throw an Error in a future version of PHP) D:\wamp64\www\jxshop\Application\Admin\Model\CategoryModel.class.php 第 31 行.
NOTIC: [2] Use of undefined constant ture - assumed 'ture' (this will throw an Error in a future version of PHP) D:\wamp64\www\jxshop\Application\Admin\Model\CategoryModel.class.php 第 31 行.
NOTIC: [2] Use of undefined constant ture - assumed 'ture' (this will throw an Error in a future version of PHP) D:\wamp64\www\jxshop\Application\Admin\Model\CategoryModel.class.php 第 31 行.
NOTIC: [2] Use of undefined constant ture - assumed 'ture' (this will throw an Error in a future version of PHP) D:\wamp64\www\jxshop\Application\Admin\Model\CategoryModel.class.php 第 31 行.
NOTIC: [2] Use of undefined constant ture - assumed 'ture' (this will throw an Error in a future version of PHP) D:\wamp64\www\jxshop\Application\Admin\Model\CategoryModel.class.php 第 31 行.
NOTIC: [2] Use of undefined constant ture - assumed 'ture' (this will throw an Error in a future version of PHP) D:\wamp64\www\jxshop\Application\Admin\Model\CategoryModel.class.php 第 31 行.
NOTIC: [2] Use of undefined constant ture - assumed 'ture' (this will throw an Error in a future version of PHP) D:\wamp64\www\jxshop\Application\Admin\Model\CategoryModel.class.php 第 31 行.
NOTIC: [2] Use of undefined constant ture - assumed 'ture' (this will throw an Error in a future version of PHP) D:\wamp64\www\jxshop\Application\Admin\Model\CategoryModel.class.php 第 31 行.
NOTIC: [2] Use of undefined constant ture - assumed 'ture' (this will throw an Error in a future version of PHP) D:\wamp64\www\jxshop\Application\Admin\Model\CategoryModel.class.php 第 31 行.
NOTIC: [2] Use of undefined constant ture - assumed 'ture' (this will throw an Error in a future version of PHP) D:\wamp64\www\jxshop\Application\Admin\Model\CategoryModel.class.php 第 31 行.
NOTIC: [2] Use of undefined constant ture - assumed 'ture' (this will throw an Error in a future version of PHP) D:\wamp64\www\jxshop\Application\Admin\Model\CategoryModel.class.php 第 31 行.
NOTIC: [2] Use of undefined constant ture - assumed 'ture' (this will throw an Error in a future version of PHP) D:\wamp64\www\jxshop\Application\Admin\Model\CategoryModel.class.php 第 31 行.
NOTIC: [2] Use of undefined constant ture - assumed 'ture' (this will throw an Error in a future version of PHP) D:\wamp64\www\jxshop\Application\Admin\Model\CategoryModel.class.php 第 31 行.
INFO: [ view_parse ] --START--
INFO: [ template_filter ] --START--
INFO: Run Behavior\ContentReplaceBehavior [ RunTime:0.000000s ]
INFO: [ template_filter ] --END-- [ RunTime:0.000000s ]
INFO: Run Behavior\ParseTemplateBehavior [ RunTime:0.008000s ]
INFO: [ view_parse ] --END-- [ RunTime:0.008000s ]
INFO: [ view_filter ] --START--
INFO: Run Behavior\WriteHtmlCacheBehavior [ RunTime:0.000000s ]
INFO: [ view_filter ] --END-- [ RunTime:0.001000s ]
INFO: [ app_end ] --START--
INFO: Run Behavior\ShowPageTraceBehavior [ RunTime:0.000000s ]
INFO: [ app_end ] --END-- [ RunTime:0.000000s ]

[ 2020-02-22T23:58:29+08:00 ] 127.0.0.1 /Admin/Category/add.html
INFO: [ app_init ] --START--
INFO: Run Behavior\BuildLiteBehavior [ RunTime:0.000000s ]
INFO: [ app_init ] --END-- [ RunTime:0.000000s ]
INFO: [ app_begin ] --START--
INFO: Run Behavior\ReadHtmlCacheBehavior [ RunTime:0.000000s ]
INFO: [ app_begin ] --END-- [ RunTime:0.000000s ]
SQL: INSERT INTO `jx_category` (`cname`,`parent_id`,`isrec`) VALUES ('空调挂机','14','1') [ RunTime:0.0030s ]
INFO: [ view_parse ] --START--
INFO: [ template_filter ] --START--
INFO: Run Behavior\ContentReplaceBehavior [ RunTime:0.000000s ]
INFO: [ template_filter ] --END-- [ RunTime:0.001000s ]
INFO: Run Behavior\ParseTemplateBehavior [ RunTime:0.005000s ]
INFO: [ view_parse ] --END-- [ RunTime:0.005000s ]
INFO: [ view_filter ] --START--
INFO: Run Behavior\WriteHtmlCacheBehavior [ RunTime:0.000000s ]
INFO: [ view_filter ] --END-- [ RunTime:0.000000s ]
INFO: [ app_end ] --START--
INFO: Run Behavior\ShowPageTraceBehavior [ RunTime:0.000000s ]
INFO: [ app_end ] --END-- [ RunTime:0.000000s ]

[ 2020-02-22T23:58:30+08:00 ] 127.0.0.1 /Admin/Category/add.html
INFO: [ app_init ] --START--
INFO: Run Behavior\BuildLiteBehavior [ RunTime:0.000000s ]
INFO: [ app_init ] --END-- [ RunTime:0.000000s ]
INFO: [ app_begin ] --START--
INFO: Run Behavior\ReadHtmlCacheBehavior [ RunTime:0.000000s ]
INFO: [ app_begin ] --END-- [ RunTime:0.000000s ]
SQL: SELECT * FROM `jx_category`  [ RunTime:0.0020s ]
NOTIC: [2] Use of undefined constant ture - assumed 'ture' (this will throw an Error in a future version of PHP) D:\wamp64\www\jxshop\Application\Admin\Model\CategoryModel.class.php 第 31 行.
NOTIC: [2] Use of undefined constant ture - assumed 'ture' (this will throw an Error in a future version of PHP) D:\wamp64\www\jxshop\Application\Admin\Model\CategoryModel.class.php 第 31 行.
NOTIC: [2] Use of undefined constant ture - assumed 'ture' (this will throw an Error in a future version of PHP) D:\wamp64\www\jxshop\Application\Admin\Model\CategoryModel.class.php 第 31 行.
NOTIC: [2] Use of undefined constant ture - assumed 'ture' (this will throw an Error in a future version of PHP) D:\wamp64\www\jxshop\Application\Admin\Model\CategoryModel.class.php 第 31 行.
NOTIC: [2] Use of undefined constant ture - assumed 'ture' (this will throw an Error in a future version of PHP) D:\wamp64\www\jxshop\Application\Admin\Model\CategoryModel.class.php 第 31 行.
NOTIC: [2] Use of undefined constant ture - assumed 'ture' (this will throw an Error in a future version of PHP) D:\wamp64\www\jxshop\Application\Admin\Model\CategoryModel.class.php 第 31 行.
NOTIC: [2] Use of undefined constant ture - assumed 'ture' (this will throw an Error in a future version of PHP) D:\wamp64\www\jxshop\Application\Admin\Model\CategoryModel.class.php 第 31 行.
NOTIC: [2] Use of undefined constant ture - assumed 'ture' (this will throw an Error in a future version of PHP) D:\wamp64\www\jxshop\Application\Admin\Model\CategoryModel.class.php 第 31 行.
NOTIC: [2] Use of undefined constant ture - assumed 'ture' (this will throw an Error in a future version of PHP) D:\wamp64\www\jxshop\Application\Admin\Model\CategoryModel.class.php 第 31 行.
NOTIC: [2] Use of undefined constant ture - assumed 'ture' (this will throw an Error in a future version of PHP) D:\wamp64\www\jxshop\Application\Admin\Model\CategoryModel.class.php 第 31 行.
NOTIC: [2] Use of undefined constant ture - assumed 'ture' (this will throw an Error in a future version of PHP) D:\wamp64\www\jxshop\Application\Admin\Model\CategoryModel.class.php 第 31 行.
NOTIC: [2] Use of undefined constant ture - assumed 'ture' (this will throw an Error in a future version of PHP) D:\wamp64\www\jxshop\Application\Admin\Model\CategoryModel.class.php 第 31 行.
NOTIC: [2] Use of undefined constant ture - assumed 'ture' (this will throw an Error in a future version of PHP) D:\wamp64\www\jxshop\Application\Admin\Model\CategoryModel.class.php 第 31 行.
NOTIC: [2] Use of undefined constant ture - assumed 'ture' (this will throw an Error in a future version of PHP) D:\wamp64\www\jxshop\Application\Admin\Model\CategoryModel.class.php 第 31 行.
NOTIC: [2] Use of undefined constant ture - assumed 'ture' (this will throw an Error in a future version of PHP) D:\wamp64\www\jxshop\Application\Admin\Model\CategoryModel.class.php 第 31 行.
NOTIC: [2] Use of undefined constant ture - assumed 'ture' (this will throw an Error in a future version of PHP) D:\wamp64\www\jxshop\Application\Admin\Model\CategoryModel.class.php 第 31 行.
INFO: [ view_parse ] --START--
INFO: [ template_filter ] --START--
INFO: Run Behavior\ContentReplaceBehavior [ RunTime:0.000000s ]
INFO: [ template_filter ] --END-- [ RunTime:0.000000s ]
INFO: Run Behavior\ParseTemplateBehavior [ RunTime:0.004000s ]
INFO: [ view_parse ] --END-- [ RunTime:0.004000s ]
INFO: [ view_filter ] --START--
INFO: Run Behavior\WriteHtmlCacheBehavior [ RunTime:0.001000s ]
INFO: [ view_filter ] --END-- [ RunTime:0.001000s ]
INFO: [ app_end ] --START--
INFO: Run Behavior\ShowPageTraceBehavior [ RunTime:0.000000s ]
INFO: [ app_end ] --END-- [ RunTime:0.000000s ]

[ 2020-02-22T23:58:40+08:00 ] 127.0.0.1 /Admin/Category/add.html
INFO: [ app_init ] --START--
INFO: Run Behavior\BuildLiteBehavior [ RunTime:0.000000s ]
INFO: [ app_init ] --END-- [ RunTime:0.000000s ]
INFO: [ app_begin ] --START--
INFO: Run Behavior\ReadHtmlCacheBehavior [ RunTime:0.001000s ]
INFO: [ app_begin ] --END-- [ RunTime:0.001000s ]
SQL: INSERT INTO `jx_category` (`cname`,`parent_id`,`isrec`) VALUES ('空调柜机','14','1') [ RunTime:0.0030s ]
INFO: [ view_parse ] --START--
INFO: [ template_filter ] --START--
INFO: Run Behavior\ContentReplaceBehavior [ RunTime:0.000000s ]
INFO: [ template_filter ] --END-- [ RunTime:0.000000s ]
INFO: Run Behavior\ParseTemplateBehavior [ RunTime:0.004000s ]
INFO: [ view_parse ] --END-- [ RunTime:0.004000s ]
INFO: [ view_filter ] --START--
INFO: Run Behavior\WriteHtmlCacheBehavior [ RunTime:0.001000s ]
INFO: [ view_filter ] --END-- [ RunTime:0.001000s ]
INFO: [ app_end ] --START--
INFO: Run Behavior\ShowPageTraceBehavior [ RunTime:0.000000s ]
INFO: [ app_end ] --END-- [ RunTime:0.000000s ]

[ 2020-02-22T23:58:41+08:00 ] 127.0.0.1 /Admin/Category/add.html
INFO: [ app_init ] --START--
INFO: Run Behavior\BuildLiteBehavior [ RunTime:0.000000s ]
INFO: [ app_init ] --END-- [ RunTime:0.000000s ]
INFO: [ app_begin ] --START--
INFO: Run Behavior\ReadHtmlCacheBehavior [ RunTime:0.001000s ]
INFO: [ app_begin ] --END-- [ RunTime:0.001000s ]
SQL: SELECT * FROM `jx_category`  [ RunTime:0.0030s ]
NOTIC: [2] Use of undefined constant ture - assumed 'ture' (this will throw an Error in a future version of PHP) D:\wamp64\www\jxshop\Application\Admin\Model\CategoryModel.class.php 第 31 行.
NOTIC: [2] Use of undefined constant ture - assumed 'ture' (this will throw an Error in a future version of PHP) D:\wamp64\www\jxshop\Application\Admin\Model\CategoryModel.class.php 第 31 行.
NOTIC: [2] Use of undefined constant ture - assumed 'ture' (this will throw an Error in a future version of PHP) D:\wamp64\www\jxshop\Application\Admin\Model\CategoryModel.class.php 第 31 行.
NOTIC: [2] Use of undefined constant ture - assumed 'ture' (this will throw an Error in a future version of PHP) D:\wamp64\www\jxshop\Application\Admin\Model\CategoryModel.class.php 第 31 行.
NOTIC: [2] Use of undefined constant ture - assumed 'ture' (this will throw an Error in a future version of PHP) D:\wamp64\www\jxshop\Application\Admin\Model\CategoryModel.class.php 第 31 行.
NOTIC: [2] Use of undefined constant ture - assumed 'ture' (this will throw an Error in a future version of PHP) D:\wamp64\www\jxshop\Application\Admin\Model\CategoryModel.class.php 第 31 行.
NOTIC: [2] Use of undefined constant ture - assumed 'ture' (this will throw an Error in a future version of PHP) D:\wamp64\www\jxshop\Application\Admin\Model\CategoryModel.class.php 第 31 行.
NOTIC: [2] Use of undefined constant ture - assumed 'ture' (this will throw an Error in a future version of PHP) D:\wamp64\www\jxshop\Application\Admin\Model\CategoryModel.class.php 第 31 行.
NOTIC: [2] Use of undefined constant ture - assumed 'ture' (this will throw an Error in a future version of PHP) D:\wamp64\www\jxshop\Application\Admin\Model\CategoryModel.class.php 第 31 行.
NOTIC: [2] Use of undefined constant ture - assumed 'ture' (this will throw an Error in a future version of PHP) D:\wamp64\www\jxshop\Application\Admin\Model\CategoryModel.class.php 第 31 行.
NOTIC: [2] Use of undefined constant ture - assumed 'ture' (this will throw an Error in a future version of PHP) D:\wamp64\www\jxshop\Application\Admin\Model\CategoryModel.class.php 第 31 行.
NOTIC: [2] Use of undefined constant ture - assumed 'ture' (this will throw an Error in a future version of PHP) D:\wamp64\www\jxshop\Application\Admin\Model\CategoryModel.class.php 第 31 行.
NOTIC: [2] Use of undefined constant ture - assumed 'ture' (this will throw an Error in a future version of PHP) D:\wamp64\www\jxshop\Application\Admin\Model\CategoryModel.class.php 第 31 行.
NOTIC: [2] Use of undefined constant ture - assumed 'ture' (this will throw an Error in a future version of PHP) D:\wamp64\www\jxshop\Application\Admin\Model\CategoryModel.class.php 第 31 行.
NOTIC: [2] Use of undefined constant ture - assumed 'ture' (this will throw an Error in a future version of PHP) D:\wamp64\www\jxshop\Application\Admin\Model\CategoryModel.class.php 第 31 行.
NOTIC: [2] Use of undefined constant ture - assumed 'ture' (this will throw an Error in a future version of PHP) D:\wamp64\www\jxshop\Application\Admin\Model\CategoryModel.class.php 第 31 行.
NOTIC: [2] Use of undefined constant ture - assumed 'ture' (this will throw an Error in a future version of PHP) D:\wamp64\www\jxshop\Application\Admin\Model\CategoryModel.class.php 第 31 行.
INFO: [ view_parse ] --START--
INFO: [ template_filter ] --START--
INFO: Run Behavior\ContentReplaceBehavior [ RunTime:0.000000s ]
INFO: [ template_filter ] --END-- [ RunTime:0.000000s ]
INFO: Run Behavior\ParseTemplateBehavior [ RunTime:0.008000s ]
INFO: [ view_parse ] --END-- [ RunTime:0.008000s ]
INFO: [ view_filter ] --START--
INFO: Run Behavior\WriteHtmlCacheBehavior [ RunTime:0.000000s ]
INFO: [ view_filter ] --END-- [ RunTime:0.001000s ]
INFO: [ app_end ] --START--
INFO: Run Behavior\ShowPageTraceBehavior [ RunTime:0.000000s ]
INFO: [ app_end ] --END-- [ RunTime:0.000000s ]

[ 2020-02-22T23:59:09+08:00 ] 127.0.0.1 /Admin/Category/add.html
INFO: [ app_init ] --START--
INFO: Run Behavior\BuildLiteBehavior [ RunTime:0.000000s ]
INFO: [ app_init ] --END-- [ RunTime:0.000000s ]
INFO: [ app_begin ] --START--
INFO: Run Behavior\ReadHtmlCacheBehavior [ RunTime:0.000000s ]
INFO: [ app_begin ] --END-- [ RunTime:0.000000s ]
SQL: INSERT INTO `jx_category` (`cname`,`parent_id`,`isrec`) VALUES ('洗衣机','10','1') [ RunTime:0.0030s ]
INFO: [ view_parse ] --START--
INFO: [ template_filter ] --START--
INFO: Run Behavior\ContentReplaceBehavior [ RunTime:0.000000s ]
INFO: [ template_filter ] --END-- [ RunTime:0.000000s ]
INFO: Run Behavior\ParseTemplateBehavior [ RunTime:0.003000s ]
INFO: [ view_parse ] --END-- [ RunTime:0.003000s ]
INFO: [ view_filter ] --START--
INFO: Run Behavior\WriteHtmlCacheBehavior [ RunTime:0.000000s ]
INFO: [ view_filter ] --END-- [ RunTime:0.000000s ]
INFO: [ app_end ] --START--
INFO: Run Behavior\ShowPageTraceBehavior [ RunTime:0.001000s ]
INFO: [ app_end ] --END-- [ RunTime:0.001000s ]

[ 2020-02-22T23:59:10+08:00 ] 127.0.0.1 /Admin/Category/add.html
INFO: [ app_init ] --START--
INFO: Run Behavior\BuildLiteBehavior [ RunTime:0.000000s ]
INFO: [ app_init ] --END-- [ RunTime:0.000000s ]
INFO: [ app_begin ] --START--
INFO: Run Behavior\ReadHtmlCacheBehavior [ RunTime:0.000000s ]
INFO: [ app_begin ] --END-- [ RunTime:0.000000s ]
SQL: SELECT * FROM `jx_category`  [ RunTime:0.0010s ]
NOTIC: [2] Use of undefined constant ture - assumed 'ture' (this will throw an Error in a future version of PHP) D:\wamp64\www\jxshop\Application\Admin\Model\CategoryModel.class.php 第 31 行.
NOTIC: [2] Use of undefined constant ture - assumed 'ture' (this will throw an Error in a future version of PHP) D:\wamp64\www\jxshop\Application\Admin\Model\CategoryModel.class.php 第 31 行.
NOTIC: [2] Use of undefined constant ture - assumed 'ture' (this will throw an Error in a future version of PHP) D:\wamp64\www\jxshop\Application\Admin\Model\CategoryModel.class.php 第 31 行.
NOTIC: [2] Use of undefined constant ture - assumed 'ture' (this will throw an Error in a future version of PHP) D:\wamp64\www\jxshop\Application\Admin\Model\CategoryModel.class.php 第 31 行.
NOTIC: [2] Use of undefined constant ture - assumed 'ture' (this will throw an Error in a future version of PHP) D:\wamp64\www\jxshop\Application\Admin\Model\CategoryModel.class.php 第 31 行.
NOTIC: [2] Use of undefined constant ture - assumed 'ture' (this will throw an Error in a future version of PHP) D:\wamp64\www\jxshop\Application\Admin\Model\CategoryModel.class.php 第 31 行.
NOTIC: [2] Use of undefined constant ture - assumed 'ture' (this will throw an Error in a future version of PHP) D:\wamp64\www\jxshop\Application\Admin\Model\CategoryModel.class.php 第 31 行.
NOTIC: [2] Use of undefined constant ture - assumed 'ture' (this will throw an Error in a future version of PHP) D:\wamp64\www\jxshop\Application\Admin\Model\CategoryModel.class.php 第 31 行.
NOTIC: [2] Use of undefined constant ture - assumed 'ture' (this will throw an Error in a future version of PHP) D:\wamp64\www\jxshop\Application\Admin\Model\CategoryModel.class.php 第 31 行.
NOTIC: [2] Use of undefined constant ture - assumed 'ture' (this will throw an Error in a future version of PHP) D:\wamp64\www\jxshop\Application\Admin\Model\CategoryModel.class.php 第 31 行.
NOTIC: [2] Use of undefined constant ture - assumed 'ture' (this will throw an Error in a future version of PHP) D:\wamp64\www\jxshop\Application\Admin\Model\CategoryModel.class.php 第 31 行.
NOTIC: [2] Use of undefined constant ture - assumed 'ture' (this will throw an Error in a future version of PHP) D:\wamp64\www\jxshop\Application\Admin\Model\CategoryModel.class.php 第 31 行.
NOTIC: [2] Use of undefined constant ture - assumed 'ture' (this will throw an Error in a future version of PHP) D:\wamp64\www\jxshop\Application\Admin\Model\CategoryModel.class.php 第 31 行.
NOTIC: [2] Use of undefined constant ture - assumed 'ture' (this will throw an Error in a future version of PHP) D:\wamp64\www\jxshop\Application\Admin\Model\CategoryModel.class.php 第 31 行.
NOTIC: [2] Use of undefined constant ture - assumed 'ture' (this will throw an Error in a future version of PHP) D:\wamp64\www\jxshop\Application\Admin\Model\CategoryModel.class.php 第 31 行.
NOTIC: [2] Use of undefined constant ture - assumed 'ture' (this will throw an Error in a future version of PHP) D:\wamp64\www\jxshop\Application\Admin\Model\CategoryModel.class.php 第 31 行.
NOTIC: [2] Use of undefined constant ture - assumed 'ture' (this will throw an Error in a future version of PHP) D:\wamp64\www\jxshop\Application\Admin\Model\CategoryModel.class.php 第 31 行.
NOTIC: [2] Use of undefined constant ture - assumed 'ture' (this will throw an Error in a future version of PHP) D:\wamp64\www\jxshop\Application\Admin\Model\CategoryModel.class.php 第 31 行.
INFO: [ view_parse ] --START--
INFO: [ template_filter ] --START--
INFO: Run Behavior\ContentReplaceBehavior [ RunTime:0.000000s ]
INFO: [ template_filter ] --END-- [ RunTime:0.000000s ]
INFO: Run Behavior\ParseTemplateBehavior [ RunTime:0.007000s ]
INFO: [ view_parse ] --END-- [ RunTime:0.007000s ]
INFO: [ view_filter ] --START--
INFO: Run Behavior\WriteHtmlCacheBehavior [ RunTime:0.001000s ]
INFO: [ view_filter ] --END-- [ RunTime:0.001000s ]
INFO: [ app_end ] --START--
INFO: Run Behavior\ShowPageTraceBehavior [ RunTime:0.000000s ]
INFO: [ app_end ] --END-- [ RunTime:0.000000s ]

[ 2020-02-22T23:59:22+08:00 ] 127.0.0.1 /Admin/Category/add.html
INFO: [ app_init ] --START--
INFO: Run Behavior\BuildLiteBehavior [ RunTime:0.000000s ]
INFO: [ app_init ] --END-- [ RunTime:0.000000s ]
INFO: [ app_begin ] --START--
INFO: Run Behavior\ReadHtmlCacheBehavior [ RunTime:0.000000s ]
INFO: [ app_begin ] --END-- [ RunTime:0.000000s ]
SQL: INSERT INTO `jx_category` (`cname`,`parent_id`,`isrec`) VALUES ('双门','17','1') [ RunTime:0.0030s ]
INFO: [ view_parse ] --START--
INFO: [ template_filter ] --START--
INFO: Run Behavior\ContentReplaceBehavior [ RunTime:0.000000s ]
INFO: [ template_filter ] --END-- [ RunTime:0.000000s ]
INFO: Run Behavior\ParseTemplateBehavior [ RunTime:0.005000s ]
INFO: [ view_parse ] --END-- [ RunTime:0.006000s ]
INFO: [ view_filter ] --START--
INFO: Run Behavior\WriteHtmlCacheBehavior [ RunTime:0.000000s ]
INFO: [ view_filter ] --END-- [ RunTime:0.000000s ]
INFO: [ app_end ] --START--
INFO: Run Behavior\ShowPageTraceBehavior [ RunTime:0.000000s ]
INFO: [ app_end ] --END-- [ RunTime:0.000000s ]

[ 2020-02-22T23:59:24+08:00 ] 127.0.0.1 /Admin/Category/add.html
INFO: [ app_init ] --START--
INFO: Run Behavior\BuildLiteBehavior [ RunTime:0.000000s ]
INFO: [ app_init ] --END-- [ RunTime:0.000000s ]
INFO: [ app_begin ] --START--
INFO: Run Behavior\ReadHtmlCacheBehavior [ RunTime:0.000000s ]
INFO: [ app_begin ] --END-- [ RunTime:0.000000s ]
SQL: SELECT * FROM `jx_category`  [ RunTime:0.0010s ]
NOTIC: [2] Use of undefined constant ture - assumed 'ture' (this will throw an Error in a future version of PHP) D:\wamp64\www\jxshop\Application\Admin\Model\CategoryModel.class.php 第 31 行.
NOTIC: [2] Use of undefined constant ture - assumed 'ture' (this will throw an Error in a future version of PHP) D:\wamp64\www\jxshop\Application\Admin\Model\CategoryModel.class.php 第 31 行.
NOTIC: [2] Use of undefined constant ture - assumed 'ture' (this will throw an Error in a future version of PHP) D:\wamp64\www\jxshop\Application\Admin\Model\CategoryModel.class.php 第 31 行.
NOTIC: [2] Use of undefined constant ture - assumed 'ture' (this will throw an Error in a future version of PHP) D:\wamp64\www\jxshop\Application\Admin\Model\CategoryModel.class.php 第 31 行.
NOTIC: [2] Use of undefined constant ture - assumed 'ture' (this will throw an Error in a future version of PHP) D:\wamp64\www\jxshop\Application\Admin\Model\CategoryModel.class.php 第 31 行.
NOTIC: [2] Use of undefined constant ture - assumed 'ture' (this will throw an Error in a future version of PHP) D:\wamp64\www\jxshop\Application\Admin\Model\CategoryModel.class.php 第 31 行.
NOTIC: [2] Use of undefined constant ture - assumed 'ture' (this will throw an Error in a future version of PHP) D:\wamp64\www\jxshop\Application\Admin\Model\CategoryModel.class.php 第 31 行.
NOTIC: [2] Use of undefined constant ture - assumed 'ture' (this will throw an Error in a future version of PHP) D:\wamp64\www\jxshop\Application\Admin\Model\CategoryModel.class.php 第 31 行.
NOTIC: [2] Use of undefined constant ture - assumed 'ture' (this will throw an Error in a future version of PHP) D:\wamp64\www\jxshop\Application\Admin\Model\CategoryModel.class.php 第 31 行.
NOTIC: [2] Use of undefined constant ture - assumed 'ture' (this will throw an Error in a future version of PHP) D:\wamp64\www\jxshop\Application\Admin\Model\CategoryModel.class.php 第 31 行.
NOTIC: [2] Use of undefined constant ture - assumed 'ture' (this will throw an Error in a future version of PHP) D:\wamp64\www\jxshop\Application\Admin\Model\CategoryModel.class.php 第 31 行.
NOTIC: [2] Use of undefined constant ture - assumed 'ture' (this will throw an Error in a future version of PHP) D:\wamp64\www\jxshop\Application\Admin\Model\CategoryModel.class.php 第 31 行.
NOTIC: [2] Use of undefined constant ture - assumed 'ture' (this will throw an Error in a future version of PHP) D:\wamp64\www\jxshop\Application\Admin\Model\CategoryModel.class.php 第 31 行.
NOTIC: [2] Use of undefined constant ture - assumed 'ture' (this will throw an Error in a future version of PHP) D:\wamp64\www\jxshop\Application\Admin\Model\CategoryModel.class.php 第 31 行.
NOTIC: [2] Use of undefined constant ture - assumed 'ture' (this will throw an Error in a future version of PHP) D:\wamp64\www\jxshop\Application\Admin\Model\CategoryModel.class.php 第 31 行.
NOTIC: [2] Use of undefined constant ture - assumed 'ture' (this will throw an Error in a future version of PHP) D:\wamp64\www\jxshop\Application\Admin\Model\CategoryModel.class.php 第 31 行.
NOTIC: [2] Use of undefined constant ture - assumed 'ture' (this will throw an Error in a future version of PHP) D:\wamp64\www\jxshop\Application\Admin\Model\CategoryModel.class.php 第 31 行.
NOTIC: [2] Use of undefined constant ture - assumed 'ture' (this will throw an Error in a future version of PHP) D:\wamp64\www\jxshop\Application\Admin\Model\CategoryModel.class.php 第 31 行.
NOTIC: [2] Use of undefined constant ture - assumed 'ture' (this will throw an Error in a future version of PHP) D:\wamp64\www\jxshop\Application\Admin\Model\CategoryModel.class.php 第 31 行.
INFO: [ view_parse ] --START--
INFO: [ template_filter ] --START--
INFO: Run Behavior\ContentReplaceBehavior [ RunTime:0.000000s ]
INFO: [ template_filter ] --END-- [ RunTime:0.000000s ]
INFO: Run Behavior\ParseTemplateBehavior [ RunTime:0.005000s ]
INFO: [ view_parse ] --END-- [ RunTime:0.005000s ]
INFO: [ view_filter ] --START--
INFO: Run Behavior\WriteHtmlCacheBehavior [ RunTime:0.001000s ]
INFO: [ view_filter ] --END-- [ RunTime:0.001000s ]
INFO: [ app_end ] --START--
INFO: Run Behavior\ShowPageTraceBehavior [ RunTime:0.000000s ]
INFO: [ app_end ] --END-- [ RunTime:0.000000s ]

[ 2020-02-22T23:59:53+08:00 ] 127.0.0.1 /admin/category/index.html
INFO: [ app_init ] --START--
INFO: Run Behavior\BuildLiteBehavior [ RunTime:0.000000s ]
INFO: [ app_init ] --END-- [ RunTime:0.000000s ]
INFO: [ app_begin ] --START--
INFO: Run Behavior\ReadHtmlCacheBehavior [ RunTime:0.000000s ]
INFO: [ app_begin ] --END-- [ RunTime:0.001000s ]
SQL: SELECT * FROM `jx_category`  [ RunTime:0.0020s ]
NOTIC: [2] Use of undefined constant ture - assumed 'ture' (this will throw an Error in a future version of PHP) D:\wamp64\www\jxshop\Application\Admin\Model\CategoryModel.class.php 第 31 行.
NOTIC: [2] Use of undefined constant ture - assumed 'ture' (this will throw an Error in a future version of PHP) D:\wamp64\www\jxshop\Application\Admin\Model\CategoryModel.class.php 第 31 行.
NOTIC: [2] Use of undefined constant ture - assumed 'ture' (this will throw an Error in a future version of PHP) D:\wamp64\www\jxshop\Application\Admin\Model\CategoryModel.class.php 第 31 行.
NOTIC: [2] Use of undefined constant ture - assumed 'ture' (this will throw an Error in a future version of PHP) D:\wamp64\www\jxshop\Application\Admin\Model\CategoryModel.class.php 第 31 行.
NOTIC: [2] Use of undefined constant ture - assumed 'ture' (this will throw an Error in a future version of PHP) D:\wamp64\www\jxshop\Application\Admin\Model\CategoryModel.class.php 第 31 行.
NOTIC: [2] Use of undefined constant ture - assumed 'ture' (this will throw an Error in a future version of PHP) D:\wamp64\www\jxshop\Application\Admin\Model\CategoryModel.class.php 第 31 行.
NOTIC: [2] Use of undefined constant ture - assumed 'ture' (this will throw an Error in a future version of PHP) D:\wamp64\www\jxshop\Application\Admin\Model\CategoryModel.class.php 第 31 行.
NOTIC: [2] Use of undefined constant ture - assumed 'ture' (this will throw an Error in a future version of PHP) D:\wamp64\www\jxshop\Application\Admin\Model\CategoryModel.class.php 第 31 行.
NOTIC: [2] Use of undefined constant ture - assumed 'ture' (this will throw an Error in a future version of PHP) D:\wamp64\www\jxshop\Application\Admin\Model\CategoryModel.class.php 第 31 行.
NOTIC: [2] Use of undefined constant ture - assumed 'ture' (this will throw an Error in a future version of PHP) D:\wamp64\www\jxshop\Application\Admin\Model\CategoryModel.class.php 第 31 行.
NOTIC: [2] Use of undefined constant ture - assumed 'ture' (this will throw an Error in a future version of PHP) D:\wamp64\www\jxshop\Application\Admin\Model\CategoryModel.class.php 第 31 行.
NOTIC: [2] Use of undefined constant ture - assumed 'ture' (this will throw an Error in a future version of PHP) D:\wamp64\www\jxshop\Application\Admin\Model\CategoryModel.class.php 第 31 行.
NOTIC: [2] Use of undefined constant ture - assumed 'ture' (this will throw an Error in a future version of PHP) D:\wamp64\www\jxshop\Application\Admin\Model\CategoryModel.class.php 第 31 行.
NOTIC: [2] Use of undefined constant ture - assumed 'ture' (this will throw an Error in a future version of PHP) D:\wamp64\www\jxshop\Application\Admin\Model\CategoryModel.class.php 第 31 行.
NOTIC: [2] Use of undefined constant ture - assumed 'ture' (this will throw an Error in a future version of PHP) D:\wamp64\www\jxshop\Application\Admin\Model\CategoryModel.class.php 第 31 行.
NOTIC: [2] Use of undefined constant ture - assumed 'ture' (this will throw an Error in a future version of PHP) D:\wamp64\www\jxshop\Application\Admin\Model\CategoryModel.class.php 第 31 行.
NOTIC: [2] Use of undefined constant ture - assumed 'ture' (this will throw an Error in a future version of PHP) D:\wamp64\www\jxshop\Application\Admin\Model\CategoryModel.class.php 第 31 行.
NOTIC: [2] Use of undefined constant ture - assumed 'ture' (this will throw an Error in a future version of PHP) D:\wamp64\www\jxshop\Application\Admin\Model\CategoryModel.class.php 第 31 行.
NOTIC: [2] Use of undefined constant ture - assumed 'ture' (this will throw an Error in a future version of PHP) D:\wamp64\www\jxshop\Application\Admin\Model\CategoryModel.class.php 第 31 行.
INFO: [ view_parse ] --START--
INFO: [ template_filter ] --START--
INFO: Run Behavior\ContentReplaceBehavior [ RunTime:0.000000s ]
INFO: [ template_filter ] --END-- [ RunTime:0.000000s ]
INFO: Run Behavior\ParseTemplateBehavior [ RunTime:0.013000s ]
INFO: [ view_parse ] --END-- [ RunTime:0.013000s ]
INFO: [ view_filter ] --START--
INFO: Run Behavior\WriteHtmlCacheBehavior [ RunTime:0.001000s ]
INFO: [ view_filter ] --END-- [ RunTime:0.001000s ]
INFO: [ app_end ] --START--
INFO: Run Behavior\ShowPageTraceBehavior [ RunTime:0.000000s ]
INFO: [ app_end ] --END-- [ RunTime:0.000000s ]

[ 2020-02-22T23:59:58+08:00 ] 127.0.0.1 /Admin/Category/edit/id/12.html
INFO: [ app_init ] --START--
INFO: Run Behavior\BuildLiteBehavior [ RunTime:0.000000s ]
INFO: [ app_init ] --END-- [ RunTime:0.000000s ]
INFO: [ app_begin ] --START--
INFO: Run Behavior\ReadHtmlCacheBehavior [ RunTime:0.000000s ]
INFO: [ app_begin ] --END-- [ RunTime:0.000000s ]
SQL: SELECT * FROM `jx_category` WHERE ( id=12 ) LIMIT 1   [ RunTime:0.0010s ]
SQL: SELECT * FROM `jx_category`  [ RunTime:0.0000s ]
NOTIC: [2] Use of undefined constant ture - assumed 'ture' (this will throw an Error in a future version of PHP) D:\wamp64\www\jxshop\Application\Admin\Model\CategoryModel.class.php 第 31 行.
NOTIC: [2] Use of undefined constant ture - assumed 'ture' (this will throw an Error in a future version of PHP) D:\wamp64\www\jxshop\Application\Admin\Model\CategoryModel.class.php 第 31 行.
NOTIC: [2] Use of undefined constant ture - assumed 'ture' (this will throw an Error in a future version of PHP) D:\wamp64\www\jxshop\Application\Admin\Model\CategoryModel.class.php 第 31 行.
NOTIC: [2] Use of undefined constant ture - assumed 'ture' (this will throw an Error in a future version of PHP) D:\wamp64\www\jxshop\Application\Admin\Model\CategoryModel.class.php 第 31 行.
NOTIC: [2] Use of undefined constant ture - assumed 'ture' (this will throw an Error in a future version of PHP) D:\wamp64\www\jxshop\Application\Admin\Model\CategoryModel.class.php 第 31 行.
NOTIC: [2] Use of undefined constant ture - assumed 'ture' (this will throw an Error in a future version of PHP) D:\wamp64\www\jxshop\Application\Admin\Model\CategoryModel.class.php 第 31 行.
NOTIC: [2] Use of undefined constant ture - assumed 'ture' (this will throw an Error in a future version of PHP) D:\wamp64\www\jxshop\Application\Admin\Model\CategoryModel.class.php 第 31 行.
NOTIC: [2] Use of undefined constant ture - assumed 'ture' (this will throw an Error in a future version of PHP) D:\wamp64\www\jxshop\Application\Admin\Model\CategoryModel.class.php 第 31 行.
NOTIC: [2] Use of undefined constant ture - assumed 'ture' (this will throw an Error in a future version of PHP) D:\wamp64\www\jxshop\Application\Admin\Model\CategoryModel.class.php 第 31 行.
NOTIC: [2] Use of undefined constant ture - assumed 'ture' (this will throw an Error in a future version of PHP) D:\wamp64\www\jxshop\Application\Admin\Model\CategoryModel.class.php 第 31 行.
NOTIC: [2] Use of undefined constant ture - assumed 'ture' (this will throw an Error in a future version of PHP) D:\wamp64\www\jxshop\Application\Admin\Model\CategoryModel.class.php 第 31 行.
NOTIC: [2] Use of undefined constant ture - assumed 'ture' (this will throw an Error in a future version of PHP) D:\wamp64\www\jxshop\Application\Admin\Model\CategoryModel.class.php 第 31 行.
NOTIC: [2] Use of undefined constant ture - assumed 'ture' (this will throw an Error in a future version of PHP) D:\wamp64\www\jxshop\Application\Admin\Model\CategoryModel.class.php 第 31 行.
NOTIC: [2] Use of undefined constant ture - assumed 'ture' (this will throw an Error in a future version of PHP) D:\wamp64\www\jxshop\Application\Admin\Model\CategoryModel.class.php 第 31 行.
NOTIC: [2] Use of undefined constant ture - assumed 'ture' (this will throw an Error in a future version of PHP) D:\wamp64\www\jxshop\Application\Admin\Model\CategoryModel.class.php 第 31 行.
NOTIC: [2] Use of undefined constant ture - assumed 'ture' (this will throw an Error in a future version of PHP) D:\wamp64\www\jxshop\Application\Admin\Model\CategoryModel.class.php 第 31 行.
NOTIC: [2] Use of undefined constant ture - assumed 'ture' (this will throw an Error in a future version of PHP) D:\wamp64\www\jxshop\Application\Admin\Model\CategoryModel.class.php 第 31 行.
NOTIC: [2] Use of undefined constant ture - assumed 'ture' (this will throw an Error in a future version of PHP) D:\wamp64\www\jxshop\Application\Admin\Model\CategoryModel.class.php 第 31 行.
NOTIC: [2] Use of undefined constant ture - assumed 'ture' (this will throw an Error in a future version of PHP) D:\wamp64\www\jxshop\Application\Admin\Model\CategoryModel.class.php 第 31 行.
INFO: [ view_parse ] --START--
INFO: [ template_filter ] --START--
INFO: Run Behavior\ContentReplaceBehavior [ RunTime:0.000000s ]
INFO: [ template_filter ] --END-- [ RunTime:0.001000s ]
INFO: Run Behavior\ParseTemplateBehavior [ RunTime:0.031000s ]
INFO: [ view_parse ] --END-- [ RunTime:0.031000s ]
INFO: [ view_filter ] --START--
INFO: Run Behavior\WriteHtmlCacheBehavior [ RunTime:0.000000s ]
INFO: [ view_filter ] --END-- [ RunTime:0.000000s ]
INFO: [ app_end ] --START--
INFO: Run Behavior\ShowPageTraceBehavior [ RunTime:0.000000s ]
INFO: [ app_end ] --END-- [ RunTime:0.000000s ]

