[ 2020-05-11T17:30:39+08:00 ] 127.0.0.1 /admin
INFO: [ app_init ] --START--
INFO: Run Behavior\BuildLiteBehavior [ RunTime:0.000012s ]
INFO: [ app_init ] --END-- [ RunTime:0.000327s ]
INFO: [ app_begin ] --START--
INFO: Run Behavior\ReadHtmlCacheBehavior [ RunTime:0.000463s ]
INFO: [ app_begin ] --END-- [ RunTime:0.000502s ]
INFO: [ view_parse ] --START--
INFO: [ template_filter ] --START--
INFO: Run Behavior\ContentReplaceBehavior [ RunTime:0.000037s ]
INFO: [ template_filter ] --END-- [ RunTime:0.000072s ]
INFO: Run Behavior\ParseTemplateBehavior [ RunTime:0.006845s ]
INFO: [ view_parse ] --END-- [ RunTime:0.006880s ]
INFO: [ view_filter ] --START--
INFO: Run Behavior\WriteHtmlCacheBehavior [ RunTime:0.000158s ]
INFO: [ view_filter ] --END-- [ RunTime:0.000182s ]

[ 2020-05-11T17:30:42+08:00 ] 127.0.0.1 /Admin/Login/login.html
INFO: [ app_init ] --START--
INFO: Run Behavior\BuildLiteBehavior [ RunTime:0.000011s ]
INFO: [ app_init ] --END-- [ RunTime:0.000312s ]
INFO: [ app_begin ] --START--
INFO: Run Behavior\ReadHtmlCacheBehavior [ RunTime:0.000396s ]
INFO: [ app_begin ] --END-- [ RunTime:0.000426s ]
INFO: [ view_parse ] --START--
INFO: [ template_filter ] --START--
INFO: Run Behavior\ContentReplaceBehavior [ RunTime:0.000049s ]
INFO: [ template_filter ] --END-- [ RunTime:0.000086s ]
INFO: Run Behavior\ParseTemplateBehavior [ RunTime:0.005487s ]
INFO: [ view_parse ] --END-- [ RunTime:0.005521s ]
INFO: [ view_filter ] --START--
INFO: Run Behavior\WriteHtmlCacheBehavior [ RunTime:0.000167s ]
INFO: [ view_filter ] --END-- [ RunTime:0.000191s ]
INFO: [ app_end ] --START--
INFO: Run Behavior\ShowPageTraceBehavior [ RunTime:0.000448s ]
INFO: [ app_end ] --END-- [ RunTime:0.000475s ]

[ 2020-05-11T17:30:42+08:00 ] 127.0.0.1 /Admin/Login/verify.html
INFO: [ app_init ] --START--
INFO: Run Behavior\BuildLiteBehavior [ RunTime:0.000018s ]
INFO: [ app_init ] --END-- [ RunTime:0.000387s ]
INFO: [ app_begin ] --START--
INFO: Run Behavior\ReadHtmlCacheBehavior [ RunTime:0.000419s ]
INFO: [ app_begin ] --END-- [ RunTime:0.000449s ]
INFO: [ app_end ] --START--
INFO: Run Behavior\ShowPageTraceBehavior [ RunTime:0.000558s ]
INFO: [ app_end ] --END-- [ RunTime:0.000609s ]

[ 2020-05-11T17:30:47+08:00 ] 127.0.0.1 /Admin/Login/verify.html?date=1589189447345
INFO: [ app_init ] --START--
INFO: Run Behavior\BuildLiteBehavior [ RunTime:0.000010s ]
INFO: [ app_init ] --END-- [ RunTime:0.000297s ]
INFO: [ app_begin ] --START--
INFO: Run Behavior\ReadHtmlCacheBehavior [ RunTime:0.000391s ]
INFO: [ app_begin ] --END-- [ RunTime:0.000421s ]
INFO: [ app_end ] --START--
INFO: Run Behavior\ShowPageTraceBehavior [ RunTime:0.000557s ]
INFO: [ app_end ] --END-- [ RunTime:0.000605s ]

[ 2020-05-11T17:30:52+08:00 ] 127.0.0.1 /Admin/Login/verify.html?date=1589189452000
INFO: [ app_init ] --START--
INFO: Run Behavior\BuildLiteBehavior [ RunTime:0.000010s ]
INFO: [ app_init ] --END-- [ RunTime:0.000305s ]
INFO: [ app_begin ] --START--
INFO: Run Behavior\ReadHtmlCacheBehavior [ RunTime:0.000501s ]
INFO: [ app_begin ] --END-- [ RunTime:0.000559s ]
INFO: [ app_end ] --START--
INFO: Run Behavior\ShowPageTraceBehavior [ RunTime:0.000506s ]
INFO: [ app_end ] --END-- [ RunTime:0.000549s ]

[ 2020-05-11T17:30:55+08:00 ] 127.0.0.1 /Admin/Login/login.html
INFO: [ app_init ] --START--
INFO: Run Behavior\BuildLiteBehavior [ RunTime:0.000011s ]
INFO: [ app_init ] --END-- [ RunTime:0.000309s ]
INFO: [ app_begin ] --START--
INFO: Run Behavior\ReadHtmlCacheBehavior [ RunTime:0.000417s ]
INFO: [ app_begin ] --END-- [ RunTime:0.000453s ]
NOTIC: [2] Declaration of Admin\Model\AdminModel::_after_insert($data) should be compatible with Think\Model::_after_insert($data, $options) /Applications/MAMP/www/jxshop/Application/Admin/Model/AdminModel.class.php 第 4 行.
SQL: SELECT * FROM `jx_admin` WHERE ( username='admin' ) LIMIT 1   [ RunTime:0.0007s ]
INFO: [ view_parse ] --START--
INFO: [ template_filter ] --START--
INFO: Run Behavior\ContentReplaceBehavior [ RunTime:0.000033s ]
INFO: [ template_filter ] --END-- [ RunTime:0.000063s ]
INFO: Run Behavior\ParseTemplateBehavior [ RunTime:0.006112s ]
INFO: [ view_parse ] --END-- [ RunTime:0.006143s ]
INFO: [ view_filter ] --START--
INFO: Run Behavior\WriteHtmlCacheBehavior [ RunTime:0.000145s ]
INFO: [ view_filter ] --END-- [ RunTime:0.000166s ]
INFO: [ app_end ] --START--
INFO: Run Behavior\ShowPageTraceBehavior [ RunTime:0.000449s ]
INFO: [ app_end ] --END-- [ RunTime:0.000473s ]

[ 2020-05-11T17:30:56+08:00 ] 127.0.0.1 /Admin/Index/index.html
INFO: [ app_init ] --START--
INFO: Run Behavior\BuildLiteBehavior [ RunTime:0.000011s ]
INFO: [ app_init ] --END-- [ RunTime:0.000306s ]
INFO: [ app_begin ] --START--
INFO: Run Behavior\ReadHtmlCacheBehavior [ RunTime:0.000392s ]
INFO: [ app_begin ] --END-- [ RunTime:0.000421s ]
INFO: [ view_parse ] --START--
INFO: [ template_filter ] --START--
INFO: Run Behavior\ContentReplaceBehavior [ RunTime:0.000028s ]
INFO: [ template_filter ] --END-- [ RunTime:0.000063s ]
INFO: Run Behavior\ParseTemplateBehavior [ RunTime:0.005701s ]
INFO: [ view_parse ] --END-- [ RunTime:0.005737s ]
INFO: [ view_filter ] --START--
INFO: Run Behavior\WriteHtmlCacheBehavior [ RunTime:0.000152s ]
INFO: [ view_filter ] --END-- [ RunTime:0.000176s ]
INFO: [ app_end ] --START--
INFO: Run Behavior\ShowPageTraceBehavior [ RunTime:0.000450s ]
INFO: [ app_end ] --END-- [ RunTime:0.000475s ]

[ 2020-05-11T17:30:56+08:00 ] 127.0.0.1 /Admin/Index/top.html
INFO: [ app_init ] --START--
INFO: Run Behavior\BuildLiteBehavior [ RunTime:0.000010s ]
INFO: [ app_init ] --END-- [ RunTime:0.000309s ]
INFO: [ app_begin ] --START--
INFO: Run Behavior\ReadHtmlCacheBehavior [ RunTime:0.000397s ]
INFO: [ app_begin ] --END-- [ RunTime:0.000426s ]
INFO: [ view_parse ] --START--
INFO: [ template_filter ] --START--
INFO: Run Behavior\ContentReplaceBehavior [ RunTime:0.000049s ]
INFO: [ template_filter ] --END-- [ RunTime:0.000082s ]
INFO: Run Behavior\ParseTemplateBehavior [ RunTime:0.004823s ]
INFO: [ view_parse ] --END-- [ RunTime:0.004855s ]
INFO: [ view_filter ] --START--
INFO: Run Behavior\WriteHtmlCacheBehavior [ RunTime:0.000144s ]
INFO: [ view_filter ] --END-- [ RunTime:0.000167s ]
INFO: [ app_end ] --START--
INFO: Run Behavior\ShowPageTraceBehavior [ RunTime:0.000439s ]
INFO: [ app_end ] --END-- [ RunTime:0.000464s ]

[ 2020-05-11T17:30:56+08:00 ] 127.0.0.1 /Admin/Index/menu.html
INFO: [ app_init ] --START--
INFO: Run Behavior\BuildLiteBehavior [ RunTime:0.000009s ]
INFO: [ app_init ] --END-- [ RunTime:0.000302s ]
INFO: [ app_begin ] --START--
INFO: Run Behavior\ReadHtmlCacheBehavior [ RunTime:0.000395s ]
INFO: [ app_begin ] --END-- [ RunTime:0.000425s ]
INFO: [ view_parse ] --START--
INFO: [ template_filter ] --START--
INFO: Run Behavior\ContentReplaceBehavior [ RunTime:0.000083s ]
INFO: [ template_filter ] --END-- [ RunTime:0.000122s ]
NOTIC: [8] Use of undefined constant module_name - assumed 'module_name' /Applications/MAMP/www/jxshop/Application/Runtime/Cache/Admin/4711116eb0e4f69de5996d5f852d801e.php 第 129 行.
NOTIC: [8] Use of undefined constant controller_name - assumed 'controller_name' /Applications/MAMP/www/jxshop/Application/Runtime/Cache/Admin/4711116eb0e4f69de5996d5f852d801e.php 第 129 行.
NOTIC: [8] Use of undefined constant action_name - assumed 'action_name' /Applications/MAMP/www/jxshop/Application/Runtime/Cache/Admin/4711116eb0e4f69de5996d5f852d801e.php 第 129 行.
NOTIC: [8] Use of undefined constant module_name - assumed 'module_name' /Applications/MAMP/www/jxshop/Application/Runtime/Cache/Admin/4711116eb0e4f69de5996d5f852d801e.php 第 129 行.
NOTIC: [8] Use of undefined constant controller_name - assumed 'controller_name' /Applications/MAMP/www/jxshop/Application/Runtime/Cache/Admin/4711116eb0e4f69de5996d5f852d801e.php 第 129 行.
NOTIC: [8] Use of undefined constant action_name - assumed 'action_name' /Applications/MAMP/www/jxshop/Application/Runtime/Cache/Admin/4711116eb0e4f69de5996d5f852d801e.php 第 129 行.
NOTIC: [8] Use of undefined constant module_name - assumed 'module_name' /Applications/MAMP/www/jxshop/Application/Runtime/Cache/Admin/4711116eb0e4f69de5996d5f852d801e.php 第 129 行.
NOTIC: [8] Use of undefined constant controller_name - assumed 'controller_name' /Applications/MAMP/www/jxshop/Application/Runtime/Cache/Admin/4711116eb0e4f69de5996d5f852d801e.php 第 129 行.
NOTIC: [8] Use of undefined constant action_name - assumed 'action_name' /Applications/MAMP/www/jxshop/Application/Runtime/Cache/Admin/4711116eb0e4f69de5996d5f852d801e.php 第 129 行.
NOTIC: [8] Use of undefined constant module_name - assumed 'module_name' /Applications/MAMP/www/jxshop/Application/Runtime/Cache/Admin/4711116eb0e4f69de5996d5f852d801e.php 第 129 行.
NOTIC: [8] Use of undefined constant controller_name - assumed 'controller_name' /Applications/MAMP/www/jxshop/Application/Runtime/Cache/Admin/4711116eb0e4f69de5996d5f852d801e.php 第 129 行.
NOTIC: [8] Use of undefined constant action_name - assumed 'action_name' /Applications/MAMP/www/jxshop/Application/Runtime/Cache/Admin/4711116eb0e4f69de5996d5f852d801e.php 第 129 行.
NOTIC: [8] Use of undefined constant module_name - assumed 'module_name' /Applications/MAMP/www/jxshop/Application/Runtime/Cache/Admin/4711116eb0e4f69de5996d5f852d801e.php 第 129 行.
NOTIC: [8] Use of undefined constant controller_name - assumed 'controller_name' /Applications/MAMP/www/jxshop/Application/Runtime/Cache/Admin/4711116eb0e4f69de5996d5f852d801e.php 第 129 行.
NOTIC: [8] Use of undefined constant action_name - assumed 'action_name' /Applications/MAMP/www/jxshop/Application/Runtime/Cache/Admin/4711116eb0e4f69de5996d5f852d801e.php 第 129 行.
NOTIC: [8] Use of undefined constant module_name - assumed 'module_name' /Applications/MAMP/www/jxshop/Application/Runtime/Cache/Admin/4711116eb0e4f69de5996d5f852d801e.php 第 129 行.
NOTIC: [8] Use of undefined constant controller_name - assumed 'controller_name' /Applications/MAMP/www/jxshop/Application/Runtime/Cache/Admin/4711116eb0e4f69de5996d5f852d801e.php 第 129 行.
NOTIC: [8] Use of undefined constant action_name - assumed 'action_name' /Applications/MAMP/www/jxshop/Application/Runtime/Cache/Admin/4711116eb0e4f69de5996d5f852d801e.php 第 129 行.
NOTIC: [8] Use of undefined constant module_name - assumed 'module_name' /Applications/MAMP/www/jxshop/Application/Runtime/Cache/Admin/4711116eb0e4f69de5996d5f852d801e.php 第 129 行.
NOTIC: [8] Use of undefined constant controller_name - assumed 'controller_name' /Applications/MAMP/www/jxshop/Application/Runtime/Cache/Admin/4711116eb0e4f69de5996d5f852d801e.php 第 129 行.
NOTIC: [8] Use of undefined constant action_name - assumed 'action_name' /Applications/MAMP/www/jxshop/Application/Runtime/Cache/Admin/4711116eb0e4f69de5996d5f852d801e.php 第 129 行.
NOTIC: [8] Use of undefined constant module_name - assumed 'module_name' /Applications/MAMP/www/jxshop/Application/Runtime/Cache/Admin/4711116eb0e4f69de5996d5f852d801e.php 第 129 行.
NOTIC: [8] Use of undefined constant controller_name - assumed 'controller_name' /Applications/MAMP/www/jxshop/Application/Runtime/Cache/Admin/4711116eb0e4f69de5996d5f852d801e.php 第 129 行.
NOTIC: [8] Use of undefined constant action_name - assumed 'action_name' /Applications/MAMP/www/jxshop/Application/Runtime/Cache/Admin/4711116eb0e4f69de5996d5f852d801e.php 第 129 行.
NOTIC: [8] Use of undefined constant module_name - assumed 'module_name' /Applications/MAMP/www/jxshop/Application/Runtime/Cache/Admin/4711116eb0e4f69de5996d5f852d801e.php 第 129 行.
NOTIC: [8] Use of undefined constant controller_name - assumed 'controller_name' /Applications/MAMP/www/jxshop/Application/Runtime/Cache/Admin/4711116eb0e4f69de5996d5f852d801e.php 第 129 行.
NOTIC: [8] Use of undefined constant action_name - assumed 'action_name' /Applications/MAMP/www/jxshop/Application/Runtime/Cache/Admin/4711116eb0e4f69de5996d5f852d801e.php 第 129 行.
NOTIC: [8] Use of undefined constant module_name - assumed 'module_name' /Applications/MAMP/www/jxshop/Application/Runtime/Cache/Admin/4711116eb0e4f69de5996d5f852d801e.php 第 129 行.
NOTIC: [8] Use of undefined constant controller_name - assumed 'controller_name' /Applications/MAMP/www/jxshop/Application/Runtime/Cache/Admin/4711116eb0e4f69de5996d5f852d801e.php 第 129 行.
NOTIC: [8] Use of undefined constant action_name - assumed 'action_name' /Applications/MAMP/www/jxshop/Application/Runtime/Cache/Admin/4711116eb0e4f69de5996d5f852d801e.php 第 129 行.
NOTIC: [8] Use of undefined constant module_name - assumed 'module_name' /Applications/MAMP/www/jxshop/Application/Runtime/Cache/Admin/4711116eb0e4f69de5996d5f852d801e.php 第 129 行.
NOTIC: [8] Use of undefined constant controller_name - assumed 'controller_name' /Applications/MAMP/www/jxshop/Application/Runtime/Cache/Admin/4711116eb0e4f69de5996d5f852d801e.php 第 129 行.
NOTIC: [8] Use of undefined constant action_name - assumed 'action_name' /Applications/MAMP/www/jxshop/Application/Runtime/Cache/Admin/4711116eb0e4f69de5996d5f852d801e.php 第 129 行.
INFO: Run Behavior\ParseTemplateBehavior [ RunTime:0.009951s ]
INFO: [ view_parse ] --END-- [ RunTime:0.009984s ]
INFO: [ view_filter ] --START--
INFO: Run Behavior\WriteHtmlCacheBehavior [ RunTime:0.000180s ]
INFO: [ view_filter ] --END-- [ RunTime:0.000204s ]
INFO: [ app_end ] --START--
INFO: Run Behavior\ShowPageTraceBehavior [ RunTime:0.000465s ]
INFO: [ app_end ] --END-- [ RunTime:0.000492s ]

[ 2020-05-11T17:30:56+08:00 ] 127.0.0.1 /Admin/Index/main.html
INFO: [ app_init ] --START--
INFO: Run Behavior\BuildLiteBehavior [ RunTime:0.000009s ]
INFO: [ app_init ] --END-- [ RunTime:0.000302s ]
INFO: [ app_begin ] --START--
INFO: Run Behavior\ReadHtmlCacheBehavior [ RunTime:0.000401s ]
INFO: [ app_begin ] --END-- [ RunTime:0.000429s ]
INFO: [ view_parse ] --START--
INFO: [ template_filter ] --START--
INFO: Run Behavior\ContentReplaceBehavior [ RunTime:0.000056s ]
INFO: [ template_filter ] --END-- [ RunTime:0.000103s ]
INFO: Run Behavior\ParseTemplateBehavior [ RunTime:0.007466s ]
INFO: [ view_parse ] --END-- [ RunTime:0.007508s ]
INFO: [ view_filter ] --START--
INFO: Run Behavior\WriteHtmlCacheBehavior [ RunTime:0.000172s ]
INFO: [ view_filter ] --END-- [ RunTime:0.000195s ]
INFO: [ app_end ] --START--
INFO: Run Behavior\ShowPageTraceBehavior [ RunTime:0.000449s ]
INFO: [ app_end ] --END-- [ RunTime:0.000475s ]

[ 2020-05-11T17:31:13+08:00 ] 127.0.0.1 /Admin/Index/top.html
INFO: [ app_init ] --START--
INFO: Run Behavior\BuildLiteBehavior [ RunTime:0.000011s ]
INFO: [ app_init ] --END-- [ RunTime:0.000313s ]
INFO: [ app_begin ] --START--
INFO: Run Behavior\ReadHtmlCacheBehavior [ RunTime:0.000399s ]
INFO: [ app_begin ] --END-- [ RunTime:0.000430s ]
INFO: [ view_parse ] --START--
INFO: [ template_filter ] --START--
INFO: Run Behavior\ContentReplaceBehavior [ RunTime:0.000052s ]
INFO: [ template_filter ] --END-- [ RunTime:0.000090s ]
INFO: Run Behavior\ParseTemplateBehavior [ RunTime:0.006295s ]
INFO: [ view_parse ] --END-- [ RunTime:0.006330s ]
INFO: [ view_filter ] --START--
INFO: Run Behavior\WriteHtmlCacheBehavior [ RunTime:0.000154s ]
INFO: [ view_filter ] --END-- [ RunTime:0.000176s ]
INFO: [ app_end ] --START--
INFO: Run Behavior\ShowPageTraceBehavior [ RunTime:0.000447s ]
INFO: [ app_end ] --END-- [ RunTime:0.000472s ]

[ 2020-05-11T17:32:10+08:00 ] 127.0.0.1 /Admin/Index/top.html
INFO: [ app_init ] --START--
INFO: Run Behavior\BuildLiteBehavior [ RunTime:0.000010s ]
INFO: [ app_init ] --END-- [ RunTime:0.000303s ]
INFO: [ app_begin ] --START--
INFO: Run Behavior\ReadHtmlCacheBehavior [ RunTime:0.000394s ]
INFO: [ app_begin ] --END-- [ RunTime:0.000421s ]
INFO: [ view_parse ] --START--
INFO: [ template_filter ] --START--
INFO: Run Behavior\ContentReplaceBehavior [ RunTime:0.000078s ]
INFO: [ template_filter ] --END-- [ RunTime:0.000117s ]
INFO: Run Behavior\ParseTemplateBehavior [ RunTime:0.006513s ]
INFO: [ view_parse ] --END-- [ RunTime:0.006570s ]
INFO: [ view_filter ] --START--
INFO: Run Behavior\WriteHtmlCacheBehavior [ RunTime:0.000229s ]
INFO: [ view_filter ] --END-- [ RunTime:0.000269s ]
INFO: [ app_end ] --START--
INFO: Run Behavior\ShowPageTraceBehavior [ RunTime:0.000466s ]
INFO: [ app_end ] --END-- [ RunTime:0.000494s ]

[ 2020-05-11T18:09:02+08:00 ] 127.0.0.1 /Admin/Index/index.html
INFO: [ app_init ] --START--
INFO: Run Behavior\BuildLiteBehavior [ RunTime:0.000012s ]
INFO: [ app_init ] --END-- [ RunTime:0.000363s ]
INFO: [ app_begin ] --START--
INFO: Run Behavior\ReadHtmlCacheBehavior [ RunTime:0.000405s ]
INFO: [ app_begin ] --END-- [ RunTime:0.000435s ]
INFO: [ view_parse ] --START--
INFO: [ template_filter ] --START--
INFO: Run Behavior\ContentReplaceBehavior [ RunTime:0.000032s ]
INFO: [ template_filter ] --END-- [ RunTime:0.000068s ]
INFO: Run Behavior\ParseTemplateBehavior [ RunTime:0.006741s ]
INFO: [ view_parse ] --END-- [ RunTime:0.006779s ]
INFO: [ view_filter ] --START--
INFO: Run Behavior\WriteHtmlCacheBehavior [ RunTime:0.000162s ]
INFO: [ view_filter ] --END-- [ RunTime:0.000187s ]
INFO: [ app_end ] --START--
INFO: Run Behavior\ShowPageTraceBehavior [ RunTime:0.000453s ]
INFO: [ app_end ] --END-- [ RunTime:0.000480s ]

[ 2020-05-11T18:09:02+08:00 ] 127.0.0.1 /Admin/Index/top.html
INFO: [ app_init ] --START--
INFO: Run Behavior\BuildLiteBehavior [ RunTime:0.000012s ]
INFO: [ app_init ] --END-- [ RunTime:0.000348s ]
INFO: [ app_begin ] --START--
INFO: Run Behavior\ReadHtmlCacheBehavior [ RunTime:0.000400s ]
INFO: [ app_begin ] --END-- [ RunTime:0.000429s ]
INFO: [ view_parse ] --START--
INFO: [ template_filter ] --START--
INFO: Run Behavior\ContentReplaceBehavior [ RunTime:0.000046s ]
INFO: [ template_filter ] --END-- [ RunTime:0.000077s ]
INFO: Run Behavior\ParseTemplateBehavior [ RunTime:0.004736s ]
INFO: [ view_parse ] --END-- [ RunTime:0.004772s ]
INFO: [ view_filter ] --START--
INFO: Run Behavior\WriteHtmlCacheBehavior [ RunTime:0.000152s ]
INFO: [ view_filter ] --END-- [ RunTime:0.000174s ]
INFO: [ app_end ] --START--
INFO: Run Behavior\ShowPageTraceBehavior [ RunTime:0.000462s ]
INFO: [ app_end ] --END-- [ RunTime:0.000488s ]

[ 2020-05-11T18:09:02+08:00 ] 127.0.0.1 /Admin/Index/menu.html
INFO: [ app_init ] --START--
INFO: Run Behavior\BuildLiteBehavior [ RunTime:0.000009s ]
INFO: [ app_init ] --END-- [ RunTime:0.000304s ]
INFO: [ app_begin ] --START--
INFO: Run Behavior\ReadHtmlCacheBehavior [ RunTime:0.000398s ]
INFO: [ app_begin ] --END-- [ RunTime:0.000429s ]
INFO: [ view_parse ] --START--
INFO: [ template_filter ] --START--
INFO: Run Behavior\ContentReplaceBehavior [ RunTime:0.000083s ]
INFO: [ template_filter ] --END-- [ RunTime:0.000118s ]
NOTIC: [8] Use of undefined constant module_name - assumed 'module_name' /Applications/MAMP/www/jxshop/Application/Runtime/Cache/Admin/4711116eb0e4f69de5996d5f852d801e.php 第 129 行.
NOTIC: [8] Use of undefined constant controller_name - assumed 'controller_name' /Applications/MAMP/www/jxshop/Application/Runtime/Cache/Admin/4711116eb0e4f69de5996d5f852d801e.php 第 129 行.
NOTIC: [8] Use of undefined constant action_name - assumed 'action_name' /Applications/MAMP/www/jxshop/Application/Runtime/Cache/Admin/4711116eb0e4f69de5996d5f852d801e.php 第 129 行.
NOTIC: [8] Use of undefined constant module_name - assumed 'module_name' /Applications/MAMP/www/jxshop/Application/Runtime/Cache/Admin/4711116eb0e4f69de5996d5f852d801e.php 第 129 行.
NOTIC: [8] Use of undefined constant controller_name - assumed 'controller_name' /Applications/MAMP/www/jxshop/Application/Runtime/Cache/Admin/4711116eb0e4f69de5996d5f852d801e.php 第 129 行.
NOTIC: [8] Use of undefined constant action_name - assumed 'action_name' /Applications/MAMP/www/jxshop/Application/Runtime/Cache/Admin/4711116eb0e4f69de5996d5f852d801e.php 第 129 行.
NOTIC: [8] Use of undefined constant module_name - assumed 'module_name' /Applications/MAMP/www/jxshop/Application/Runtime/Cache/Admin/4711116eb0e4f69de5996d5f852d801e.php 第 129 行.
NOTIC: [8] Use of undefined constant controller_name - assumed 'controller_name' /Applications/MAMP/www/jxshop/Application/Runtime/Cache/Admin/4711116eb0e4f69de5996d5f852d801e.php 第 129 行.
NOTIC: [8] Use of undefined constant action_name - assumed 'action_name' /Applications/MAMP/www/jxshop/Application/Runtime/Cache/Admin/4711116eb0e4f69de5996d5f852d801e.php 第 129 行.
NOTIC: [8] Use of undefined constant module_name - assumed 'module_name' /Applications/MAMP/www/jxshop/Application/Runtime/Cache/Admin/4711116eb0e4f69de5996d5f852d801e.php 第 129 行.
NOTIC: [8] Use of undefined constant controller_name - assumed 'controller_name' /Applications/MAMP/www/jxshop/Application/Runtime/Cache/Admin/4711116eb0e4f69de5996d5f852d801e.php 第 129 行.
NOTIC: [8] Use of undefined constant action_name - assumed 'action_name' /Applications/MAMP/www/jxshop/Application/Runtime/Cache/Admin/4711116eb0e4f69de5996d5f852d801e.php 第 129 行.
NOTIC: [8] Use of undefined constant module_name - assumed 'module_name' /Applications/MAMP/www/jxshop/Application/Runtime/Cache/Admin/4711116eb0e4f69de5996d5f852d801e.php 第 129 行.
NOTIC: [8] Use of undefined constant controller_name - assumed 'controller_name' /Applications/MAMP/www/jxshop/Application/Runtime/Cache/Admin/4711116eb0e4f69de5996d5f852d801e.php 第 129 行.
NOTIC: [8] Use of undefined constant action_name - assumed 'action_name' /Applications/MAMP/www/jxshop/Application/Runtime/Cache/Admin/4711116eb0e4f69de5996d5f852d801e.php 第 129 行.
NOTIC: [8] Use of undefined constant module_name - assumed 'module_name' /Applications/MAMP/www/jxshop/Application/Runtime/Cache/Admin/4711116eb0e4f69de5996d5f852d801e.php 第 129 行.
NOTIC: [8] Use of undefined constant controller_name - assumed 'controller_name' /Applications/MAMP/www/jxshop/Application/Runtime/Cache/Admin/4711116eb0e4f69de5996d5f852d801e.php 第 129 行.
NOTIC: [8] Use of undefined constant action_name - assumed 'action_name' /Applications/MAMP/www/jxshop/Application/Runtime/Cache/Admin/4711116eb0e4f69de5996d5f852d801e.php 第 129 行.
NOTIC: [8] Use of undefined constant module_name - assumed 'module_name' /Applications/MAMP/www/jxshop/Application/Runtime/Cache/Admin/4711116eb0e4f69de5996d5f852d801e.php 第 129 行.
NOTIC: [8] Use of undefined constant controller_name - assumed 'controller_name' /Applications/MAMP/www/jxshop/Application/Runtime/Cache/Admin/4711116eb0e4f69de5996d5f852d801e.php 第 129 行.
NOTIC: [8] Use of undefined constant action_name - assumed 'action_name' /Applications/MAMP/www/jxshop/Application/Runtime/Cache/Admin/4711116eb0e4f69de5996d5f852d801e.php 第 129 行.
NOTIC: [8] Use of undefined constant module_name - assumed 'module_name' /Applications/MAMP/www/jxshop/Application/Runtime/Cache/Admin/4711116eb0e4f69de5996d5f852d801e.php 第 129 行.
NOTIC: [8] Use of undefined constant controller_name - assumed 'controller_name' /Applications/MAMP/www/jxshop/Application/Runtime/Cache/Admin/4711116eb0e4f69de5996d5f852d801e.php 第 129 行.
NOTIC: [8] Use of undefined constant action_name - assumed 'action_name' /Applications/MAMP/www/jxshop/Application/Runtime/Cache/Admin/4711116eb0e4f69de5996d5f852d801e.php 第 129 行.
NOTIC: [8] Use of undefined constant module_name - assumed 'module_name' /Applications/MAMP/www/jxshop/Application/Runtime/Cache/Admin/4711116eb0e4f69de5996d5f852d801e.php 第 129 行.
NOTIC: [8] Use of undefined constant controller_name - assumed 'controller_name' /Applications/MAMP/www/jxshop/Application/Runtime/Cache/Admin/4711116eb0e4f69de5996d5f852d801e.php 第 129 行.
NOTIC: [8] Use of undefined constant action_name - assumed 'action_name' /Applications/MAMP/www/jxshop/Application/Runtime/Cache/Admin/4711116eb0e4f69de5996d5f852d801e.php 第 129 行.
NOTIC: [8] Use of undefined constant module_name - assumed 'module_name' /Applications/MAMP/www/jxshop/Application/Runtime/Cache/Admin/4711116eb0e4f69de5996d5f852d801e.php 第 129 行.
NOTIC: [8] Use of undefined constant controller_name - assumed 'controller_name' /Applications/MAMP/www/jxshop/Application/Runtime/Cache/Admin/4711116eb0e4f69de5996d5f852d801e.php 第 129 行.
NOTIC: [8] Use of undefined constant action_name - assumed 'action_name' /Applications/MAMP/www/jxshop/Application/Runtime/Cache/Admin/4711116eb0e4f69de5996d5f852d801e.php 第 129 行.
NOTIC: [8] Use of undefined constant module_name - assumed 'module_name' /Applications/MAMP/www/jxshop/Application/Runtime/Cache/Admin/4711116eb0e4f69de5996d5f852d801e.php 第 129 行.
NOTIC: [8] Use of undefined constant controller_name - assumed 'controller_name' /Applications/MAMP/www/jxshop/Application/Runtime/Cache/Admin/4711116eb0e4f69de5996d5f852d801e.php 第 129 行.
NOTIC: [8] Use of undefined constant action_name - assumed 'action_name' /Applications/MAMP/www/jxshop/Application/Runtime/Cache/Admin/4711116eb0e4f69de5996d5f852d801e.php 第 129 行.
INFO: Run Behavior\ParseTemplateBehavior [ RunTime:0.008738s ]
INFO: [ view_parse ] --END-- [ RunTime:0.008770s ]
INFO: [ view_filter ] --START--
INFO: Run Behavior\WriteHtmlCacheBehavior [ RunTime:0.000165s ]
INFO: [ view_filter ] --END-- [ RunTime:0.000188s ]
INFO: [ app_end ] --START--
INFO: Run Behavior\ShowPageTraceBehavior [ RunTime:0.000441s ]
INFO: [ app_end ] --END-- [ RunTime:0.000468s ]

[ 2020-05-11T18:09:02+08:00 ] 127.0.0.1 /Admin/Index/main.html
INFO: [ app_init ] --START--
INFO: Run Behavior\BuildLiteBehavior [ RunTime:0.000009s ]
INFO: [ app_init ] --END-- [ RunTime:0.000339s ]
INFO: [ app_begin ] --START--
INFO: Run Behavior\ReadHtmlCacheBehavior [ RunTime:0.000419s ]
INFO: [ app_begin ] --END-- [ RunTime:0.000453s ]
INFO: [ view_parse ] --START--
INFO: [ template_filter ] --START--
INFO: Run Behavior\ContentReplaceBehavior [ RunTime:0.000060s ]
INFO: [ template_filter ] --END-- [ RunTime:0.000101s ]
INFO: Run Behavior\ParseTemplateBehavior [ RunTime:0.006720s ]
INFO: [ view_parse ] --END-- [ RunTime:0.006765s ]
INFO: [ view_filter ] --START--
INFO: Run Behavior\WriteHtmlCacheBehavior [ RunTime:0.000185s ]
INFO: [ view_filter ] --END-- [ RunTime:0.000209s ]
INFO: [ app_end ] --START--
INFO: Run Behavior\ShowPageTraceBehavior [ RunTime:0.000447s ]
INFO: [ app_end ] --END-- [ RunTime:0.000473s ]

[ 2020-05-11T18:09:03+08:00 ] 127.0.0.1 /Admin/Index/index.html
INFO: [ app_init ] --START--
INFO: Run Behavior\BuildLiteBehavior [ RunTime:0.000012s ]
INFO: [ app_init ] --END-- [ RunTime:0.000312s ]
INFO: [ app_begin ] --START--
INFO: Run Behavior\ReadHtmlCacheBehavior [ RunTime:0.000402s ]
INFO: [ app_begin ] --END-- [ RunTime:0.000432s ]
INFO: [ view_parse ] --START--
INFO: [ template_filter ] --START--
INFO: Run Behavior\ContentReplaceBehavior [ RunTime:0.000024s ]
INFO: [ template_filter ] --END-- [ RunTime:0.000053s ]
INFO: Run Behavior\ParseTemplateBehavior [ RunTime:0.004129s ]
INFO: [ view_parse ] --END-- [ RunTime:0.004159s ]
INFO: [ view_filter ] --START--
INFO: Run Behavior\WriteHtmlCacheBehavior [ RunTime:0.000145s ]
INFO: [ view_filter ] --END-- [ RunTime:0.000168s ]
INFO: [ app_end ] --START--
INFO: Run Behavior\ShowPageTraceBehavior [ RunTime:0.000467s ]
INFO: [ app_end ] --END-- [ RunTime:0.000497s ]

[ 2020-05-11T18:09:03+08:00 ] 127.0.0.1 /Admin/Index/top.html
INFO: [ app_init ] --START--
INFO: Run Behavior\BuildLiteBehavior [ RunTime:0.000012s ]
INFO: [ app_init ] --END-- [ RunTime:0.000326s ]
INFO: [ app_begin ] --START--
INFO: Run Behavior\ReadHtmlCacheBehavior [ RunTime:0.000400s ]
INFO: [ app_begin ] --END-- [ RunTime:0.000429s ]
INFO: [ view_parse ] --START--
INFO: [ template_filter ] --START--
INFO: Run Behavior\ContentReplaceBehavior [ RunTime:0.000054s ]
INFO: [ template_filter ] --END-- [ RunTime:0.000089s ]
INFO: Run Behavior\ParseTemplateBehavior [ RunTime:0.004692s ]
INFO: [ view_parse ] --END-- [ RunTime:0.004725s ]
INFO: [ view_filter ] --START--
INFO: Run Behavior\WriteHtmlCacheBehavior [ RunTime:0.000154s ]
INFO: [ view_filter ] --END-- [ RunTime:0.000175s ]
INFO: [ app_end ] --START--
INFO: Run Behavior\ShowPageTraceBehavior [ RunTime:0.000438s ]
INFO: [ app_end ] --END-- [ RunTime:0.000463s ]

[ 2020-05-11T18:09:03+08:00 ] 127.0.0.1 /Admin/Index/menu.html
INFO: [ app_init ] --START--
INFO: Run Behavior\BuildLiteBehavior [ RunTime:0.000010s ]
INFO: [ app_init ] --END-- [ RunTime:0.000297s ]
INFO: [ app_begin ] --START--
INFO: Run Behavior\ReadHtmlCacheBehavior [ RunTime:0.000402s ]
INFO: [ app_begin ] --END-- [ RunTime:0.000432s ]
INFO: [ view_parse ] --START--
INFO: [ template_filter ] --START--
INFO: Run Behavior\ContentReplaceBehavior [ RunTime:0.000085s ]
INFO: [ template_filter ] --END-- [ RunTime:0.000119s ]
NOTIC: [8] Use of undefined constant module_name - assumed 'module_name' /Applications/MAMP/www/jxshop/Application/Runtime/Cache/Admin/4711116eb0e4f69de5996d5f852d801e.php 第 129 行.
NOTIC: [8] Use of undefined constant controller_name - assumed 'controller_name' /Applications/MAMP/www/jxshop/Application/Runtime/Cache/Admin/4711116eb0e4f69de5996d5f852d801e.php 第 129 行.
NOTIC: [8] Use of undefined constant action_name - assumed 'action_name' /Applications/MAMP/www/jxshop/Application/Runtime/Cache/Admin/4711116eb0e4f69de5996d5f852d801e.php 第 129 行.
NOTIC: [8] Use of undefined constant module_name - assumed 'module_name' /Applications/MAMP/www/jxshop/Application/Runtime/Cache/Admin/4711116eb0e4f69de5996d5f852d801e.php 第 129 行.
NOTIC: [8] Use of undefined constant controller_name - assumed 'controller_name' /Applications/MAMP/www/jxshop/Application/Runtime/Cache/Admin/4711116eb0e4f69de5996d5f852d801e.php 第 129 行.
NOTIC: [8] Use of undefined constant action_name - assumed 'action_name' /Applications/MAMP/www/jxshop/Application/Runtime/Cache/Admin/4711116eb0e4f69de5996d5f852d801e.php 第 129 行.
NOTIC: [8] Use of undefined constant module_name - assumed 'module_name' /Applications/MAMP/www/jxshop/Application/Runtime/Cache/Admin/4711116eb0e4f69de5996d5f852d801e.php 第 129 行.
NOTIC: [8] Use of undefined constant controller_name - assumed 'controller_name' /Applications/MAMP/www/jxshop/Application/Runtime/Cache/Admin/4711116eb0e4f69de5996d5f852d801e.php 第 129 行.
NOTIC: [8] Use of undefined constant action_name - assumed 'action_name' /Applications/MAMP/www/jxshop/Application/Runtime/Cache/Admin/4711116eb0e4f69de5996d5f852d801e.php 第 129 行.
NOTIC: [8] Use of undefined constant module_name - assumed 'module_name' /Applications/MAMP/www/jxshop/Application/Runtime/Cache/Admin/4711116eb0e4f69de5996d5f852d801e.php 第 129 行.
NOTIC: [8] Use of undefined constant controller_name - assumed 'controller_name' /Applications/MAMP/www/jxshop/Application/Runtime/Cache/Admin/4711116eb0e4f69de5996d5f852d801e.php 第 129 行.
NOTIC: [8] Use of undefined constant action_name - assumed 'action_name' /Applications/MAMP/www/jxshop/Application/Runtime/Cache/Admin/4711116eb0e4f69de5996d5f852d801e.php 第 129 行.
NOTIC: [8] Use of undefined constant module_name - assumed 'module_name' /Applications/MAMP/www/jxshop/Application/Runtime/Cache/Admin/4711116eb0e4f69de5996d5f852d801e.php 第 129 行.
NOTIC: [8] Use of undefined constant controller_name - assumed 'controller_name' /Applications/MAMP/www/jxshop/Application/Runtime/Cache/Admin/4711116eb0e4f69de5996d5f852d801e.php 第 129 行.
NOTIC: [8] Use of undefined constant action_name - assumed 'action_name' /Applications/MAMP/www/jxshop/Application/Runtime/Cache/Admin/4711116eb0e4f69de5996d5f852d801e.php 第 129 行.
NOTIC: [8] Use of undefined constant module_name - assumed 'module_name' /Applications/MAMP/www/jxshop/Application/Runtime/Cache/Admin/4711116eb0e4f69de5996d5f852d801e.php 第 129 行.
NOTIC: [8] Use of undefined constant controller_name - assumed 'controller_name' /Applications/MAMP/www/jxshop/Application/Runtime/Cache/Admin/4711116eb0e4f69de5996d5f852d801e.php 第 129 行.
NOTIC: [8] Use of undefined constant action_name - assumed 'action_name' /Applications/MAMP/www/jxshop/Application/Runtime/Cache/Admin/4711116eb0e4f69de5996d5f852d801e.php 第 129 行.
NOTIC: [8] Use of undefined constant module_name - assumed 'module_name' /Applications/MAMP/www/jxshop/Application/Runtime/Cache/Admin/4711116eb0e4f69de5996d5f852d801e.php 第 129 行.
NOTIC: [8] Use of undefined constant controller_name - assumed 'controller_name' /Applications/MAMP/www/jxshop/Application/Runtime/Cache/Admin/4711116eb0e4f69de5996d5f852d801e.php 第 129 行.
NOTIC: [8] Use of undefined constant action_name - assumed 'action_name' /Applications/MAMP/www/jxshop/Application/Runtime/Cache/Admin/4711116eb0e4f69de5996d5f852d801e.php 第 129 行.
NOTIC: [8] Use of undefined constant module_name - assumed 'module_name' /Applications/MAMP/www/jxshop/Application/Runtime/Cache/Admin/4711116eb0e4f69de5996d5f852d801e.php 第 129 行.
NOTIC: [8] Use of undefined constant controller_name - assumed 'controller_name' /Applications/MAMP/www/jxshop/Application/Runtime/Cache/Admin/4711116eb0e4f69de5996d5f852d801e.php 第 129 行.
NOTIC: [8] Use of undefined constant action_name - assumed 'action_name' /Applications/MAMP/www/jxshop/Application/Runtime/Cache/Admin/4711116eb0e4f69de5996d5f852d801e.php 第 129 行.
NOTIC: [8] Use of undefined constant module_name - assumed 'module_name' /Applications/MAMP/www/jxshop/Application/Runtime/Cache/Admin/4711116eb0e4f69de5996d5f852d801e.php 第 129 行.
NOTIC: [8] Use of undefined constant controller_name - assumed 'controller_name' /Applications/MAMP/www/jxshop/Application/Runtime/Cache/Admin/4711116eb0e4f69de5996d5f852d801e.php 第 129 行.
NOTIC: [8] Use of undefined constant action_name - assumed 'action_name' /Applications/MAMP/www/jxshop/Application/Runtime/Cache/Admin/4711116eb0e4f69de5996d5f852d801e.php 第 129 行.
NOTIC: [8] Use of undefined constant module_name - assumed 'module_name' /Applications/MAMP/www/jxshop/Application/Runtime/Cache/Admin/4711116eb0e4f69de5996d5f852d801e.php 第 129 行.
NOTIC: [8] Use of undefined constant controller_name - assumed 'controller_name' /Applications/MAMP/www/jxshop/Application/Runtime/Cache/Admin/4711116eb0e4f69de5996d5f852d801e.php 第 129 行.
NOTIC: [8] Use of undefined constant action_name - assumed 'action_name' /Applications/MAMP/www/jxshop/Application/Runtime/Cache/Admin/4711116eb0e4f69de5996d5f852d801e.php 第 129 行.
NOTIC: [8] Use of undefined constant module_name - assumed 'module_name' /Applications/MAMP/www/jxshop/Application/Runtime/Cache/Admin/4711116eb0e4f69de5996d5f852d801e.php 第 129 行.
NOTIC: [8] Use of undefined constant controller_name - assumed 'controller_name' /Applications/MAMP/www/jxshop/Application/Runtime/Cache/Admin/4711116eb0e4f69de5996d5f852d801e.php 第 129 行.
NOTIC: [8] Use of undefined constant action_name - assumed 'action_name' /Applications/MAMP/www/jxshop/Application/Runtime/Cache/Admin/4711116eb0e4f69de5996d5f852d801e.php 第 129 行.
INFO: Run Behavior\ParseTemplateBehavior [ RunTime:0.006993s ]
INFO: [ view_parse ] --END-- [ RunTime:0.007023s ]
INFO: [ view_filter ] --START--
INFO: Run Behavior\WriteHtmlCacheBehavior [ RunTime:0.000167s ]
INFO: [ view_filter ] --END-- [ RunTime:0.000191s ]
INFO: [ app_end ] --START--
INFO: Run Behavior\ShowPageTraceBehavior [ RunTime:0.000450s ]
INFO: [ app_end ] --END-- [ RunTime:0.000479s ]

[ 2020-05-11T18:09:03+08:00 ] 127.0.0.1 /Admin/Index/main.html
INFO: [ app_init ] --START--
INFO: Run Behavior\BuildLiteBehavior [ RunTime:0.000009s ]
INFO: [ app_init ] --END-- [ RunTime:0.000295s ]
INFO: [ app_begin ] --START--
INFO: Run Behavior\ReadHtmlCacheBehavior [ RunTime:0.000405s ]
INFO: [ app_begin ] --END-- [ RunTime:0.000435s ]
INFO: [ view_parse ] --START--
INFO: [ template_filter ] --START--
INFO: Run Behavior\ContentReplaceBehavior [ RunTime:0.000050s ]
INFO: [ template_filter ] --END-- [ RunTime:0.000084s ]
INFO: Run Behavior\ParseTemplateBehavior [ RunTime:0.004567s ]
INFO: [ view_parse ] --END-- [ RunTime:0.004599s ]
INFO: [ view_filter ] --START--
INFO: Run Behavior\WriteHtmlCacheBehavior [ RunTime:0.000148s ]
INFO: [ view_filter ] --END-- [ RunTime:0.000169s ]
INFO: [ app_end ] --START--
INFO: Run Behavior\ShowPageTraceBehavior [ RunTime:0.000423s ]
INFO: [ app_end ] --END-- [ RunTime:0.000448s ]

