[ 2020-02-21T19:24:18+08:00 ] 127.0.0.1 /admin
INFO: [ app_init ] --START--
INFO: Run Behavior\BuildLiteBehavior [ RunTime:0.000000s ]
INFO: [ app_init ] --END-- [ RunTime:0.001000s ]
INFO: [ app_begin ] --START--
INFO: Run Behavior\ReadHtmlCacheBehavior [ RunTime:0.000000s ]
INFO: [ app_begin ] --END-- [ RunTime:0.000000s ]
INFO: [ view_parse ] --START--
INFO: [ template_filter ] --START--
INFO: Run Behavior\ContentReplaceBehavior [ RunTime:0.000000s ]
INFO: [ template_filter ] --END-- [ RunTime:0.000000s ]
INFO: Run Behavior\ParseTemplateBehavior [ RunTime:0.017000s ]
INFO: [ view_parse ] --END-- [ RunTime:0.017000s ]
INFO: [ view_filter ] --START--
INFO: Run Behavior\WriteHtmlCacheBehavior [ RunTime:0.000000s ]
INFO: [ view_filter ] --END-- [ RunTime:0.000000s ]

[ 2020-02-21T19:24:22+08:00 ] 127.0.0.1 /Admin/Login/login.html
INFO: [ app_init ] --START--
INFO: Run Behavior\BuildLiteBehavior [ RunTime:0.000000s ]
INFO: [ app_init ] --END-- [ RunTime:0.000000s ]
INFO: [ app_begin ] --START--
INFO: Run Behavior\ReadHtmlCacheBehavior [ RunTime:0.000000s ]
INFO: [ app_begin ] --END-- [ RunTime:0.000000s ]
INFO: [ view_parse ] --START--
INFO: [ template_filter ] --START--
INFO: Run Behavior\ContentReplaceBehavior [ RunTime:0.000000s ]
INFO: [ template_filter ] --END-- [ RunTime:0.000000s ]
INFO: Run Behavior\ParseTemplateBehavior [ RunTime:0.017000s ]
INFO: [ view_parse ] --END-- [ RunTime:0.017000s ]
INFO: [ view_filter ] --START--
INFO: Run Behavior\WriteHtmlCacheBehavior [ RunTime:0.001000s ]
INFO: [ view_filter ] --END-- [ RunTime:0.001000s ]
INFO: [ app_end ] --START--
INFO: Run Behavior\ShowPageTraceBehavior [ RunTime:0.000000s ]
INFO: [ app_end ] --END-- [ RunTime:0.000000s ]

[ 2020-02-21T19:24:22+08:00 ] 127.0.0.1 /Admin/Login/verify.html
INFO: [ app_init ] --START--
INFO: Run Behavior\BuildLiteBehavior [ RunTime:0.000000s ]
INFO: [ app_init ] --END-- [ RunTime:0.000000s ]
INFO: [ app_begin ] --START--
INFO: Run Behavior\ReadHtmlCacheBehavior [ RunTime:0.000000s ]
INFO: [ app_begin ] --END-- [ RunTime:0.000000s ]
INFO: [ app_end ] --START--
INFO: Run Behavior\ShowPageTraceBehavior [ RunTime:0.000000s ]
INFO: [ app_end ] --END-- [ RunTime:0.000000s ]

[ 2020-02-21T19:24:31+08:00 ] 127.0.0.1 /Admin/Login/login.html
INFO: [ app_init ] --START--
INFO: Run Behavior\BuildLiteBehavior [ RunTime:0.000000s ]
INFO: [ app_init ] --END-- [ RunTime:0.000000s ]
INFO: [ app_begin ] --START--
INFO: Run Behavior\ReadHtmlCacheBehavior [ RunTime:0.000000s ]
INFO: [ app_begin ] --END-- [ RunTime:0.000000s ]
NOTIC: [2] Declaration of Admin\Model\AdminModel::_after_insert($data) should be compatible with Think\Model::_after_insert($data, $options) D:\wamp64\www\jxshop\Application\Admin\Model\AdminModel.class.php 第 4 行.
SQL: SELECT * FROM `jx_admin` WHERE ( username='admin' ) LIMIT 1   [ RunTime:0.0080s ]
INFO: [ view_parse ] --START--
INFO: [ template_filter ] --START--
INFO: Run Behavior\ContentReplaceBehavior [ RunTime:0.001000s ]
INFO: [ template_filter ] --END-- [ RunTime:0.001000s ]
INFO: Run Behavior\ParseTemplateBehavior [ RunTime:0.003000s ]
INFO: [ view_parse ] --END-- [ RunTime:0.003000s ]
INFO: [ view_filter ] --START--
INFO: Run Behavior\WriteHtmlCacheBehavior [ RunTime:0.000000s ]
INFO: [ view_filter ] --END-- [ RunTime:0.000000s ]
INFO: [ app_end ] --START--
INFO: Run Behavior\ShowPageTraceBehavior [ RunTime:0.000000s ]
INFO: [ app_end ] --END-- [ RunTime:0.000000s ]

[ 2020-02-21T19:24:32+08:00 ] 127.0.0.1 /Admin/Index/index.html
INFO: [ app_init ] --START--
INFO: Run Behavior\BuildLiteBehavior [ RunTime:0.000000s ]
INFO: [ app_init ] --END-- [ RunTime:0.000000s ]
INFO: [ app_begin ] --START--
INFO: Run Behavior\ReadHtmlCacheBehavior [ RunTime:0.000000s ]
INFO: [ app_begin ] --END-- [ RunTime:0.000000s ]
INFO: [ view_parse ] --START--
INFO: [ template_filter ] --START--
INFO: Run Behavior\ContentReplaceBehavior [ RunTime:0.000000s ]
INFO: [ template_filter ] --END-- [ RunTime:0.000000s ]
INFO: Run Behavior\ParseTemplateBehavior [ RunTime:0.013000s ]
INFO: [ view_parse ] --END-- [ RunTime:0.013000s ]
INFO: [ view_filter ] --START--
INFO: Run Behavior\WriteHtmlCacheBehavior [ RunTime:0.000000s ]
INFO: [ view_filter ] --END-- [ RunTime:0.001000s ]
INFO: [ app_end ] --START--
INFO: Run Behavior\ShowPageTraceBehavior [ RunTime:0.000000s ]
INFO: [ app_end ] --END-- [ RunTime:0.000000s ]

[ 2020-02-21T19:24:32+08:00 ] 127.0.0.1 /Admin/Index/menu.html
INFO: [ app_init ] --START--
INFO: Run Behavior\BuildLiteBehavior [ RunTime:0.000000s ]
INFO: [ app_init ] --END-- [ RunTime:0.000000s ]
INFO: [ app_begin ] --START--
INFO: Run Behavior\ReadHtmlCacheBehavior [ RunTime:0.000000s ]
INFO: [ app_begin ] --END-- [ RunTime:0.000000s ]
INFO: [ view_parse ] --START--
INFO: [ template_filter ] --START--
INFO: Run Behavior\ContentReplaceBehavior [ RunTime:0.000000s ]
INFO: [ template_filter ] --END-- [ RunTime:0.000000s ]
NOTIC: [2] Use of undefined constant module_name - assumed 'module_name' (this will throw an Error in a future version of PHP) D:\wamp64\www\jxshop\Application\Runtime\Cache\Admin\4711116eb0e4f69de5996d5f852d801e.php 第 129 行.
NOTIC: [2] Use of undefined constant controller_name - assumed 'controller_name' (this will throw an Error in a future version of PHP) D:\wamp64\www\jxshop\Application\Runtime\Cache\Admin\4711116eb0e4f69de5996d5f852d801e.php 第 129 行.
NOTIC: [2] Use of undefined constant action_name - assumed 'action_name' (this will throw an Error in a future version of PHP) D:\wamp64\www\jxshop\Application\Runtime\Cache\Admin\4711116eb0e4f69de5996d5f852d801e.php 第 129 行.
NOTIC: [2] Use of undefined constant module_name - assumed 'module_name' (this will throw an Error in a future version of PHP) D:\wamp64\www\jxshop\Application\Runtime\Cache\Admin\4711116eb0e4f69de5996d5f852d801e.php 第 129 行.
NOTIC: [2] Use of undefined constant controller_name - assumed 'controller_name' (this will throw an Error in a future version of PHP) D:\wamp64\www\jxshop\Application\Runtime\Cache\Admin\4711116eb0e4f69de5996d5f852d801e.php 第 129 行.
NOTIC: [2] Use of undefined constant action_name - assumed 'action_name' (this will throw an Error in a future version of PHP) D:\wamp64\www\jxshop\Application\Runtime\Cache\Admin\4711116eb0e4f69de5996d5f852d801e.php 第 129 行.
NOTIC: [2] Use of undefined constant module_name - assumed 'module_name' (this will throw an Error in a future version of PHP) D:\wamp64\www\jxshop\Application\Runtime\Cache\Admin\4711116eb0e4f69de5996d5f852d801e.php 第 129 行.
NOTIC: [2] Use of undefined constant controller_name - assumed 'controller_name' (this will throw an Error in a future version of PHP) D:\wamp64\www\jxshop\Application\Runtime\Cache\Admin\4711116eb0e4f69de5996d5f852d801e.php 第 129 行.
NOTIC: [2] Use of undefined constant action_name - assumed 'action_name' (this will throw an Error in a future version of PHP) D:\wamp64\www\jxshop\Application\Runtime\Cache\Admin\4711116eb0e4f69de5996d5f852d801e.php 第 129 行.
NOTIC: [2] Use of undefined constant module_name - assumed 'module_name' (this will throw an Error in a future version of PHP) D:\wamp64\www\jxshop\Application\Runtime\Cache\Admin\4711116eb0e4f69de5996d5f852d801e.php 第 129 行.
NOTIC: [2] Use of undefined constant controller_name - assumed 'controller_name' (this will throw an Error in a future version of PHP) D:\wamp64\www\jxshop\Application\Runtime\Cache\Admin\4711116eb0e4f69de5996d5f852d801e.php 第 129 行.
NOTIC: [2] Use of undefined constant action_name - assumed 'action_name' (this will throw an Error in a future version of PHP) D:\wamp64\www\jxshop\Application\Runtime\Cache\Admin\4711116eb0e4f69de5996d5f852d801e.php 第 129 行.
NOTIC: [2] Use of undefined constant module_name - assumed 'module_name' (this will throw an Error in a future version of PHP) D:\wamp64\www\jxshop\Application\Runtime\Cache\Admin\4711116eb0e4f69de5996d5f852d801e.php 第 129 行.
NOTIC: [2] Use of undefined constant controller_name - assumed 'controller_name' (this will throw an Error in a future version of PHP) D:\wamp64\www\jxshop\Application\Runtime\Cache\Admin\4711116eb0e4f69de5996d5f852d801e.php 第 129 行.
NOTIC: [2] Use of undefined constant action_name - assumed 'action_name' (this will throw an Error in a future version of PHP) D:\wamp64\www\jxshop\Application\Runtime\Cache\Admin\4711116eb0e4f69de5996d5f852d801e.php 第 129 行.
NOTIC: [2] Use of undefined constant module_name - assumed 'module_name' (this will throw an Error in a future version of PHP) D:\wamp64\www\jxshop\Application\Runtime\Cache\Admin\4711116eb0e4f69de5996d5f852d801e.php 第 129 行.
NOTIC: [2] Use of undefined constant controller_name - assumed 'controller_name' (this will throw an Error in a future version of PHP) D:\wamp64\www\jxshop\Application\Runtime\Cache\Admin\4711116eb0e4f69de5996d5f852d801e.php 第 129 行.
NOTIC: [2] Use of undefined constant action_name - assumed 'action_name' (this will throw an Error in a future version of PHP) D:\wamp64\www\jxshop\Application\Runtime\Cache\Admin\4711116eb0e4f69de5996d5f852d801e.php 第 129 行.
NOTIC: [2] Use of undefined constant module_name - assumed 'module_name' (this will throw an Error in a future version of PHP) D:\wamp64\www\jxshop\Application\Runtime\Cache\Admin\4711116eb0e4f69de5996d5f852d801e.php 第 129 行.
NOTIC: [2] Use of undefined constant controller_name - assumed 'controller_name' (this will throw an Error in a future version of PHP) D:\wamp64\www\jxshop\Application\Runtime\Cache\Admin\4711116eb0e4f69de5996d5f852d801e.php 第 129 行.
NOTIC: [2] Use of undefined constant action_name - assumed 'action_name' (this will throw an Error in a future version of PHP) D:\wamp64\www\jxshop\Application\Runtime\Cache\Admin\4711116eb0e4f69de5996d5f852d801e.php 第 129 行.
NOTIC: [2] Use of undefined constant module_name - assumed 'module_name' (this will throw an Error in a future version of PHP) D:\wamp64\www\jxshop\Application\Runtime\Cache\Admin\4711116eb0e4f69de5996d5f852d801e.php 第 129 行.
NOTIC: [2] Use of undefined constant controller_name - assumed 'controller_name' (this will throw an Error in a future version of PHP) D:\wamp64\www\jxshop\Application\Runtime\Cache\Admin\4711116eb0e4f69de5996d5f852d801e.php 第 129 行.
NOTIC: [2] Use of undefined constant action_name - assumed 'action_name' (this will throw an Error in a future version of PHP) D:\wamp64\www\jxshop\Application\Runtime\Cache\Admin\4711116eb0e4f69de5996d5f852d801e.php 第 129 行.
NOTIC: [2] Use of undefined constant module_name - assumed 'module_name' (this will throw an Error in a future version of PHP) D:\wamp64\www\jxshop\Application\Runtime\Cache\Admin\4711116eb0e4f69de5996d5f852d801e.php 第 129 行.
NOTIC: [2] Use of undefined constant controller_name - assumed 'controller_name' (this will throw an Error in a future version of PHP) D:\wamp64\www\jxshop\Application\Runtime\Cache\Admin\4711116eb0e4f69de5996d5f852d801e.php 第 129 行.
NOTIC: [2] Use of undefined constant action_name - assumed 'action_name' (this will throw an Error in a future version of PHP) D:\wamp64\www\jxshop\Application\Runtime\Cache\Admin\4711116eb0e4f69de5996d5f852d801e.php 第 129 行.
NOTIC: [2] Use of undefined constant module_name - assumed 'module_name' (this will throw an Error in a future version of PHP) D:\wamp64\www\jxshop\Application\Runtime\Cache\Admin\4711116eb0e4f69de5996d5f852d801e.php 第 129 行.
NOTIC: [2] Use of undefined constant controller_name - assumed 'controller_name' (this will throw an Error in a future version of PHP) D:\wamp64\www\jxshop\Application\Runtime\Cache\Admin\4711116eb0e4f69de5996d5f852d801e.php 第 129 行.
NOTIC: [2] Use of undefined constant action_name - assumed 'action_name' (this will throw an Error in a future version of PHP) D:\wamp64\www\jxshop\Application\Runtime\Cache\Admin\4711116eb0e4f69de5996d5f852d801e.php 第 129 行.
NOTIC: [2] Use of undefined constant module_name - assumed 'module_name' (this will throw an Error in a future version of PHP) D:\wamp64\www\jxshop\Application\Runtime\Cache\Admin\4711116eb0e4f69de5996d5f852d801e.php 第 129 行.
NOTIC: [2] Use of undefined constant controller_name - assumed 'controller_name' (this will throw an Error in a future version of PHP) D:\wamp64\www\jxshop\Application\Runtime\Cache\Admin\4711116eb0e4f69de5996d5f852d801e.php 第 129 行.
NOTIC: [2] Use of undefined constant action_name - assumed 'action_name' (this will throw an Error in a future version of PHP) D:\wamp64\www\jxshop\Application\Runtime\Cache\Admin\4711116eb0e4f69de5996d5f852d801e.php 第 129 行.
INFO: Run Behavior\ParseTemplateBehavior [ RunTime:0.028000s ]
INFO: [ view_parse ] --END-- [ RunTime:0.028000s ]
INFO: [ view_filter ] --START--
INFO: Run Behavior\WriteHtmlCacheBehavior [ RunTime:0.000000s ]
INFO: [ view_filter ] --END-- [ RunTime:0.000000s ]
INFO: [ app_end ] --START--
INFO: Run Behavior\ShowPageTraceBehavior [ RunTime:0.000000s ]
INFO: [ app_end ] --END-- [ RunTime:0.001000s ]

[ 2020-02-21T19:24:32+08:00 ] 127.0.0.1 /Admin/Index/top.html
INFO: [ app_init ] --START--
INFO: Run Behavior\BuildLiteBehavior [ RunTime:0.000000s ]
INFO: [ app_init ] --END-- [ RunTime:0.000000s ]
INFO: [ app_begin ] --START--
INFO: Run Behavior\ReadHtmlCacheBehavior [ RunTime:0.001000s ]
INFO: [ app_begin ] --END-- [ RunTime:0.001000s ]
INFO: [ view_parse ] --START--
INFO: [ template_filter ] --START--
INFO: Run Behavior\ContentReplaceBehavior [ RunTime:0.000000s ]
INFO: [ template_filter ] --END-- [ RunTime:0.001000s ]
INFO: Run Behavior\ParseTemplateBehavior [ RunTime:0.024000s ]
INFO: [ view_parse ] --END-- [ RunTime:0.024000s ]
INFO: [ view_filter ] --START--
INFO: Run Behavior\WriteHtmlCacheBehavior [ RunTime:0.000000s ]
INFO: [ view_filter ] --END-- [ RunTime:0.000000s ]
INFO: [ app_end ] --START--
INFO: Run Behavior\ShowPageTraceBehavior [ RunTime:0.000000s ]
INFO: [ app_end ] --END-- [ RunTime:0.000000s ]

[ 2020-02-21T19:24:32+08:00 ] 127.0.0.1 /Admin/Index/main.html
INFO: [ app_init ] --START--
INFO: Run Behavior\BuildLiteBehavior [ RunTime:0.000000s ]
INFO: [ app_init ] --END-- [ RunTime:0.000000s ]
INFO: [ app_begin ] --START--
INFO: Run Behavior\ReadHtmlCacheBehavior [ RunTime:0.001000s ]
INFO: [ app_begin ] --END-- [ RunTime:0.001000s ]
INFO: [ view_parse ] --START--
INFO: [ template_filter ] --START--
INFO: Run Behavior\ContentReplaceBehavior [ RunTime:0.000000s ]
INFO: [ template_filter ] --END-- [ RunTime:0.000000s ]
INFO: Run Behavior\ParseTemplateBehavior [ RunTime:0.020000s ]
INFO: [ view_parse ] --END-- [ RunTime:0.020000s ]
INFO: [ view_filter ] --START--
INFO: Run Behavior\WriteHtmlCacheBehavior [ RunTime:0.000000s ]
INFO: [ view_filter ] --END-- [ RunTime:0.000000s ]
INFO: [ app_end ] --START--
INFO: Run Behavior\ShowPageTraceBehavior [ RunTime:0.000000s ]
INFO: [ app_end ] --END-- [ RunTime:0.000000s ]

[ 2020-02-21T22:55:30+08:00 ] 127.0.0.1 /Admin/Index/index.html
INFO: [ app_init ] --START--
INFO: Run Behavior\BuildLiteBehavior [ RunTime:0.000000s ]
INFO: [ app_init ] --END-- [ RunTime:0.000000s ]
INFO: [ app_begin ] --START--
INFO: Run Behavior\ReadHtmlCacheBehavior [ RunTime:0.000000s ]
INFO: [ app_begin ] --END-- [ RunTime:0.000000s ]
INFO: [ view_parse ] --START--
INFO: [ template_filter ] --START--
INFO: Run Behavior\ContentReplaceBehavior [ RunTime:0.000000s ]
INFO: [ template_filter ] --END-- [ RunTime:0.000000s ]
INFO: Run Behavior\ParseTemplateBehavior [ RunTime:0.011000s ]
INFO: [ view_parse ] --END-- [ RunTime:0.011000s ]
INFO: [ view_filter ] --START--
INFO: Run Behavior\WriteHtmlCacheBehavior [ RunTime:0.000000s ]
INFO: [ view_filter ] --END-- [ RunTime:0.001000s ]

[ 2020-02-21T22:55:33+08:00 ] 127.0.0.1 /Admin/Login/login.html
INFO: [ app_init ] --START--
INFO: Run Behavior\BuildLiteBehavior [ RunTime:0.000000s ]
INFO: [ app_init ] --END-- [ RunTime:0.001000s ]
INFO: [ app_begin ] --START--
INFO: Run Behavior\ReadHtmlCacheBehavior [ RunTime:0.000000s ]
INFO: [ app_begin ] --END-- [ RunTime:0.001000s ]
INFO: [ view_parse ] --START--
INFO: [ template_filter ] --START--
INFO: Run Behavior\ContentReplaceBehavior [ RunTime:0.001000s ]
INFO: [ template_filter ] --END-- [ RunTime:0.001000s ]
INFO: Run Behavior\ParseTemplateBehavior [ RunTime:0.008000s ]
INFO: [ view_parse ] --END-- [ RunTime:0.009000s ]
INFO: [ view_filter ] --START--
INFO: Run Behavior\WriteHtmlCacheBehavior [ RunTime:0.000000s ]
INFO: [ view_filter ] --END-- [ RunTime:0.000000s ]
INFO: [ app_end ] --START--
INFO: Run Behavior\ShowPageTraceBehavior [ RunTime:0.000000s ]
INFO: [ app_end ] --END-- [ RunTime:0.000000s ]

[ 2020-02-21T22:55:33+08:00 ] 127.0.0.1 /Admin/Login/verify.html
INFO: [ app_init ] --START--
INFO: Run Behavior\BuildLiteBehavior [ RunTime:0.000000s ]
INFO: [ app_init ] --END-- [ RunTime:0.000000s ]
INFO: [ app_begin ] --START--
INFO: Run Behavior\ReadHtmlCacheBehavior [ RunTime:0.001000s ]
INFO: [ app_begin ] --END-- [ RunTime:0.001000s ]
INFO: [ app_end ] --START--
INFO: Run Behavior\ShowPageTraceBehavior [ RunTime:0.001000s ]
INFO: [ app_end ] --END-- [ RunTime:0.002000s ]

