[ 2020-02-23T00:00:00+08:00 ] 127.0.0.1 /Admin/Category/edit/id/12.html
INFO: [ app_init ] --START--
INFO: Run Behavior\BuildLiteBehavior [ RunTime:0.000000s ]
INFO: [ app_init ] --END-- [ RunTime:0.000000s ]
INFO: [ app_begin ] --START--
INFO: Run Behavior\ReadHtmlCacheBehavior [ RunTime:0.000000s ]
INFO: [ app_begin ] --END-- [ RunTime:0.000000s ]
SQL: SELECT * FROM `jx_category`  [ RunTime:0.0030s ]
NOTIC: [2] Use of undefined constant ture - assumed 'ture' (this will throw an Error in a future version of PHP) D:\wamp64\www\jxshop\Application\Admin\Model\CategoryModel.class.php 第 31 行.
ERR: Think\Model:success方法不存在！

[ 2020-02-23T00:00:10+08:00 ] 127.0.0.1 /admin/category/index.html
INFO: [ app_init ] --START--
INFO: Run Behavior\BuildLiteBehavior [ RunTime:0.000000s ]
INFO: [ app_init ] --END-- [ RunTime:0.000000s ]
INFO: [ app_begin ] --START--
INFO: Run Behavior\ReadHtmlCacheBehavior [ RunTime:0.000000s ]
INFO: [ app_begin ] --END-- [ RunTime:0.001000s ]
SQL: SELECT * FROM `jx_category`  [ RunTime:0.0010s ]
NOTIC: [2] Use of undefined constant ture - assumed 'ture' (this will throw an Error in a future version of PHP) D:\wamp64\www\jxshop\Application\Admin\Model\CategoryModel.class.php 第 31 行.
NOTIC: [2] Use of undefined constant ture - assumed 'ture' (this will throw an Error in a future version of PHP) D:\wamp64\www\jxshop\Application\Admin\Model\CategoryModel.class.php 第 31 行.
NOTIC: [2] Use of undefined constant ture - assumed 'ture' (this will throw an Error in a future version of PHP) D:\wamp64\www\jxshop\Application\Admin\Model\CategoryModel.class.php 第 31 行.
NOTIC: [2] Use of undefined constant ture - assumed 'ture' (this will throw an Error in a future version of PHP) D:\wamp64\www\jxshop\Application\Admin\Model\CategoryModel.class.php 第 31 行.
NOTIC: [2] Use of undefined constant ture - assumed 'ture' (this will throw an Error in a future version of PHP) D:\wamp64\www\jxshop\Application\Admin\Model\CategoryModel.class.php 第 31 行.
NOTIC: [2] Use of undefined constant ture - assumed 'ture' (this will throw an Error in a future version of PHP) D:\wamp64\www\jxshop\Application\Admin\Model\CategoryModel.class.php 第 31 行.
NOTIC: [2] Use of undefined constant ture - assumed 'ture' (this will throw an Error in a future version of PHP) D:\wamp64\www\jxshop\Application\Admin\Model\CategoryModel.class.php 第 31 行.
NOTIC: [2] Use of undefined constant ture - assumed 'ture' (this will throw an Error in a future version of PHP) D:\wamp64\www\jxshop\Application\Admin\Model\CategoryModel.class.php 第 31 行.
NOTIC: [2] Use of undefined constant ture - assumed 'ture' (this will throw an Error in a future version of PHP) D:\wamp64\www\jxshop\Application\Admin\Model\CategoryModel.class.php 第 31 行.
NOTIC: [2] Use of undefined constant ture - assumed 'ture' (this will throw an Error in a future version of PHP) D:\wamp64\www\jxshop\Application\Admin\Model\CategoryModel.class.php 第 31 行.
NOTIC: [2] Use of undefined constant ture - assumed 'ture' (this will throw an Error in a future version of PHP) D:\wamp64\www\jxshop\Application\Admin\Model\CategoryModel.class.php 第 31 行.
NOTIC: [2] Use of undefined constant ture - assumed 'ture' (this will throw an Error in a future version of PHP) D:\wamp64\www\jxshop\Application\Admin\Model\CategoryModel.class.php 第 31 行.
NOTIC: [2] Use of undefined constant ture - assumed 'ture' (this will throw an Error in a future version of PHP) D:\wamp64\www\jxshop\Application\Admin\Model\CategoryModel.class.php 第 31 行.
NOTIC: [2] Use of undefined constant ture - assumed 'ture' (this will throw an Error in a future version of PHP) D:\wamp64\www\jxshop\Application\Admin\Model\CategoryModel.class.php 第 31 行.
NOTIC: [2] Use of undefined constant ture - assumed 'ture' (this will throw an Error in a future version of PHP) D:\wamp64\www\jxshop\Application\Admin\Model\CategoryModel.class.php 第 31 行.
NOTIC: [2] Use of undefined constant ture - assumed 'ture' (this will throw an Error in a future version of PHP) D:\wamp64\www\jxshop\Application\Admin\Model\CategoryModel.class.php 第 31 行.
NOTIC: [2] Use of undefined constant ture - assumed 'ture' (this will throw an Error in a future version of PHP) D:\wamp64\www\jxshop\Application\Admin\Model\CategoryModel.class.php 第 31 行.
NOTIC: [2] Use of undefined constant ture - assumed 'ture' (this will throw an Error in a future version of PHP) D:\wamp64\www\jxshop\Application\Admin\Model\CategoryModel.class.php 第 31 行.
NOTIC: [2] Use of undefined constant ture - assumed 'ture' (this will throw an Error in a future version of PHP) D:\wamp64\www\jxshop\Application\Admin\Model\CategoryModel.class.php 第 31 行.
INFO: [ view_parse ] --START--
INFO: [ template_filter ] --START--
INFO: Run Behavior\ContentReplaceBehavior [ RunTime:0.000000s ]
INFO: [ template_filter ] --END-- [ RunTime:0.000000s ]
INFO: Run Behavior\ParseTemplateBehavior [ RunTime:0.008000s ]
INFO: [ view_parse ] --END-- [ RunTime:0.009000s ]
INFO: [ view_filter ] --START--
INFO: Run Behavior\WriteHtmlCacheBehavior [ RunTime:0.000000s ]
INFO: [ view_filter ] --END-- [ RunTime:0.000000s ]
INFO: [ app_end ] --START--
INFO: Run Behavior\ShowPageTraceBehavior [ RunTime:0.000000s ]
INFO: [ app_end ] --END-- [ RunTime:0.000000s ]

[ 2020-02-23T00:00:13+08:00 ] 127.0.0.1 /Admin/Category/dels/id/18.html
INFO: [ app_init ] --START--
INFO: Run Behavior\BuildLiteBehavior [ RunTime:0.000000s ]
INFO: [ app_init ] --END-- [ RunTime:0.000000s ]
INFO: [ app_begin ] --START--
INFO: Run Behavior\ReadHtmlCacheBehavior [ RunTime:0.000000s ]
INFO: [ app_begin ] --END-- [ RunTime:0.000000s ]
SQL: SELECT * FROM `jx_category` WHERE ( parent_id=18 ) LIMIT 1   [ RunTime:0.0010s ]
SQL: DELETE FROM `jx_category` WHERE ( id=18 ) [ RunTime:0.0020s ]
INFO: [ view_parse ] --START--
INFO: [ template_filter ] --START--
INFO: Run Behavior\ContentReplaceBehavior [ RunTime:0.000000s ]
INFO: [ template_filter ] --END-- [ RunTime:0.000000s ]
INFO: Run Behavior\ParseTemplateBehavior [ RunTime:0.000000s ]
INFO: [ view_parse ] --END-- [ RunTime:0.000000s ]
INFO: [ view_filter ] --START--
INFO: Run Behavior\WriteHtmlCacheBehavior [ RunTime:0.000000s ]
INFO: [ view_filter ] --END-- [ RunTime:0.000000s ]
INFO: [ app_end ] --START--
INFO: Run Behavior\ShowPageTraceBehavior [ RunTime:0.000000s ]
INFO: [ app_end ] --END-- [ RunTime:0.000000s ]

[ 2020-02-23T00:00:15+08:00 ] 127.0.0.1 /admin/category/index.html
INFO: [ app_init ] --START--
INFO: Run Behavior\BuildLiteBehavior [ RunTime:0.000000s ]
INFO: [ app_init ] --END-- [ RunTime:0.000000s ]
INFO: [ app_begin ] --START--
INFO: Run Behavior\ReadHtmlCacheBehavior [ RunTime:0.000000s ]
INFO: [ app_begin ] --END-- [ RunTime:0.000000s ]
SQL: SELECT * FROM `jx_category`  [ RunTime:0.0010s ]
NOTIC: [2] Use of undefined constant ture - assumed 'ture' (this will throw an Error in a future version of PHP) D:\wamp64\www\jxshop\Application\Admin\Model\CategoryModel.class.php 第 31 行.
NOTIC: [2] Use of undefined constant ture - assumed 'ture' (this will throw an Error in a future version of PHP) D:\wamp64\www\jxshop\Application\Admin\Model\CategoryModel.class.php 第 31 行.
NOTIC: [2] Use of undefined constant ture - assumed 'ture' (this will throw an Error in a future version of PHP) D:\wamp64\www\jxshop\Application\Admin\Model\CategoryModel.class.php 第 31 行.
NOTIC: [2] Use of undefined constant ture - assumed 'ture' (this will throw an Error in a future version of PHP) D:\wamp64\www\jxshop\Application\Admin\Model\CategoryModel.class.php 第 31 行.
NOTIC: [2] Use of undefined constant ture - assumed 'ture' (this will throw an Error in a future version of PHP) D:\wamp64\www\jxshop\Application\Admin\Model\CategoryModel.class.php 第 31 行.
NOTIC: [2] Use of undefined constant ture - assumed 'ture' (this will throw an Error in a future version of PHP) D:\wamp64\www\jxshop\Application\Admin\Model\CategoryModel.class.php 第 31 行.
NOTIC: [2] Use of undefined constant ture - assumed 'ture' (this will throw an Error in a future version of PHP) D:\wamp64\www\jxshop\Application\Admin\Model\CategoryModel.class.php 第 31 行.
NOTIC: [2] Use of undefined constant ture - assumed 'ture' (this will throw an Error in a future version of PHP) D:\wamp64\www\jxshop\Application\Admin\Model\CategoryModel.class.php 第 31 行.
NOTIC: [2] Use of undefined constant ture - assumed 'ture' (this will throw an Error in a future version of PHP) D:\wamp64\www\jxshop\Application\Admin\Model\CategoryModel.class.php 第 31 行.
NOTIC: [2] Use of undefined constant ture - assumed 'ture' (this will throw an Error in a future version of PHP) D:\wamp64\www\jxshop\Application\Admin\Model\CategoryModel.class.php 第 31 行.
NOTIC: [2] Use of undefined constant ture - assumed 'ture' (this will throw an Error in a future version of PHP) D:\wamp64\www\jxshop\Application\Admin\Model\CategoryModel.class.php 第 31 行.
NOTIC: [2] Use of undefined constant ture - assumed 'ture' (this will throw an Error in a future version of PHP) D:\wamp64\www\jxshop\Application\Admin\Model\CategoryModel.class.php 第 31 行.
NOTIC: [2] Use of undefined constant ture - assumed 'ture' (this will throw an Error in a future version of PHP) D:\wamp64\www\jxshop\Application\Admin\Model\CategoryModel.class.php 第 31 行.
NOTIC: [2] Use of undefined constant ture - assumed 'ture' (this will throw an Error in a future version of PHP) D:\wamp64\www\jxshop\Application\Admin\Model\CategoryModel.class.php 第 31 行.
NOTIC: [2] Use of undefined constant ture - assumed 'ture' (this will throw an Error in a future version of PHP) D:\wamp64\www\jxshop\Application\Admin\Model\CategoryModel.class.php 第 31 行.
NOTIC: [2] Use of undefined constant ture - assumed 'ture' (this will throw an Error in a future version of PHP) D:\wamp64\www\jxshop\Application\Admin\Model\CategoryModel.class.php 第 31 行.
NOTIC: [2] Use of undefined constant ture - assumed 'ture' (this will throw an Error in a future version of PHP) D:\wamp64\www\jxshop\Application\Admin\Model\CategoryModel.class.php 第 31 行.
NOTIC: [2] Use of undefined constant ture - assumed 'ture' (this will throw an Error in a future version of PHP) D:\wamp64\www\jxshop\Application\Admin\Model\CategoryModel.class.php 第 31 行.
INFO: [ view_parse ] --START--
INFO: [ template_filter ] --START--
INFO: Run Behavior\ContentReplaceBehavior [ RunTime:0.000000s ]
INFO: [ template_filter ] --END-- [ RunTime:0.000000s ]
INFO: Run Behavior\ParseTemplateBehavior [ RunTime:0.007000s ]
INFO: [ view_parse ] --END-- [ RunTime:0.007000s ]
INFO: [ view_filter ] --START--
INFO: Run Behavior\WriteHtmlCacheBehavior [ RunTime:0.000000s ]
INFO: [ view_filter ] --END-- [ RunTime:0.000000s ]
INFO: [ app_end ] --START--
INFO: Run Behavior\ShowPageTraceBehavior [ RunTime:0.000000s ]
INFO: [ app_end ] --END-- [ RunTime:0.000000s ]

[ 2020-02-23T22:36:03+08:00 ] 127.0.0.1 /admin
INFO: [ app_init ] --START--
INFO: Run Behavior\BuildLiteBehavior [ RunTime:0.000000s ]
INFO: [ app_init ] --END-- [ RunTime:0.000000s ]
INFO: [ app_begin ] --START--
INFO: Run Behavior\ReadHtmlCacheBehavior [ RunTime:0.000000s ]
INFO: [ app_begin ] --END-- [ RunTime:0.000000s ]
INFO: [ view_parse ] --START--
INFO: [ template_filter ] --START--
INFO: Run Behavior\ContentReplaceBehavior [ RunTime:0.000000s ]
INFO: [ template_filter ] --END-- [ RunTime:0.000000s ]
INFO: Run Behavior\ParseTemplateBehavior [ RunTime:0.013000s ]
INFO: [ view_parse ] --END-- [ RunTime:0.013000s ]
INFO: [ view_filter ] --START--
INFO: Run Behavior\WriteHtmlCacheBehavior [ RunTime:0.001000s ]
INFO: [ view_filter ] --END-- [ RunTime:0.001000s ]

[ 2020-02-23T22:36:06+08:00 ] 127.0.0.1 /Admin/Login/login.html
INFO: [ app_init ] --START--
INFO: Run Behavior\BuildLiteBehavior [ RunTime:0.000000s ]
INFO: [ app_init ] --END-- [ RunTime:0.000000s ]
INFO: [ app_begin ] --START--
INFO: Run Behavior\ReadHtmlCacheBehavior [ RunTime:0.000000s ]
INFO: [ app_begin ] --END-- [ RunTime:0.001000s ]
INFO: [ view_parse ] --START--
INFO: [ template_filter ] --START--
INFO: Run Behavior\ContentReplaceBehavior [ RunTime:0.000000s ]
INFO: [ template_filter ] --END-- [ RunTime:0.001000s ]
INFO: Run Behavior\ParseTemplateBehavior [ RunTime:0.005000s ]
INFO: [ view_parse ] --END-- [ RunTime:0.005000s ]
INFO: [ view_filter ] --START--
INFO: Run Behavior\WriteHtmlCacheBehavior [ RunTime:0.000000s ]
INFO: [ view_filter ] --END-- [ RunTime:0.000000s ]
INFO: [ app_end ] --START--
INFO: Run Behavior\ShowPageTraceBehavior [ RunTime:0.000000s ]
INFO: [ app_end ] --END-- [ RunTime:0.000000s ]

[ 2020-02-23T22:36:06+08:00 ] 127.0.0.1 /Admin/Login/verify.html
INFO: [ app_init ] --START--
INFO: Run Behavior\BuildLiteBehavior [ RunTime:0.000000s ]
INFO: [ app_init ] --END-- [ RunTime:0.000000s ]
INFO: [ app_begin ] --START--
INFO: Run Behavior\ReadHtmlCacheBehavior [ RunTime:0.000000s ]
INFO: [ app_begin ] --END-- [ RunTime:0.000000s ]
INFO: [ app_end ] --START--
INFO: Run Behavior\ShowPageTraceBehavior [ RunTime:0.000000s ]
INFO: [ app_end ] --END-- [ RunTime:0.000000s ]

[ 2020-02-23T22:36:07+08:00 ] 127.0.0.1 /Admin/Login/verify.html?date=1582468567846
INFO: [ app_init ] --START--
INFO: Run Behavior\BuildLiteBehavior [ RunTime:0.000000s ]
INFO: [ app_init ] --END-- [ RunTime:0.000000s ]
INFO: [ app_begin ] --START--
INFO: Run Behavior\ReadHtmlCacheBehavior [ RunTime:0.000000s ]
INFO: [ app_begin ] --END-- [ RunTime:0.000000s ]
INFO: [ app_end ] --START--
INFO: Run Behavior\ShowPageTraceBehavior [ RunTime:0.000000s ]
INFO: [ app_end ] --END-- [ RunTime:0.000000s ]

[ 2020-02-23T22:36:08+08:00 ] 127.0.0.1 /Admin/Login/verify.html?date=1582468568587
INFO: [ app_init ] --START--
INFO: Run Behavior\BuildLiteBehavior [ RunTime:0.000000s ]
INFO: [ app_init ] --END-- [ RunTime:0.000000s ]
INFO: [ app_begin ] --START--
INFO: Run Behavior\ReadHtmlCacheBehavior [ RunTime:0.000000s ]
INFO: [ app_begin ] --END-- [ RunTime:0.000000s ]
INFO: [ app_end ] --START--
INFO: Run Behavior\ShowPageTraceBehavior [ RunTime:0.000000s ]
INFO: [ app_end ] --END-- [ RunTime:0.000000s ]

[ 2020-02-23T22:36:09+08:00 ] 127.0.0.1 /Admin/Login/verify.html?date=1582468569647
INFO: [ app_init ] --START--
INFO: Run Behavior\BuildLiteBehavior [ RunTime:0.000000s ]
INFO: [ app_init ] --END-- [ RunTime:0.000000s ]
INFO: [ app_begin ] --START--
INFO: Run Behavior\ReadHtmlCacheBehavior [ RunTime:0.000000s ]
INFO: [ app_begin ] --END-- [ RunTime:0.000000s ]
INFO: [ app_end ] --START--
INFO: Run Behavior\ShowPageTraceBehavior [ RunTime:0.000000s ]
INFO: [ app_end ] --END-- [ RunTime:0.000000s ]

[ 2020-02-23T22:36:11+08:00 ] 127.0.0.1 /Admin/Login/verify.html?date=1582468571107
INFO: [ app_init ] --START--
INFO: Run Behavior\BuildLiteBehavior [ RunTime:0.000000s ]
INFO: [ app_init ] --END-- [ RunTime:0.000000s ]
INFO: [ app_begin ] --START--
INFO: Run Behavior\ReadHtmlCacheBehavior [ RunTime:0.001000s ]
INFO: [ app_begin ] --END-- [ RunTime:0.001000s ]
INFO: [ app_end ] --START--
INFO: Run Behavior\ShowPageTraceBehavior [ RunTime:0.000000s ]
INFO: [ app_end ] --END-- [ RunTime:0.000000s ]

[ 2020-02-23T22:36:11+08:00 ] 127.0.0.1 /Admin/Login/verify.html?date=1582468571508
INFO: [ app_init ] --START--
INFO: Run Behavior\BuildLiteBehavior [ RunTime:0.000000s ]
INFO: [ app_init ] --END-- [ RunTime:0.000000s ]
INFO: [ app_begin ] --START--
INFO: Run Behavior\ReadHtmlCacheBehavior [ RunTime:0.000000s ]
INFO: [ app_begin ] --END-- [ RunTime:0.000000s ]
INFO: [ app_end ] --START--
INFO: Run Behavior\ShowPageTraceBehavior [ RunTime:0.000000s ]
INFO: [ app_end ] --END-- [ RunTime:0.000000s ]

