[ 2020-05-09T11:02:05+08:00 ] 127.0.0.1 /admin
INFO: [ app_init ] --START--
INFO: Run Behavior\BuildLiteBehavior [ RunTime:0.000016s ]
INFO: [ app_init ] --END-- [ RunTime:0.000381s ]
INFO: [ app_begin ] --START--
INFO: Run Behavior\ReadHtmlCacheBehavior [ RunTime:0.000416s ]
INFO: [ app_begin ] --END-- [ RunTime:0.000447s ]
INFO: [ view_parse ] --START--
INFO: [ template_filter ] --START--
INFO: Run Behavior\ContentReplaceBehavior [ RunTime:0.000061s ]
INFO: [ template_filter ] --END-- [ RunTime:0.000103s ]
INFO: Run Behavior\ParseTemplateBehavior [ RunTime:0.007688s ]
INFO: [ view_parse ] --END-- [ RunTime:0.007724s ]
INFO: [ view_filter ] --START--
INFO: Run Behavior\WriteHtmlCacheBehavior [ RunTime:0.000161s ]
INFO: [ view_filter ] --END-- [ RunTime:0.000183s ]

[ 2020-05-09T11:02:08+08:00 ] 127.0.0.1 /Admin/Login/login.html
INFO: [ app_init ] --START--
INFO: Run Behavior\BuildLiteBehavior [ RunTime:0.000013s ]
INFO: [ app_init ] --END-- [ RunTime:0.000333s ]
INFO: [ app_begin ] --START--
INFO: Run Behavior\ReadHtmlCacheBehavior [ RunTime:0.000421s ]
INFO: [ app_begin ] --END-- [ RunTime:0.000455s ]
INFO: [ view_parse ] --START--
INFO: [ template_filter ] --START--
INFO: Run Behavior\ContentReplaceBehavior [ RunTime:0.000049s ]
INFO: [ template_filter ] --END-- [ RunTime:0.000084s ]
INFO: Run Behavior\ParseTemplateBehavior [ RunTime:0.005142s ]
INFO: [ view_parse ] --END-- [ RunTime:0.005175s ]
INFO: [ view_filter ] --START--
INFO: Run Behavior\WriteHtmlCacheBehavior [ RunTime:0.000141s ]
INFO: [ view_filter ] --END-- [ RunTime:0.000164s ]
INFO: [ app_end ] --START--
INFO: Run Behavior\ShowPageTraceBehavior [ RunTime:0.000458s ]
INFO: [ app_end ] --END-- [ RunTime:0.000483s ]

[ 2020-05-09T11:02:08+08:00 ] 127.0.0.1 /Admin/Login/verify.html
INFO: [ app_init ] --START--
INFO: Run Behavior\BuildLiteBehavior [ RunTime:0.000011s ]
INFO: [ app_init ] --END-- [ RunTime:0.000315s ]
INFO: [ app_begin ] --START--
INFO: Run Behavior\ReadHtmlCacheBehavior [ RunTime:0.000405s ]
INFO: [ app_begin ] --END-- [ RunTime:0.000434s ]
INFO: [ app_end ] --START--
INFO: Run Behavior\ShowPageTraceBehavior [ RunTime:0.000527s ]
INFO: [ app_end ] --END-- [ RunTime:0.000573s ]

[ 2020-05-09T11:02:25+08:00 ] 127.0.0.1 /Admin/Login/login.html
INFO: [ app_init ] --START--
INFO: Run Behavior\BuildLiteBehavior [ RunTime:0.000011s ]
INFO: [ app_init ] --END-- [ RunTime:0.000296s ]
INFO: [ app_begin ] --START--
INFO: Run Behavior\ReadHtmlCacheBehavior [ RunTime:0.000388s ]
INFO: [ app_begin ] --END-- [ RunTime:0.000418s ]
NOTIC: [2] Declaration of Admin\Model\AdminModel::_after_insert($data) should be compatible with Think\Model::_after_insert($data, $options) /Applications/MAMP/www/jxshop/Application/Admin/Model/AdminModel.class.php 第 4 行.
SQL: SELECT * FROM `jx_admin` WHERE ( username='admin' ) LIMIT 1   [ RunTime:0.0024s ]
INFO: [ view_parse ] --START--
INFO: [ template_filter ] --START--
INFO: Run Behavior\ContentReplaceBehavior [ RunTime:0.000042s ]
INFO: [ template_filter ] --END-- [ RunTime:0.000072s ]
INFO: Run Behavior\ParseTemplateBehavior [ RunTime:0.004412s ]
INFO: [ view_parse ] --END-- [ RunTime:0.004443s ]
INFO: [ view_filter ] --START--
INFO: Run Behavior\WriteHtmlCacheBehavior [ RunTime:0.000141s ]
INFO: [ view_filter ] --END-- [ RunTime:0.000165s ]

[ 2020-05-09T11:02:28+08:00 ] 127.0.0.1 /Admin/Login/login.html
INFO: [ app_init ] --START--
INFO: Run Behavior\BuildLiteBehavior [ RunTime:0.000011s ]
INFO: [ app_init ] --END-- [ RunTime:0.000303s ]
INFO: [ app_begin ] --START--
INFO: Run Behavior\ReadHtmlCacheBehavior [ RunTime:0.000398s ]
INFO: [ app_begin ] --END-- [ RunTime:0.000429s ]
INFO: [ view_parse ] --START--
INFO: [ template_filter ] --START--
INFO: Run Behavior\ContentReplaceBehavior [ RunTime:0.000052s ]
INFO: [ template_filter ] --END-- [ RunTime:0.000094s ]
INFO: Run Behavior\ParseTemplateBehavior [ RunTime:0.004801s ]
INFO: [ view_parse ] --END-- [ RunTime:0.004840s ]
INFO: [ view_filter ] --START--
INFO: Run Behavior\WriteHtmlCacheBehavior [ RunTime:0.000161s ]
INFO: [ view_filter ] --END-- [ RunTime:0.000185s ]
INFO: [ app_end ] --START--
INFO: Run Behavior\ShowPageTraceBehavior [ RunTime:0.000464s ]
INFO: [ app_end ] --END-- [ RunTime:0.000500s ]

[ 2020-05-09T12:40:47+08:00 ] 127.0.0.1 /Admin/Login/login.html
INFO: [ app_init ] --START--
INFO: Run Behavior\BuildLiteBehavior [ RunTime:0.000016s ]
INFO: [ app_init ] --END-- [ RunTime:0.000389s ]
INFO: [ app_begin ] --START--
INFO: Run Behavior\ReadHtmlCacheBehavior [ RunTime:0.000419s ]
INFO: [ app_begin ] --END-- [ RunTime:0.000449s ]
INFO: [ view_parse ] --START--
INFO: [ template_filter ] --START--
INFO: Run Behavior\ContentReplaceBehavior [ RunTime:0.000080s ]
INFO: [ template_filter ] --END-- [ RunTime:0.000120s ]
INFO: Run Behavior\ParseTemplateBehavior [ RunTime:0.007846s ]
INFO: [ view_parse ] --END-- [ RunTime:0.007889s ]
INFO: [ view_filter ] --START--
INFO: Run Behavior\WriteHtmlCacheBehavior [ RunTime:0.000195s ]
INFO: [ view_filter ] --END-- [ RunTime:0.000221s ]
INFO: [ app_end ] --START--
INFO: Run Behavior\ShowPageTraceBehavior [ RunTime:0.000572s ]
INFO: [ app_end ] --END-- [ RunTime:0.000603s ]

[ 2020-05-09T12:40:47+08:00 ] 127.0.0.1 /Admin/Login/verify.html
INFO: [ app_init ] --START--
INFO: Run Behavior\BuildLiteBehavior [ RunTime:0.000011s ]
INFO: [ app_init ] --END-- [ RunTime:0.000311s ]
INFO: [ app_begin ] --START--
INFO: Run Behavior\ReadHtmlCacheBehavior [ RunTime:0.000442s ]
INFO: [ app_begin ] --END-- [ RunTime:0.000474s ]
INFO: [ app_end ] --START--
INFO: Run Behavior\ShowPageTraceBehavior [ RunTime:0.000474s ]
INFO: [ app_end ] --END-- [ RunTime:0.000515s ]

[ 2020-05-09T14:07:29+08:00 ] 127.0.0.1 /Admin/Login/login.html
INFO: [ app_init ] --START--
INFO: Run Behavior\BuildLiteBehavior [ RunTime:0.000011s ]
INFO: [ app_init ] --END-- [ RunTime:0.000312s ]
INFO: [ app_begin ] --START--
INFO: Run Behavior\ReadHtmlCacheBehavior [ RunTime:0.000401s ]
INFO: [ app_begin ] --END-- [ RunTime:0.000430s ]
INFO: [ view_parse ] --START--
INFO: [ template_filter ] --START--
INFO: Run Behavior\ContentReplaceBehavior [ RunTime:0.000046s ]
INFO: [ template_filter ] --END-- [ RunTime:0.000075s ]
INFO: Run Behavior\ParseTemplateBehavior [ RunTime:0.004462s ]
INFO: [ view_parse ] --END-- [ RunTime:0.004491s ]
INFO: [ view_filter ] --START--
INFO: Run Behavior\WriteHtmlCacheBehavior [ RunTime:0.000150s ]
INFO: [ view_filter ] --END-- [ RunTime:0.000173s ]
INFO: [ app_end ] --START--
INFO: Run Behavior\ShowPageTraceBehavior [ RunTime:0.000433s ]
INFO: [ app_end ] --END-- [ RunTime:0.000458s ]

[ 2020-05-09T14:07:29+08:00 ] 127.0.0.1 /Admin/Login/verify.html
INFO: [ app_init ] --START--
INFO: Run Behavior\BuildLiteBehavior [ RunTime:0.000012s ]
INFO: [ app_init ] --END-- [ RunTime:0.000319s ]
INFO: [ app_begin ] --START--
INFO: Run Behavior\ReadHtmlCacheBehavior [ RunTime:0.000406s ]
INFO: [ app_begin ] --END-- [ RunTime:0.000436s ]
INFO: [ app_end ] --START--
INFO: Run Behavior\ShowPageTraceBehavior [ RunTime:0.000495s ]
INFO: [ app_end ] --END-- [ RunTime:0.000537s ]

[ 2020-05-09T14:07:43+08:00 ] 127.0.0.1 /Admin/Login/login.html
INFO: [ app_init ] --START--
INFO: Run Behavior\BuildLiteBehavior [ RunTime:0.000012s ]
INFO: [ app_init ] --END-- [ RunTime:0.000316s ]
INFO: [ app_begin ] --START--
INFO: Run Behavior\ReadHtmlCacheBehavior [ RunTime:0.000401s ]
INFO: [ app_begin ] --END-- [ RunTime:0.000430s ]
NOTIC: [2] Declaration of Admin\Model\AdminModel::_after_insert($data) should be compatible with Think\Model::_after_insert($data, $options) /Applications/MAMP/www/jxshop/Application/Admin/Model/AdminModel.class.php 第 4 行.
SQL: SELECT * FROM `jx_admin` WHERE ( username='admin' ) LIMIT 1   [ RunTime:0.0003s ]
INFO: [ view_parse ] --START--
INFO: [ template_filter ] --START--
INFO: Run Behavior\ContentReplaceBehavior [ RunTime:0.000038s ]
INFO: [ template_filter ] --END-- [ RunTime:0.000073s ]
INFO: Run Behavior\ParseTemplateBehavior [ RunTime:0.005010s ]
INFO: [ view_parse ] --END-- [ RunTime:0.005041s ]
INFO: [ view_filter ] --START--
INFO: Run Behavior\WriteHtmlCacheBehavior [ RunTime:0.000148s ]
INFO: [ view_filter ] --END-- [ RunTime:0.000171s ]

[ 2020-05-09T14:07:46+08:00 ] 127.0.0.1 /Admin/Login/login.html
INFO: [ app_init ] --START--
INFO: Run Behavior\BuildLiteBehavior [ RunTime:0.000011s ]
INFO: [ app_init ] --END-- [ RunTime:0.000310s ]
INFO: [ app_begin ] --START--
INFO: Run Behavior\ReadHtmlCacheBehavior [ RunTime:0.000390s ]
INFO: [ app_begin ] --END-- [ RunTime:0.000419s ]
INFO: [ view_parse ] --START--
INFO: [ template_filter ] --START--
INFO: Run Behavior\ContentReplaceBehavior [ RunTime:0.000046s ]
INFO: [ template_filter ] --END-- [ RunTime:0.000077s ]
INFO: Run Behavior\ParseTemplateBehavior [ RunTime:0.004483s ]
INFO: [ view_parse ] --END-- [ RunTime:0.004511s ]
INFO: [ view_filter ] --START--
INFO: Run Behavior\WriteHtmlCacheBehavior [ RunTime:0.000146s ]
INFO: [ view_filter ] --END-- [ RunTime:0.000169s ]
INFO: [ app_end ] --START--
INFO: Run Behavior\ShowPageTraceBehavior [ RunTime:0.000433s ]
INFO: [ app_end ] --END-- [ RunTime:0.000458s ]

[ 2020-05-09T14:07:53+08:00 ] 127.0.0.1 /Admin/Login/verify.html?date=1589004473055
INFO: [ app_init ] --START--
INFO: Run Behavior\BuildLiteBehavior [ RunTime:0.000011s ]
INFO: [ app_init ] --END-- [ RunTime:0.000334s ]
INFO: [ app_begin ] --START--
INFO: Run Behavior\ReadHtmlCacheBehavior [ RunTime:0.000441s ]
INFO: [ app_begin ] --END-- [ RunTime:0.000479s ]
INFO: [ app_end ] --START--
INFO: Run Behavior\ShowPageTraceBehavior [ RunTime:0.000548s ]
INFO: [ app_end ] --END-- [ RunTime:0.000595s ]

[ 2020-05-09T14:07:57+08:00 ] 127.0.0.1 /Admin/Login/login.html
INFO: [ app_init ] --START--
INFO: Run Behavior\BuildLiteBehavior [ RunTime:0.000011s ]
INFO: [ app_init ] --END-- [ RunTime:0.000297s ]
INFO: [ app_begin ] --START--
INFO: Run Behavior\ReadHtmlCacheBehavior [ RunTime:0.000396s ]
INFO: [ app_begin ] --END-- [ RunTime:0.000426s ]
NOTIC: [2] Declaration of Admin\Model\AdminModel::_after_insert($data) should be compatible with Think\Model::_after_insert($data, $options) /Applications/MAMP/www/jxshop/Application/Admin/Model/AdminModel.class.php 第 4 行.
SQL: SELECT * FROM `jx_admin` WHERE ( username='admin' ) LIMIT 1   [ RunTime:0.0003s ]
INFO: [ view_parse ] --START--
INFO: [ template_filter ] --START--
INFO: Run Behavior\ContentReplaceBehavior [ RunTime:0.000036s ]
INFO: [ template_filter ] --END-- [ RunTime:0.000065s ]
INFO: Run Behavior\ParseTemplateBehavior [ RunTime:0.004517s ]
INFO: [ view_parse ] --END-- [ RunTime:0.004547s ]
INFO: [ view_filter ] --START--
INFO: Run Behavior\WriteHtmlCacheBehavior [ RunTime:0.000150s ]
INFO: [ view_filter ] --END-- [ RunTime:0.000173s ]

[ 2020-05-09T14:08:00+08:00 ] 127.0.0.1 /Admin/Login/login.html
INFO: [ app_init ] --START--
INFO: Run Behavior\BuildLiteBehavior [ RunTime:0.000015s ]
INFO: [ app_init ] --END-- [ RunTime:0.000349s ]
INFO: [ app_begin ] --START--
INFO: Run Behavior\ReadHtmlCacheBehavior [ RunTime:0.000419s ]
INFO: [ app_begin ] --END-- [ RunTime:0.000450s ]
INFO: [ view_parse ] --START--
INFO: [ template_filter ] --START--
INFO: Run Behavior\ContentReplaceBehavior [ RunTime:0.000049s ]
INFO: [ template_filter ] --END-- [ RunTime:0.000082s ]
INFO: Run Behavior\ParseTemplateBehavior [ RunTime:0.004472s ]
INFO: [ view_parse ] --END-- [ RunTime:0.004500s ]
INFO: [ view_filter ] --START--
INFO: Run Behavior\WriteHtmlCacheBehavior [ RunTime:0.000138s ]
INFO: [ view_filter ] --END-- [ RunTime:0.000161s ]
INFO: [ app_end ] --START--
INFO: Run Behavior\ShowPageTraceBehavior [ RunTime:0.000424s ]
INFO: [ app_end ] --END-- [ RunTime:0.000449s ]

[ 2020-05-09T14:09:04+08:00 ] 127.0.0.1 /Admin/Login/login.html
INFO: [ app_init ] --START--
INFO: Run Behavior\BuildLiteBehavior [ RunTime:0.000011s ]
INFO: [ app_init ] --END-- [ RunTime:0.000305s ]
INFO: [ app_begin ] --START--
INFO: Run Behavior\ReadHtmlCacheBehavior [ RunTime:0.000401s ]
INFO: [ app_begin ] --END-- [ RunTime:0.000430s ]
INFO: [ view_parse ] --START--
INFO: [ template_filter ] --START--
INFO: Run Behavior\ContentReplaceBehavior [ RunTime:0.000063s ]
INFO: [ template_filter ] --END-- [ RunTime:0.000097s ]
INFO: Run Behavior\ParseTemplateBehavior [ RunTime:0.006435s ]
INFO: [ view_parse ] --END-- [ RunTime:0.006464s ]
INFO: [ view_filter ] --START--
INFO: Run Behavior\WriteHtmlCacheBehavior [ RunTime:0.000150s ]
INFO: [ view_filter ] --END-- [ RunTime:0.000172s ]
INFO: [ app_end ] --START--
INFO: Run Behavior\ShowPageTraceBehavior [ RunTime:0.000452s ]
INFO: [ app_end ] --END-- [ RunTime:0.000476s ]

[ 2020-05-09T14:09:04+08:00 ] 127.0.0.1 /Admin/Login/verify.html
INFO: [ app_init ] --START--
INFO: Run Behavior\BuildLiteBehavior [ RunTime:0.000013s ]
INFO: [ app_init ] --END-- [ RunTime:0.000344s ]
INFO: [ app_begin ] --START--
INFO: Run Behavior\ReadHtmlCacheBehavior [ RunTime:0.000413s ]
INFO: [ app_begin ] --END-- [ RunTime:0.000443s ]
INFO: [ app_end ] --START--
INFO: Run Behavior\ShowPageTraceBehavior [ RunTime:0.000444s ]
INFO: [ app_end ] --END-- [ RunTime:0.000478s ]

[ 2020-05-09T14:09:17+08:00 ] 127.0.0.1 /Admin/Login/verify.html?date=1589004557146
INFO: [ app_init ] --START--
INFO: Run Behavior\BuildLiteBehavior [ RunTime:0.000017s ]
INFO: [ app_init ] --END-- [ RunTime:0.000452s ]
INFO: [ app_begin ] --START--
INFO: Run Behavior\ReadHtmlCacheBehavior [ RunTime:0.000456s ]
INFO: [ app_begin ] --END-- [ RunTime:0.000490s ]
INFO: [ app_end ] --START--
INFO: Run Behavior\ShowPageTraceBehavior [ RunTime:0.000474s ]
INFO: [ app_end ] --END-- [ RunTime:0.000508s ]

[ 2020-05-09T14:09:21+08:00 ] 127.0.0.1 /Admin/Login/login.html
INFO: [ app_init ] --START--
INFO: Run Behavior\BuildLiteBehavior [ RunTime:0.000010s ]
INFO: [ app_init ] --END-- [ RunTime:0.000305s ]
INFO: [ app_begin ] --START--
INFO: Run Behavior\ReadHtmlCacheBehavior [ RunTime:0.000387s ]
INFO: [ app_begin ] --END-- [ RunTime:0.000417s ]

[ 2020-05-09T14:11:16+08:00 ] 127.0.0.1 /Admin/Login/login.html
INFO: [ app_init ] --START--
INFO: Run Behavior\BuildLiteBehavior [ RunTime:0.000017s ]
INFO: [ app_init ] --END-- [ RunTime:0.000390s ]
INFO: [ app_begin ] --START--
INFO: Run Behavior\ReadHtmlCacheBehavior [ RunTime:0.000431s ]
INFO: [ app_begin ] --END-- [ RunTime:0.000463s ]

[ 2020-05-09T14:11:54+08:00 ] 127.0.0.1 /Admin/Login/login.html
INFO: [ app_init ] --START--
INFO: Run Behavior\BuildLiteBehavior [ RunTime:0.000010s ]
INFO: [ app_init ] --END-- [ RunTime:0.000317s ]
INFO: [ app_begin ] --START--
INFO: Run Behavior\ReadHtmlCacheBehavior [ RunTime:0.000403s ]
INFO: [ app_begin ] --END-- [ RunTime:0.000432s ]
INFO: [ view_parse ] --START--
INFO: [ template_filter ] --START--
INFO: Run Behavior\ContentReplaceBehavior [ RunTime:0.000052s ]
INFO: [ template_filter ] --END-- [ RunTime:0.000083s ]
INFO: Run Behavior\ParseTemplateBehavior [ RunTime:0.004512s ]
INFO: [ view_parse ] --END-- [ RunTime:0.004540s ]
INFO: [ view_filter ] --START--
INFO: Run Behavior\WriteHtmlCacheBehavior [ RunTime:0.000144s ]
INFO: [ view_filter ] --END-- [ RunTime:0.000166s ]
INFO: [ app_end ] --START--
INFO: Run Behavior\ShowPageTraceBehavior [ RunTime:0.000429s ]
INFO: [ app_end ] --END-- [ RunTime:0.000456s ]

[ 2020-05-09T14:11:54+08:00 ] 127.0.0.1 /Admin/Login/verify.html
INFO: [ app_init ] --START--
INFO: Run Behavior\BuildLiteBehavior [ RunTime:0.000011s ]
INFO: [ app_init ] --END-- [ RunTime:0.000304s ]
INFO: [ app_begin ] --START--
INFO: Run Behavior\ReadHtmlCacheBehavior [ RunTime:0.000399s ]
INFO: [ app_begin ] --END-- [ RunTime:0.000430s ]
INFO: [ app_end ] --START--
INFO: Run Behavior\ShowPageTraceBehavior [ RunTime:0.000487s ]
INFO: [ app_end ] --END-- [ RunTime:0.000526s ]

[ 2020-05-09T14:12:03+08:00 ] 127.0.0.1 /Admin/Login/login.html
INFO: [ app_init ] --START--
INFO: Run Behavior\BuildLiteBehavior [ RunTime:0.000011s ]
INFO: [ app_init ] --END-- [ RunTime:0.000302s ]
INFO: [ app_begin ] --START--
INFO: Run Behavior\ReadHtmlCacheBehavior [ RunTime:0.000397s ]
INFO: [ app_begin ] --END-- [ RunTime:0.000427s ]

[ 2020-05-09T14:12:08+08:00 ] 127.0.0.1 /Admin/Login/login.html
INFO: [ app_init ] --START--
INFO: Run Behavior\BuildLiteBehavior [ RunTime:0.000011s ]
INFO: [ app_init ] --END-- [ RunTime:0.000300s ]
INFO: [ app_begin ] --START--
INFO: Run Behavior\ReadHtmlCacheBehavior [ RunTime:0.000397s ]
INFO: [ app_begin ] --END-- [ RunTime:0.000427s ]
INFO: [ view_parse ] --START--
INFO: [ template_filter ] --START--
INFO: Run Behavior\ContentReplaceBehavior [ RunTime:0.000046s ]
INFO: [ template_filter ] --END-- [ RunTime:0.000076s ]
INFO: Run Behavior\ParseTemplateBehavior [ RunTime:0.004484s ]
INFO: [ view_parse ] --END-- [ RunTime:0.004515s ]
INFO: [ view_filter ] --START--
INFO: Run Behavior\WriteHtmlCacheBehavior [ RunTime:0.000153s ]
INFO: [ view_filter ] --END-- [ RunTime:0.000176s ]
INFO: [ app_end ] --START--
INFO: Run Behavior\ShowPageTraceBehavior [ RunTime:0.000434s ]
INFO: [ app_end ] --END-- [ RunTime:0.000460s ]

[ 2020-05-09T14:12:11+08:00 ] 127.0.0.1 /Admin/Login/verify.html?date=1589004731064
INFO: [ app_init ] --START--
INFO: Run Behavior\BuildLiteBehavior [ RunTime:0.000012s ]
INFO: [ app_init ] --END-- [ RunTime:0.000298s ]
INFO: [ app_begin ] --START--
INFO: Run Behavior\ReadHtmlCacheBehavior [ RunTime:0.000389s ]
INFO: [ app_begin ] --END-- [ RunTime:0.000419s ]
INFO: [ app_end ] --START--
INFO: Run Behavior\ShowPageTraceBehavior [ RunTime:0.000515s ]
INFO: [ app_end ] --END-- [ RunTime:0.000559s ]

[ 2020-05-09T14:12:12+08:00 ] 127.0.0.1 /Admin/Login/verify.html?date=1589004732329
INFO: [ app_init ] --START--
INFO: Run Behavior\BuildLiteBehavior [ RunTime:0.000011s ]
INFO: [ app_init ] --END-- [ RunTime:0.000301s ]
INFO: [ app_begin ] --START--
INFO: Run Behavior\ReadHtmlCacheBehavior [ RunTime:0.000393s ]
INFO: [ app_begin ] --END-- [ RunTime:0.000422s ]
INFO: [ app_end ] --START--
INFO: Run Behavior\ShowPageTraceBehavior [ RunTime:0.000576s ]
INFO: [ app_end ] --END-- [ RunTime:0.000624s ]

[ 2020-05-09T14:12:13+08:00 ] 127.0.0.1 /Admin/Login/verify.html?date=1589004733132
INFO: [ app_init ] --START--
INFO: Run Behavior\BuildLiteBehavior [ RunTime:0.000011s ]
INFO: [ app_init ] --END-- [ RunTime:0.000296s ]
INFO: [ app_begin ] --START--
INFO: Run Behavior\ReadHtmlCacheBehavior [ RunTime:0.000396s ]
INFO: [ app_begin ] --END-- [ RunTime:0.000427s ]
INFO: [ app_end ] --START--
INFO: Run Behavior\ShowPageTraceBehavior [ RunTime:0.000466s ]
INFO: [ app_end ] --END-- [ RunTime:0.000505s ]

[ 2020-05-09T14:12:20+08:00 ] 127.0.0.1 /Admin/Login/login.html
INFO: [ app_init ] --START--
INFO: Run Behavior\BuildLiteBehavior [ RunTime:0.000013s ]
INFO: [ app_init ] --END-- [ RunTime:0.000336s ]
INFO: [ app_begin ] --START--
INFO: Run Behavior\ReadHtmlCacheBehavior [ RunTime:0.000401s ]
INFO: [ app_begin ] --END-- [ RunTime:0.000433s ]

[ 2020-05-09T14:14:50+08:00 ] 127.0.0.1 /Admin/Login/login.html
INFO: [ app_init ] --START--
INFO: Run Behavior\BuildLiteBehavior [ RunTime:0.000011s ]
INFO: [ app_init ] --END-- [ RunTime:0.000304s ]
INFO: [ app_begin ] --START--
INFO: Run Behavior\ReadHtmlCacheBehavior [ RunTime:0.000399s ]
INFO: [ app_begin ] --END-- [ RunTime:0.000429s ]
INFO: [ view_parse ] --START--
INFO: [ template_filter ] --START--
INFO: Run Behavior\ContentReplaceBehavior [ RunTime:0.000052s ]
INFO: [ template_filter ] --END-- [ RunTime:0.000084s ]
INFO: Run Behavior\ParseTemplateBehavior [ RunTime:0.004532s ]
INFO: [ view_parse ] --END-- [ RunTime:0.004561s ]
INFO: [ view_filter ] --START--
INFO: Run Behavior\WriteHtmlCacheBehavior [ RunTime:0.000147s ]
INFO: [ view_filter ] --END-- [ RunTime:0.000170s ]
INFO: [ app_end ] --START--
INFO: Run Behavior\ShowPageTraceBehavior [ RunTime:0.000431s ]
INFO: [ app_end ] --END-- [ RunTime:0.000456s ]

[ 2020-05-09T14:14:50+08:00 ] 127.0.0.1 /Admin/Login/verify.html
INFO: [ app_init ] --START--
INFO: Run Behavior\BuildLiteBehavior [ RunTime:0.000012s ]
INFO: [ app_init ] --END-- [ RunTime:0.000318s ]
INFO: [ app_begin ] --START--
INFO: Run Behavior\ReadHtmlCacheBehavior [ RunTime:0.000404s ]
INFO: [ app_begin ] --END-- [ RunTime:0.000433s ]
INFO: [ app_end ] --START--
INFO: Run Behavior\ShowPageTraceBehavior [ RunTime:0.000496s ]
INFO: [ app_end ] --END-- [ RunTime:0.000542s ]

[ 2020-05-09T14:14:51+08:00 ] 127.0.0.1 /Admin/Login/verify.html?date=1589004891799
INFO: [ app_init ] --START--
INFO: Run Behavior\BuildLiteBehavior [ RunTime:0.000011s ]
INFO: [ app_init ] --END-- [ RunTime:0.000300s ]
INFO: [ app_begin ] --START--
INFO: Run Behavior\ReadHtmlCacheBehavior [ RunTime:0.000387s ]
INFO: [ app_begin ] --END-- [ RunTime:0.000415s ]
INFO: [ app_end ] --START--
INFO: Run Behavior\ShowPageTraceBehavior [ RunTime:0.000439s ]
INFO: [ app_end ] --END-- [ RunTime:0.000475s ]

[ 2020-05-09T14:14:53+08:00 ] 127.0.0.1 /Admin/Login/verify.html?date=1589004893238
INFO: [ app_init ] --START--
INFO: Run Behavior\BuildLiteBehavior [ RunTime:0.000010s ]
INFO: [ app_init ] --END-- [ RunTime:0.000286s ]
INFO: [ app_begin ] --START--
INFO: Run Behavior\ReadHtmlCacheBehavior [ RunTime:0.000387s ]
INFO: [ app_begin ] --END-- [ RunTime:0.000415s ]
INFO: [ app_end ] --START--
INFO: Run Behavior\ShowPageTraceBehavior [ RunTime:0.000449s ]
INFO: [ app_end ] --END-- [ RunTime:0.000486s ]

[ 2020-05-09T14:15:03+08:00 ] 127.0.0.1 /Admin/Login/login.html
INFO: [ app_init ] --START--
INFO: Run Behavior\BuildLiteBehavior [ RunTime:0.000011s ]
INFO: [ app_init ] --END-- [ RunTime:0.000302s ]
INFO: [ app_begin ] --START--
INFO: Run Behavior\ReadHtmlCacheBehavior [ RunTime:0.000400s ]
INFO: [ app_begin ] --END-- [ RunTime:0.000431s ]

[ 2020-05-09T14:15:13+08:00 ] 127.0.0.1 /Admin/Login/login.html
INFO: [ app_init ] --START--
INFO: Run Behavior\BuildLiteBehavior [ RunTime:0.000013s ]
INFO: [ app_init ] --END-- [ RunTime:0.000349s ]
INFO: [ app_begin ] --START--
INFO: Run Behavior\ReadHtmlCacheBehavior [ RunTime:0.000445s ]
INFO: [ app_begin ] --END-- [ RunTime:0.000481s ]

[ 2020-05-09T14:15:38+08:00 ] 127.0.0.1 /Admin/Login/login.html
INFO: [ app_init ] --START--
INFO: Run Behavior\BuildLiteBehavior [ RunTime:0.000011s ]
INFO: [ app_init ] --END-- [ RunTime:0.000307s ]
INFO: [ app_begin ] --START--
INFO: Run Behavior\ReadHtmlCacheBehavior [ RunTime:0.000457s ]
INFO: [ app_begin ] --END-- [ RunTime:0.000493s ]
NOTIC: [2] Declaration of Admin\Model\AdminModel::_after_insert($data) should be compatible with Think\Model::_after_insert($data, $options) /Applications/MAMP/www/jxshop/Application/Admin/Model/AdminModel.class.php 第 4 行.
SQL: SELECT * FROM `jx_admin` WHERE ( username='admin' ) LIMIT 1   [ RunTime:0.0003s ]
INFO: [ view_parse ] --START--
INFO: [ template_filter ] --START--
INFO: Run Behavior\ContentReplaceBehavior [ RunTime:0.000033s ]
INFO: [ template_filter ] --END-- [ RunTime:0.000062s ]
INFO: Run Behavior\ParseTemplateBehavior [ RunTime:0.004454s ]
INFO: [ view_parse ] --END-- [ RunTime:0.004484s ]
INFO: [ view_filter ] --START--
INFO: Run Behavior\WriteHtmlCacheBehavior [ RunTime:0.000154s ]
INFO: [ view_filter ] --END-- [ RunTime:0.000176s ]
INFO: [ app_end ] --START--
INFO: Run Behavior\ShowPageTraceBehavior [ RunTime:0.000458s ]
INFO: [ app_end ] --END-- [ RunTime:0.000484s ]

[ 2020-05-09T14:15:39+08:00 ] 127.0.0.1 /Admin/Index/index.html
INFO: [ app_init ] --START--
INFO: Run Behavior\BuildLiteBehavior [ RunTime:0.000011s ]
INFO: [ app_init ] --END-- [ RunTime:0.000314s ]
INFO: [ app_begin ] --START--
INFO: Run Behavior\ReadHtmlCacheBehavior [ RunTime:0.000412s ]
INFO: [ app_begin ] --END-- [ RunTime:0.000441s ]
INFO: [ view_parse ] --START--
INFO: [ template_filter ] --START--
INFO: Run Behavior\ContentReplaceBehavior [ RunTime:0.000027s ]
INFO: [ template_filter ] --END-- [ RunTime:0.000059s ]
INFO: Run Behavior\ParseTemplateBehavior [ RunTime:0.005414s ]
INFO: [ view_parse ] --END-- [ RunTime:0.005448s ]
INFO: [ view_filter ] --START--
INFO: Run Behavior\WriteHtmlCacheBehavior [ RunTime:0.000145s ]
INFO: [ view_filter ] --END-- [ RunTime:0.000167s ]
INFO: [ app_end ] --START--
INFO: Run Behavior\ShowPageTraceBehavior [ RunTime:0.000440s ]
INFO: [ app_end ] --END-- [ RunTime:0.000468s ]

[ 2020-05-09T14:15:40+08:00 ] 127.0.0.1 /Admin/Index/top.html
INFO: [ app_init ] --START--
INFO: Run Behavior\BuildLiteBehavior [ RunTime:0.000011s ]
INFO: [ app_init ] --END-- [ RunTime:0.000317s ]
INFO: [ app_begin ] --START--
INFO: Run Behavior\ReadHtmlCacheBehavior [ RunTime:0.000396s ]
INFO: [ app_begin ] --END-- [ RunTime:0.000425s ]
INFO: [ view_parse ] --START--
INFO: [ template_filter ] --START--
INFO: Run Behavior\ContentReplaceBehavior [ RunTime:0.000054s ]
INFO: [ template_filter ] --END-- [ RunTime:0.000098s ]
INFO: Run Behavior\ParseTemplateBehavior [ RunTime:0.005419s ]
INFO: [ view_parse ] --END-- [ RunTime:0.005456s ]
INFO: [ view_filter ] --START--
INFO: Run Behavior\WriteHtmlCacheBehavior [ RunTime:0.000197s ]
INFO: [ view_filter ] --END-- [ RunTime:0.000229s ]
INFO: [ app_end ] --START--
INFO: Run Behavior\ShowPageTraceBehavior [ RunTime:0.000521s ]
INFO: [ app_end ] --END-- [ RunTime:0.000566s ]

[ 2020-05-09T14:15:40+08:00 ] 127.0.0.1 /Admin/Index/menu.html
INFO: [ app_init ] --START--
INFO: Run Behavior\BuildLiteBehavior [ RunTime:0.000009s ]
INFO: [ app_init ] --END-- [ RunTime:0.000301s ]
INFO: [ app_begin ] --START--
INFO: Run Behavior\ReadHtmlCacheBehavior [ RunTime:0.000398s ]
INFO: [ app_begin ] --END-- [ RunTime:0.000428s ]
INFO: [ view_parse ] --START--
INFO: [ template_filter ] --START--
INFO: Run Behavior\ContentReplaceBehavior [ RunTime:0.000097s ]
INFO: [ template_filter ] --END-- [ RunTime:0.000148s ]
NOTIC: [8] Use of undefined constant module_name - assumed 'module_name' /Applications/MAMP/www/jxshop/Application/Runtime/Cache/Admin/4711116eb0e4f69de5996d5f852d801e.php 第 129 行.
NOTIC: [8] Use of undefined constant controller_name - assumed 'controller_name' /Applications/MAMP/www/jxshop/Application/Runtime/Cache/Admin/4711116eb0e4f69de5996d5f852d801e.php 第 129 行.
NOTIC: [8] Use of undefined constant action_name - assumed 'action_name' /Applications/MAMP/www/jxshop/Application/Runtime/Cache/Admin/4711116eb0e4f69de5996d5f852d801e.php 第 129 行.
NOTIC: [8] Use of undefined constant module_name - assumed 'module_name' /Applications/MAMP/www/jxshop/Application/Runtime/Cache/Admin/4711116eb0e4f69de5996d5f852d801e.php 第 129 行.
NOTIC: [8] Use of undefined constant controller_name - assumed 'controller_name' /Applications/MAMP/www/jxshop/Application/Runtime/Cache/Admin/4711116eb0e4f69de5996d5f852d801e.php 第 129 行.
NOTIC: [8] Use of undefined constant action_name - assumed 'action_name' /Applications/MAMP/www/jxshop/Application/Runtime/Cache/Admin/4711116eb0e4f69de5996d5f852d801e.php 第 129 行.
NOTIC: [8] Use of undefined constant module_name - assumed 'module_name' /Applications/MAMP/www/jxshop/Application/Runtime/Cache/Admin/4711116eb0e4f69de5996d5f852d801e.php 第 129 行.
NOTIC: [8] Use of undefined constant controller_name - assumed 'controller_name' /Applications/MAMP/www/jxshop/Application/Runtime/Cache/Admin/4711116eb0e4f69de5996d5f852d801e.php 第 129 行.
NOTIC: [8] Use of undefined constant action_name - assumed 'action_name' /Applications/MAMP/www/jxshop/Application/Runtime/Cache/Admin/4711116eb0e4f69de5996d5f852d801e.php 第 129 行.
NOTIC: [8] Use of undefined constant module_name - assumed 'module_name' /Applications/MAMP/www/jxshop/Application/Runtime/Cache/Admin/4711116eb0e4f69de5996d5f852d801e.php 第 129 行.
NOTIC: [8] Use of undefined constant controller_name - assumed 'controller_name' /Applications/MAMP/www/jxshop/Application/Runtime/Cache/Admin/4711116eb0e4f69de5996d5f852d801e.php 第 129 行.
NOTIC: [8] Use of undefined constant action_name - assumed 'action_name' /Applications/MAMP/www/jxshop/Application/Runtime/Cache/Admin/4711116eb0e4f69de5996d5f852d801e.php 第 129 行.
NOTIC: [8] Use of undefined constant module_name - assumed 'module_name' /Applications/MAMP/www/jxshop/Application/Runtime/Cache/Admin/4711116eb0e4f69de5996d5f852d801e.php 第 129 行.
NOTIC: [8] Use of undefined constant controller_name - assumed 'controller_name' /Applications/MAMP/www/jxshop/Application/Runtime/Cache/Admin/4711116eb0e4f69de5996d5f852d801e.php 第 129 行.
NOTIC: [8] Use of undefined constant action_name - assumed 'action_name' /Applications/MAMP/www/jxshop/Application/Runtime/Cache/Admin/4711116eb0e4f69de5996d5f852d801e.php 第 129 行.
NOTIC: [8] Use of undefined constant module_name - assumed 'module_name' /Applications/MAMP/www/jxshop/Application/Runtime/Cache/Admin/4711116eb0e4f69de5996d5f852d801e.php 第 129 行.
NOTIC: [8] Use of undefined constant controller_name - assumed 'controller_name' /Applications/MAMP/www/jxshop/Application/Runtime/Cache/Admin/4711116eb0e4f69de5996d5f852d801e.php 第 129 行.
NOTIC: [8] Use of undefined constant action_name - assumed 'action_name' /Applications/MAMP/www/jxshop/Application/Runtime/Cache/Admin/4711116eb0e4f69de5996d5f852d801e.php 第 129 行.
NOTIC: [8] Use of undefined constant module_name - assumed 'module_name' /Applications/MAMP/www/jxshop/Application/Runtime/Cache/Admin/4711116eb0e4f69de5996d5f852d801e.php 第 129 行.
NOTIC: [8] Use of undefined constant controller_name - assumed 'controller_name' /Applications/MAMP/www/jxshop/Application/Runtime/Cache/Admin/4711116eb0e4f69de5996d5f852d801e.php 第 129 行.
NOTIC: [8] Use of undefined constant action_name - assumed 'action_name' /Applications/MAMP/www/jxshop/Application/Runtime/Cache/Admin/4711116eb0e4f69de5996d5f852d801e.php 第 129 行.
NOTIC: [8] Use of undefined constant module_name - assumed 'module_name' /Applications/MAMP/www/jxshop/Application/Runtime/Cache/Admin/4711116eb0e4f69de5996d5f852d801e.php 第 129 行.
NOTIC: [8] Use of undefined constant controller_name - assumed 'controller_name' /Applications/MAMP/www/jxshop/Application/Runtime/Cache/Admin/4711116eb0e4f69de5996d5f852d801e.php 第 129 行.
NOTIC: [8] Use of undefined constant action_name - assumed 'action_name' /Applications/MAMP/www/jxshop/Application/Runtime/Cache/Admin/4711116eb0e4f69de5996d5f852d801e.php 第 129 行.
NOTIC: [8] Use of undefined constant module_name - assumed 'module_name' /Applications/MAMP/www/jxshop/Application/Runtime/Cache/Admin/4711116eb0e4f69de5996d5f852d801e.php 第 129 行.
NOTIC: [8] Use of undefined constant controller_name - assumed 'controller_name' /Applications/MAMP/www/jxshop/Application/Runtime/Cache/Admin/4711116eb0e4f69de5996d5f852d801e.php 第 129 行.
NOTIC: [8] Use of undefined constant action_name - assumed 'action_name' /Applications/MAMP/www/jxshop/Application/Runtime/Cache/Admin/4711116eb0e4f69de5996d5f852d801e.php 第 129 行.
NOTIC: [8] Use of undefined constant module_name - assumed 'module_name' /Applications/MAMP/www/jxshop/Application/Runtime/Cache/Admin/4711116eb0e4f69de5996d5f852d801e.php 第 129 行.
NOTIC: [8] Use of undefined constant controller_name - assumed 'controller_name' /Applications/MAMP/www/jxshop/Application/Runtime/Cache/Admin/4711116eb0e4f69de5996d5f852d801e.php 第 129 行.
NOTIC: [8] Use of undefined constant action_name - assumed 'action_name' /Applications/MAMP/www/jxshop/Application/Runtime/Cache/Admin/4711116eb0e4f69de5996d5f852d801e.php 第 129 行.
NOTIC: [8] Use of undefined constant module_name - assumed 'module_name' /Applications/MAMP/www/jxshop/Application/Runtime/Cache/Admin/4711116eb0e4f69de5996d5f852d801e.php 第 129 行.
NOTIC: [8] Use of undefined constant controller_name - assumed 'controller_name' /Applications/MAMP/www/jxshop/Application/Runtime/Cache/Admin/4711116eb0e4f69de5996d5f852d801e.php 第 129 行.
NOTIC: [8] Use of undefined constant action_name - assumed 'action_name' /Applications/MAMP/www/jxshop/Application/Runtime/Cache/Admin/4711116eb0e4f69de5996d5f852d801e.php 第 129 行.
INFO: Run Behavior\ParseTemplateBehavior [ RunTime:0.008343s ]
INFO: [ view_parse ] --END-- [ RunTime:0.008376s ]
INFO: [ view_filter ] --START--
INFO: Run Behavior\WriteHtmlCacheBehavior [ RunTime:0.000181s ]
INFO: [ view_filter ] --END-- [ RunTime:0.000205s ]
INFO: [ app_end ] --START--
INFO: Run Behavior\ShowPageTraceBehavior [ RunTime:0.000463s ]
INFO: [ app_end ] --END-- [ RunTime:0.000491s ]

[ 2020-05-09T14:15:40+08:00 ] 127.0.0.1 /Admin/Index/main.html
INFO: [ app_init ] --START--
INFO: Run Behavior\BuildLiteBehavior [ RunTime:0.000009s ]
INFO: [ app_init ] --END-- [ RunTime:0.000295s ]
INFO: [ app_begin ] --START--
INFO: Run Behavior\ReadHtmlCacheBehavior [ RunTime:0.000398s ]
INFO: [ app_begin ] --END-- [ RunTime:0.000428s ]
INFO: [ view_parse ] --START--
INFO: [ template_filter ] --START--
INFO: Run Behavior\ContentReplaceBehavior [ RunTime:0.000080s ]
INFO: [ template_filter ] --END-- [ RunTime:0.000136s ]
INFO: Run Behavior\ParseTemplateBehavior [ RunTime:0.004861s ]
INFO: [ view_parse ] --END-- [ RunTime:0.004895s ]
INFO: [ view_filter ] --START--
INFO: Run Behavior\WriteHtmlCacheBehavior [ RunTime:0.000174s ]
INFO: [ view_filter ] --END-- [ RunTime:0.000198s ]
INFO: [ app_end ] --START--
INFO: Run Behavior\ShowPageTraceBehavior [ RunTime:0.000448s ]
INFO: [ app_end ] --END-- [ RunTime:0.000473s ]

[ 2020-05-09T14:15:54+08:00 ] 127.0.0.1 /Admin/role/flushAdmin.html
INFO: [ app_init ] --START--
INFO: Run Behavior\BuildLiteBehavior [ RunTime:0.000010s ]
INFO: [ app_init ] --END-- [ RunTime:0.000298s ]
INFO: [ app_begin ] --START--
INFO: Run Behavior\ReadHtmlCacheBehavior [ RunTime:0.000398s ]
INFO: [ app_begin ] --END-- [ RunTime:0.000427s ]
SQL: SHOW COLUMNS FROM `jx_admin_role` [ RunTime:0.0017s ]
SQL: SELECT * FROM `jx_admin_role` WHERE ( role_id=1 )  [ RunTime:0.0003s ]
INFO: [ app_end ] --START--
INFO: Run Behavior\ShowPageTraceBehavior [ RunTime:0.000462s ]
INFO: [ app_end ] --END-- [ RunTime:0.000493s ]

[ 2020-05-09T14:15:56+08:00 ] 127.0.0.1 /Admin/Index/index.html
INFO: [ app_init ] --START--
INFO: Run Behavior\BuildLiteBehavior [ RunTime:0.000011s ]
INFO: [ app_init ] --END-- [ RunTime:0.000325s ]
INFO: [ app_begin ] --START--
INFO: Run Behavior\ReadHtmlCacheBehavior [ RunTime:0.000394s ]
INFO: [ app_begin ] --END-- [ RunTime:0.000422s ]
INFO: [ view_parse ] --START--
INFO: [ template_filter ] --START--
INFO: Run Behavior\ContentReplaceBehavior [ RunTime:0.000024s ]
INFO: [ template_filter ] --END-- [ RunTime:0.000053s ]
INFO: Run Behavior\ParseTemplateBehavior [ RunTime:0.004120s ]
INFO: [ view_parse ] --END-- [ RunTime:0.004150s ]
INFO: [ view_filter ] --START--
INFO: Run Behavior\WriteHtmlCacheBehavior [ RunTime:0.000137s ]
INFO: [ view_filter ] --END-- [ RunTime:0.000160s ]
INFO: [ app_end ] --START--
INFO: Run Behavior\ShowPageTraceBehavior [ RunTime:0.000427s ]
INFO: [ app_end ] --END-- [ RunTime:0.000451s ]

[ 2020-05-09T14:15:56+08:00 ] 127.0.0.1 /Admin/Index/top.html
INFO: [ app_init ] --START--
INFO: Run Behavior\BuildLiteBehavior [ RunTime:0.000010s ]
INFO: [ app_init ] --END-- [ RunTime:0.000291s ]
INFO: [ app_begin ] --START--
INFO: Run Behavior\ReadHtmlCacheBehavior [ RunTime:0.000395s ]
INFO: [ app_begin ] --END-- [ RunTime:0.000424s ]
INFO: [ view_parse ] --START--
INFO: [ template_filter ] --START--
INFO: Run Behavior\ContentReplaceBehavior [ RunTime:0.000055s ]
INFO: [ template_filter ] --END-- [ RunTime:0.000093s ]
INFO: Run Behavior\ParseTemplateBehavior [ RunTime:0.004799s ]
INFO: [ view_parse ] --END-- [ RunTime:0.004831s ]
INFO: [ view_filter ] --START--
INFO: Run Behavior\WriteHtmlCacheBehavior [ RunTime:0.000152s ]
INFO: [ view_filter ] --END-- [ RunTime:0.000175s ]
INFO: [ app_end ] --START--
INFO: Run Behavior\ShowPageTraceBehavior [ RunTime:0.000450s ]
INFO: [ app_end ] --END-- [ RunTime:0.000477s ]

[ 2020-05-09T14:15:56+08:00 ] 127.0.0.1 /Admin/Index/menu.html
INFO: [ app_init ] --START--
INFO: Run Behavior\BuildLiteBehavior [ RunTime:0.000012s ]
INFO: [ app_init ] --END-- [ RunTime:0.000374s ]
INFO: [ app_begin ] --START--
INFO: Run Behavior\ReadHtmlCacheBehavior [ RunTime:0.000469s ]
INFO: [ app_begin ] --END-- [ RunTime:0.000514s ]
INFO: [ view_parse ] --START--
INFO: [ template_filter ] --START--
INFO: Run Behavior\ContentReplaceBehavior [ RunTime:0.000099s ]
INFO: [ template_filter ] --END-- [ RunTime:0.000137s ]
NOTIC: [8] Use of undefined constant module_name - assumed 'module_name' /Applications/MAMP/www/jxshop/Application/Runtime/Cache/Admin/4711116eb0e4f69de5996d5f852d801e.php 第 129 行.
NOTIC: [8] Use of undefined constant controller_name - assumed 'controller_name' /Applications/MAMP/www/jxshop/Application/Runtime/Cache/Admin/4711116eb0e4f69de5996d5f852d801e.php 第 129 行.
NOTIC: [8] Use of undefined constant action_name - assumed 'action_name' /Applications/MAMP/www/jxshop/Application/Runtime/Cache/Admin/4711116eb0e4f69de5996d5f852d801e.php 第 129 行.
NOTIC: [8] Use of undefined constant module_name - assumed 'module_name' /Applications/MAMP/www/jxshop/Application/Runtime/Cache/Admin/4711116eb0e4f69de5996d5f852d801e.php 第 129 行.
NOTIC: [8] Use of undefined constant controller_name - assumed 'controller_name' /Applications/MAMP/www/jxshop/Application/Runtime/Cache/Admin/4711116eb0e4f69de5996d5f852d801e.php 第 129 行.
NOTIC: [8] Use of undefined constant action_name - assumed 'action_name' /Applications/MAMP/www/jxshop/Application/Runtime/Cache/Admin/4711116eb0e4f69de5996d5f852d801e.php 第 129 行.
NOTIC: [8] Use of undefined constant module_name - assumed 'module_name' /Applications/MAMP/www/jxshop/Application/Runtime/Cache/Admin/4711116eb0e4f69de5996d5f852d801e.php 第 129 行.
NOTIC: [8] Use of undefined constant controller_name - assumed 'controller_name' /Applications/MAMP/www/jxshop/Application/Runtime/Cache/Admin/4711116eb0e4f69de5996d5f852d801e.php 第 129 行.
NOTIC: [8] Use of undefined constant action_name - assumed 'action_name' /Applications/MAMP/www/jxshop/Application/Runtime/Cache/Admin/4711116eb0e4f69de5996d5f852d801e.php 第 129 行.
NOTIC: [8] Use of undefined constant module_name - assumed 'module_name' /Applications/MAMP/www/jxshop/Application/Runtime/Cache/Admin/4711116eb0e4f69de5996d5f852d801e.php 第 129 行.
NOTIC: [8] Use of undefined constant controller_name - assumed 'controller_name' /Applications/MAMP/www/jxshop/Application/Runtime/Cache/Admin/4711116eb0e4f69de5996d5f852d801e.php 第 129 行.
NOTIC: [8] Use of undefined constant action_name - assumed 'action_name' /Applications/MAMP/www/jxshop/Application/Runtime/Cache/Admin/4711116eb0e4f69de5996d5f852d801e.php 第 129 行.
NOTIC: [8] Use of undefined constant module_name - assumed 'module_name' /Applications/MAMP/www/jxshop/Application/Runtime/Cache/Admin/4711116eb0e4f69de5996d5f852d801e.php 第 129 行.
NOTIC: [8] Use of undefined constant controller_name - assumed 'controller_name' /Applications/MAMP/www/jxshop/Application/Runtime/Cache/Admin/4711116eb0e4f69de5996d5f852d801e.php 第 129 行.
NOTIC: [8] Use of undefined constant action_name - assumed 'action_name' /Applications/MAMP/www/jxshop/Application/Runtime/Cache/Admin/4711116eb0e4f69de5996d5f852d801e.php 第 129 行.
NOTIC: [8] Use of undefined constant module_name - assumed 'module_name' /Applications/MAMP/www/jxshop/Application/Runtime/Cache/Admin/4711116eb0e4f69de5996d5f852d801e.php 第 129 行.
NOTIC: [8] Use of undefined constant controller_name - assumed 'controller_name' /Applications/MAMP/www/jxshop/Application/Runtime/Cache/Admin/4711116eb0e4f69de5996d5f852d801e.php 第 129 行.
NOTIC: [8] Use of undefined constant action_name - assumed 'action_name' /Applications/MAMP/www/jxshop/Application/Runtime/Cache/Admin/4711116eb0e4f69de5996d5f852d801e.php 第 129 行.
NOTIC: [8] Use of undefined constant module_name - assumed 'module_name' /Applications/MAMP/www/jxshop/Application/Runtime/Cache/Admin/4711116eb0e4f69de5996d5f852d801e.php 第 129 行.
NOTIC: [8] Use of undefined constant controller_name - assumed 'controller_name' /Applications/MAMP/www/jxshop/Application/Runtime/Cache/Admin/4711116eb0e4f69de5996d5f852d801e.php 第 129 行.
NOTIC: [8] Use of undefined constant action_name - assumed 'action_name' /Applications/MAMP/www/jxshop/Application/Runtime/Cache/Admin/4711116eb0e4f69de5996d5f852d801e.php 第 129 行.
NOTIC: [8] Use of undefined constant module_name - assumed 'module_name' /Applications/MAMP/www/jxshop/Application/Runtime/Cache/Admin/4711116eb0e4f69de5996d5f852d801e.php 第 129 行.
NOTIC: [8] Use of undefined constant controller_name - assumed 'controller_name' /Applications/MAMP/www/jxshop/Application/Runtime/Cache/Admin/4711116eb0e4f69de5996d5f852d801e.php 第 129 行.
NOTIC: [8] Use of undefined constant action_name - assumed 'action_name' /Applications/MAMP/www/jxshop/Application/Runtime/Cache/Admin/4711116eb0e4f69de5996d5f852d801e.php 第 129 行.
NOTIC: [8] Use of undefined constant module_name - assumed 'module_name' /Applications/MAMP/www/jxshop/Application/Runtime/Cache/Admin/4711116eb0e4f69de5996d5f852d801e.php 第 129 行.
NOTIC: [8] Use of undefined constant controller_name - assumed 'controller_name' /Applications/MAMP/www/jxshop/Application/Runtime/Cache/Admin/4711116eb0e4f69de5996d5f852d801e.php 第 129 行.
NOTIC: [8] Use of undefined constant action_name - assumed 'action_name' /Applications/MAMP/www/jxshop/Application/Runtime/Cache/Admin/4711116eb0e4f69de5996d5f852d801e.php 第 129 行.
NOTIC: [8] Use of undefined constant module_name - assumed 'module_name' /Applications/MAMP/www/jxshop/Application/Runtime/Cache/Admin/4711116eb0e4f69de5996d5f852d801e.php 第 129 行.
NOTIC: [8] Use of undefined constant controller_name - assumed 'controller_name' /Applications/MAMP/www/jxshop/Application/Runtime/Cache/Admin/4711116eb0e4f69de5996d5f852d801e.php 第 129 行.
NOTIC: [8] Use of undefined constant action_name - assumed 'action_name' /Applications/MAMP/www/jxshop/Application/Runtime/Cache/Admin/4711116eb0e4f69de5996d5f852d801e.php 第 129 行.
NOTIC: [8] Use of undefined constant module_name - assumed 'module_name' /Applications/MAMP/www/jxshop/Application/Runtime/Cache/Admin/4711116eb0e4f69de5996d5f852d801e.php 第 129 行.
NOTIC: [8] Use of undefined constant controller_name - assumed 'controller_name' /Applications/MAMP/www/jxshop/Application/Runtime/Cache/Admin/4711116eb0e4f69de5996d5f852d801e.php 第 129 行.
NOTIC: [8] Use of undefined constant action_name - assumed 'action_name' /Applications/MAMP/www/jxshop/Application/Runtime/Cache/Admin/4711116eb0e4f69de5996d5f852d801e.php 第 129 行.
INFO: Run Behavior\ParseTemplateBehavior [ RunTime:0.009597s ]
INFO: [ view_parse ] --END-- [ RunTime:0.009626s ]
INFO: [ view_filter ] --START--
INFO: Run Behavior\WriteHtmlCacheBehavior [ RunTime:0.000161s ]
INFO: [ view_filter ] --END-- [ RunTime:0.000184s ]
INFO: [ app_end ] --START--
INFO: Run Behavior\ShowPageTraceBehavior [ RunTime:0.000464s ]
INFO: [ app_end ] --END-- [ RunTime:0.000491s ]

[ 2020-05-09T14:15:56+08:00 ] 127.0.0.1 /Admin/Index/main.html
INFO: [ app_init ] --START--
INFO: Run Behavior\BuildLiteBehavior [ RunTime:0.000009s ]
INFO: [ app_init ] --END-- [ RunTime:0.000302s ]
INFO: [ app_begin ] --START--
INFO: Run Behavior\ReadHtmlCacheBehavior [ RunTime:0.000438s ]
INFO: [ app_begin ] --END-- [ RunTime:0.000471s ]
INFO: [ view_parse ] --START--
INFO: [ template_filter ] --START--
INFO: Run Behavior\ContentReplaceBehavior [ RunTime:0.000056s ]
INFO: [ template_filter ] --END-- [ RunTime:0.000093s ]
INFO: Run Behavior\ParseTemplateBehavior [ RunTime:0.004717s ]
INFO: [ view_parse ] --END-- [ RunTime:0.004751s ]
INFO: [ view_filter ] --START--
INFO: Run Behavior\WriteHtmlCacheBehavior [ RunTime:0.000147s ]
INFO: [ view_filter ] --END-- [ RunTime:0.000170s ]
INFO: [ app_end ] --START--
INFO: Run Behavior\ShowPageTraceBehavior [ RunTime:0.000437s ]
INFO: [ app_end ] --END-- [ RunTime:0.000462s ]

[ 2020-05-09T14:16:49+08:00 ] 127.0.0.1 /admin/goods/index.html
INFO: [ app_init ] --START--
INFO: Run Behavior\BuildLiteBehavior [ RunTime:0.000010s ]
INFO: [ app_init ] --END-- [ RunTime:0.000298s ]
INFO: [ app_begin ] --START--
INFO: Run Behavior\ReadHtmlCacheBehavior [ RunTime:0.000397s ]
INFO: [ app_begin ] --END-- [ RunTime:0.000426s ]
SQL: SELECT * FROM `jx_category`  [ RunTime:0.0002s ]
NOTIC: [8] Use of undefined constant ture - assumed 'ture' /Applications/MAMP/www/jxshop/Application/Admin/Model/CategoryModel.class.php 第 31 行.
NOTIC: [2] Declaration of Admin\Model\GoodsModel::_before_insert(&$data) should be compatible with Think\Model::_before_insert(&$data, $options) /Applications/MAMP/www/jxshop/Application/Admin/Model/GoodsModel.class.php 第 344 行.
NOTIC: [2] Declaration of Admin\Model\GoodsModel::_after_insert($data) should be compatible with Think\Model::_after_insert($data, $options) /Applications/MAMP/www/jxshop/Application/Admin/Model/GoodsModel.class.php 第 344 行.
NOTIC: [8] Use of undefined constant intro_type - assumed 'intro_type' /Applications/MAMP/www/jxshop/Application/Admin/Model/GoodsModel.class.php 第 240 行.
SQL: SELECT COUNT(*) AS tp_count FROM `jx_goods` WHERE ( isdel=1 ) LIMIT 1   [ RunTime:0.0009s ]
SQL: SELECT * FROM `jx_goods` WHERE ( isdel=1 ) LIMIT 0,10   [ RunTime:0.0005s ]
INFO: [ view_parse ] --START--
INFO: [ template_filter ] --START--
INFO: Run Behavior\ContentReplaceBehavior [ RunTime:0.000074s ]
INFO: [ template_filter ] --END-- [ RunTime:0.000107s ]
NOTIC: [8] Undefined index: intro_type /Applications/MAMP/www/jxshop/Application/Runtime/Cache/Admin/9ce8eac8d2713f300aacb86a396bc850.php 第 30 行.
NOTIC: [8] Undefined index: intro_type /Applications/MAMP/www/jxshop/Application/Runtime/Cache/Admin/9ce8eac8d2713f300aacb86a396bc850.php 第 31 行.
NOTIC: [8] Undefined index: intro_type /Applications/MAMP/www/jxshop/Application/Runtime/Cache/Admin/9ce8eac8d2713f300aacb86a396bc850.php 第 32 行.
NOTIC: [8] Undefined index: is_sale /Applications/MAMP/www/jxshop/Application/Runtime/Cache/Admin/9ce8eac8d2713f300aacb86a396bc850.php 第 37 行.
NOTIC: [8] Undefined index: is_sale /Applications/MAMP/www/jxshop/Application/Runtime/Cache/Admin/9ce8eac8d2713f300aacb86a396bc850.php 第 38 行.
NOTIC: [8] Undefined index: keyword /Applications/MAMP/www/jxshop/Application/Runtime/Cache/Admin/9ce8eac8d2713f300aacb86a396bc850.php 第 41 行.
INFO: Run Behavior\ParseTemplateBehavior [ RunTime:0.008422s ]
INFO: [ view_parse ] --END-- [ RunTime:0.008449s ]
INFO: [ view_filter ] --START--
INFO: Run Behavior\WriteHtmlCacheBehavior [ RunTime:0.000157s ]
INFO: [ view_filter ] --END-- [ RunTime:0.000194s ]
INFO: [ app_end ] --START--
INFO: Run Behavior\ShowPageTraceBehavior [ RunTime:0.000434s ]
INFO: [ app_end ] --END-- [ RunTime:0.000457s ]

[ 2020-05-09T14:16:51+08:00 ] 127.0.0.1 /admin/goods/add.html
INFO: [ app_init ] --START--
INFO: Run Behavior\BuildLiteBehavior [ RunTime:0.000010s ]
INFO: [ app_init ] --END-- [ RunTime:0.000296s ]
INFO: [ app_begin ] --START--
INFO: Run Behavior\ReadHtmlCacheBehavior [ RunTime:0.000391s ]
INFO: [ app_begin ] --END-- [ RunTime:0.000420s ]
SQL: SELECT * FROM `jx_type`  [ RunTime:0.0003s ]
SQL: SELECT * FROM `jx_category`  [ RunTime:0.0002s ]
NOTIC: [8] Use of undefined constant ture - assumed 'ture' /Applications/MAMP/www/jxshop/Application/Admin/Model/CategoryModel.class.php 第 31 行.
INFO: [ view_parse ] --START--
INFO: [ template_filter ] --START--
INFO: Run Behavior\ContentReplaceBehavior [ RunTime:0.000090s ]
INFO: [ template_filter ] --END-- [ RunTime:0.000124s ]
INFO: Run Behavior\ParseTemplateBehavior [ RunTime:0.008082s ]
INFO: [ view_parse ] --END-- [ RunTime:0.008111s ]
INFO: [ view_filter ] --START--
INFO: Run Behavior\WriteHtmlCacheBehavior [ RunTime:0.000144s ]
INFO: [ view_filter ] --END-- [ RunTime:0.000168s ]

[ 2020-05-09T14:17:06+08:00 ] 127.0.0.1 /admin/category/add.html
INFO: [ app_init ] --START--
INFO: Run Behavior\BuildLiteBehavior [ RunTime:0.000010s ]
INFO: [ app_init ] --END-- [ RunTime:0.000298s ]
INFO: [ app_begin ] --START--
INFO: Run Behavior\ReadHtmlCacheBehavior [ RunTime:0.000395s ]
INFO: [ app_begin ] --END-- [ RunTime:0.000424s ]
SQL: SELECT * FROM `jx_category`  [ RunTime:0.0002s ]
NOTIC: [8] Use of undefined constant ture - assumed 'ture' /Applications/MAMP/www/jxshop/Application/Admin/Model/CategoryModel.class.php 第 31 行.
INFO: [ view_parse ] --START--
INFO: [ template_filter ] --START--
INFO: Run Behavior\ContentReplaceBehavior [ RunTime:0.000047s ]
INFO: [ template_filter ] --END-- [ RunTime:0.000107s ]
INFO: Run Behavior\ParseTemplateBehavior [ RunTime:0.005657s ]
INFO: [ view_parse ] --END-- [ RunTime:0.005690s ]
INFO: [ view_filter ] --START--
INFO: Run Behavior\WriteHtmlCacheBehavior [ RunTime:0.000153s ]
INFO: [ view_filter ] --END-- [ RunTime:0.000177s ]
INFO: [ app_end ] --START--
INFO: Run Behavior\ShowPageTraceBehavior [ RunTime:0.000493s ]
INFO: [ app_end ] --END-- [ RunTime:0.000523s ]

[ 2020-05-09T14:17:23+08:00 ] 127.0.0.1 /admin/category/add.html
INFO: [ app_init ] --START--
INFO: Run Behavior\BuildLiteBehavior [ RunTime:0.000009s ]
INFO: [ app_init ] --END-- [ RunTime:0.000231s ]
INFO: [ app_begin ] --START--
INFO: Run Behavior\ReadHtmlCacheBehavior [ RunTime:0.000357s ]
INFO: [ app_begin ] --END-- [ RunTime:0.000383s ]
SQL: INSERT INTO `jx_category` (`cname`,`parent_id`,`isrec`) VALUES ('电子产品','0','0') [ RunTime:0.0005s ]
INFO: [ view_parse ] --START--
INFO: [ template_filter ] --START--
INFO: Run Behavior\ContentReplaceBehavior [ RunTime:0.000030s ]
INFO: [ template_filter ] --END-- [ RunTime:0.000056s ]
INFO: Run Behavior\ParseTemplateBehavior [ RunTime:0.003521s ]
INFO: [ view_parse ] --END-- [ RunTime:0.003546s ]
INFO: [ view_filter ] --START--
INFO: Run Behavior\WriteHtmlCacheBehavior [ RunTime:0.000110s ]
INFO: [ view_filter ] --END-- [ RunTime:0.000126s ]
INFO: [ app_end ] --START--
INFO: Run Behavior\ShowPageTraceBehavior [ RunTime:0.000374s ]
INFO: [ app_end ] --END-- [ RunTime:0.000394s ]

[ 2020-05-09T14:17:24+08:00 ] 127.0.0.1 /admin/category/add.html
INFO: [ app_init ] --START--
INFO: Run Behavior\BuildLiteBehavior [ RunTime:0.000009s ]
INFO: [ app_init ] --END-- [ RunTime:0.000266s ]
INFO: [ app_begin ] --START--
INFO: Run Behavior\ReadHtmlCacheBehavior [ RunTime:0.000396s ]
INFO: [ app_begin ] --END-- [ RunTime:0.000425s ]
SQL: SELECT * FROM `jx_category`  [ RunTime:0.0003s ]
NOTIC: [8] Use of undefined constant ture - assumed 'ture' /Applications/MAMP/www/jxshop/Application/Admin/Model/CategoryModel.class.php 第 31 行.
NOTIC: [8] Use of undefined constant ture - assumed 'ture' /Applications/MAMP/www/jxshop/Application/Admin/Model/CategoryModel.class.php 第 31 行.
INFO: [ view_parse ] --START--
INFO: [ template_filter ] --START--
INFO: Run Behavior\ContentReplaceBehavior [ RunTime:0.000047s ]
INFO: [ template_filter ] --END-- [ RunTime:0.000076s ]
INFO: Run Behavior\ParseTemplateBehavior [ RunTime:0.005146s ]
INFO: [ view_parse ] --END-- [ RunTime:0.005175s ]
INFO: [ view_filter ] --START--
INFO: Run Behavior\WriteHtmlCacheBehavior [ RunTime:0.000136s ]
INFO: [ view_filter ] --END-- [ RunTime:0.000158s ]
INFO: [ app_end ] --START--
INFO: Run Behavior\ShowPageTraceBehavior [ RunTime:0.000435s ]
INFO: [ app_end ] --END-- [ RunTime:0.000459s ]

[ 2020-05-09T14:17:35+08:00 ] 127.0.0.1 /admin/category/add.html
INFO: [ app_init ] --START--
INFO: Run Behavior\BuildLiteBehavior [ RunTime:0.000011s ]
INFO: [ app_init ] --END-- [ RunTime:0.000298s ]
INFO: [ app_begin ] --START--
INFO: Run Behavior\ReadHtmlCacheBehavior [ RunTime:0.000394s ]
INFO: [ app_begin ] --END-- [ RunTime:0.000424s ]
SQL: INSERT INTO `jx_category` (`cname`,`parent_id`,`isrec`) VALUES ('手机','1','0') [ RunTime:0.0006s ]
INFO: [ view_parse ] --START--
INFO: [ template_filter ] --START--
INFO: Run Behavior\ContentReplaceBehavior [ RunTime:0.000034s ]
INFO: [ template_filter ] --END-- [ RunTime:0.000062s ]
INFO: Run Behavior\ParseTemplateBehavior [ RunTime:0.004328s ]
INFO: [ view_parse ] --END-- [ RunTime:0.004359s ]
INFO: [ view_filter ] --START--
INFO: Run Behavior\WriteHtmlCacheBehavior [ RunTime:0.000140s ]
INFO: [ view_filter ] --END-- [ RunTime:0.000163s ]
INFO: [ app_end ] --START--
INFO: Run Behavior\ShowPageTraceBehavior [ RunTime:0.000447s ]
INFO: [ app_end ] --END-- [ RunTime:0.000472s ]

[ 2020-05-09T14:17:36+08:00 ] 127.0.0.1 /admin/category/add.html
INFO: [ app_init ] --START--
INFO: Run Behavior\BuildLiteBehavior [ RunTime:0.000011s ]
INFO: [ app_init ] --END-- [ RunTime:0.000294s ]
INFO: [ app_begin ] --START--
INFO: Run Behavior\ReadHtmlCacheBehavior [ RunTime:0.000385s ]
INFO: [ app_begin ] --END-- [ RunTime:0.000413s ]
SQL: SELECT * FROM `jx_category`  [ RunTime:0.0003s ]
NOTIC: [8] Use of undefined constant ture - assumed 'ture' /Applications/MAMP/www/jxshop/Application/Admin/Model/CategoryModel.class.php 第 31 行.
NOTIC: [8] Use of undefined constant ture - assumed 'ture' /Applications/MAMP/www/jxshop/Application/Admin/Model/CategoryModel.class.php 第 31 行.
NOTIC: [8] Use of undefined constant ture - assumed 'ture' /Applications/MAMP/www/jxshop/Application/Admin/Model/CategoryModel.class.php 第 31 行.
INFO: [ view_parse ] --START--
INFO: [ template_filter ] --START--
INFO: Run Behavior\ContentReplaceBehavior [ RunTime:0.000049s ]
INFO: [ template_filter ] --END-- [ RunTime:0.000083s ]
INFO: Run Behavior\ParseTemplateBehavior [ RunTime:0.005536s ]
INFO: [ view_parse ] --END-- [ RunTime:0.005566s ]
INFO: [ view_filter ] --START--
INFO: Run Behavior\WriteHtmlCacheBehavior [ RunTime:0.000142s ]
INFO: [ view_filter ] --END-- [ RunTime:0.000165s ]
INFO: [ app_end ] --START--
INFO: Run Behavior\ShowPageTraceBehavior [ RunTime:0.000451s ]
INFO: [ app_end ] --END-- [ RunTime:0.000476s ]

